
[SHAPEIT5] Phase_rare (phase rare variants onto a haplotype scaffold)
  * Authors       : Simone RUBINACCI & Olivier DELANEAU, University of Lausanne
  * Contact       : simone.rubinacci@unil.ch & olivier.delaneau@gmail.com
  * Version       : 5.1.1 / commit = 990ed0d / release = 2023-05-08
  * Run date      : 19/04/2024 - 11:39:19

Files:
  * Unphased data : [/home/aftimo/Documents/practiques/Documents_Elias/IntroMasterAdria/Execute/../VCFs/Inversion_Regions/Shapeit_Phase/HsInv1110/RegionAnnotated.bcf]
  * Scaffold data : [/home/aftimo/Documents/practiques/Documents_Elias/IntroMasterAdria/Execute/../VCFs/Inversion_Regions/Shapeit_Phase/HsInv1110/RegionScaffold.bcf]
  * Genetic Map   : [/home/aftimo/Documents/practiques/Documents_Elias/IntroMasterAdria/Execute/../VCFs/30X/Maps/chr21.b38.gmap.gz]
  * Output data   : [/home/aftimo/Documents/practiques/Documents_Elias/IntroMasterAdria/Execute/../VCFs/Inversion_Regions/Shapeit_Phase/HsInv1110/RegionPhased.bcf]
  * Output LOG    : [/home/aftimo/Documents/practiques/Documents_Elias/IntroMasterAdria/Execute/../VCFs/Inversion_Regions/Shapeit_Phase/HsInv1110/OutputRare.log]

Parameters:
  * Seed    : 15052011
  * Threads : 5 threads
  * PBWT    : [depth = 2,2 / modulo = 0.005 / mac = 2 / mdr = 0.1]
  * HMM     : [Ne = 15000 / Recombination rates given by genetic map]

Parsing specified genomic regions
  * Scaffold region  [21:13774614-14269658]
  * Input region  [21:13774614-14269658]

Reading genotype data
  * BCF scanning (0.05s)
      + Variant sites: [#scaffold=3027 | #rare=4180 | #all=7207]
      + 3027 variants found in both files [priority to scaffold]
  * HAP allocation [#scaffold=3027 / #samples=276] (0.00s)
  * Genotype set allocation [#rare=4180 / #samples=276] (0.00s)
  * Plain VCF/BCF parsing (0.12s)
      + Scaffold : [0/0=490398 0/1=229980 1/1=115074]
      + Rare     : [0/0=1114219 0/1=28491 1/1=10970 ./.=0]

Mapping Haploid samples
  * PED file parsing [n=1599]
  * #haploids=0 / #diploids=276
  * #reset_hets=0 (-nan% of minor allele genotypes)

Initializing sparse genotypes
  * 0 missing genotypes imputed at monomorphic sites
  * Genotype set transpose V2I (0.00s)

Setting up genetic map
  * GMAP parsing [n=44618] (0.04s)
  * cM interpolation [s=400 / i=6807] (0.00s)
  * Region length [493027 bp / 0.9 cM]
  * HMM parameters [Ne=15000 / Error=0.0001]
  * V2H transpose (0.00s)

PBWT pass
  * PBWT initialization [#eval=3027 / #select=159] (0.00s)
  * IBD2 constraints [#inds=0 / #pairs=0] (0.03s)
  * PBWT forward selection (0.07s)
  * PBWT backward selection (0.09s)
      + #states=186.10+/-36.31
      + #collisions = 289975 / #pushes = 61227 / rate = 17.43%

HMM computations
  * Processing (1.08s)
  * Genotype set transpose merge I2V [n=373] (0.00s)
  * Solving summary:
      + #Hets=28491 / Phased by HMM=28118, PED=0, SING=373
      + #Miss=0 / Imputed by HMM=0, PED=0, MONO=0

Finalization:
  * BCF writing [Compressed / N=276 / L=7207] (0.15s)
  * Indexing [/home/aftimo/Documents/practiques/Documents_Elias/IntroMasterAdria/Execute/../VCFs/Inversion_Regions/Shapeit_Phase/HsInv1110/RegionPhased.bcf]
  * Total running time = 1 seconds
