
[SHAPEIT5] Phase_rare (phase rare variants onto a haplotype scaffold)
  * Authors       : Simone RUBINACCI & Olivier DELANEAU, University of Lausanne
  * Contact       : simone.rubinacci@unil.ch & olivier.delaneau@gmail.com
  * Version       : 5.1.1 / commit = 990ed0d / release = 2023-05-08
  * Run date      : 19/04/2024 - 11:39:39

Files:
  * Unphased data : [/home/aftimo/Documents/practiques/Documents_Elias/IntroMasterAdria/Execute/../VCFs/Inversion_Regions/Shapeit_Phase/HsInv1126/RegionAnnotated.bcf]
  * Scaffold data : [/home/aftimo/Documents/practiques/Documents_Elias/IntroMasterAdria/Execute/../VCFs/Inversion_Regions/Shapeit_Phase/HsInv1126/RegionScaffold.bcf]
  * Genetic Map   : [/home/aftimo/Documents/practiques/Documents_Elias/IntroMasterAdria/Execute/../VCFs/30X/Maps/chrX.b38.gmap.gz]
  * Output data   : [/home/aftimo/Documents/practiques/Documents_Elias/IntroMasterAdria/Execute/../VCFs/Inversion_Regions/Shapeit_Phase/HsInv1126/RegionPhased.bcf]
  * Output LOG    : [/home/aftimo/Documents/practiques/Documents_Elias/IntroMasterAdria/Execute/../VCFs/Inversion_Regions/Shapeit_Phase/HsInv1126/OutputRare.log]

Parameters:
  * Seed    : 15052011
  * Threads : 5 threads
  * PBWT    : [depth = 2,2 / modulo = 0.005 / mac = 2 / mdr = 0.1]
  * HMM     : [Ne = 15000 / Recombination rates given by genetic map]

Parsing specified genomic regions
  * Scaffold region  [X:51467325-51925664]
  * Input region  [X:51467325-51925664]

Reading genotype data
  * BCF scanning (0.07s)
      + Variant sites: [#scaffold=595 | #rare=561 | #all=1156]
      + 595 variants found in both files [priority to scaffold]
  * HAP allocation [#scaffold=595 / #samples=91] (0.00s)
  * Genotype set allocation [#rare=561 / #samples=91] (0.00s)
  * Plain VCF/BCF parsing (0.06s)
      + Scaffold : [0/0=27797 0/1=5219 1/1=21129]
      + Rare     : [0/0=48136 0/1=976 1/1=1939 ./.=0]

Mapping Haploid samples
  * PED file parsing [n=1599]
  * #haploids=0 / #diploids=91
  * #reset_hets=0 (-nan% of minor allele genotypes)

Initializing sparse genotypes
  * 0 missing genotypes imputed at monomorphic sites
  * Genotype set transpose V2I (0.00s)

Setting up genetic map
  * GMAP parsing [n=89236] (0.10s)
  * cM interpolation [s=183 / i=973] (0.00s)
  * Region length [458050 bp / 0.0 cM]
  * HMM parameters [Ne=15000 / Error=0.0001]
  * V2H transpose (0.00s)

PBWT pass
  * PBWT initialization [#eval=595 / #select=9] (0.00s)
  * IBD2 constraints [#inds=2 / #pairs=2] (0.00s)
  * PBWT forward selection (0.00s)
  * PBWT backward selection (0.00s)
      + #states=45.48+/-2.44
      + #collisions = 3750 / #pushes = 2811 / rate = 42.84%

HMM computations
  * Processing (0.03s)
  * Genotype set transpose merge I2V [n=36] (0.00s)
  * Solving summary:
      + #Hets=976 / Phased by HMM=940, PED=0, SING=36
      + #Miss=0 / Imputed by HMM=0, PED=0, MONO=0

Finalization:
  * BCF writing [Compressed / N=91 / L=1156] (0.03s)
  * Indexing [/home/aftimo/Documents/practiques/Documents_Elias/IntroMasterAdria/Execute/../VCFs/Inversion_Regions/Shapeit_Phase/HsInv1126/RegionPhased.bcf]
  * Total running time = 0 seconds
