
[SHAPEIT5] phase_common (jointly phase multiple common markers)
  * Author        : Olivier DELANEAU, University of Lausanne
  * Contact       : olivier.delaneau@gmail.com
  * Version       : 5.1.1 / commit = 990ed0d / release = 2023-05-08
  * Run date      : 19/04/2024 - 11:39:38

Files:
  * Input         : [/home/aftimo/Documents/practiques/Documents_Elias/IntroMasterAdria/Execute/../VCFs/Inversion_Regions/Shapeit_Phase/HsInv1126/RegionAnnotated.bcf]
  * Haploids      : [/home/aftimo/Documents/practiques/Documents_Elias/IntroMasterAdria/Execute/../VCFs/Inversion_Regions/Shapeit_Phase/HsInv1126/male_samples.txt]
  * Genetic Map   : [/home/aftimo/Documents/practiques/Documents_Elias/IntroMasterAdria/Execute/../VCFs/30X/Maps/chrX.b38.gmap.gz]
  * Output        : [/home/aftimo/Documents/practiques/Documents_Elias/IntroMasterAdria/Execute/../VCFs/Inversion_Regions/Shapeit_Phase/HsInv1126/RegionScaffold.bcf]
  * Output format : [bcf]
  * Output LOG    : [/home/aftimo/Documents/practiques/Documents_Elias/IntroMasterAdria/Execute/../VCFs/Inversion_Regions/Shapeit_Phase/HsInv1126/OutputCommon.log]

Parameters:
  * Seed    : 15052011
  * Threads : 5 threads
  * MCMC    : 15 iterations [5b + 1p + 1b + 1p + 1b + 1p + 5m]
  * PBWT    : [window = 4cM / depth = auto / modulo = auto / mac = 5 / missing = 0.1]
  * HMM     : [window = 4cM / Ne = 15000 / Recombination rates given by genetic map]
  * FILTERS : [snp only = 0 / MAF = 0.05]

Reading genotype data:
  * VCF/BCF scanning done (0.01s)
      + Variants [#sites=595 / region=X:51467325-51925664]
         - 561 sites removed in main panel [below MAF threshold]
      + Samples [#target=91 / #reference=0]
  * VCF/BCF parsing done (0.02s)
      + Genotypes [0/0=51.338%, 0/1=9.639%, 1/1=39.023%, ./.=0.000%, 0|1=0.000%]
  * Haploid parsing [n=1599] (0.00s)
  * Haploid sample mapping (0.00s)
      + #haploids = 0 / #diploids = 91
      + Hets set as missing: n=0 (-nan%)

Setting up genetic map:
  * GMAP parsing [n=89236] (0.06s)
  * cM interpolation [s=162 / i=433] (0.00s)
  * Region length [457368 bp / 0.0 cM]
  * HMM parameters [Ne=15000 / Error=0.0001 / #rare=0]

Initializing data structures:
  * Impute monomorphic [n=0] (0.00s)
  * HAP update (0.00s)
  * H2V transpose (0.00s)
  * PBWT parameters auto setting : [modulo = 0.016 / depth = 7]
  * PBWT initialization [#eval=595 / #select=4 / #chunk=1] (0.00s)
  * PBWT phasing sweep (0.01s)
  * Build genotype graphs [seg=1804] (0.00s)

Burn-in iteration [1/5]
  * PBWT selection (0.00s)
  * HMM computations [K=36.1+/-6.8 / W=0.46Mb / US=0 / UP=0] (0.01s)
  * IBD2 tracks [#inds=3 / #tracks=3 / #merged = 0]
  * HAP update (0.00s)
  * H2V transpose (0.00s)

Burn-in iteration [2/5]
  * PBWT selection (0.00s)
  * HMM computations [K=38.3+/-5.8 / W=0.46Mb / US=0 / UP=0] (0.01s)
  * IBD2 tracks [#inds=5 / #tracks=5 / #merged = 0]
  * HAP update (0.00s)
  * H2V transpose (0.00s)

Burn-in iteration [3/5]
  * PBWT selection (0.01s)
  * HMM computations [K=35.6+/-7.5 / W=0.46Mb / US=0 / UP=0] (0.02s)
  * IBD2 tracks [#inds=5 / #tracks=6 / #merged = 0]
  * HAP update (0.00s)
  * H2V transpose (0.00s)

Burn-in iteration [4/5]
  * PBWT selection (0.00s)
  * HMM computations [K=32.7+/-5.7 / W=0.46Mb / US=0 / UP=0] (0.01s)
  * IBD2 tracks [#inds=5 / #tracks=7 / #merged = 0]
  * HAP update (0.00s)
  * H2V transpose (0.00s)

Burn-in iteration [5/5]
  * PBWT selection (0.01s)
  * HMM computations [K=34.7+/-7.5 / W=0.46Mb / US=0 / UP=0] (0.01s)
  * IBD2 tracks [#inds=5 / #tracks=7 / #merged = 0]
  * HAP update (0.00s)
  * H2V transpose (0.00s)

Pruning iteration [1/1]
  * PBWT selection (0.01s)
  * HMM computations [K=36.5+/-6.6 / W=0.46Mb / US=0 / UP=0] (0.01s)
  * IBD2 tracks [#inds=5 / #tracks=7 / #merged = 0]
  * HAP update (0.00s)
  * H2V transpose (0.00s)
  * Trimming [pc=40.47%]

Burn-in iteration [1/1]
  * PBWT selection (0.01s)
  * HMM computations [K=35.4+/-6.6 / W=0.46Mb / US=0 / UP=0] (0.01s)
  * IBD2 tracks [#inds=5 / #tracks=7 / #merged = 0]
  * HAP update (0.00s)
  * H2V transpose (0.00s)

Pruning iteration [1/1]
  * PBWT selection (0.01s)
  * HMM computations [K=36.8+/-6.2 / W=0.46Mb / US=0 / UP=0] (0.01s)
  * IBD2 tracks [#inds=5 / #tracks=7 / #merged = 0]
  * HAP update (0.00s)
  * H2V transpose (0.00s)
  * Trimming [pc=63.19%]

Burn-in iteration [1/1]
  * PBWT selection (0.01s)
  * HMM computations [K=34.9+/-5.8 / W=0.46Mb / US=0 / UP=0] (0.01s)
  * IBD2 tracks [#inds=5 / #tracks=7 / #merged = 0]
  * HAP update (0.00s)
  * H2V transpose (0.00s)

Pruning iteration [1/1]
  * PBWT selection (0.01s)
  * HMM computations [K=35.8+/-6.8 / W=0.46Mb / US=0 / UP=0] (0.02s)
  * IBD2 tracks [#inds=5 / #tracks=7 / #merged = 0]
  * HAP update (0.00s)
  * H2V transpose (0.00s)
  * Trimming [pc=75.61%]

Main iteration [1/5]
  * PBWT selection (0.01s)
  * HMM computations [K=33.6+/-5.7 / W=0.46Mb / US=0 / UP=0] (0.02s)
  * IBD2 tracks [#inds=5 / #tracks=7 / #merged = 0]
  * HAP update (0.00s)
  * H2V transpose (0.00s)

Main iteration [2/5]
  * PBWT selection (0.02s)
  * HMM computations [K=37.4+/-6.7 / W=0.46Mb / US=0 / UP=0] (0.02s)
  * IBD2 tracks [#inds=5 / #tracks=7 / #merged = 0]
  * HAP update (0.00s)
  * H2V transpose (0.00s)

Main iteration [3/5]
  * PBWT selection (0.01s)
  * HMM computations [K=37.0+/-6.0 / W=0.46Mb / US=0 / UP=0] (0.02s)
  * IBD2 tracks [#inds=5 / #tracks=7 / #merged = 0]
  * HAP update (0.00s)
  * H2V transpose (0.00s)

Main iteration [4/5]
  * PBWT selection (0.00s)
  * HMM computations [K=34.7+/-5.7 / W=0.46Mb / US=0 / UP=0] (0.01s)
  * IBD2 tracks [#inds=5 / #tracks=7 / #merged = 0]
  * HAP update (0.00s)
  * H2V transpose (0.00s)

Main iteration [5/5]
  * PBWT selection (0.01s)
  * HMM computations [K=40.8+/-5.7 / W=0.46Mb / US=0 / UP=0] (0.02s)
  * IBD2 tracks [#inds=5 / #tracks=8 / #merged = 0]
  * HAP update (0.00s)
  * H2V transpose (0.00s)

Finalization:
  * HAP solving (0.00s)
  * HAP update (0.00s)
  * H2V transpose (0.00s)
  * VCF/BCF writing [N=91 / L=595] (0.05s)
  * Indexing files
  * Total running time = 0 seconds
