
[SHAPEIT5] Phase_rare (phase rare variants onto a haplotype scaffold)
  * Authors       : Simone RUBINACCI & Olivier DELANEAU, University of Lausanne
  * Contact       : simone.rubinacci@unil.ch & olivier.delaneau@gmail.com
  * Version       : 5.1.1 / commit = 990ed0d / release = 2023-05-08
  * Run date      : 19/04/2024 - 11:39:47

Files:
  * Unphased data : [/home/aftimo/Documents/practiques/Documents_Elias/IntroMasterAdria/Execute/../VCFs/Inversion_Regions/Shapeit_Phase/HsInv0030/RegionAnnotated.bcf]
  * Scaffold data : [/home/aftimo/Documents/practiques/Documents_Elias/IntroMasterAdria/Execute/../VCFs/Inversion_Regions/Shapeit_Phase/HsInv0030/RegionScaffold.bcf]
  * Genetic Map   : [/home/aftimo/Documents/practiques/Documents_Elias/IntroMasterAdria/Execute/../VCFs/30X/Maps/chr16.b38.gmap.gz]
  * Output data   : [/home/aftimo/Documents/practiques/Documents_Elias/IntroMasterAdria/Execute/../VCFs/Inversion_Regions/Shapeit_Phase/HsInv0030/RegionPhased.bcf]
  * Output LOG    : [/home/aftimo/Documents/practiques/Documents_Elias/IntroMasterAdria/Execute/../VCFs/Inversion_Regions/Shapeit_Phase/HsInv0030/OutputRare.log]

Parameters:
  * Seed    : 15052011
  * Threads : 5 threads
  * PBWT    : [depth = 2,2 / modulo = 0.005 / mac = 2 / mdr = 0.1]
  * HMM     : [Ne = 15000 / Recombination rates given by genetic map]

Parsing specified genomic regions
  * Scaffold region  [16:75004667-75424294]
  * Input region  [16:75004667-75424294]

Reading genotype data
  * BCF scanning (0.05s)
      + Variant sites: [#scaffold=1505 | #rare=4376 | #all=5881]
      + 1505 variants found in both files [priority to scaffold]
  * HAP allocation [#scaffold=1505 / #samples=518] (0.00s)
  * Genotype set allocation [#rare=4376 / #samples=518] (0.00s)
  * Plain VCF/BCF parsing (0.12s)
      + Scaffold : [0/0=353966 0/1=239540 1/1=186084]
      + Rare     : [0/0=2217591 0/1=38496 1/1=10681 ./.=0]

Mapping Haploid samples
  * PED file parsing [n=1599]
  * #haploids=0 / #diploids=518
  * #reset_hets=0 (-nan% of minor allele genotypes)

Initializing sparse genotypes
  * 0 missing genotypes imputed at monomorphic sites
  * Genotype set transpose V2I (0.00s)

Setting up genetic map
  * GMAP parsing [n=92994] (0.10s)
  * cM interpolation [s=360 / i=5521] (0.00s)
  * Region length [419610 bp / 0.2 cM]
  * HMM parameters [Ne=15000 / Error=0.0001]
  * V2H transpose (0.00s)

PBWT pass
  * PBWT initialization [#eval=1505 / #select=47] (0.00s)
  * IBD2 constraints [#inds=0 / #pairs=0] (0.02s)
  * PBWT forward selection (0.08s)
  * PBWT backward selection (0.08s)
      + #states=114.23+/-44.63
      + #collisions = 154950 / #pushes = 39821 / rate = 20.45%

HMM computations
  * Processing (0.66s)
  * Genotype set transpose merge I2V [n=332] (0.00s)
  * Solving summary:
      + #Hets=38496 / Phased by HMM=38164, PED=0, SING=332
      + #Miss=0 / Imputed by HMM=0, PED=0, MONO=0

Finalization:
  * BCF writing [Compressed / N=518 / L=5881] (0.20s)
  * Indexing [/home/aftimo/Documents/practiques/Documents_Elias/IntroMasterAdria/Execute/../VCFs/Inversion_Regions/Shapeit_Phase/HsInv0030/RegionPhased.bcf]
  * Total running time = 1 seconds
