PLINK v1.90b7.2 64-bit (11 Dec 2023)
Options in effect:
  --ld-window 999999
  --ld-window-kb 1000000
  --ld-window-r2 0
  --out /home/aftimo/Documents/practiques/Documents_Elias/IntroMasterAdria/Execute/Results_Impute5/Shapeit_Phase/Rep_5/R2/HsInv1124/0.80/EUR_R2
  --r2
  --vcf /home/aftimo/Documents/practiques/Documents_Elias/IntroMasterAdria/Execute/Results_Impute5/Shapeit_Phase/Rep_5/R2/HsInv1124/0.80/EUR.vcf

Hostname: aftimo
Working directory: /home/aftimo/Documents/practiques/Documents_Elias/IntroMasterAdria/Execute
Start time: Sat May 25 11:23:40 2024

Random number seed: 1716629020
31827 MB RAM detected; reserving 15913 MB for main workspace.
--vcf:
/home/aftimo/Documents/practiques/Documents_Elias/IntroMasterAdria/Execute/Results_Impute5/Shapeit_Phase/Rep_5/R2/HsInv1124/0.80/EUR_R2-temporary.bed
+
/home/aftimo/Documents/practiques/Documents_Elias/IntroMasterAdria/Execute/Results_Impute5/Shapeit_Phase/Rep_5/R2/HsInv1124/0.80/EUR_R2-temporary.bim
+
/home/aftimo/Documents/practiques/Documents_Elias/IntroMasterAdria/Execute/Results_Impute5/Shapeit_Phase/Rep_5/R2/HsInv1124/0.80/EUR_R2-temporary.fam
written.
2 variants loaded from .bim file.
160 people (0 males, 0 females, 160 ambiguous) loaded from .fam.
Ambiguous sex IDs written to
/home/aftimo/Documents/practiques/Documents_Elias/IntroMasterAdria/Execute/Results_Impute5/Shapeit_Phase/Rep_5/R2/HsInv1124/0.80/EUR_R2.nosex
.
Using up to 19 threads (change this with --threads).
Before main variant filters, 160 founders and 0 nonfounders present.
Calculating allele frequencies... done.
Total genotyping rate is exactly 1.
2 variants and 160 people pass filters and QC.
Note: No phenotypes present.
--r2 to
/home/aftimo/Documents/practiques/Documents_Elias/IntroMasterAdria/Execute/Results_Impute5/Shapeit_Phase/Rep_5/R2/HsInv1124/0.80/EUR_R2.ld
... done.

End time: Sat May 25 11:23:40 2024
