
[SHAPEIT5] Phase_rare (phase rare variants onto a haplotype scaffold)
  * Authors       : Simone RUBINACCI & Olivier DELANEAU, University of Lausanne
  * Contact       : simone.rubinacci@unil.ch & olivier.delaneau@gmail.com
  * Version       : 5.1.1 / commit = 990ed0d / release = 2023-05-08
  * Run date      : 19/04/2024 - 11:40:47

Files:
  * Unphased data : [/home/aftimo/Documents/practiques/Documents_Elias/IntroMasterAdria/Execute/../VCFs/Inversion_Regions/Shapeit_Phase/HsInv1124/RegionAnnotated.bcf]
  * Scaffold data : [/home/aftimo/Documents/practiques/Documents_Elias/IntroMasterAdria/Execute/../VCFs/Inversion_Regions/Shapeit_Phase/HsInv1124/RegionScaffold.bcf]
  * Genetic Map   : [/home/aftimo/Documents/practiques/Documents_Elias/IntroMasterAdria/Execute/../VCFs/30X/Maps/chr9.b38.gmap.gz]
  * Output data   : [/home/aftimo/Documents/practiques/Documents_Elias/IntroMasterAdria/Execute/../VCFs/Inversion_Regions/Shapeit_Phase/HsInv1124/RegionPhased.bcf]
  * Output LOG    : [/home/aftimo/Documents/practiques/Documents_Elias/IntroMasterAdria/Execute/../VCFs/Inversion_Regions/Shapeit_Phase/HsInv1124/OutputRare.log]

Parameters:
  * Seed    : 15052011
  * Threads : 5 threads
  * PBWT    : [depth = 2,2 / modulo = 0.005 / mac = 2 / mdr = 0.1]
  * HMM     : [Ne = 15000 / Recombination rates given by genetic map]

Parsing specified genomic regions
  * Scaffold region  [9:112904652-113319913]
  * Input region  [9:112904652-113319913]

Reading genotype data
  * BCF scanning (0.06s)
      + Variant sites: [#scaffold=1425 | #rare=2915 | #all=4340]
      + 1425 variants found in both files [priority to scaffold]
  * HAP allocation [#scaffold=1425 / #samples=514] (0.00s)
  * Genotype set allocation [#rare=2915 / #samples=514] (0.00s)
  * Plain VCF/BCF parsing (0.06s)
      + Scaffold : [0/0=420995 0/1=199941 1/1=111514]
      + Rare     : [0/0=1460708 0/1=28671 1/1=8931 ./.=0]

Mapping Haploid samples
  * PED file parsing [n=1599]
  * #haploids=0 / #diploids=514
  * #reset_hets=0 (-nan% of minor allele genotypes)

Initializing sparse genotypes
  * 0 missing genotypes imputed at monomorphic sites
  * Genotype set transpose V2I (0.00s)

Setting up genetic map
  * GMAP parsing [n=157860] (0.11s)
  * cM interpolation [s=687 / i=3653] (0.00s)
  * Region length [415132 bp / 1.0 cM]
  * HMM parameters [Ne=15000 / Error=0.0001]
  * V2H transpose (0.00s)

PBWT pass
  * PBWT initialization [#eval=1425 / #select=97] (0.00s)
  * IBD2 constraints [#inds=0 / #pairs=0] (0.01s)
  * PBWT forward selection (0.04s)
  * PBWT backward selection (0.05s)
      + #states=133.23+/-38.65
      + #collisions = 334230 / #pushes = 64660 / rate = 16.21%

HMM computations
  * Processing (0.60s)
  * Genotype set transpose merge I2V [n=174] (0.00s)
  * Solving summary:
      + #Hets=28671 / Phased by HMM=28497, PED=0, SING=174
      + #Miss=0 / Imputed by HMM=0, PED=0, MONO=0

Finalization:
  * BCF writing [Compressed / N=514 / L=4340] (0.11s)
  * Indexing [/home/aftimo/Documents/practiques/Documents_Elias/IntroMasterAdria/Execute/../VCFs/Inversion_Regions/Shapeit_Phase/HsInv1124/RegionPhased.bcf]
  * Total running time = 1 seconds
