
[SHAPEIT5] phase_common (jointly phase multiple common markers)
  * Author        : Olivier DELANEAU, University of Lausanne
  * Contact       : olivier.delaneau@gmail.com
  * Version       : 5.1.1 / commit = 990ed0d / release = 2023-05-08
  * Run date      : 19/04/2024 - 11:40:42

Files:
  * Input         : [/home/aftimo/Documents/practiques/Documents_Elias/IntroMasterAdria/Execute/../VCFs/Inversion_Regions/Shapeit_Phase/HsInv1124/RegionAnnotated.bcf]
  * Haploids      : [/home/aftimo/Documents/practiques/Documents_Elias/IntroMasterAdria/Execute/../VCFs/Inversion_Regions/Shapeit_Phase/HsInv1124/male_samples.txt]
  * Genetic Map   : [/home/aftimo/Documents/practiques/Documents_Elias/IntroMasterAdria/Execute/../VCFs/30X/Maps/chr9.b38.gmap.gz]
  * Output        : [/home/aftimo/Documents/practiques/Documents_Elias/IntroMasterAdria/Execute/../VCFs/Inversion_Regions/Shapeit_Phase/HsInv1124/RegionScaffold.bcf]
  * Output format : [bcf]
  * Output LOG    : [/home/aftimo/Documents/practiques/Documents_Elias/IntroMasterAdria/Execute/../VCFs/Inversion_Regions/Shapeit_Phase/HsInv1124/OutputCommon.log]

Parameters:
  * Seed    : 15052011
  * Threads : 5 threads
  * MCMC    : 15 iterations [5b + 1p + 1b + 1p + 1b + 1p + 5m]
  * PBWT    : [window = 4cM / depth = auto / modulo = auto / mac = 5 / missing = 0.1]
  * HMM     : [window = 4cM / Ne = 15000 / Recombination rates given by genetic map]
  * FILTERS : [snp only = 0 / MAF = 0.05]

Reading genotype data:
  * VCF/BCF scanning done (0.02s)
      + Variants [#sites=1425 / region=9:112904652-113319913]
         - 2915 sites removed in main panel [below MAF threshold]
      + Samples [#target=514 / #reference=0]
  * VCF/BCF parsing done (0.03s)
      + Genotypes [0/0=57.478%, 0/1=27.298%, 1/1=15.225%, ./.=0.000%, 0|1=0.000%]
  * Haploid parsing [n=1599] (0.00s)
  * Haploid sample mapping (0.00s)
      + #haploids = 0 / #diploids = 514
      + Hets set as missing: n=0 (-nan%)

Setting up genetic map:
  * GMAP parsing [n=157860] (0.11s)
  * cM interpolation [s=572 / i=853] (0.00s)
  * Region length [414491 bp / 1.0 cM]
  * HMM parameters [Ne=15000 / Error=0.0001 / #rare=0]

Initializing data structures:
  * Impute monomorphic [n=0] (0.00s)
  * HAP update (0.00s)
  * H2V transpose (0.00s)
  * PBWT parameters auto setting : [modulo = 0.033 / depth = 6]
  * PBWT initialization [#eval=1425 / #select=27 / #chunk=1] (0.00s)
  * PBWT phasing sweep (0.05s)
  * Build genotype graphs [seg=66829] (0.01s)

Burn-in iteration [1/5]
  * PBWT selection (0.01s)
  * HMM computations [K=152.3+/-18.4 / W=0.41Mb / US=0 / UP=0] (0.38s)
  * IBD2 tracks [#inds=2 / #tracks=2 / #merged = 0]
  * HAP update (0.01s)
  * H2V transpose (0.00s)

Burn-in iteration [2/5]
  * PBWT selection (0.01s)
  * HMM computations [K=137.8+/-19.8 / W=0.41Mb / US=0 / UP=0] (0.41s)
  * IBD2 tracks [#inds=2 / #tracks=2 / #merged = 0]
  * HAP update (0.01s)
  * H2V transpose (0.00s)

Burn-in iteration [3/5]
  * PBWT selection (0.01s)
  * HMM computations [K=134.3+/-20.5 / W=0.41Mb / US=0 / UP=0] (0.34s)
  * IBD2 tracks [#inds=2 / #tracks=2 / #merged = 0]
  * HAP update (0.01s)
  * H2V transpose (0.00s)

Burn-in iteration [4/5]
  * PBWT selection (0.01s)
  * HMM computations [K=135.6+/-20.4 / W=0.41Mb / US=0 / UP=0] (0.35s)
  * IBD2 tracks [#inds=2 / #tracks=2 / #merged = 0]
  * HAP update (0.01s)
  * H2V transpose (0.00s)

Burn-in iteration [5/5]
  * PBWT selection (0.01s)
  * HMM computations [K=129.8+/-19.7 / W=0.41Mb / US=0 / UP=0] (0.33s)
  * IBD2 tracks [#inds=2 / #tracks=2 / #merged = 0]
  * HAP update (0.01s)
  * H2V transpose (0.00s)

Pruning iteration [1/1]
  * PBWT selection (0.01s)
  * HMM computations [K=135.5+/-19.8 / W=0.41Mb / US=0 / UP=0] (0.44s)
  * IBD2 tracks [#inds=2 / #tracks=2 / #merged = 0]
  * HAP update (0.01s)
  * H2V transpose (0.00s)
  * Trimming [pc=43.43%]

Burn-in iteration [1/1]
  * PBWT selection (0.01s)
  * HMM computations [K=131.6+/-20.9 / W=0.41Mb / US=0 / UP=0] (0.30s)
  * IBD2 tracks [#inds=2 / #tracks=2 / #merged = 0]
  * HAP update (0.01s)
  * H2V transpose (0.00s)

Pruning iteration [1/1]
  * PBWT selection (0.01s)
  * HMM computations [K=130.3+/-19.5 / W=0.41Mb / US=0 / UP=0] (0.35s)
  * IBD2 tracks [#inds=2 / #tracks=2 / #merged = 0]
  * HAP update (0.01s)
  * H2V transpose (0.00s)
  * Trimming [pc=67.80%]

Burn-in iteration [1/1]
  * PBWT selection (0.01s)
  * HMM computations [K=137.6+/-20.4 / W=0.41Mb / US=0 / UP=0] (0.29s)
  * IBD2 tracks [#inds=2 / #tracks=2 / #merged = 0]
  * HAP update (0.01s)
  * H2V transpose (0.00s)

Pruning iteration [1/1]
  * PBWT selection (0.01s)
  * HMM computations [K=136.5+/-19.8 / W=0.41Mb / US=0 / UP=0] (0.32s)
  * IBD2 tracks [#inds=2 / #tracks=2 / #merged = 0]
  * HAP update (0.01s)
  * H2V transpose (0.00s)
  * Trimming [pc=80.27%]

Main iteration [1/5]
  * PBWT selection (0.01s)
  * HMM computations [K=124.4+/-19.0 / W=0.41Mb / US=0 / UP=0] (0.24s)
  * IBD2 tracks [#inds=2 / #tracks=2 / #merged = 0]
  * HAP update (0.01s)
  * H2V transpose (0.00s)

Main iteration [2/5]
  * PBWT selection (0.02s)
  * HMM computations [K=125.9+/-19.8 / W=0.41Mb / US=0 / UP=0] (0.26s)
  * IBD2 tracks [#inds=2 / #tracks=2 / #merged = 0]
  * HAP update (0.01s)
  * H2V transpose (0.00s)

Main iteration [3/5]
  * PBWT selection (0.02s)
  * HMM computations [K=125.5+/-19.6 / W=0.41Mb / US=0 / UP=0] (0.26s)
  * IBD2 tracks [#inds=2 / #tracks=2 / #merged = 0]
  * HAP update (0.01s)
  * H2V transpose (0.00s)

Main iteration [4/5]
  * PBWT selection (0.01s)
  * HMM computations [K=128.5+/-20.0 / W=0.41Mb / US=0 / UP=0] (0.27s)
  * IBD2 tracks [#inds=2 / #tracks=2 / #merged = 0]
  * HAP update (0.01s)
  * H2V transpose (0.00s)

Main iteration [5/5]
  * PBWT selection (0.01s)
  * HMM computations [K=129.3+/-19.9 / W=0.41Mb / US=0 / UP=0] (0.26s)
  * IBD2 tracks [#inds=2 / #tracks=2 / #merged = 0]
  * HAP update (0.01s)
  * H2V transpose (0.00s)

Finalization:
  * HAP solving (0.02s)
  * HAP update (0.01s)
  * H2V transpose (0.00s)
  * VCF/BCF writing [N=514 / L=1425] (0.06s)
  * Indexing files
  * Total running time = 5 seconds
