beagle.22Jul22.46e.jar (version 5.4)
Copyright (C) 2014-2022 Brian L. Browning
Enter "java -jar beagle.22Jul22.46e.jar" to list command line argument
Start time: 11:05 AM CEST on 18 Apr 2024

Command line: java -Xmx7960m -jar beagle.22Jul22.46e.jar
  gt=/home/aftimo/Documents/practiques/Documents_Elias/IntroMasterAdria/Execute/../VCFs/Inversion_Regions/Standard/HsInv0114/RegionFilled.vcf
  out=/home/aftimo/Documents/practiques/Documents_Elias/IntroMasterAdria/Execute/../VCFs/Inversion_Regions/Standard/HsInv0114/Output
  map=/home/aftimo/Documents/practiques/Documents_Elias/IntroMasterAdria/Execute/../VCFs/30X/Maps/plink.chr9.GRCh38.map
  nthreads=20

Reference samples:                    0
Study     samples:                  516

Window 1 [9:123776873-124193749]
Study     markers:                4,899

Burnin  iteration 1:           25 seconds
Burnin  iteration 2:           11 seconds

Estimated ne:                  391258
Estimated err:                 5.6e-04

Phasing iteration 1:           4 seconds
Phasing iteration 2:           4 seconds
Phasing iteration 3:           3 seconds
Phasing iteration 4:           3 seconds
Phasing iteration 5:           3 seconds
Phasing iteration 6:           2 seconds
Phasing iteration 7:           3 seconds
Phasing iteration 8:           3 seconds
Phasing iteration 9:           4 seconds
Phasing iteration 10:          3 seconds
Phasing iteration 11:          3 seconds
Phasing iteration 12:          2 seconds
Low frequency phasing:         7 seconds

Cumulative Statistics:

Study     markers:                4,899

Haplotype phasing time:        1 minute 18 seconds
Total time:                    1 minute 31 seconds

End time: 11:07 AM CEST on 18 Apr 2024
beagle.22Jul22.46e.jar finished
