
[SHAPEIT5] phase_common (jointly phase multiple common markers)
  * Author        : Olivier DELANEAU, University of Lausanne
  * Contact       : olivier.delaneau@gmail.com
  * Version       : 5.1.1 / commit = 990ed0d / release = 2023-05-08
  * Run date      : 19/04/2024 - 11:38:56

Files:
  * Input         : [/home/aftimo/Documents/practiques/Documents_Elias/IntroMasterAdria/Execute/../VCFs/Inversion_Regions/Shapeit_Phase/HsInv0348/RegionAnnotated.bcf]
  * Haploids      : [/home/aftimo/Documents/practiques/Documents_Elias/IntroMasterAdria/Execute/../VCFs/Inversion_Regions/Shapeit_Phase/HsInv0348/male_samples.txt]
  * Genetic Map   : [/home/aftimo/Documents/practiques/Documents_Elias/IntroMasterAdria/Execute/../VCFs/30X/Maps/chr14.b38.gmap.gz]
  * Output        : [/home/aftimo/Documents/practiques/Documents_Elias/IntroMasterAdria/Execute/../VCFs/Inversion_Regions/Shapeit_Phase/HsInv0348/RegionScaffold.bcf]
  * Output format : [bcf]
  * Output LOG    : [/home/aftimo/Documents/practiques/Documents_Elias/IntroMasterAdria/Execute/../VCFs/Inversion_Regions/Shapeit_Phase/HsInv0348/OutputCommon.log]

Parameters:
  * Seed    : 15052011
  * Threads : 5 threads
  * MCMC    : 15 iterations [5b + 1p + 1b + 1p + 1b + 1p + 5m]
  * PBWT    : [window = 4cM / depth = auto / modulo = auto / mac = 5 / missing = 0.1]
  * HMM     : [window = 4cM / Ne = 15000 / Recombination rates given by genetic map]
  * FILTERS : [snp only = 0 / MAF = 0.05]

Reading genotype data:
  * VCF/BCF scanning done (0.05s)
      + Variants [#sites=1601 / region=14:105491502-105900380]
         - 3250 sites removed in main panel [below MAF threshold]
      + Samples [#target=193 / #reference=0]
  * VCF/BCF parsing done (0.04s)
      + Genotypes [0/0=60.284%, 0/1=23.381%, 1/1=16.335%, ./.=0.000%, 0|1=0.000%]
  * Haploid parsing [n=1599] (0.00s)
  * Haploid sample mapping (0.00s)
      + #haploids = 0 / #diploids = 193
      + Hets set as missing: n=0 (-nan%)

Setting up genetic map:
  * GMAP parsing [n=107673] (0.11s)
  * cM interpolation [s=61 / i=1540] (0.00s)
  * Region length [371672 bp / 0.8 cM]
  * HMM parameters [Ne=15000 / Error=0.0001 / #rare=0]

Initializing data structures:
  * Impute monomorphic [n=0] (0.00s)
  * HAP update (0.00s)
  * H2V transpose (0.00s)
  * PBWT parameters auto setting : [modulo = 0.024 / depth = 7]
  * PBWT initialization [#eval=1601 / #select=27 / #chunk=1] (0.00s)
  * PBWT phasing sweep (0.04s)
  * Build genotype graphs [seg=24143] (0.01s)

Burn-in iteration [1/5]
  * PBWT selection (0.01s)
  * HMM computations [K=110.3+/-17.8 / W=0.37Mb / US=0 / UP=0] (0.12s)
  * IBD2 tracks [#inds=59 / #tracks=107 / #merged = 0]
  * HAP update (0.00s)
  * H2V transpose (0.00s)

Burn-in iteration [2/5]
  * PBWT selection (0.01s)
  * HMM computations [K=116.0+/-18.2 / W=0.37Mb / US=0 / UP=0] (0.17s)
  * IBD2 tracks [#inds=63 / #tracks=138 / #merged = 0]
  * HAP update (0.00s)
  * H2V transpose (0.00s)

Burn-in iteration [3/5]
  * PBWT selection (0.01s)
  * HMM computations [K=115.2+/-19.1 / W=0.37Mb / US=0 / UP=0] (0.12s)
  * IBD2 tracks [#inds=64 / #tracks=148 / #merged = 0]
  * HAP update (0.00s)
  * H2V transpose (0.00s)

Burn-in iteration [4/5]
  * PBWT selection (0.01s)
  * HMM computations [K=115.3+/-16.5 / W=0.37Mb / US=0 / UP=0] (0.12s)
  * IBD2 tracks [#inds=65 / #tracks=154 / #merged = 0]
  * HAP update (0.00s)
  * H2V transpose (0.00s)

Burn-in iteration [5/5]
  * PBWT selection (0.01s)
  * HMM computations [K=112.9+/-18.3 / W=0.37Mb / US=0 / UP=0] (0.15s)
  * IBD2 tracks [#inds=65 / #tracks=158 / #merged = 0]
  * HAP update (0.00s)
  * H2V transpose (0.00s)

Pruning iteration [1/1]
  * PBWT selection (0.01s)
  * HMM computations [K=113.5+/-18.2 / W=0.37Mb / US=0 / UP=0] (0.16s)
  * IBD2 tracks [#inds=65 / #tracks=162 / #merged = 0]
  * HAP update (0.00s)
  * H2V transpose (0.00s)
  * Trimming [pc=39.21%]

Burn-in iteration [1/1]
  * PBWT selection (0.01s)
  * HMM computations [K=110.8+/-17.7 / W=0.37Mb / US=0 / UP=0] (0.11s)
  * IBD2 tracks [#inds=65 / #tracks=162 / #merged = 0]
  * HAP update (0.00s)
  * H2V transpose (0.00s)

Pruning iteration [1/1]
  * PBWT selection (0.01s)
  * HMM computations [K=116.8+/-19.0 / W=0.37Mb / US=0 / UP=0] (0.16s)
  * IBD2 tracks [#inds=65 / #tracks=165 / #merged = 0]
  * HAP update (0.00s)
  * H2V transpose (0.00s)
  * Trimming [pc=62.06%]

Burn-in iteration [1/1]
  * PBWT selection (0.01s)
  * HMM computations [K=117.4+/-19.0 / W=0.37Mb / US=0 / UP=0] (0.12s)
  * IBD2 tracks [#inds=65 / #tracks=167 / #merged = 0]
  * HAP update (0.00s)
  * H2V transpose (0.00s)

Pruning iteration [1/1]
  * PBWT selection (0.01s)
  * HMM computations [K=114.4+/-19.4 / W=0.37Mb / US=0 / UP=0] (0.15s)
  * IBD2 tracks [#inds=65 / #tracks=167 / #merged = 0]
  * HAP update (0.00s)
  * H2V transpose (0.00s)
  * Trimming [pc=74.84%]

Main iteration [1/5]
  * PBWT selection (0.02s)
  * HMM computations [K=111.3+/-17.7 / W=0.37Mb / US=0 / UP=0] (0.12s)
  * IBD2 tracks [#inds=65 / #tracks=167 / #merged = 0]
  * HAP update (0.00s)
  * H2V transpose (0.00s)

Main iteration [2/5]
  * PBWT selection (0.01s)
  * HMM computations [K=116.6+/-20.4 / W=0.37Mb / US=0 / UP=0] (0.12s)
  * IBD2 tracks [#inds=65 / #tracks=167 / #merged = 0]
  * HAP update (0.00s)
  * H2V transpose (0.00s)

Main iteration [3/5]
  * PBWT selection (0.01s)
  * HMM computations [K=115.8+/-17.5 / W=0.37Mb / US=0 / UP=0] (0.10s)
  * IBD2 tracks [#inds=65 / #tracks=167 / #merged = 0]
  * HAP update (0.00s)
  * H2V transpose (0.00s)

Main iteration [4/5]
  * PBWT selection (0.01s)
  * HMM computations [K=111.2+/-15.7 / W=0.37Mb / US=0 / UP=0] (0.09s)
  * IBD2 tracks [#inds=65 / #tracks=168 / #merged = 0]
  * HAP update (0.00s)
  * H2V transpose (0.00s)

Main iteration [5/5]
  * PBWT selection (0.01s)
  * HMM computations [K=113.6+/-17.1 / W=0.37Mb / US=0 / UP=0] (0.09s)
  * IBD2 tracks [#inds=65 / #tracks=168 / #merged = 0]
  * HAP update (0.00s)
  * H2V transpose (0.00s)

Finalization:
  * HAP solving (0.01s)
  * HAP update (0.00s)
  * H2V transpose (0.00s)
  * VCF/BCF writing [N=193 / L=1601] (0.05s)
  * Indexing files
  * Total running time = 2 seconds
