
[SHAPEIT5] Phase_rare (phase rare variants onto a haplotype scaffold)
  * Authors       : Simone RUBINACCI & Olivier DELANEAU, University of Lausanne
  * Contact       : simone.rubinacci@unil.ch & olivier.delaneau@gmail.com
  * Version       : 5.1.1 / commit = 990ed0d / release = 2023-05-08
  * Run date      : 19/04/2024 - 11:38:49

Files:
  * Unphased data : [/home/aftimo/Documents/practiques/Documents_Elias/IntroMasterAdria/Execute/../VCFs/Inversion_Regions/Shapeit_Phase/HsInv0015/RegionAnnotated.bcf]
  * Scaffold data : [/home/aftimo/Documents/practiques/Documents_Elias/IntroMasterAdria/Execute/../VCFs/Inversion_Regions/Shapeit_Phase/HsInv0015/RegionScaffold.bcf]
  * Genetic Map   : [/home/aftimo/Documents/practiques/Documents_Elias/IntroMasterAdria/Execute/../VCFs/30X/Maps/chr10.b38.gmap.gz]
  * Output data   : [/home/aftimo/Documents/practiques/Documents_Elias/IntroMasterAdria/Execute/../VCFs/Inversion_Regions/Shapeit_Phase/HsInv0015/RegionPhased.bcf]
  * Output LOG    : [/home/aftimo/Documents/practiques/Documents_Elias/IntroMasterAdria/Execute/../VCFs/Inversion_Regions/Shapeit_Phase/HsInv0015/OutputRare.log]

Parameters:
  * Seed    : 15052011
  * Threads : 5 threads
  * PBWT    : [depth = 2,2 / modulo = 0.005 / mac = 2 / mdr = 0.1]
  * HMM     : [Ne = 15000 / Recombination rates given by genetic map]

Parsing specified genomic regions
  * Scaffold region  [10:12862977-13263277]
  * Input region  [10:12862977-13263277]

Reading genotype data
  * BCF scanning (0.02s)
      + Variant sites: [#scaffold=1666 | #rare=1741 | #all=3407]
      + 1666 variants found in both files [priority to scaffold]
  * HAP allocation [#scaffold=1666 / #samples=94] (0.00s)
  * Genotype set allocation [#rare=1741 / #samples=94] (0.00s)
  * Plain VCF/BCF parsing (0.03s)
      + Scaffold : [0/0=80197 0/1=48016 1/1=28391]
      + Rare     : [0/0=153039 0/1=6816 1/1=3799 ./.=0]

Mapping Haploid samples
  * PED file parsing [n=1599]
  * #haploids=0 / #diploids=94
  * #reset_hets=0 (-nan% of minor allele genotypes)

Initializing sparse genotypes
  * 0 missing genotypes imputed at monomorphic sites
  * Genotype set transpose V2I (0.00s)

Setting up genetic map
  * GMAP parsing [n=180053] (0.15s)
  * cM interpolation [s=684 / i=2723] (0.01s)
  * Region length [399979 bp / 1.2 cM]
  * HMM parameters [Ne=15000 / Error=0.0001]
  * V2H transpose (0.00s)

PBWT pass
  * PBWT initialization [#eval=1666 / #select=172] (0.00s)
  * IBD2 constraints [#inds=0 / #pairs=0] (0.01s)
  * PBWT forward selection (0.01s)
  * PBWT backward selection (0.01s)
      + #states=113.47+/-15.41
      + #collisions = 100976 / #pushes = 28450 / rate = 21.98%

HMM computations
  * Processing (0.13s)
  * Genotype set transpose merge I2V [n=27] (0.00s)
  * Solving summary:
      + #Hets=6816 / Phased by HMM=6789, PED=0, SING=27
      + #Miss=0 / Imputed by HMM=0, PED=0, MONO=0

Finalization:
  * BCF writing [Compressed / N=94 / L=3407] (0.04s)
  * Indexing [/home/aftimo/Documents/practiques/Documents_Elias/IntroMasterAdria/Execute/../VCFs/Inversion_Regions/Shapeit_Phase/HsInv0015/RegionPhased.bcf]
  * Total running time = 0 seconds
