
[SHAPEIT5] phase_common (jointly phase multiple common markers)
  * Author        : Olivier DELANEAU, University of Lausanne
  * Contact       : olivier.delaneau@gmail.com
  * Version       : 5.1.1 / commit = 990ed0d / release = 2023-05-08
  * Run date      : 19/04/2024 - 11:39:56

Files:
  * Input         : [/home/aftimo/Documents/practiques/Documents_Elias/IntroMasterAdria/Execute/../VCFs/Inversion_Regions/Shapeit_Phase/HsInv0114/RegionAnnotated.bcf]
  * Haploids      : [/home/aftimo/Documents/practiques/Documents_Elias/IntroMasterAdria/Execute/../VCFs/Inversion_Regions/Shapeit_Phase/HsInv0114/male_samples.txt]
  * Genetic Map   : [/home/aftimo/Documents/practiques/Documents_Elias/IntroMasterAdria/Execute/../VCFs/30X/Maps/chr9.b38.gmap.gz]
  * Output        : [/home/aftimo/Documents/practiques/Documents_Elias/IntroMasterAdria/Execute/../VCFs/Inversion_Regions/Shapeit_Phase/HsInv0114/RegionScaffold.bcf]
  * Output format : [bcf]
  * Output LOG    : [/home/aftimo/Documents/practiques/Documents_Elias/IntroMasterAdria/Execute/../VCFs/Inversion_Regions/Shapeit_Phase/HsInv0114/OutputCommon.log]

Parameters:
  * Seed    : 15052011
  * Threads : 5 threads
  * MCMC    : 15 iterations [5b + 1p + 1b + 1p + 1b + 1p + 5m]
  * PBWT    : [window = 4cM / depth = auto / modulo = auto / mac = 5 / missing = 0.1]
  * HMM     : [window = 4cM / Ne = 15000 / Recombination rates given by genetic map]
  * FILTERS : [snp only = 0 / MAF = 0.05]

Reading genotype data:
  * VCF/BCF scanning done (0.06s)
      + Variants [#sites=1431 / region=9:123776373-124193772]
         - 3468 sites removed in main panel [below MAF threshold]
      + Samples [#target=516 / #reference=0]
  * VCF/BCF parsing done (0.08s)
      + Genotypes [0/0=63.007%, 0/1=25.868%, 1/1=11.125%, ./.=0.000%, 0|1=0.000%]
  * Haploid parsing [n=1599] (0.00s)
  * Haploid sample mapping (0.00s)
      + #haploids = 0 / #diploids = 516
      + Hets set as missing: n=0 (-nan%)

Setting up genetic map:
  * GMAP parsing [n=157860] (0.21s)
  * cM interpolation [s=467 / i=964] (0.00s)
  * Region length [415562 bp / 0.6 cM]
  * HMM parameters [Ne=15000 / Error=0.0001 / #rare=0]

Initializing data structures:
  * Impute monomorphic [n=0] (0.00s)
  * HAP update (0.01s)
  * H2V transpose (0.00s)
  * PBWT parameters auto setting : [modulo = 0.033 / depth = 6]
  * PBWT initialization [#eval=1431 / #select=18 / #chunk=1] (0.00s)
  * PBWT phasing sweep (0.10s)
  * Build genotype graphs [seg=63839] (0.02s)

Burn-in iteration [1/5]
  * PBWT selection (0.02s)
  * HMM computations [K=114.4+/-16.8 / W=0.42Mb / US=0 / UP=0] (0.40s)
  * IBD2 tracks [#inds=6 / #tracks=6 / #merged = 0]
  * HAP update (0.00s)
  * H2V transpose (0.00s)

Burn-in iteration [2/5]
  * PBWT selection (0.02s)
  * HMM computations [K=109.9+/-17.6 / W=0.42Mb / US=0 / UP=0] (0.38s)
  * IBD2 tracks [#inds=8 / #tracks=8 / #merged = 0]
  * HAP update (0.00s)
  * H2V transpose (0.00s)

Burn-in iteration [3/5]
  * PBWT selection (0.01s)
  * HMM computations [K=110.8+/-18.0 / W=0.42Mb / US=0 / UP=0] (0.30s)
  * IBD2 tracks [#inds=10 / #tracks=10 / #merged = 0]
  * HAP update (0.00s)
  * H2V transpose (0.00s)

Burn-in iteration [4/5]
  * PBWT selection (0.01s)
  * HMM computations [K=109.8+/-17.5 / W=0.42Mb / US=0 / UP=0] (0.30s)
  * IBD2 tracks [#inds=10 / #tracks=10 / #merged = 0]
  * HAP update (0.00s)
  * H2V transpose (0.00s)

Burn-in iteration [5/5]
  * PBWT selection (0.01s)
  * HMM computations [K=109.7+/-16.9 / W=0.42Mb / US=0 / UP=0] (0.40s)
  * IBD2 tracks [#inds=10 / #tracks=10 / #merged = 0]
  * HAP update (0.01s)
  * H2V transpose (0.00s)

Pruning iteration [1/1]
  * PBWT selection (0.02s)
  * HMM computations [K=108.1+/-17.6 / W=0.42Mb / US=0 / UP=0] (0.54s)
  * IBD2 tracks [#inds=10 / #tracks=10 / #merged = 0]
  * HAP update (0.01s)
  * H2V transpose (0.00s)
  * Trimming [pc=43.50%]

Burn-in iteration [1/1]
  * PBWT selection (0.03s)
  * HMM computations [K=111.8+/-18.1 / W=0.42Mb / US=0 / UP=0] (0.38s)
  * IBD2 tracks [#inds=11 / #tracks=11 / #merged = 0]
  * HAP update (0.01s)
  * H2V transpose (0.00s)

Pruning iteration [1/1]
  * PBWT selection (0.01s)
  * HMM computations [K=103.5+/-17.3 / W=0.42Mb / US=0 / UP=0] (0.34s)
  * IBD2 tracks [#inds=11 / #tracks=11 / #merged = 0]
  * HAP update (0.01s)
  * H2V transpose (0.00s)
  * Trimming [pc=67.84%]

Burn-in iteration [1/1]
  * PBWT selection (0.02s)
  * HMM computations [K=106.1+/-17.6 / W=0.42Mb / US=0 / UP=0] (0.33s)
  * IBD2 tracks [#inds=11 / #tracks=11 / #merged = 0]
  * HAP update (0.00s)
  * H2V transpose (0.00s)

Pruning iteration [1/1]
  * PBWT selection (0.01s)
  * HMM computations [K=108.6+/-17.4 / W=0.42Mb / US=0 / UP=0] (0.28s)
  * IBD2 tracks [#inds=11 / #tracks=11 / #merged = 0]
  * HAP update (0.01s)
  * H2V transpose (0.00s)
  * Trimming [pc=80.31%]

Main iteration [1/5]
  * PBWT selection (0.01s)
  * HMM computations [K=109.5+/-18.2 / W=0.42Mb / US=0 / UP=0] (0.22s)
  * IBD2 tracks [#inds=11 / #tracks=11 / #merged = 0]
  * HAP update (0.01s)
  * H2V transpose (0.00s)

Main iteration [2/5]
  * PBWT selection (0.01s)
  * HMM computations [K=109.4+/-18.1 / W=0.42Mb / US=0 / UP=0] (0.24s)
  * IBD2 tracks [#inds=11 / #tracks=11 / #merged = 0]
  * HAP update (0.01s)
  * H2V transpose (0.00s)

Main iteration [3/5]
  * PBWT selection (0.01s)
  * HMM computations [K=102.3+/-17.4 / W=0.42Mb / US=0 / UP=0] (0.24s)
  * IBD2 tracks [#inds=11 / #tracks=11 / #merged = 0]
  * HAP update (0.01s)
  * H2V transpose (0.00s)

Main iteration [4/5]
  * PBWT selection (0.02s)
  * HMM computations [K=110.9+/-18.2 / W=0.42Mb / US=0 / UP=0] (0.33s)
  * IBD2 tracks [#inds=11 / #tracks=11 / #merged = 0]
  * HAP update (0.00s)
  * H2V transpose (0.00s)

Main iteration [5/5]
  * PBWT selection (0.01s)
  * HMM computations [K=112.2+/-18.9 / W=0.42Mb / US=0 / UP=0] (0.28s)
  * IBD2 tracks [#inds=12 / #tracks=12 / #merged = 0]
  * HAP update (0.01s)
  * H2V transpose (0.00s)

Finalization:
  * HAP solving (0.01s)
  * HAP update (0.01s)
  * H2V transpose (0.00s)
  * VCF/BCF writing [N=516 / L=1431] (0.08s)
  * Indexing files
  * Total running time = 5 seconds
