
[SHAPEIT5] Phase_rare (phase rare variants onto a haplotype scaffold)
  * Authors       : Simone RUBINACCI & Olivier DELANEAU, University of Lausanne
  * Contact       : simone.rubinacci@unil.ch & olivier.delaneau@gmail.com
  * Version       : 5.1.1 / commit = 990ed0d / release = 2023-05-08
  * Run date      : 19/04/2024 - 11:40:02

Files:
  * Unphased data : [/home/aftimo/Documents/practiques/Documents_Elias/IntroMasterAdria/Execute/../VCFs/Inversion_Regions/Shapeit_Phase/HsInv0114/RegionAnnotated.bcf]
  * Scaffold data : [/home/aftimo/Documents/practiques/Documents_Elias/IntroMasterAdria/Execute/../VCFs/Inversion_Regions/Shapeit_Phase/HsInv0114/RegionScaffold.bcf]
  * Genetic Map   : [/home/aftimo/Documents/practiques/Documents_Elias/IntroMasterAdria/Execute/../VCFs/30X/Maps/chr9.b38.gmap.gz]
  * Output data   : [/home/aftimo/Documents/practiques/Documents_Elias/IntroMasterAdria/Execute/../VCFs/Inversion_Regions/Shapeit_Phase/HsInv0114/RegionPhased.bcf]
  * Output LOG    : [/home/aftimo/Documents/practiques/Documents_Elias/IntroMasterAdria/Execute/../VCFs/Inversion_Regions/Shapeit_Phase/HsInv0114/OutputRare.log]

Parameters:
  * Seed    : 15052011
  * Threads : 5 threads
  * PBWT    : [depth = 2,2 / modulo = 0.005 / mac = 2 / mdr = 0.1]
  * HMM     : [Ne = 15000 / Recombination rates given by genetic map]

Parsing specified genomic regions
  * Scaffold region  [9:123776373-124193772]
  * Input region  [9:123776373-124193772]

Reading genotype data
  * BCF scanning (0.04s)
      + Variant sites: [#scaffold=1431 | #rare=3468 | #all=4899]
      + 1431 variants found in both files [priority to scaffold]
  * HAP allocation [#scaffold=1431 / #samples=516] (0.00s)
  * Genotype set allocation [#rare=3468 / #samples=516] (0.00s)
  * Plain VCF/BCF parsing (0.13s)
      + Scaffold : [0/0=465244 0/1=191008 1/1=82144]
      + Rare     : [0/0=1746381 0/1=36147 1/1=6960 ./.=0]

Mapping Haploid samples
  * PED file parsing [n=1599]
  * #haploids=0 / #diploids=516
  * #reset_hets=0 (-nan% of minor allele genotypes)

Initializing sparse genotypes
  * 0 missing genotypes imputed at monomorphic sites
  * Genotype set transpose V2I (0.00s)

Setting up genetic map
  * GMAP parsing [n=157860] (0.13s)
  * cM interpolation [s=546 / i=4353] (0.00s)
  * Region length [416877 bp / 0.6 cM]
  * HMM parameters [Ne=15000 / Error=0.0001]
  * V2H transpose (0.00s)

PBWT pass
  * PBWT initialization [#eval=1431 / #select=95] (0.00s)
  * IBD2 constraints [#inds=0 / #pairs=0] (0.02s)
  * PBWT forward selection (0.06s)
  * PBWT backward selection (0.06s)
      + #states=140.68+/-48.09
      + #collisions = 329837 / #pushes = 62407 / rate = 15.91%

HMM computations
  * Processing (0.68s)
  * Genotype set transpose merge I2V [n=209] (0.00s)
  * Solving summary:
      + #Hets=36147 / Phased by HMM=35938, PED=0, SING=209
      + #Miss=0 / Imputed by HMM=0, PED=0, MONO=0

Finalization:
  * BCF writing [Compressed / N=516 / L=4899] (0.15s)
  * Indexing [/home/aftimo/Documents/practiques/Documents_Elias/IntroMasterAdria/Execute/../VCFs/Inversion_Regions/Shapeit_Phase/HsInv0114/RegionPhased.bcf]
  * Total running time = 1 seconds
