
[SHAPEIT5] Phase_rare (phase rare variants onto a haplotype scaffold)
  * Authors       : Simone RUBINACCI & Olivier DELANEAU, University of Lausanne
  * Contact       : simone.rubinacci@unil.ch & olivier.delaneau@gmail.com
  * Version       : 5.1.1 / commit = 990ed0d / release = 2023-05-08
  * Run date      : 19/04/2024 - 11:39:00

Files:
  * Unphased data : [/home/aftimo/Documents/practiques/Documents_Elias/IntroMasterAdria/Execute/../VCFs/Inversion_Regions/Shapeit_Phase/HsInv0371/RegionAnnotated.bcf]
  * Scaffold data : [/home/aftimo/Documents/practiques/Documents_Elias/IntroMasterAdria/Execute/../VCFs/Inversion_Regions/Shapeit_Phase/HsInv0371/RegionScaffold.bcf]
  * Genetic Map   : [/home/aftimo/Documents/practiques/Documents_Elias/IntroMasterAdria/Execute/../VCFs/30X/Maps/chr17.b38.gmap.gz]
  * Output data   : [/home/aftimo/Documents/practiques/Documents_Elias/IntroMasterAdria/Execute/../VCFs/Inversion_Regions/Shapeit_Phase/HsInv0371/RegionPhased.bcf]
  * Output LOG    : [/home/aftimo/Documents/practiques/Documents_Elias/IntroMasterAdria/Execute/../VCFs/Inversion_Regions/Shapeit_Phase/HsInv0371/OutputRare.log]

Parameters:
  * Seed    : 15052011
  * Threads : 5 threads
  * PBWT    : [depth = 2,2 / modulo = 0.005 / mac = 2 / mdr = 0.1]
  * HMM     : [Ne = 15000 / Recombination rates given by genetic map]

Parsing specified genomic regions
  * Scaffold region  [17:59819203-60327341]
  * Input region  [17:59819203-60327341]

Reading genotype data
  * BCF scanning (0.02s)
      + Variant sites: [#scaffold=801 | #rare=1878 | #all=2679]
      + 801 variants found in both files [priority to scaffold]
  * HAP allocation [#scaffold=801 / #samples=228] (0.00s)
  * Genotype set allocation [#rare=1878 / #samples=228] (0.00s)
  * Plain VCF/BCF parsing (0.04s)
      + Scaffold : [0/0=117098 0/1=42437 1/1=23093]
      + Rare     : [0/0=415710 0/1=11258 1/1=1216 ./.=0]

Mapping Haploid samples
  * PED file parsing [n=1599]
  * #haploids=0 / #diploids=228
  * #reset_hets=0 (-nan% of minor allele genotypes)

Initializing sparse genotypes
  * 0 missing genotypes imputed at monomorphic sites
  * Genotype set transpose V2I (0.00s)

Setting up genetic map
  * GMAP parsing [n=74565] (0.06s)
  * cM interpolation [s=218 / i=2461] (0.00s)
  * Region length [507691 bp / 0.2 cM]
  * HMM parameters [Ne=15000 / Error=0.0001]
  * V2H transpose (0.00s)

PBWT pass
  * PBWT initialization [#eval=801 / #select=45] (0.00s)
  * IBD2 constraints [#inds=0 / #pairs=0] (0.00s)
  * PBWT forward selection (0.01s)
  * PBWT backward selection (0.02s)
      + #states=76.34+/-22.44
      + #collisions = 66171 / #pushes = 15911 / rate = 19.38%

HMM computations
  * Processing (0.11s)
  * Genotype set transpose merge I2V [n=400] (0.00s)
  * Solving summary:
      + #Hets=11258 / Phased by HMM=10858, PED=0, SING=400
      + #Miss=0 / Imputed by HMM=0, PED=0, MONO=0

Finalization:
  * BCF writing [Compressed / N=228 / L=2679] (0.04s)
  * Indexing [/home/aftimo/Documents/practiques/Documents_Elias/IntroMasterAdria/Execute/../VCFs/Inversion_Regions/Shapeit_Phase/HsInv0371/RegionPhased.bcf]
  * Total running time = 0 seconds
