
[SHAPEIT5] Phase_rare (phase rare variants onto a haplotype scaffold)
  * Authors       : Simone RUBINACCI & Olivier DELANEAU, University of Lausanne
  * Contact       : simone.rubinacci@unil.ch & olivier.delaneau@gmail.com
  * Version       : 5.1.1 / commit = 990ed0d / release = 2023-05-08
  * Run date      : 19/04/2024 - 11:40:40

Files:
  * Unphased data : [/home/aftimo/Documents/practiques/Documents_Elias/IntroMasterAdria/Execute/../VCFs/Inversion_Regions/Shapeit_Phase/HsInv0397/RegionAnnotated.bcf]
  * Scaffold data : [/home/aftimo/Documents/practiques/Documents_Elias/IntroMasterAdria/Execute/../VCFs/Inversion_Regions/Shapeit_Phase/HsInv0397/RegionScaffold.bcf]
  * Genetic Map   : [/home/aftimo/Documents/practiques/Documents_Elias/IntroMasterAdria/Execute/../VCFs/30X/Maps/chrX.b38.gmap.gz]
  * Output data   : [/home/aftimo/Documents/practiques/Documents_Elias/IntroMasterAdria/Execute/../VCFs/Inversion_Regions/Shapeit_Phase/HsInv0397/RegionPhased.bcf]
  * Output LOG    : [/home/aftimo/Documents/practiques/Documents_Elias/IntroMasterAdria/Execute/../VCFs/Inversion_Regions/Shapeit_Phase/HsInv0397/OutputRare.log]

Parameters:
  * Seed    : 15052011
  * Threads : 5 threads
  * PBWT    : [depth = 2,2 / modulo = 0.005 / mac = 2 / mdr = 0.1]
  * HMM     : [Ne = 15000 / Recombination rates given by genetic map]

Parsing specified genomic regions
  * Scaffold region  [X:106046561-106502723]
  * Input region  [X:106046561-106502723]

Reading genotype data
  * BCF scanning (0.04s)
      + Variant sites: [#scaffold=354 | #rare=2657 | #all=3011]
      + 354 variants found in both files [priority to scaffold]
  * HAP allocation [#scaffold=354 / #samples=515] (0.00s)
  * Genotype set allocation [#rare=2657 / #samples=515] (0.00s)
  * Plain VCF/BCF parsing (0.04s)
      + Scaffold : [0/0=138350 0/1=14007 1/1=29953]
      + Rare     : [0/0=1340724 0/1=12573 1/1=15058 ./.=0]

Mapping Haploid samples
  * PED file parsing [n=1599]
  * #haploids=0 / #diploids=515
  * #reset_hets=0 (-nan% of minor allele genotypes)

Initializing sparse genotypes
  * 0 missing genotypes imputed at monomorphic sites
  * Genotype set transpose V2I (0.00s)

Setting up genetic map
  * GMAP parsing [n=89236] (0.07s)
  * cM interpolation [s=162 / i=2849] (0.00s)
  * Region length [455660 bp / 0.1 cM]
  * HMM parameters [Ne=15000 / Error=0.0001]
  * V2H transpose (0.00s)

PBWT pass
  * PBWT initialization [#eval=354 / #select=12] (0.00s)
  * IBD2 constraints [#inds=45 / #pairs=81] (0.00s)
  * PBWT forward selection (0.03s)
  * PBWT backward selection (0.03s)
      + #states=58.67+/-18.43
      + #collisions = 35362 / #pushes = 14122 / rate = 28.54%

HMM computations
  * Processing (0.13s)
  * Genotype set transpose merge I2V [n=129] (0.00s)
  * Solving summary:
      + #Hets=12573 / Phased by HMM=12444, PED=0, SING=129
      + #Miss=0 / Imputed by HMM=0, PED=0, MONO=0

Finalization:
  * BCF writing [Compressed / N=515 / L=3011] (0.11s)
  * Indexing [/home/aftimo/Documents/practiques/Documents_Elias/IntroMasterAdria/Execute/../VCFs/Inversion_Regions/Shapeit_Phase/HsInv0397/RegionPhased.bcf]
  * Total running time = 0 seconds
