
[SHAPEIT5] phase_common (jointly phase multiple common markers)
  * Author        : Olivier DELANEAU, University of Lausanne
  * Contact       : olivier.delaneau@gmail.com
  * Version       : 5.1.1 / commit = 990ed0d / release = 2023-05-08
  * Run date      : 19/04/2024 - 11:40:39

Files:
  * Input         : [/home/aftimo/Documents/practiques/Documents_Elias/IntroMasterAdria/Execute/../VCFs/Inversion_Regions/Shapeit_Phase/HsInv0397/RegionAnnotated.bcf]
  * Haploids      : [/home/aftimo/Documents/practiques/Documents_Elias/IntroMasterAdria/Execute/../VCFs/Inversion_Regions/Shapeit_Phase/HsInv0397/male_samples.txt]
  * Genetic Map   : [/home/aftimo/Documents/practiques/Documents_Elias/IntroMasterAdria/Execute/../VCFs/30X/Maps/chrX.b38.gmap.gz]
  * Output        : [/home/aftimo/Documents/practiques/Documents_Elias/IntroMasterAdria/Execute/../VCFs/Inversion_Regions/Shapeit_Phase/HsInv0397/RegionScaffold.bcf]
  * Output format : [bcf]
  * Output LOG    : [/home/aftimo/Documents/practiques/Documents_Elias/IntroMasterAdria/Execute/../VCFs/Inversion_Regions/Shapeit_Phase/HsInv0397/OutputCommon.log]

Parameters:
  * Seed    : 15052011
  * Threads : 5 threads
  * MCMC    : 15 iterations [5b + 1p + 1b + 1p + 1b + 1p + 5m]
  * PBWT    : [window = 4cM / depth = auto / modulo = auto / mac = 5 / missing = 0.1]
  * HMM     : [window = 4cM / Ne = 15000 / Recombination rates given by genetic map]
  * FILTERS : [snp only = 0 / MAF = 0.05]

Reading genotype data:
  * VCF/BCF scanning done (0.02s)
      + Variants [#sites=354 / region=X:106046561-106502723]
         - 2657 sites removed in main panel [below MAF threshold]
      + Samples [#target=515 / #reference=0]
  * VCF/BCF parsing done (0.03s)
      + Genotypes [0/0=75.887%, 0/1=7.683%, 1/1=16.430%, ./.=0.000%, 0|1=0.000%]
  * Haploid parsing [n=1599] (0.00s)
  * Haploid sample mapping (0.00s)
      + #haploids = 0 / #diploids = 515
      + Hets set as missing: n=0 (-nan%)

Setting up genetic map:
  * GMAP parsing [n=89236] (0.07s)
  * cM interpolation [s=102 / i=252] (0.00s)
  * Region length [455536 bp / 0.1 cM]
  * HMM parameters [Ne=15000 / Error=0.0001 / #rare=0]

Initializing data structures:
  * Impute monomorphic [n=0] (0.00s)
  * HAP update (0.00s)
  * H2V transpose (0.00s)
  * PBWT parameters auto setting : [modulo = 0.033 / depth = 6]
  * PBWT initialization [#eval=354 / #select=3 / #chunk=1] (0.00s)
  * PBWT phasing sweep (0.01s)
  * Build genotype graphs [seg=5016] (0.00s)

Burn-in iteration [1/5]
  * PBWT selection (0.01s)
  * HMM computations [K=27.2+/-3.8 / W=0.46Mb / US=0 / UP=0] (0.02s)
  * IBD2 tracks [#inds=10 / #tracks=13 / #merged = 0]
  * HAP update (0.00s)
  * H2V transpose (0.00s)

Burn-in iteration [2/5]
  * PBWT selection (0.01s)
  * HMM computations [K=31.3+/-3.4 / W=0.46Mb / US=0 / UP=0] (0.03s)
  * IBD2 tracks [#inds=12 / #tracks=15 / #merged = 0]
  * HAP update (0.00s)
  * H2V transpose (0.00s)

Burn-in iteration [3/5]
  * PBWT selection (0.00s)
  * HMM computations [K=30.8+/-3.4 / W=0.46Mb / US=0 / UP=0] (0.03s)
  * IBD2 tracks [#inds=14 / #tracks=18 / #merged = 0]
  * HAP update (0.00s)
  * H2V transpose (0.00s)

Burn-in iteration [4/5]
  * PBWT selection (0.00s)
  * HMM computations [K=30.9+/-3.2 / W=0.46Mb / US=0 / UP=0] (0.02s)
  * IBD2 tracks [#inds=17 / #tracks=22 / #merged = 0]
  * HAP update (0.00s)
  * H2V transpose (0.00s)

Burn-in iteration [5/5]
  * PBWT selection (0.00s)
  * HMM computations [K=30.0+/-3.8 / W=0.46Mb / US=0 / UP=0] (0.03s)
  * IBD2 tracks [#inds=22 / #tracks=27 / #merged = 0]
  * HAP update (0.00s)
  * H2V transpose (0.00s)

Pruning iteration [1/1]
  * PBWT selection (0.01s)
  * HMM computations [K=28.4+/-4.2 / W=0.46Mb / US=0 / UP=0] (0.03s)
  * IBD2 tracks [#inds=22 / #tracks=27 / #merged = 0]
  * HAP update (0.00s)
  * H2V transpose (0.00s)
  * Trimming [pc=39.53%]

Burn-in iteration [1/1]
  * PBWT selection (0.01s)
  * HMM computations [K=30.9+/-3.3 / W=0.46Mb / US=0 / UP=0] (0.02s)
  * IBD2 tracks [#inds=23 / #tracks=29 / #merged = 0]
  * HAP update (0.00s)
  * H2V transpose (0.00s)

Pruning iteration [1/1]
  * PBWT selection (0.00s)
  * HMM computations [K=27.9+/-4.1 / W=0.46Mb / US=0 / UP=0] (0.02s)
  * IBD2 tracks [#inds=25 / #tracks=31 / #merged = 0]
  * HAP update (0.00s)
  * H2V transpose (0.00s)
  * Trimming [pc=62.04%]

Burn-in iteration [1/1]
  * PBWT selection (0.01s)
  * HMM computations [K=30.7+/-3.4 / W=0.46Mb / US=0 / UP=0] (0.02s)
  * IBD2 tracks [#inds=26 / #tracks=32 / #merged = 0]
  * HAP update (0.00s)
  * H2V transpose (0.00s)

Pruning iteration [1/1]
  * PBWT selection (0.00s)
  * HMM computations [K=26.9+/-4.0 / W=0.46Mb / US=0 / UP=0] (0.02s)
  * IBD2 tracks [#inds=27 / #tracks=33 / #merged = 0]
  * HAP update (0.00s)
  * H2V transpose (0.00s)
  * Trimming [pc=74.10%]

Main iteration [1/5]
  * PBWT selection (0.00s)
  * HMM computations [K=30.0+/-3.7 / W=0.46Mb / US=0 / UP=0] (0.02s)
  * IBD2 tracks [#inds=27 / #tracks=33 / #merged = 0]
  * HAP update (0.00s)
  * H2V transpose (0.00s)

Main iteration [2/5]
  * PBWT selection (0.00s)
  * HMM computations [K=30.6+/-3.3 / W=0.46Mb / US=0 / UP=0] (0.01s)
  * IBD2 tracks [#inds=28 / #tracks=35 / #merged = 0]
  * HAP update (0.00s)
  * H2V transpose (0.00s)

Main iteration [3/5]
  * PBWT selection (0.00s)
  * HMM computations [K=30.8+/-3.3 / W=0.46Mb / US=0 / UP=0] (0.02s)
  * IBD2 tracks [#inds=28 / #tracks=35 / #merged = 0]
  * HAP update (0.00s)
  * H2V transpose (0.00s)

Main iteration [4/5]
  * PBWT selection (0.00s)
  * HMM computations [K=31.8+/-2.7 / W=0.46Mb / US=0 / UP=0] (0.02s)
  * IBD2 tracks [#inds=29 / #tracks=38 / #merged = 0]
  * HAP update (0.00s)
  * H2V transpose (0.00s)

Main iteration [5/5]
  * PBWT selection (0.01s)
  * HMM computations [K=29.6+/-3.8 / W=0.46Mb / US=0 / UP=0] (0.02s)
  * IBD2 tracks [#inds=29 / #tracks=38 / #merged = 0]
  * HAP update (0.00s)
  * H2V transpose (0.00s)

Finalization:
  * HAP solving (0.00s)
  * HAP update (0.00s)
  * H2V transpose (0.00s)
  * VCF/BCF writing [N=515 / L=354] (0.05s)
  * Indexing files
  * Total running time = 0 seconds
