
[SHAPEIT5] Phase_rare (phase rare variants onto a haplotype scaffold)
  * Authors       : Simone RUBINACCI & Olivier DELANEAU, University of Lausanne
  * Contact       : simone.rubinacci@unil.ch & olivier.delaneau@gmail.com
  * Version       : 5.1.1 / commit = 990ed0d / release = 2023-05-08
  * Run date      : 19/04/2024 - 11:39:53

Files:
  * Unphased data : [/home/aftimo/Documents/practiques/Documents_Elias/IntroMasterAdria/Execute/../VCFs/Inversion_Regions/Shapeit_Phase/HsInv0072/RegionAnnotated.bcf]
  * Scaffold data : [/home/aftimo/Documents/practiques/Documents_Elias/IntroMasterAdria/Execute/../VCFs/Inversion_Regions/Shapeit_Phase/HsInv0072/RegionScaffold.bcf]
  * Genetic Map   : [/home/aftimo/Documents/practiques/Documents_Elias/IntroMasterAdria/Execute/../VCFs/30X/Maps/chrX.b38.gmap.gz]
  * Output data   : [/home/aftimo/Documents/practiques/Documents_Elias/IntroMasterAdria/Execute/../VCFs/Inversion_Regions/Shapeit_Phase/HsInv0072/RegionPhased.bcf]
  * Output LOG    : [/home/aftimo/Documents/practiques/Documents_Elias/IntroMasterAdria/Execute/../VCFs/Inversion_Regions/Shapeit_Phase/HsInv0072/OutputRare.log]

Parameters:
  * Seed    : 15052011
  * Threads : 5 threads
  * PBWT    : [depth = 2,2 / modulo = 0.005 / mac = 2 / mdr = 0.1]
  * HMM     : [Ne = 15000 / Recombination rates given by genetic map]

Parsing specified genomic regions
  * Scaffold region  [X:45487804-45892667]
  * Input region  [X:45487804-45892667]

Reading genotype data
  * BCF scanning (0.03s)
      + Variant sites: [#scaffold=713 | #rare=2172 | #all=2885]
      + 713 variants found in both files [priority to scaffold]
  * HAP allocation [#scaffold=713 / #samples=515] (0.00s)
  * Genotype set allocation [#rare=2172 / #samples=515] (0.00s)
  * Plain VCF/BCF parsing (0.06s)
      + Scaffold : [0/0=248114 0/1=42448 1/1=76633]
      + Rare     : [0/0=1100199 0/1=9386 1/1=8995 ./.=0]

Mapping Haploid samples
  * PED file parsing [n=1599]
  * #haploids=0 / #diploids=515
  * #reset_hets=0 (-nan% of minor allele genotypes)

Initializing sparse genotypes
  * 0 missing genotypes imputed at monomorphic sites
  * Genotype set transpose V2I (0.00s)

Setting up genetic map
  * GMAP parsing [n=89236] (0.08s)
  * cM interpolation [s=227 / i=2658] (0.00s)
  * Region length [404396 bp / 0.5 cM]
  * HMM parameters [Ne=15000 / Error=0.0001]
  * V2H transpose (0.00s)

PBWT pass
  * PBWT initialization [#eval=713 / #select=82] (0.00s)
  * IBD2 constraints [#inds=6 / #pairs=7] (0.01s)
  * PBWT forward selection (0.02s)
  * PBWT backward selection (0.03s)
      + #states=77.07+/-31.11
      + #collisions = 294540 / #pushes = 43659 / rate = 12.91%

HMM computations
  * Processing (0.18s)
  * Genotype set transpose merge I2V [n=47] (0.00s)
  * Solving summary:
      + #Hets=9386 / Phased by HMM=9339, PED=0, SING=47
      + #Miss=0 / Imputed by HMM=0, PED=0, MONO=0

Finalization:
  * BCF writing [Compressed / N=515 / L=2885] (0.13s)
  * Indexing [/home/aftimo/Documents/practiques/Documents_Elias/IntroMasterAdria/Execute/../VCFs/Inversion_Regions/Shapeit_Phase/HsInv0072/RegionPhased.bcf]
  * Total running time = 0 seconds
