
[SHAPEIT5] phase_common (jointly phase multiple common markers)
  * Author        : Olivier DELANEAU, University of Lausanne
  * Contact       : olivier.delaneau@gmail.com
  * Version       : 5.1.1 / commit = 990ed0d / release = 2023-05-08
  * Run date      : 19/04/2024 - 11:39:51

Files:
  * Input         : [/home/aftimo/Documents/practiques/Documents_Elias/IntroMasterAdria/Execute/../VCFs/Inversion_Regions/Shapeit_Phase/HsInv0072/RegionAnnotated.bcf]
  * Haploids      : [/home/aftimo/Documents/practiques/Documents_Elias/IntroMasterAdria/Execute/../VCFs/Inversion_Regions/Shapeit_Phase/HsInv0072/male_samples.txt]
  * Genetic Map   : [/home/aftimo/Documents/practiques/Documents_Elias/IntroMasterAdria/Execute/../VCFs/30X/Maps/chrX.b38.gmap.gz]
  * Output        : [/home/aftimo/Documents/practiques/Documents_Elias/IntroMasterAdria/Execute/../VCFs/Inversion_Regions/Shapeit_Phase/HsInv0072/RegionScaffold.bcf]
  * Output format : [bcf]
  * Output LOG    : [/home/aftimo/Documents/practiques/Documents_Elias/IntroMasterAdria/Execute/../VCFs/Inversion_Regions/Shapeit_Phase/HsInv0072/OutputCommon.log]

Parameters:
  * Seed    : 15052011
  * Threads : 5 threads
  * MCMC    : 15 iterations [5b + 1p + 1b + 1p + 1b + 1p + 5m]
  * PBWT    : [window = 4cM / depth = auto / modulo = auto / mac = 5 / missing = 0.1]
  * HMM     : [window = 4cM / Ne = 15000 / Recombination rates given by genetic map]
  * FILTERS : [snp only = 0 / MAF = 0.05]

Reading genotype data:
  * VCF/BCF scanning done (0.06s)
      + Variants [#sites=713 / region=X:45487804-45892667]
         - 2172 sites removed in main panel [below MAF threshold]
      + Samples [#target=515 / #reference=0]
  * VCF/BCF parsing done (0.04s)
      + Genotypes [0/0=67.570%, 0/1=11.560%, 1/1=20.870%, ./.=0.000%, 0|1=0.000%]
  * Haploid parsing [n=1599] (0.00s)
  * Haploid sample mapping (0.00s)
      + #haploids = 0 / #diploids = 515
      + Hets set as missing: n=0 (-nan%)

Setting up genetic map:
  * GMAP parsing [n=89236] (0.06s)
  * cM interpolation [s=197 / i=516] (0.00s)
  * Region length [402470 bp / 0.5 cM]
  * HMM parameters [Ne=15000 / Error=0.0001 / #rare=0]

Initializing data structures:
  * Impute monomorphic [n=0] (0.00s)
  * HAP update (0.00s)
  * H2V transpose (0.00s)
  * PBWT parameters auto setting : [modulo = 0.033 / depth = 6]
  * PBWT initialization [#eval=713 / #select=16 / #chunk=1] (0.00s)
  * PBWT phasing sweep (0.01s)
  * Build genotype graphs [seg=14495] (0.02s)

Burn-in iteration [1/5]
  * PBWT selection (0.01s)
  * HMM computations [K=91.9+/-20.6 / W=0.40Mb / US=0 / UP=0] (0.10s)
  * IBD2 tracks [#inds=4 / #tracks=4 / #merged = 0]
  * HAP update (0.00s)
  * H2V transpose (0.00s)

Burn-in iteration [2/5]
  * PBWT selection (0.01s)
  * HMM computations [K=87.9+/-20.7 / W=0.40Mb / US=0 / UP=0] (0.10s)
  * IBD2 tracks [#inds=6 / #tracks=8 / #merged = 0]
  * HAP update (0.00s)
  * H2V transpose (0.00s)

Burn-in iteration [3/5]
  * PBWT selection (0.00s)
  * HMM computations [K=89.6+/-19.8 / W=0.40Mb / US=0 / UP=0] (0.10s)
  * IBD2 tracks [#inds=6 / #tracks=8 / #merged = 0]
  * HAP update (0.00s)
  * H2V transpose (0.00s)

Burn-in iteration [4/5]
  * PBWT selection (0.03s)
  * HMM computations [K=85.4+/-20.6 / W=0.40Mb / US=0 / UP=0] (0.12s)
  * IBD2 tracks [#inds=6 / #tracks=8 / #merged = 0]
  * HAP update (0.00s)
  * H2V transpose (0.00s)

Burn-in iteration [5/5]
  * PBWT selection (0.01s)
  * HMM computations [K=86.1+/-19.5 / W=0.40Mb / US=0 / UP=0] (0.10s)
  * IBD2 tracks [#inds=6 / #tracks=8 / #merged = 0]
  * HAP update (0.00s)
  * H2V transpose (0.00s)

Pruning iteration [1/1]
  * PBWT selection (0.01s)
  * HMM computations [K=87.6+/-19.9 / W=0.40Mb / US=0 / UP=0] (0.12s)
  * IBD2 tracks [#inds=7 / #tracks=9 / #merged = 0]
  * HAP update (0.00s)
  * H2V transpose (0.00s)
  * Trimming [pc=42.10%]

Burn-in iteration [1/1]
  * PBWT selection (0.01s)
  * HMM computations [K=89.3+/-20.9 / W=0.40Mb / US=0 / UP=0] (0.10s)
  * IBD2 tracks [#inds=8 / #tracks=10 / #merged = 0]
  * HAP update (0.00s)
  * H2V transpose (0.00s)

Pruning iteration [1/1]
  * PBWT selection (0.01s)
  * HMM computations [K=88.5+/-19.7 / W=0.40Mb / US=0 / UP=0] (0.11s)
  * IBD2 tracks [#inds=8 / #tracks=10 / #merged = 0]
  * HAP update (0.00s)
  * H2V transpose (0.00s)
  * Trimming [pc=65.69%]

Burn-in iteration [1/1]
  * PBWT selection (0.01s)
  * HMM computations [K=84.2+/-19.6 / W=0.40Mb / US=0 / UP=0] (0.08s)
  * IBD2 tracks [#inds=8 / #tracks=10 / #merged = 0]
  * HAP update (0.00s)
  * H2V transpose (0.00s)

Pruning iteration [1/1]
  * PBWT selection (0.01s)
  * HMM computations [K=87.1+/-20.4 / W=0.40Mb / US=0 / UP=0] (0.09s)
  * IBD2 tracks [#inds=8 / #tracks=10 / #merged = 0]
  * HAP update (0.00s)
  * H2V transpose (0.00s)
  * Trimming [pc=77.90%]

Main iteration [1/5]
  * PBWT selection (0.02s)
  * HMM computations [K=89.1+/-20.1 / W=0.40Mb / US=0 / UP=0] (0.09s)
  * IBD2 tracks [#inds=8 / #tracks=10 / #merged = 0]
  * HAP update (0.00s)
  * H2V transpose (0.00s)

Main iteration [2/5]
  * PBWT selection (0.01s)
  * HMM computations [K=85.8+/-19.7 / W=0.40Mb / US=0 / UP=0] (0.09s)
  * IBD2 tracks [#inds=9 / #tracks=11 / #merged = 0]
  * HAP update (0.00s)
  * H2V transpose (0.00s)

Main iteration [3/5]
  * PBWT selection (0.01s)
  * HMM computations [K=88.2+/-20.2 / W=0.40Mb / US=0 / UP=0] (0.12s)
  * IBD2 tracks [#inds=9 / #tracks=11 / #merged = 0]
  * HAP update (0.00s)
  * H2V transpose (0.00s)

Main iteration [4/5]
  * PBWT selection (0.01s)
  * HMM computations [K=85.1+/-20.8 / W=0.40Mb / US=0 / UP=0] (0.09s)
  * IBD2 tracks [#inds=9 / #tracks=11 / #merged = 0]
  * HAP update (0.00s)
  * H2V transpose (0.00s)

Main iteration [5/5]
  * PBWT selection (0.01s)
  * HMM computations [K=86.3+/-20.3 / W=0.40Mb / US=0 / UP=0] (0.09s)
  * IBD2 tracks [#inds=9 / #tracks=11 / #merged = 0]
  * HAP update (0.00s)
  * H2V transpose (0.00s)

Finalization:
  * HAP solving (0.00s)
  * HAP update (0.00s)
  * H2V transpose (0.00s)
  * VCF/BCF writing [N=515 / L=713] (0.04s)
  * Indexing files
  * Total running time = 1 seconds
