PLINK v1.90b7.2 64-bit (11 Dec 2023)
Options in effect:
  --ld-snp HsInv0286
  --ld-window 999999
  --ld-window-kb 9999999
  --ld-window-r2 0
  --out /home/aftimo/Documents/practiques/Documents_Elias/IntroMasterAdria/Execute/Results_ScoreInvHap/Inputs/HsInv0286/Region
  --r2
  --vcf /home/aftimo/Documents/practiques/Documents_Elias/IntroMasterAdria/Execute/Results_ScoreInvHap/Inputs/HsInv0286/RegionSorted.vcf

Hostname: aftimo
Working directory: /home/aftimo/Documents/practiques/Documents_Elias/IntroMasterAdria/Execute
Start time: Tue Apr 30 09:48:02 2024

Random number seed: 1714463282
31827 MB RAM detected; reserving 15913 MB for main workspace.
--vcf:
/home/aftimo/Documents/practiques/Documents_Elias/IntroMasterAdria/Execute/Results_ScoreInvHap/Inputs/HsInv0286/Region-temporary.bed
+
/home/aftimo/Documents/practiques/Documents_Elias/IntroMasterAdria/Execute/Results_ScoreInvHap/Inputs/HsInv0286/Region-temporary.bim
+
/home/aftimo/Documents/practiques/Documents_Elias/IntroMasterAdria/Execute/Results_ScoreInvHap/Inputs/HsInv0286/Region-temporary.fam
written.
1870 variants loaded from .bim file.
44 people (0 males, 0 females, 44 ambiguous) loaded from .fam.
Ambiguous sex IDs written to
/home/aftimo/Documents/practiques/Documents_Elias/IntroMasterAdria/Execute/Results_ScoreInvHap/Inputs/HsInv0286/Region.nosex
.
Using up to 19 threads (change this with --threads).
Before main variant filters, 44 founders and 0 nonfounders present.
Calculating allele frequencies... done.
Total genotyping rate is exactly 1.
1870 variants and 44 people pass filters and QC.
Note: No phenotypes present.
--r2 to
/home/aftimo/Documents/practiques/Documents_Elias/IntroMasterAdria/Execute/Results_ScoreInvHap/Inputs/HsInv0286/Region.ld
... done.

End time: Tue Apr 30 09:48:02 2024
