
[SHAPEIT5] Phase_rare (phase rare variants onto a haplotype scaffold)
  * Authors       : Simone RUBINACCI & Olivier DELANEAU, University of Lausanne
  * Contact       : simone.rubinacci@unil.ch & olivier.delaneau@gmail.com
  * Version       : 5.1.1 / commit = 990ed0d / release = 2023-05-08
  * Run date      : 19/04/2024 - 11:39:02

Files:
  * Unphased data : [/home/aftimo/Documents/practiques/Documents_Elias/IntroMasterAdria/Execute/../VCFs/Inversion_Regions/Shapeit_Phase/HsInv0414/RegionAnnotated.bcf]
  * Scaffold data : [/home/aftimo/Documents/practiques/Documents_Elias/IntroMasterAdria/Execute/../VCFs/Inversion_Regions/Shapeit_Phase/HsInv0414/RegionScaffold.bcf]
  * Genetic Map   : [/home/aftimo/Documents/practiques/Documents_Elias/IntroMasterAdria/Execute/../VCFs/30X/Maps/chrX.b38.gmap.gz]
  * Output data   : [/home/aftimo/Documents/practiques/Documents_Elias/IntroMasterAdria/Execute/../VCFs/Inversion_Regions/Shapeit_Phase/HsInv0414/RegionPhased.bcf]
  * Output LOG    : [/home/aftimo/Documents/practiques/Documents_Elias/IntroMasterAdria/Execute/../VCFs/Inversion_Regions/Shapeit_Phase/HsInv0414/OutputRare.log]

Parameters:
  * Seed    : 15052011
  * Threads : 5 threads
  * PBWT    : [depth = 2,2 / modulo = 0.005 / mac = 2 / mdr = 0.1]
  * HMM     : [Ne = 15000 / Recombination rates given by genetic map]

Parsing specified genomic regions
  * Scaffold region  [X:152866003-153284052]
  * Input region  [X:152866003-153284052]

Reading genotype data
  * BCF scanning (0.02s)
      + Variant sites: [#scaffold=905 | #rare=1209 | #all=2114]
      + 905 variants found in both files [priority to scaffold]
  * HAP allocation [#scaffold=905 / #samples=228] (0.00s)
  * Genotype set allocation [#rare=1209 / #samples=228] (0.00s)
  * Plain VCF/BCF parsing (0.03s)
      + Scaffold : [0/0=133951 0/1=27431 1/1=44958]
      + Rare     : [0/0=266367 0/1=4019 1/1=5266 ./.=0]

Mapping Haploid samples
  * PED file parsing [n=1599]
  * #haploids=0 / #diploids=228
  * #reset_hets=0 (-nan% of minor allele genotypes)

Initializing sparse genotypes
  * 0 missing genotypes imputed at monomorphic sites
  * Genotype set transpose V2I (0.00s)

Setting up genetic map
  * GMAP parsing [n=89236] (0.08s)
  * cM interpolation [s=187 / i=1927] (0.00s)
  * Region length [416720 bp / 0.3 cM]
  * HMM parameters [Ne=15000 / Error=0.0001]
  * V2H transpose (0.00s)

PBWT pass
  * PBWT initialization [#eval=905 / #select=60] (0.00s)
  * IBD2 constraints [#inds=1 / #pairs=1] (0.01s)
  * PBWT forward selection (0.01s)
  * PBWT backward selection (0.01s)
      + #states=63.44+/-19.48
      + #collisions = 88680 / #pushes = 20953 / rate = 19.11%

HMM computations
  * Processing (0.14s)
  * Genotype set transpose merge I2V [n=61] (0.00s)
  * Solving summary:
      + #Hets=4019 / Phased by HMM=3958, PED=0, SING=61
      + #Miss=0 / Imputed by HMM=0, PED=0, MONO=0

Finalization:
  * BCF writing [Compressed / N=228 / L=2114] (0.06s)
  * Indexing [/home/aftimo/Documents/practiques/Documents_Elias/IntroMasterAdria/Execute/../VCFs/Inversion_Regions/Shapeit_Phase/HsInv0414/RegionPhased.bcf]
  * Total running time = 0 seconds
