
[SHAPEIT5] phase_common (jointly phase multiple common markers)
  * Author        : Olivier DELANEAU, University of Lausanne
  * Contact       : olivier.delaneau@gmail.com
  * Version       : 5.1.1 / commit = 990ed0d / release = 2023-05-08
  * Run date      : 19/04/2024 - 11:39:01

Files:
  * Input         : [/home/aftimo/Documents/practiques/Documents_Elias/IntroMasterAdria/Execute/../VCFs/Inversion_Regions/Shapeit_Phase/HsInv0414/RegionAnnotated.bcf]
  * Haploids      : [/home/aftimo/Documents/practiques/Documents_Elias/IntroMasterAdria/Execute/../VCFs/Inversion_Regions/Shapeit_Phase/HsInv0414/male_samples.txt]
  * Genetic Map   : [/home/aftimo/Documents/practiques/Documents_Elias/IntroMasterAdria/Execute/../VCFs/30X/Maps/chrX.b38.gmap.gz]
  * Output        : [/home/aftimo/Documents/practiques/Documents_Elias/IntroMasterAdria/Execute/../VCFs/Inversion_Regions/Shapeit_Phase/HsInv0414/RegionScaffold.bcf]
  * Output format : [bcf]
  * Output LOG    : [/home/aftimo/Documents/practiques/Documents_Elias/IntroMasterAdria/Execute/../VCFs/Inversion_Regions/Shapeit_Phase/HsInv0414/OutputCommon.log]

Parameters:
  * Seed    : 15052011
  * Threads : 5 threads
  * MCMC    : 15 iterations [5b + 1p + 1b + 1p + 1b + 1p + 5m]
  * PBWT    : [window = 4cM / depth = auto / modulo = auto / mac = 5 / missing = 0.1]
  * HMM     : [window = 4cM / Ne = 15000 / Recombination rates given by genetic map]
  * FILTERS : [snp only = 0 / MAF = 0.05]

Reading genotype data:
  * VCF/BCF scanning done (0.03s)
      + Variants [#sites=905 / region=X:152866003-153284052]
         - 1209 sites removed in main panel [below MAF threshold]
      + Samples [#target=228 / #reference=0]
  * VCF/BCF parsing done (0.02s)
      + Genotypes [0/0=64.918%, 0/1=13.294%, 1/1=21.788%, ./.=0.000%, 0|1=0.000%]
  * Haploid parsing [n=1599] (0.00s)
  * Haploid sample mapping (0.00s)
      + #haploids = 0 / #diploids = 228
      + Hets set as missing: n=0 (-nan%)

Setting up genetic map:
  * GMAP parsing [n=89236] (0.08s)
  * cM interpolation [s=157 / i=748] (0.00s)
  * Region length [416247 bp / 0.3 cM]
  * HMM parameters [Ne=15000 / Error=0.0001 / #rare=0]

Initializing data structures:
  * Impute monomorphic [n=0] (0.00s)
  * HAP update (0.00s)
  * H2V transpose (0.00s)
  * PBWT parameters auto setting : [modulo = 0.025 / depth = 7]
  * PBWT initialization [#eval=905 / #select=15 / #chunk=1] (0.00s)
  * PBWT phasing sweep (0.02s)
  * Build genotype graphs [seg=9291] (0.00s)

Burn-in iteration [1/5]
  * PBWT selection (0.01s)
  * HMM computations [K=100.3+/-18.5 / W=0.42Mb / US=0 / UP=0] (0.07s)
  * IBD2 tracks [#inds=12 / #tracks=12 / #merged = 0]
  * HAP update (0.00s)
  * H2V transpose (0.00s)

Burn-in iteration [2/5]
  * PBWT selection (0.01s)
  * HMM computations [K=98.4+/-18.0 / W=0.42Mb / US=0 / UP=0] (0.07s)
  * IBD2 tracks [#inds=15 / #tracks=15 / #merged = 0]
  * HAP update (0.00s)
  * H2V transpose (0.00s)

Burn-in iteration [3/5]
  * PBWT selection (0.00s)
  * HMM computations [K=97.1+/-17.6 / W=0.42Mb / US=0 / UP=0] (0.07s)
  * IBD2 tracks [#inds=16 / #tracks=16 / #merged = 0]
  * HAP update (0.00s)
  * H2V transpose (0.00s)

Burn-in iteration [4/5]
  * PBWT selection (0.00s)
  * HMM computations [K=93.9+/-17.4 / W=0.42Mb / US=0 / UP=0] (0.07s)
  * IBD2 tracks [#inds=17 / #tracks=17 / #merged = 0]
  * HAP update (0.00s)
  * H2V transpose (0.00s)

Burn-in iteration [5/5]
  * PBWT selection (0.02s)
  * HMM computations [K=92.8+/-16.2 / W=0.42Mb / US=0 / UP=0] (0.09s)
  * IBD2 tracks [#inds=17 / #tracks=17 / #merged = 0]
  * HAP update (0.00s)
  * H2V transpose (0.00s)

Pruning iteration [1/1]
  * PBWT selection (0.02s)
  * HMM computations [K=96.4+/-16.4 / W=0.42Mb / US=0 / UP=0] (0.08s)
  * IBD2 tracks [#inds=17 / #tracks=17 / #merged = 0]
  * HAP update (0.00s)
  * H2V transpose (0.00s)
  * Trimming [pc=42.49%]

Burn-in iteration [1/1]
  * PBWT selection (0.02s)
  * HMM computations [K=90.1+/-15.7 / W=0.42Mb / US=0 / UP=0] (0.07s)
  * IBD2 tracks [#inds=17 / #tracks=17 / #merged = 0]
  * HAP update (0.00s)
  * H2V transpose (0.00s)

Pruning iteration [1/1]
  * PBWT selection (0.01s)
  * HMM computations [K=96.9+/-17.6 / W=0.42Mb / US=0 / UP=0] (0.10s)
  * IBD2 tracks [#inds=17 / #tracks=18 / #merged = 0]
  * HAP update (0.00s)
  * H2V transpose (0.00s)
  * Trimming [pc=66.30%]

Burn-in iteration [1/1]
  * PBWT selection (0.01s)
  * HMM computations [K=100.9+/-17.2 / W=0.42Mb / US=0 / UP=0] (0.08s)
  * IBD2 tracks [#inds=17 / #tracks=19 / #merged = 0]
  * HAP update (0.00s)
  * H2V transpose (0.00s)

Pruning iteration [1/1]
  * PBWT selection (0.01s)
  * HMM computations [K=99.0+/-17.6 / W=0.42Mb / US=0 / UP=0] (0.08s)
  * IBD2 tracks [#inds=17 / #tracks=19 / #merged = 0]
  * HAP update (0.00s)
  * H2V transpose (0.00s)
  * Trimming [pc=78.36%]

Main iteration [1/5]
  * PBWT selection (0.01s)
  * HMM computations [K=99.8+/-17.0 / W=0.42Mb / US=0 / UP=0] (0.06s)
  * IBD2 tracks [#inds=17 / #tracks=19 / #merged = 0]
  * HAP update (0.00s)
  * H2V transpose (0.00s)

Main iteration [2/5]
  * PBWT selection (0.00s)
  * HMM computations [K=98.3+/-17.8 / W=0.42Mb / US=0 / UP=0] (0.07s)
  * IBD2 tracks [#inds=17 / #tracks=19 / #merged = 0]
  * HAP update (0.00s)
  * H2V transpose (0.00s)

Main iteration [3/5]
  * PBWT selection (0.01s)
  * HMM computations [K=94.4+/-16.8 / W=0.42Mb / US=0 / UP=0] (0.05s)
  * IBD2 tracks [#inds=17 / #tracks=19 / #merged = 0]
  * HAP update (0.00s)
  * H2V transpose (0.00s)

Main iteration [4/5]
  * PBWT selection (0.01s)
  * HMM computations [K=97.4+/-18.1 / W=0.42Mb / US=0 / UP=0] (0.05s)
  * IBD2 tracks [#inds=17 / #tracks=19 / #merged = 0]
  * HAP update (0.00s)
  * H2V transpose (0.00s)

Main iteration [5/5]
  * PBWT selection (0.00s)
  * HMM computations [K=97.7+/-19.1 / W=0.42Mb / US=0 / UP=0] (0.08s)
  * IBD2 tracks [#inds=17 / #tracks=20 / #merged = 0]
  * HAP update (0.00s)
  * H2V transpose (0.00s)

Finalization:
  * HAP solving (0.00s)
  * HAP update (0.00s)
  * H2V transpose (0.00s)
  * VCF/BCF writing [N=228 / L=905] (0.08s)
  * Indexing files
  * Total running time = 1 seconds
