beagle.22Jul22.46e.jar (version 5.4)
Copyright (C) 2014-2022 Brian L. Browning
Enter "java -jar beagle.22Jul22.46e.jar" to list command line argument
Start time: 11:05 AM CEST on 18 Apr 2024

Command line: java -Xmx7960m -jar beagle.22Jul22.46e.jar
  gt=/home/aftimo/Documents/practiques/Documents_Elias/IntroMasterAdria/Execute/../VCFs/Inversion_Regions/Standard/HsInv0030/RegionFilled.vcf
  out=/home/aftimo/Documents/practiques/Documents_Elias/IntroMasterAdria/Execute/../VCFs/Inversion_Regions/Standard/HsInv0030/Output
  map=/home/aftimo/Documents/practiques/Documents_Elias/IntroMasterAdria/Execute/../VCFs/30X/Maps/plink.chr16.GRCh38.map
  nthreads=20

Reference samples:                    0
Study     samples:                  518

Window 1 [16:75004672-75424281]
Study     markers:                5,881

Burnin  iteration 1:           25 seconds
Burnin  iteration 2:           11 seconds

Estimated ne:                  630849
Estimated err:                 6.0e-04

Phasing iteration 1:           4 seconds
Phasing iteration 2:           3 seconds
Phasing iteration 3:           4 seconds
Phasing iteration 4:           3 seconds
Phasing iteration 5:           3 seconds
Phasing iteration 6:           3 seconds
Phasing iteration 7:           3 seconds
Phasing iteration 8:           3 seconds
Phasing iteration 9:           3 seconds
Phasing iteration 10:          3 seconds
Phasing iteration 11:          3 seconds
Phasing iteration 12:          2 seconds
Low frequency phasing:         8 seconds

Cumulative Statistics:

Study     markers:                5,881

Haplotype phasing time:        1 minute 20 seconds
Total time:                    1 minute 30 seconds

End time: 11:06 AM CEST on 18 Apr 2024
beagle.22Jul22.46e.jar finished
