
[SHAPEIT5] Phase_rare (phase rare variants onto a haplotype scaffold)
  * Authors       : Simone RUBINACCI & Olivier DELANEAU, University of Lausanne
  * Contact       : simone.rubinacci@unil.ch & olivier.delaneau@gmail.com
  * Version       : 5.1.1 / commit = 990ed0d / release = 2023-05-08
  * Run date      : 19/04/2024 - 11:40:25

Files:
  * Unphased data : [/home/aftimo/Documents/practiques/Documents_Elias/IntroMasterAdria/Execute/../VCFs/Inversion_Regions/Shapeit_Phase/HsInv0341/RegionAnnotated.bcf]
  * Scaffold data : [/home/aftimo/Documents/practiques/Documents_Elias/IntroMasterAdria/Execute/../VCFs/Inversion_Regions/Shapeit_Phase/HsInv0341/RegionScaffold.bcf]
  * Genetic Map   : [/home/aftimo/Documents/practiques/Documents_Elias/IntroMasterAdria/Execute/../VCFs/30X/Maps/chr13.b38.gmap.gz]
  * Output data   : [/home/aftimo/Documents/practiques/Documents_Elias/IntroMasterAdria/Execute/../VCFs/Inversion_Regions/Shapeit_Phase/HsInv0341/RegionPhased.bcf]
  * Output LOG    : [/home/aftimo/Documents/practiques/Documents_Elias/IntroMasterAdria/Execute/../VCFs/Inversion_Regions/Shapeit_Phase/HsInv0341/OutputRare.log]

Parameters:
  * Seed    : 15052011
  * Threads : 5 threads
  * PBWT    : [depth = 2,2 / modulo = 0.005 / mac = 2 / mdr = 0.1]
  * HMM     : [Ne = 15000 / Recombination rates given by genetic map]

Parsing specified genomic regions
  * Scaffold region  [13:79617041-80045829]
  * Input region  [13:79617041-80045829]

Reading genotype data
  * BCF scanning (0.03s)
      + Variant sites: [#scaffold=833 | #rare=2965 | #all=3798]
      + 833 variants found in both files [priority to scaffold]
  * HAP allocation [#scaffold=833 / #samples=511] (0.00s)
  * Genotype set allocation [#rare=2965 / #samples=511] (0.00s)
  * Plain VCF/BCF parsing (0.07s)
      + Scaffold : [0/0=207892 0/1=128863 1/1=88908]
      + Rare     : [0/0=1463075 0/1=22677 1/1=29363 ./.=0]

Mapping Haploid samples
  * PED file parsing [n=1599]
  * #haploids=0 / #diploids=511
  * #reset_hets=0 (-nan% of minor allele genotypes)

Initializing sparse genotypes
  * 0 missing genotypes imputed at monomorphic sites
  * Genotype set transpose V2I (0.00s)

Setting up genetic map
  * GMAP parsing [n=136637] (0.13s)
  * cM interpolation [s=504 / i=3294] (0.00s)
  * Region length [428610 bp / 0.4 cM]
  * HMM parameters [Ne=15000 / Error=0.0001]
  * V2H transpose (0.00s)

PBWT pass
  * PBWT initialization [#eval=833 / #select=49] (0.00s)
  * IBD2 constraints [#inds=0 / #pairs=0] (0.01s)
  * PBWT forward selection (0.04s)
  * PBWT backward selection (0.04s)
      + #states=94.95+/-35.85
      + #collisions = 162845 / #pushes = 37507 / rate = 18.72%

HMM computations
  * Processing (0.31s)
  * Genotype set transpose merge I2V [n=170] (0.00s)
  * Solving summary:
      + #Hets=22677 / Phased by HMM=22507, PED=0, SING=170
      + #Miss=0 / Imputed by HMM=0, PED=0, MONO=0

Finalization:
  * BCF writing [Compressed / N=511 / L=3798] (0.13s)
  * Indexing [/home/aftimo/Documents/practiques/Documents_Elias/IntroMasterAdria/Execute/../VCFs/Inversion_Regions/Shapeit_Phase/HsInv0341/RegionPhased.bcf]
  * Total running time = 0 seconds
