PLINK v1.90b7.2 64-bit (11 Dec 2023)
Options in effect:
  --make-bed
  --out Imp
  --vcf VCF_Imp.vcf

Hostname: aftimo
Working directory: /home/aftimo/Documents/practiques/Documents_Elias/IntroMasterAdria/Execute/Results_Impute5/Standard/Rep_1/R2/HsInv0113/0.90
Start time: Sun Jun 16 12:31:42 2024

Random number seed: 1718533902
31827 MB RAM detected; reserving 15913 MB for main workspace.
--vcf: Imp-temporary.bed + Imp-temporary.bim + Imp-temporary.fam written.
1 variant loaded from .bim file.
36 people (0 males, 0 females, 36 ambiguous) loaded from .fam.
Ambiguous sex IDs written to Imp.nosex .
Using 1 thread (no multithreaded calculations invoked).
Before main variant filters, 36 founders and 0 nonfounders present.
Calculating allele frequencies... done.
Total genotyping rate is exactly 1.
1 variant and 36 people pass filters and QC.
Note: No phenotypes present.
--make-bed to Imp.bed + Imp.bim + Imp.fam ... done.

End time: Sun Jun 16 12:31:42 2024
