
[SHAPEIT5] phase_common (jointly phase multiple common markers)
  * Author        : Olivier DELANEAU, University of Lausanne
  * Contact       : olivier.delaneau@gmail.com
  * Version       : 5.1.1 / commit = 990ed0d / release = 2023-05-08
  * Run date      : 19/04/2024 - 11:38:46

Files:
  * Input         : [/home/aftimo/Documents/practiques/Documents_Elias/IntroMasterAdria/Execute/../VCFs/Inversion_Regions/Shapeit_Phase/HsInv0193/RegionAnnotated.bcf]
  * Haploids      : [/home/aftimo/Documents/practiques/Documents_Elias/IntroMasterAdria/Execute/../VCFs/Inversion_Regions/Shapeit_Phase/HsInv0193/male_samples.txt]
  * Genetic Map   : [/home/aftimo/Documents/practiques/Documents_Elias/IntroMasterAdria/Execute/../VCFs/30X/Maps/chr20.b38.gmap.gz]
  * Output        : [/home/aftimo/Documents/practiques/Documents_Elias/IntroMasterAdria/Execute/../VCFs/Inversion_Regions/Shapeit_Phase/HsInv0193/RegionScaffold.bcf]
  * Output format : [bcf]
  * Output LOG    : [/home/aftimo/Documents/practiques/Documents_Elias/IntroMasterAdria/Execute/../VCFs/Inversion_Regions/Shapeit_Phase/HsInv0193/OutputCommon.log]

Parameters:
  * Seed    : 15052011
  * Threads : 5 threads
  * MCMC    : 15 iterations [5b + 1p + 1b + 1p + 1b + 1p + 5m]
  * PBWT    : [window = 4cM / depth = auto / modulo = auto / mac = 5 / missing = 0.1]
  * HMM     : [window = 4cM / Ne = 15000 / Recombination rates given by genetic map]
  * FILTERS : [snp only = 0 / MAF = 0.05]

Reading genotype data:
  * VCF/BCF scanning done (0.02s)
      + Variants [#sites=1050 / region=20:10607399-11008852]
         - 1741 sites removed in main panel [below MAF threshold]
      + Samples [#target=226 / #reference=0]
  * VCF/BCF parsing done (0.03s)
      + Genotypes [0/0=58.289%, 0/1=29.587%, 1/1=12.124%, ./.=0.000%, 0|1=0.000%]
  * Haploid parsing [n=1599] (0.00s)
  * Haploid sample mapping (0.00s)
      + #haploids = 0 / #diploids = 226
      + Hets set as missing: n=0 (-nan%)

Setting up genetic map:
  * GMAP parsing [n=82942] (0.07s)
  * cM interpolation [s=473 / i=577] (0.00s)
  * Region length [400203 bp / 0.6 cM]
  * HMM parameters [Ne=15000 / Error=0.0001 / #rare=0]

Initializing data structures:
  * Impute monomorphic [n=0] (0.00s)
  * HAP update (0.00s)
  * H2V transpose (0.00s)
  * PBWT parameters auto setting : [modulo = 0.025 / depth = 7]
  * PBWT initialization [#eval=1050 / #select=24 / #chunk=1] (0.00s)
  * PBWT phasing sweep (0.02s)
  * Build genotype graphs [seg=23485] (0.00s)

Burn-in iteration [1/5]
  * PBWT selection (0.01s)
  * HMM computations [K=148.1+/-17.1 / W=0.40Mb / US=0 / UP=0] (0.15s)
  * IBD2 tracks [#inds=1 / #tracks=1 / #merged = 0]
  * HAP update (0.00s)
  * H2V transpose (0.00s)

Burn-in iteration [2/5]
  * PBWT selection (0.01s)
  * HMM computations [K=138.8+/-16.4 / W=0.40Mb / US=0 / UP=0] (0.12s)
  * IBD2 tracks [#inds=1 / #tracks=1 / #merged = 0]
  * HAP update (0.00s)
  * H2V transpose (0.00s)

Burn-in iteration [3/5]
  * PBWT selection (0.01s)
  * HMM computations [K=139.6+/-17.4 / W=0.40Mb / US=0 / UP=0] (0.11s)
  * IBD2 tracks [#inds=1 / #tracks=1 / #merged = 0]
  * HAP update (0.00s)
  * H2V transpose (0.00s)

Burn-in iteration [4/5]
  * PBWT selection (0.00s)
  * HMM computations [K=138.1+/-16.7 / W=0.40Mb / US=0 / UP=0] (0.15s)
  * IBD2 tracks [#inds=1 / #tracks=1 / #merged = 0]
  * HAP update (0.00s)
  * H2V transpose (0.00s)

Burn-in iteration [5/5]
  * PBWT selection (0.01s)
  * HMM computations [K=138.9+/-16.5 / W=0.40Mb / US=0 / UP=0] (0.16s)
  * IBD2 tracks [#inds=1 / #tracks=1 / #merged = 0]
  * HAP update (0.00s)
  * H2V transpose (0.00s)

Pruning iteration [1/1]
  * PBWT selection (0.01s)
  * HMM computations [K=137.4+/-17.2 / W=0.40Mb / US=0 / UP=0] (0.23s)
  * IBD2 tracks [#inds=1 / #tracks=1 / #merged = 0]
  * HAP update (0.00s)
  * H2V transpose (0.00s)
  * Trimming [pc=42.93%]

Burn-in iteration [1/1]
  * PBWT selection (0.01s)
  * HMM computations [K=139.3+/-18.1 / W=0.40Mb / US=0 / UP=0] (0.18s)
  * IBD2 tracks [#inds=1 / #tracks=1 / #merged = 0]
  * HAP update (0.00s)
  * H2V transpose (0.00s)

Pruning iteration [1/1]
  * PBWT selection (0.01s)
  * HMM computations [K=133.5+/-17.9 / W=0.40Mb / US=0 / UP=0] (0.20s)
  * IBD2 tracks [#inds=1 / #tracks=1 / #merged = 0]
  * HAP update (0.00s)
  * H2V transpose (0.00s)
  * Trimming [pc=67.37%]

Burn-in iteration [1/1]
  * PBWT selection (0.00s)
  * HMM computations [K=137.5+/-17.9 / W=0.40Mb / US=0 / UP=0] (0.16s)
  * IBD2 tracks [#inds=1 / #tracks=1 / #merged = 0]
  * HAP update (0.00s)
  * H2V transpose (0.00s)

Pruning iteration [1/1]
  * PBWT selection (0.03s)
  * HMM computations [K=138.8+/-17.1 / W=0.40Mb / US=0 / UP=0] (0.19s)
  * IBD2 tracks [#inds=1 / #tracks=1 / #merged = 0]
  * HAP update (0.00s)
  * H2V transpose (0.00s)
  * Trimming [pc=79.82%]

Main iteration [1/5]
  * PBWT selection (0.03s)
  * HMM computations [K=132.6+/-17.6 / W=0.40Mb / US=0 / UP=0] (0.14s)
  * IBD2 tracks [#inds=1 / #tracks=1 / #merged = 0]
  * HAP update (0.00s)
  * H2V transpose (0.00s)

Main iteration [2/5]
  * PBWT selection (0.02s)
  * HMM computations [K=137.2+/-17.6 / W=0.40Mb / US=0 / UP=0] (0.16s)
  * IBD2 tracks [#inds=1 / #tracks=1 / #merged = 0]
  * HAP update (0.00s)
  * H2V transpose (0.00s)

Main iteration [3/5]
  * PBWT selection (0.02s)
  * HMM computations [K=136.0+/-16.9 / W=0.40Mb / US=0 / UP=0] (0.17s)
  * IBD2 tracks [#inds=1 / #tracks=1 / #merged = 0]
  * HAP update (0.00s)
  * H2V transpose (0.00s)

Main iteration [4/5]
  * PBWT selection (0.02s)
  * HMM computations [K=137.3+/-17.5 / W=0.40Mb / US=0 / UP=0] (0.14s)
  * IBD2 tracks [#inds=1 / #tracks=1 / #merged = 0]
  * HAP update (0.00s)
  * H2V transpose (0.00s)

Main iteration [5/5]
  * PBWT selection (0.01s)
  * HMM computations [K=136.4+/-17.3 / W=0.40Mb / US=0 / UP=0] (0.12s)
  * IBD2 tracks [#inds=1 / #tracks=1 / #merged = 0]
  * HAP update (0.00s)
  * H2V transpose (0.00s)

Finalization:
  * HAP solving (0.01s)
  * HAP update (0.00s)
  * H2V transpose (0.00s)
  * VCF/BCF writing [N=226 / L=1050] (0.06s)
  * Indexing files
  * Total running time = 2 seconds
