
[SHAPEIT5] Phase_rare (phase rare variants onto a haplotype scaffold)
  * Authors       : Simone RUBINACCI & Olivier DELANEAU, University of Lausanne
  * Contact       : simone.rubinacci@unil.ch & olivier.delaneau@gmail.com
  * Version       : 5.1.1 / commit = 990ed0d / release = 2023-05-08
  * Run date      : 19/04/2024 - 11:38:49

Files:
  * Unphased data : [/home/aftimo/Documents/practiques/Documents_Elias/IntroMasterAdria/Execute/../VCFs/Inversion_Regions/Shapeit_Phase/HsInv0193/RegionAnnotated.bcf]
  * Scaffold data : [/home/aftimo/Documents/practiques/Documents_Elias/IntroMasterAdria/Execute/../VCFs/Inversion_Regions/Shapeit_Phase/HsInv0193/RegionScaffold.bcf]
  * Genetic Map   : [/home/aftimo/Documents/practiques/Documents_Elias/IntroMasterAdria/Execute/../VCFs/30X/Maps/chr20.b38.gmap.gz]
  * Output data   : [/home/aftimo/Documents/practiques/Documents_Elias/IntroMasterAdria/Execute/../VCFs/Inversion_Regions/Shapeit_Phase/HsInv0193/RegionPhased.bcf]
  * Output LOG    : [/home/aftimo/Documents/practiques/Documents_Elias/IntroMasterAdria/Execute/../VCFs/Inversion_Regions/Shapeit_Phase/HsInv0193/OutputRare.log]

Parameters:
  * Seed    : 15052011
  * Threads : 5 threads
  * PBWT    : [depth = 2,2 / modulo = 0.005 / mac = 2 / mdr = 0.1]
  * HMM     : [Ne = 15000 / Recombination rates given by genetic map]

Parsing specified genomic regions
  * Scaffold region  [20:10607399-11008852]
  * Input region  [20:10607399-11008852]

Reading genotype data
  * BCF scanning (0.07s)
      + Variant sites: [#scaffold=1050 | #rare=1741 | #all=2791]
      + 1050 variants found in both files [priority to scaffold]
  * HAP allocation [#scaffold=1050 / #samples=226] (0.00s)
  * Genotype set allocation [#rare=1741 / #samples=226] (0.00s)
  * Plain VCF/BCF parsing (0.07s)
      + Scaffold : [0/0=138320 0/1=70210 1/1=28770]
      + Rare     : [0/0=380626 0/1=11097 1/1=1743 ./.=0]

Mapping Haploid samples
  * PED file parsing [n=1599]
  * #haploids=0 / #diploids=226
  * #reset_hets=0 (-nan% of minor allele genotypes)

Initializing sparse genotypes
  * 0 missing genotypes imputed at monomorphic sites
  * Genotype set transpose V2I (0.00s)

Setting up genetic map
  * GMAP parsing [n=82942] (0.09s)
  * cM interpolation [s=583 / i=2208] (0.00s)
  * Region length [400544 bp / 0.6 cM]
  * HMM parameters [Ne=15000 / Error=0.0001]
  * V2H transpose (0.00s)

PBWT pass
  * PBWT initialization [#eval=1050 / #select=97] (0.00s)
  * IBD2 constraints [#inds=0 / #pairs=0] (0.01s)
  * PBWT forward selection (0.02s)
  * PBWT backward selection (0.02s)
      + #states=105.35+/-27.11
      + #collisions = 145495 / #pushes = 29936 / rate = 17.06%

HMM computations
  * Processing (0.21s)
  * Genotype set transpose merge I2V [n=50] (0.00s)
  * Solving summary:
      + #Hets=11097 / Phased by HMM=11047, PED=0, SING=50
      + #Miss=0 / Imputed by HMM=0, PED=0, MONO=0

Finalization:
  * BCF writing [Compressed / N=226 / L=2791] (0.05s)
  * Indexing [/home/aftimo/Documents/practiques/Documents_Elias/IntroMasterAdria/Execute/../VCFs/Inversion_Regions/Shapeit_Phase/HsInv0193/RegionPhased.bcf]
  * Total running time = 0 seconds
