
[SHAPEIT5] phase_common (jointly phase multiple common markers)
  * Author        : Olivier DELANEAU, University of Lausanne
  * Contact       : olivier.delaneau@gmail.com
  * Version       : 5.1.1 / commit = 990ed0d / release = 2023-05-08
  * Run date      : 19/04/2024 - 11:40:29

Files:
  * Input         : [/home/aftimo/Documents/practiques/Documents_Elias/IntroMasterAdria/Execute/../VCFs/Inversion_Regions/Shapeit_Phase/HsInv0347/RegionAnnotated.bcf]
  * Haploids      : [/home/aftimo/Documents/practiques/Documents_Elias/IntroMasterAdria/Execute/../VCFs/Inversion_Regions/Shapeit_Phase/HsInv0347/male_samples.txt]
  * Genetic Map   : [/home/aftimo/Documents/practiques/Documents_Elias/IntroMasterAdria/Execute/../VCFs/30X/Maps/chr14.b38.gmap.gz]
  * Output        : [/home/aftimo/Documents/practiques/Documents_Elias/IntroMasterAdria/Execute/../VCFs/Inversion_Regions/Shapeit_Phase/HsInv0347/RegionScaffold.bcf]
  * Output format : [bcf]
  * Output LOG    : [/home/aftimo/Documents/practiques/Documents_Elias/IntroMasterAdria/Execute/../VCFs/Inversion_Regions/Shapeit_Phase/HsInv0347/OutputCommon.log]

Parameters:
  * Seed    : 15052011
  * Threads : 5 threads
  * MCMC    : 15 iterations [5b + 1p + 1b + 1p + 1b + 1p + 5m]
  * PBWT    : [window = 4cM / depth = auto / modulo = auto / mac = 5 / missing = 0.1]
  * HMM     : [window = 4cM / Ne = 15000 / Recombination rates given by genetic map]
  * FILTERS : [snp only = 0 / MAF = 0.05]

Reading genotype data:
  * VCF/BCF scanning done (0.05s)
      + Variants [#sites=729 / region=14:60404530-60813248]
         - 3058 sites removed in main panel [below MAF threshold]
      + Samples [#target=515 / #reference=0]
  * VCF/BCF parsing done (0.06s)
      + Genotypes [0/0=33.087%, 0/1=28.355%, 1/1=38.558%, ./.=0.000%, 0|1=0.000%]
  * Haploid parsing [n=1599] (0.00s)
  * Haploid sample mapping (0.00s)
      + #haploids = 0 / #diploids = 515
      + Hets set as missing: n=0 (-nan%)

Setting up genetic map:
  * GMAP parsing [n=107673] (0.10s)
  * cM interpolation [s=263 / i=466] (0.00s)
  * Region length [407347 bp / 0.1 cM]
  * HMM parameters [Ne=15000 / Error=0.0001 / #rare=0]

Initializing data structures:
  * Impute monomorphic [n=0] (0.00s)
  * HAP update (0.00s)
  * H2V transpose (0.00s)
  * PBWT parameters auto setting : [modulo = 0.033 / depth = 6]
  * PBWT initialization [#eval=729 / #select=3 / #chunk=1] (0.00s)
  * PBWT phasing sweep (0.05s)
  * Build genotype graphs [seg=35650] (0.01s)

Burn-in iteration [1/5]
  * PBWT selection (0.00s)
  * HMM computations [K=29.4+/-3.5 / W=0.41Mb / US=0 / UP=0] (0.07s)
  * IBD2 tracks [#inds=81 / #tracks=96 / #merged = 0]
  * HAP update (0.00s)
  * H2V transpose (0.00s)

Burn-in iteration [2/5]
  * PBWT selection (0.00s)
  * HMM computations [K=30.5+/-3.6 / W=0.41Mb / US=0 / UP=0] (0.07s)
  * IBD2 tracks [#inds=121 / #tracks=158 / #merged = 0]
  * HAP update (0.00s)
  * H2V transpose (0.00s)

Burn-in iteration [3/5]
  * PBWT selection (0.00s)
  * HMM computations [K=29.5+/-3.6 / W=0.41Mb / US=0 / UP=0] (0.05s)
  * IBD2 tracks [#inds=139 / #tracks=195 / #merged = 0]
  * HAP update (0.00s)
  * H2V transpose (0.00s)

Burn-in iteration [4/5]
  * PBWT selection (0.02s)
  * HMM computations [K=28.9+/-3.7 / W=0.41Mb / US=0 / UP=0] (0.06s)
  * IBD2 tracks [#inds=152 / #tracks=222 / #merged = 0]
  * HAP update (0.00s)
  * H2V transpose (0.00s)

Burn-in iteration [5/5]
  * PBWT selection (0.01s)
  * HMM computations [K=30.1+/-3.6 / W=0.41Mb / US=0 / UP=0] (0.05s)
  * IBD2 tracks [#inds=170 / #tracks=256 / #merged = 0]
  * HAP update (0.00s)
  * H2V transpose (0.00s)

Pruning iteration [1/1]
  * PBWT selection (0.00s)
  * HMM computations [K=30.9+/-3.2 / W=0.41Mb / US=0 / UP=0] (0.12s)
  * IBD2 tracks [#inds=202 / #tracks=319 / #merged = 0]
  * HAP update (0.00s)
  * H2V transpose (0.00s)
  * Trimming [pc=43.44%]

Burn-in iteration [1/1]
  * PBWT selection (0.01s)
  * HMM computations [K=26.1+/-3.8 / W=0.41Mb / US=0 / UP=0] (0.05s)
  * IBD2 tracks [#inds=209 / #tracks=336 / #merged = 0]
  * HAP update (0.00s)
  * H2V transpose (0.00s)

Pruning iteration [1/1]
  * PBWT selection (0.01s)
  * HMM computations [K=28.7+/-3.9 / W=0.41Mb / US=0 / UP=0] (0.08s)
  * IBD2 tracks [#inds=215 / #tracks=358 / #merged = 0]
  * HAP update (0.00s)
  * H2V transpose (0.00s)
  * Trimming [pc=67.42%]

Burn-in iteration [1/1]
  * PBWT selection (0.01s)
  * HMM computations [K=27.3+/-3.9 / W=0.41Mb / US=0 / UP=0] (0.05s)
  * IBD2 tracks [#inds=217 / #tracks=372 / #merged = 0]
  * HAP update (0.00s)
  * H2V transpose (0.00s)

Pruning iteration [1/1]
  * PBWT selection (0.02s)
  * HMM computations [K=31.5+/-2.9 / W=0.41Mb / US=0 / UP=0] (0.10s)
  * IBD2 tracks [#inds=243 / #tracks=473 / #merged = 0]
  * HAP update (0.00s)
  * H2V transpose (0.00s)
  * Trimming [pc=79.91%]

Main iteration [1/5]
  * PBWT selection (0.01s)
  * HMM computations [K=31.0+/-3.2 / W=0.41Mb / US=0 / UP=1] (0.04s)
  * IBD2 tracks [#inds=245 / #tracks=493 / #merged = 0]
  * HAP update (0.00s)
  * H2V transpose (0.00s)

Main iteration [2/5]
  * PBWT selection (0.02s)
  * HMM computations [K=29.8+/-3.4 / W=0.41Mb / US=0 / UP=2] (0.04s)
  * IBD2 tracks [#inds=249 / #tracks=514 / #merged = 0]
  * HAP update (0.00s)
  * H2V transpose (0.00s)

Main iteration [3/5]
  * PBWT selection (0.01s)
  * HMM computations [K=30.1+/-3.5 / W=0.41Mb / US=0 / UP=1] (0.05s)
  * IBD2 tracks [#inds=257 / #tracks=550 / #merged = 0]
  * HAP update (0.00s)
  * H2V transpose (0.00s)

Main iteration [4/5]
  * PBWT selection (0.00s)
  * HMM computations [K=27.6+/-3.9 / W=0.41Mb / US=0 / UP=4] (0.04s)
  * IBD2 tracks [#inds=257 / #tracks=559 / #merged = 0]
  * HAP update (0.00s)
  * H2V transpose (0.00s)

Main iteration [5/5]
  * PBWT selection (0.02s)
  * HMM computations [K=29.4+/-3.5 / W=0.41Mb / US=0 / UP=5] (0.05s)
  * IBD2 tracks [#inds=259 / #tracks=568 / #merged = 0]
  * HAP update (0.00s)
  * H2V transpose (0.00s)

Finalization:
  * HAP solving (0.01s)
  * HAP update (0.00s)
  * H2V transpose (0.00s)
  * VCF/BCF writing [N=515 / L=729] (0.05s)
  * Indexing files
  * Total running time = 1 seconds
