
[SHAPEIT5] Phase_rare (phase rare variants onto a haplotype scaffold)
  * Authors       : Simone RUBINACCI & Olivier DELANEAU, University of Lausanne
  * Contact       : simone.rubinacci@unil.ch & olivier.delaneau@gmail.com
  * Version       : 5.1.1 / commit = 990ed0d / release = 2023-05-08
  * Run date      : 19/04/2024 - 11:40:31

Files:
  * Unphased data : [/home/aftimo/Documents/practiques/Documents_Elias/IntroMasterAdria/Execute/../VCFs/Inversion_Regions/Shapeit_Phase/HsInv0347/RegionAnnotated.bcf]
  * Scaffold data : [/home/aftimo/Documents/practiques/Documents_Elias/IntroMasterAdria/Execute/../VCFs/Inversion_Regions/Shapeit_Phase/HsInv0347/RegionScaffold.bcf]
  * Genetic Map   : [/home/aftimo/Documents/practiques/Documents_Elias/IntroMasterAdria/Execute/../VCFs/30X/Maps/chr14.b38.gmap.gz]
  * Output data   : [/home/aftimo/Documents/practiques/Documents_Elias/IntroMasterAdria/Execute/../VCFs/Inversion_Regions/Shapeit_Phase/HsInv0347/RegionPhased.bcf]
  * Output LOG    : [/home/aftimo/Documents/practiques/Documents_Elias/IntroMasterAdria/Execute/../VCFs/Inversion_Regions/Shapeit_Phase/HsInv0347/OutputRare.log]

Parameters:
  * Seed    : 15052011
  * Threads : 5 threads
  * PBWT    : [depth = 2,2 / modulo = 0.005 / mac = 2 / mdr = 0.1]
  * HMM     : [Ne = 15000 / Recombination rates given by genetic map]

Parsing specified genomic regions
  * Scaffold region  [14:60404530-60813248]
  * Input region  [14:60404530-60813248]

Reading genotype data
  * BCF scanning (0.12s)
      + Variant sites: [#scaffold=729 | #rare=3058 | #all=3787]
      + 729 variants found in both files [priority to scaffold]
  * HAP allocation [#scaffold=729 / #samples=515] (0.00s)
  * Genotype set allocation [#rare=3058 / #samples=515] (0.00s)
  * Plain VCF/BCF parsing (0.06s)
      + Scaffold : [0/0=124220 0/1=106456 1/1=144759]
      + Rare     : [0/0=1546840 0/1=24160 1/1=3870 ./.=0]

Mapping Haploid samples
  * PED file parsing [n=1599]
  * #haploids=0 / #diploids=515
  * #reset_hets=0 (-nan% of minor allele genotypes)

Initializing sparse genotypes
  * 0 missing genotypes imputed at monomorphic sites
  * Genotype set transpose V2I (0.00s)

Setting up genetic map
  * GMAP parsing [n=107673] (0.10s)
  * cM interpolation [s=336 / i=3451] (0.00s)
  * Region length [408567 bp / 0.1 cM]
  * HMM parameters [Ne=15000 / Error=0.0001]
  * V2H transpose (0.00s)

PBWT pass
  * PBWT initialization [#eval=729 / #select=11] (0.00s)
  * IBD2 constraints [#inds=0 / #pairs=0] (0.01s)
  * PBWT forward selection (0.03s)
  * PBWT backward selection (0.04s)
      + #states=65.94+/-23.75
      + #collisions = 31201 / #pushes = 14151 / rate = 31.20%

HMM computations
  * Processing (0.27s)
  * Genotype set transpose merge I2V [n=164] (0.00s)
  * Solving summary:
      + #Hets=24160 / Phased by HMM=23996, PED=0, SING=164
      + #Miss=0 / Imputed by HMM=0, PED=0, MONO=0

Finalization:
  * BCF writing [Compressed / N=515 / L=3787] (0.11s)
  * Indexing [/home/aftimo/Documents/practiques/Documents_Elias/IntroMasterAdria/Execute/../VCFs/Inversion_Regions/Shapeit_Phase/HsInv0347/RegionPhased.bcf]
  * Total running time = 0 seconds
