beagle.22Jul22.46e.jar (version 5.4)
Copyright (C) 2014-2022 Brian L. Browning
Enter "java -jar beagle.22Jul22.46e.jar" to list command line argument
Start time: 11:06 AM CEST on 18 Apr 2024

Command line: java -Xmx7960m -jar beagle.22Jul22.46e.jar
  gt=/home/aftimo/Documents/practiques/Documents_Elias/IntroMasterAdria/Execute/../VCFs/Inversion_Regions/Standard/HsInv0393/RegionFilled.vcf
  out=/home/aftimo/Documents/practiques/Documents_Elias/IntroMasterAdria/Execute/../VCFs/Inversion_Regions/Standard/HsInv0393/Output
  map=/home/aftimo/Documents/practiques/Documents_Elias/IntroMasterAdria/Execute/../VCFs/30X/Maps/plink.chrX.GRCh38.map
  nthreads=20

Reference samples:                    0
Study     samples:                  515

Window 1 [X:101397534-101816185]
Study     markers:                2,926

Burnin  iteration 1:           12 seconds
Burnin  iteration 2:           5 seconds

Estimated ne:                  429506
Estimated err:                 6.9e-04

Phasing iteration 1:           1 second
Phasing iteration 2:           1 second
Phasing iteration 3:           1 second
Phasing iteration 4:           1 second
Phasing iteration 5:           1 second
Phasing iteration 6:           1 second
Phasing iteration 7:           1 second
Phasing iteration 8:           1 second
Phasing iteration 9:           1 second
Phasing iteration 10:          1 second
Phasing iteration 11:          1 second
Phasing iteration 12:          1 second
Low frequency phasing:         3 seconds

Cumulative Statistics:

Study     markers:                2,926

Haplotype phasing time:        30 seconds
Total time:                    41 seconds

End time: 11:07 AM CEST on 18 Apr 2024
beagle.22Jul22.46e.jar finished
