beagle.22Jul22.46e.jar (version 5.4)
Copyright (C) 2014-2022 Brian L. Browning
Enter "java -jar beagle.22Jul22.46e.jar" to list command line argument
Start time: 11:05 AM CEST on 18 Apr 2024

Command line: java -Xmx7960m -jar beagle.22Jul22.46e.jar
  gt=/home/aftimo/Documents/practiques/Documents_Elias/IntroMasterAdria/Execute/../VCFs/Inversion_Regions/Standard/HsInv0102/RegionFilled.vcf
  out=/home/aftimo/Documents/practiques/Documents_Elias/IntroMasterAdria/Execute/../VCFs/Inversion_Regions/Standard/HsInv0102/Output
  map=/home/aftimo/Documents/practiques/Documents_Elias/IntroMasterAdria/Execute/../VCFs/30X/Maps/plink.chr4.GRCh38.map
  nthreads=20

Reference samples:                    0
Study     samples:                  518

Window 1 [4:40033520-40435420]
Study     markers:                5,244

Burnin  iteration 1:           21 seconds
Burnin  iteration 2:           11 seconds

Estimated ne:                  265208
Estimated err:                 5.7e-04

Phasing iteration 1:           3 seconds
Phasing iteration 2:           4 seconds
Phasing iteration 3:           4 seconds
Phasing iteration 4:           3 seconds
Phasing iteration 5:           3 seconds
Phasing iteration 6:           3 seconds
Phasing iteration 7:           4 seconds
Phasing iteration 8:           3 seconds
Phasing iteration 9:           3 seconds
Phasing iteration 10:          3 seconds
Phasing iteration 11:          3 seconds
Phasing iteration 12:          3 seconds
Low frequency phasing:         8 seconds

Cumulative Statistics:

Study     markers:                5,244

Haplotype phasing time:        1 minute 19 seconds
Total time:                    1 minute 33 seconds

End time: 11:07 AM CEST on 18 Apr 2024
beagle.22Jul22.46e.jar finished
