
[SHAPEIT5] phase_common (jointly phase multiple common markers)
  * Author        : Olivier DELANEAU, University of Lausanne
  * Contact       : olivier.delaneau@gmail.com
  * Version       : 5.1.1 / commit = 990ed0d / release = 2023-05-08
  * Run date      : 19/04/2024 - 11:39:06

Files:
  * Input         : [/home/aftimo/Documents/practiques/Documents_Elias/IntroMasterAdria/Execute/../VCFs/Inversion_Regions/Shapeit_Phase/HsInv0626/RegionAnnotated.bcf]
  * Haploids      : [/home/aftimo/Documents/practiques/Documents_Elias/IntroMasterAdria/Execute/../VCFs/Inversion_Regions/Shapeit_Phase/HsInv0626/male_samples.txt]
  * Genetic Map   : [/home/aftimo/Documents/practiques/Documents_Elias/IntroMasterAdria/Execute/../VCFs/30X/Maps/chr7.b38.gmap.gz]
  * Output        : [/home/aftimo/Documents/practiques/Documents_Elias/IntroMasterAdria/Execute/../VCFs/Inversion_Regions/Shapeit_Phase/HsInv0626/RegionScaffold.bcf]
  * Output format : [bcf]
  * Output LOG    : [/home/aftimo/Documents/practiques/Documents_Elias/IntroMasterAdria/Execute/../VCFs/Inversion_Regions/Shapeit_Phase/HsInv0626/OutputCommon.log]

Parameters:
  * Seed    : 15052011
  * Threads : 5 threads
  * MCMC    : 15 iterations [5b + 1p + 1b + 1p + 1b + 1p + 5m]
  * PBWT    : [window = 4cM / depth = auto / modulo = auto / mac = 5 / missing = 0.1]
  * HMM     : [window = 4cM / Ne = 15000 / Recombination rates given by genetic map]
  * FILTERS : [snp only = 0 / MAF = 0.05]

Reading genotype data:
  * VCF/BCF scanning done (0.03s)
      + Variants [#sites=1362 / region=7:158931804-159365237]
         - 4738 sites removed in main panel [below MAF threshold]
      + Samples [#target=512 / #reference=0]
  * VCF/BCF parsing done (0.06s)
      + Genotypes [0/0=47.685%, 0/1=30.031%, 1/1=22.283%, ./.=0.000%, 0|1=0.000%]
  * Haploid parsing [n=1599] (0.00s)
  * Haploid sample mapping (0.00s)
      + #haploids = 0 / #diploids = 512
      + Hets set as missing: n=0 (-nan%)

Setting up genetic map:
  * GMAP parsing [n=183805] (0.17s)
  * cM interpolation [s=264 / i=1098] (0.00s)
  * Region length [402870 bp / 0.6 cM]
  * HMM parameters [Ne=15000 / Error=0.0001 / #rare=0]

Initializing data structures:
  * Impute monomorphic [n=0] (0.00s)
  * HAP update (0.01s)
  * H2V transpose (0.00s)
  * PBWT parameters auto setting : [modulo = 0.033 / depth = 6]
  * PBWT initialization [#eval=1362 / #select=20 / #chunk=1] (0.00s)
  * PBWT phasing sweep (0.06s)
  * Build genotype graphs [seg=69976] (0.01s)

Burn-in iteration [1/5]
  * PBWT selection (0.01s)
  * HMM computations [K=112.3+/-18.3 / W=0.40Mb / US=0 / UP=0] (0.25s)
  * IBD2 tracks [#inds=46 / #tracks=53 / #merged = 0]
  * HAP update (0.00s)
  * H2V transpose (0.00s)

Burn-in iteration [2/5]
  * PBWT selection (0.01s)
  * HMM computations [K=107.6+/-18.0 / W=0.40Mb / US=0 / UP=0] (0.26s)
  * IBD2 tracks [#inds=59 / #tracks=73 / #merged = 0]
  * HAP update (0.01s)
  * H2V transpose (0.00s)

Burn-in iteration [3/5]
  * PBWT selection (0.01s)
  * HMM computations [K=109.6+/-19.0 / W=0.40Mb / US=0 / UP=0] (0.28s)
  * IBD2 tracks [#inds=66 / #tracks=84 / #merged = 0]
  * HAP update (0.01s)
  * H2V transpose (0.00s)

Burn-in iteration [4/5]
  * PBWT selection (0.01s)
  * HMM computations [K=106.9+/-19.8 / W=0.40Mb / US=0 / UP=0] (0.29s)
  * IBD2 tracks [#inds=68 / #tracks=91 / #merged = 0]
  * HAP update (0.01s)
  * H2V transpose (0.00s)

Burn-in iteration [5/5]
  * PBWT selection (0.01s)
  * HMM computations [K=101.1+/-18.2 / W=0.40Mb / US=0 / UP=0] (0.28s)
  * IBD2 tracks [#inds=71 / #tracks=100 / #merged = 0]
  * HAP update (0.01s)
  * H2V transpose (0.00s)

Pruning iteration [1/1]
  * PBWT selection (0.01s)
  * HMM computations [K=106.0+/-18.5 / W=0.40Mb / US=0 / UP=0] (0.37s)
  * IBD2 tracks [#inds=71 / #tracks=105 / #merged = 0]
  * HAP update (0.01s)
  * H2V transpose (0.00s)
  * Trimming [pc=43.49%]

Burn-in iteration [1/1]
  * PBWT selection (0.01s)
  * HMM computations [K=103.2+/-17.9 / W=0.40Mb / US=0 / UP=0] (0.25s)
  * IBD2 tracks [#inds=73 / #tracks=108 / #merged = 0]
  * HAP update (0.01s)
  * H2V transpose (0.00s)

Pruning iteration [1/1]
  * PBWT selection (0.01s)
  * HMM computations [K=103.1+/-18.0 / W=0.40Mb / US=0 / UP=0] (0.29s)
  * IBD2 tracks [#inds=73 / #tracks=110 / #merged = 0]
  * HAP update (0.01s)
  * H2V transpose (0.00s)
  * Trimming [pc=67.75%]

Burn-in iteration [1/1]
  * PBWT selection (0.01s)
  * HMM computations [K=101.4+/-17.3 / W=0.40Mb / US=0 / UP=0] (0.21s)
  * IBD2 tracks [#inds=75 / #tracks=114 / #merged = 0]
  * HAP update (0.01s)
  * H2V transpose (0.00s)

Pruning iteration [1/1]
  * PBWT selection (0.02s)
  * HMM computations [K=101.9+/-18.0 / W=0.40Mb / US=0 / UP=0] (0.25s)
  * IBD2 tracks [#inds=76 / #tracks=115 / #merged = 0]
  * HAP update (0.01s)
  * H2V transpose (0.00s)
  * Trimming [pc=80.27%]

Main iteration [1/5]
  * PBWT selection (0.01s)
  * HMM computations [K=100.1+/-18.2 / W=0.40Mb / US=0 / UP=0] (0.20s)
  * IBD2 tracks [#inds=77 / #tracks=116 / #merged = 0]
  * HAP update (0.01s)
  * H2V transpose (0.00s)

Main iteration [2/5]
  * PBWT selection (0.01s)
  * HMM computations [K=99.7+/-18.1 / W=0.40Mb / US=0 / UP=0] (0.20s)
  * IBD2 tracks [#inds=77 / #tracks=118 / #merged = 0]
  * HAP update (0.00s)
  * H2V transpose (0.00s)

Main iteration [3/5]
  * PBWT selection (0.01s)
  * HMM computations [K=104.8+/-18.2 / W=0.40Mb / US=0 / UP=0] (0.22s)
  * IBD2 tracks [#inds=77 / #tracks=119 / #merged = 0]
  * HAP update (0.00s)
  * H2V transpose (0.00s)

Main iteration [4/5]
  * PBWT selection (0.01s)
  * HMM computations [K=100.8+/-17.7 / W=0.40Mb / US=0 / UP=0] (0.20s)
  * IBD2 tracks [#inds=78 / #tracks=120 / #merged = 0]
  * HAP update (0.01s)
  * H2V transpose (0.00s)

Main iteration [5/5]
  * PBWT selection (0.01s)
  * HMM computations [K=102.3+/-17.8 / W=0.40Mb / US=0 / UP=0] (0.26s)
  * IBD2 tracks [#inds=78 / #tracks=121 / #merged = 0]
  * HAP update (0.01s)
  * H2V transpose (0.00s)

Finalization:
  * HAP solving (0.02s)
  * HAP update (0.01s)
  * H2V transpose (0.00s)
  * VCF/BCF writing [N=512 / L=1362] (0.10s)
  * Indexing files
  * Total running time = 4 seconds
