
[SHAPEIT5] Phase_rare (phase rare variants onto a haplotype scaffold)
  * Authors       : Simone RUBINACCI & Olivier DELANEAU, University of Lausanne
  * Contact       : simone.rubinacci@unil.ch & olivier.delaneau@gmail.com
  * Version       : 5.1.1 / commit = 990ed0d / release = 2023-05-08
  * Run date      : 19/04/2024 - 11:39:10

Files:
  * Unphased data : [/home/aftimo/Documents/practiques/Documents_Elias/IntroMasterAdria/Execute/../VCFs/Inversion_Regions/Shapeit_Phase/HsInv0626/RegionAnnotated.bcf]
  * Scaffold data : [/home/aftimo/Documents/practiques/Documents_Elias/IntroMasterAdria/Execute/../VCFs/Inversion_Regions/Shapeit_Phase/HsInv0626/RegionScaffold.bcf]
  * Genetic Map   : [/home/aftimo/Documents/practiques/Documents_Elias/IntroMasterAdria/Execute/../VCFs/30X/Maps/chr7.b38.gmap.gz]
  * Output data   : [/home/aftimo/Documents/practiques/Documents_Elias/IntroMasterAdria/Execute/../VCFs/Inversion_Regions/Shapeit_Phase/HsInv0626/RegionPhased.bcf]
  * Output LOG    : [/home/aftimo/Documents/practiques/Documents_Elias/IntroMasterAdria/Execute/../VCFs/Inversion_Regions/Shapeit_Phase/HsInv0626/OutputRare.log]

Parameters:
  * Seed    : 15052011
  * Threads : 5 threads
  * PBWT    : [depth = 2,2 / modulo = 0.005 / mac = 2 / mdr = 0.1]
  * HMM     : [Ne = 15000 / Recombination rates given by genetic map]

Parsing specified genomic regions
  * Scaffold region  [7:158931804-159365237]
  * Input region  [7:158931804-159365237]

Reading genotype data
  * BCF scanning (0.06s)
      + Variant sites: [#scaffold=1362 | #rare=4738 | #all=6100]
      + 1362 variants found in both files [priority to scaffold]
  * HAP allocation [#scaffold=1362 / #samples=512] (0.00s)
  * Genotype set allocation [#rare=4738 / #samples=512] (0.00s)
  * Plain VCF/BCF parsing (0.10s)
      + Scaffold : [0/0=332531 0/1=209421 1/1=155392]
      + Rare     : [0/0=2365292 0/1=42724 1/1=17840 ./.=0]

Mapping Haploid samples
  * PED file parsing [n=1599]
  * #haploids=0 / #diploids=512
  * #reset_hets=0 (-nan% of minor allele genotypes)

Initializing sparse genotypes
  * 0 missing genotypes imputed at monomorphic sites
  * Genotype set transpose V2I (0.00s)

Setting up genetic map
  * GMAP parsing [n=183805] (0.14s)
  * cM interpolation [s=334 / i=5766] (0.01s)
  * Region length [404057 bp / 0.6 cM]
  * HMM parameters [Ne=15000 / Error=0.0001]
  * V2H transpose (0.00s)

PBWT pass
  * PBWT initialization [#eval=1362 / #select=108] (0.00s)
  * IBD2 constraints [#inds=0 / #pairs=0] (0.03s)
  * PBWT forward selection (0.07s)
  * PBWT backward selection (0.15s)
      + #states=149.22+/-54.43
      + #collisions = 383656 / #pushes = 58742 / rate = 13.28%

HMM computations
  * Processing (1.16s)
  * Genotype set transpose merge I2V [n=559] (0.00s)
  * Solving summary:
      + #Hets=42724 / Phased by HMM=42165, PED=0, SING=559
      + #Miss=0 / Imputed by HMM=0, PED=0, MONO=0

Finalization:
  * BCF writing [Compressed / N=512 / L=6100] (0.24s)
  * Indexing [/home/aftimo/Documents/practiques/Documents_Elias/IntroMasterAdria/Execute/../VCFs/Inversion_Regions/Shapeit_Phase/HsInv0626/RegionPhased.bcf]
  * Total running time = 1 seconds
