
[SHAPEIT5] Phase_rare (phase rare variants onto a haplotype scaffold)
  * Authors       : Simone RUBINACCI & Olivier DELANEAU, University of Lausanne
  * Contact       : simone.rubinacci@unil.ch & olivier.delaneau@gmail.com
  * Version       : 5.1.1 / commit = 990ed0d / release = 2023-05-08
  * Run date      : 19/04/2024 - 11:40:47

Files:
  * Unphased data : [/home/aftimo/Documents/practiques/Documents_Elias/IntroMasterAdria/Execute/../VCFs/Inversion_Regions/Shapeit_Phase/HsInv0030Del/RegionAnnotated.bcf]
  * Scaffold data : [/home/aftimo/Documents/practiques/Documents_Elias/IntroMasterAdria/Execute/../VCFs/Inversion_Regions/Shapeit_Phase/HsInv0030Del/RegionScaffold.bcf]
  * Genetic Map   : [/home/aftimo/Documents/practiques/Documents_Elias/IntroMasterAdria/Execute/../VCFs/30X/Maps/chr16.b38.gmap.gz]
  * Output data   : [/home/aftimo/Documents/practiques/Documents_Elias/IntroMasterAdria/Execute/../VCFs/Inversion_Regions/Shapeit_Phase/HsInv0030Del/RegionPhased.bcf]
  * Output LOG    : [/home/aftimo/Documents/practiques/Documents_Elias/IntroMasterAdria/Execute/../VCFs/Inversion_Regions/Shapeit_Phase/HsInv0030Del/OutputRare.log]

Parameters:
  * Seed    : 15052011
  * Threads : 5 threads
  * PBWT    : [depth = 2,2 / modulo = 0.005 / mac = 2 / mdr = 0.1]
  * HMM     : [Ne = 15000 / Recombination rates given by genetic map]

Parsing specified genomic regions
  * Scaffold region  [16:75004713-75405306]
  * Input region  [16:75004713-75405306]

Reading genotype data
  * BCF scanning (0.03s)
      + Variant sites: [#scaffold=1429 | #rare=4136 | #all=5565]
      + 1429 variants found in both files [priority to scaffold]
  * HAP allocation [#scaffold=1429 / #samples=508] (0.00s)
  * Genotype set allocation [#rare=4136 / #samples=508] (0.00s)
  * Plain VCF/BCF parsing (0.08s)
      + Scaffold : [0/0=331887 0/1=217223 1/1=176822]
      + Rare     : [0/0=2056336 0/1=35793 1/1=8959 ./.=0]

Mapping Haploid samples
  * PED file parsing [n=1599]
  * #haploids=0 / #diploids=508
  * #reset_hets=0 (-nan% of minor allele genotypes)

Initializing sparse genotypes
  * 0 missing genotypes imputed at monomorphic sites
  * Genotype set transpose V2I (0.00s)

Setting up genetic map
  * GMAP parsing [n=92994] (0.07s)
  * cM interpolation [s=351 / i=5214] (0.00s)
  * Region length [400446 bp / 0.2 cM]
  * HMM parameters [Ne=15000 / Error=0.0001]
  * V2H transpose (0.00s)

PBWT pass
  * PBWT initialization [#eval=1429 / #select=46] (0.00s)
  * IBD2 constraints [#inds=0 / #pairs=0] (0.02s)
  * PBWT forward selection (0.06s)
  * PBWT backward selection (0.06s)
      + #states=110.87+/-43.23
      + #collisions = 148506 / #pushes = 38448 / rate = 20.57%

HMM computations
  * Processing (0.59s)
  * Genotype set transpose merge I2V [n=291] (0.00s)
  * Solving summary:
      + #Hets=35793 / Phased by HMM=35502, PED=0, SING=291
      + #Miss=0 / Imputed by HMM=0, PED=0, MONO=0

Finalization:
  * BCF writing [Compressed / N=508 / L=5565] (0.12s)
  * Indexing [/home/aftimo/Documents/practiques/Documents_Elias/IntroMasterAdria/Execute/../VCFs/Inversion_Regions/Shapeit_Phase/HsInv0030Del/RegionPhased.bcf]
  * Total running time = 1 seconds
