
[SHAPEIT5] phase_common (jointly phase multiple common markers)
  * Author        : Olivier DELANEAU, University of Lausanne
  * Contact       : olivier.delaneau@gmail.com
  * Version       : 5.1.1 / commit = 990ed0d / release = 2023-05-08
  * Run date      : 19/04/2024 - 11:40:44

Files:
  * Input         : [/home/aftimo/Documents/practiques/Documents_Elias/IntroMasterAdria/Execute/../VCFs/Inversion_Regions/Shapeit_Phase/HsInv0030Del/RegionAnnotated.bcf]
  * Haploids      : [/home/aftimo/Documents/practiques/Documents_Elias/IntroMasterAdria/Execute/../VCFs/Inversion_Regions/Shapeit_Phase/HsInv0030Del/male_samples.txt]
  * Genetic Map   : [/home/aftimo/Documents/practiques/Documents_Elias/IntroMasterAdria/Execute/../VCFs/30X/Maps/chr16.b38.gmap.gz]
  * Output        : [/home/aftimo/Documents/practiques/Documents_Elias/IntroMasterAdria/Execute/../VCFs/Inversion_Regions/Shapeit_Phase/HsInv0030Del/RegionScaffold.bcf]
  * Output format : [bcf]
  * Output LOG    : [/home/aftimo/Documents/practiques/Documents_Elias/IntroMasterAdria/Execute/../VCFs/Inversion_Regions/Shapeit_Phase/HsInv0030Del/OutputCommon.log]

Parameters:
  * Seed    : 15052011
  * Threads : 5 threads
  * MCMC    : 15 iterations [5b + 1p + 1b + 1p + 1b + 1p + 5m]
  * PBWT    : [window = 4cM / depth = auto / modulo = auto / mac = 5 / missing = 0.1]
  * HMM     : [window = 4cM / Ne = 15000 / Recombination rates given by genetic map]
  * FILTERS : [snp only = 0 / MAF = 0.05]

Reading genotype data:
  * VCF/BCF scanning done (0.05s)
      + Variants [#sites=1429 / region=16:75004713-75405306]
         - 4136 sites removed in main panel [below MAF threshold]
      + Samples [#target=508 / #reference=0]
  * VCF/BCF parsing done (0.04s)
      + Genotypes [0/0=45.719%, 0/1=29.923%, 1/1=24.358%, ./.=0.000%, 0|1=0.000%]
  * Haploid parsing [n=1599] (0.00s)
  * Haploid sample mapping (0.00s)
      + #haploids = 0 / #diploids = 508
      + Hets set as missing: n=0 (-nan%)

Setting up genetic map:
  * GMAP parsing [n=92994] (0.12s)
  * cM interpolation [s=303 / i=1126] (0.00s)
  * Region length [399526 bp / 0.2 cM]
  * HMM parameters [Ne=15000 / Error=0.0001 / #rare=0]

Initializing data structures:
  * Impute monomorphic [n=0] (0.00s)
  * HAP update (0.01s)
  * H2V transpose (0.00s)
  * PBWT parameters auto setting : [modulo = 0.033 / depth = 6]
  * PBWT initialization [#eval=1429 / #select=8 / #chunk=1] (0.00s)
  * PBWT phasing sweep (0.08s)
  * Build genotype graphs [seg=72560] (0.02s)

Burn-in iteration [1/5]
  * PBWT selection (0.01s)
  * HMM computations [K=62.2+/-11.0 / W=0.40Mb / US=0 / UP=0] (0.17s)
  * IBD2 tracks [#inds=43 / #tracks=53 / #merged = 0]
  * HAP update (0.01s)
  * H2V transpose (0.00s)

Burn-in iteration [2/5]
  * PBWT selection (0.02s)
  * HMM computations [K=59.4+/-10.8 / W=0.40Mb / US=0 / UP=0] (0.17s)
  * IBD2 tracks [#inds=59 / #tracks=81 / #merged = 0]
  * HAP update (0.01s)
  * H2V transpose (0.00s)

Burn-in iteration [3/5]
  * PBWT selection (0.01s)
  * HMM computations [K=62.1+/-11.0 / W=0.40Mb / US=0 / UP=0] (0.19s)
  * IBD2 tracks [#inds=71 / #tracks=104 / #merged = 0]
  * HAP update (0.01s)
  * H2V transpose (0.00s)

Burn-in iteration [4/5]
  * PBWT selection (0.01s)
  * HMM computations [K=58.6+/-10.9 / W=0.40Mb / US=0 / UP=0] (0.19s)
  * IBD2 tracks [#inds=76 / #tracks=112 / #merged = 0]
  * HAP update (0.00s)
  * H2V transpose (0.00s)

Burn-in iteration [5/5]
  * PBWT selection (0.01s)
  * HMM computations [K=58.1+/-10.7 / W=0.40Mb / US=0 / UP=0] (0.17s)
  * IBD2 tracks [#inds=78 / #tracks=118 / #merged = 0]
  * HAP update (0.01s)
  * H2V transpose (0.00s)

Pruning iteration [1/1]
  * PBWT selection (0.01s)
  * HMM computations [K=59.8+/-11.2 / W=0.40Mb / US=0 / UP=0] (0.30s)
  * IBD2 tracks [#inds=81 / #tracks=122 / #merged = 0]
  * HAP update (0.01s)
  * H2V transpose (0.00s)
  * Trimming [pc=43.36%]

Burn-in iteration [1/1]
  * PBWT selection (0.01s)
  * HMM computations [K=58.6+/-10.5 / W=0.40Mb / US=0 / UP=0] (0.16s)
  * IBD2 tracks [#inds=82 / #tracks=123 / #merged = 0]
  * HAP update (0.00s)
  * H2V transpose (0.00s)

Pruning iteration [1/1]
  * PBWT selection (0.01s)
  * HMM computations [K=59.5+/-11.3 / W=0.40Mb / US=0 / UP=0] (0.20s)
  * IBD2 tracks [#inds=82 / #tracks=124 / #merged = 0]
  * HAP update (0.00s)
  * H2V transpose (0.00s)
  * Trimming [pc=67.78%]

Burn-in iteration [1/1]
  * PBWT selection (0.01s)
  * HMM computations [K=59.1+/-10.8 / W=0.40Mb / US=0 / UP=0] (0.13s)
  * IBD2 tracks [#inds=83 / #tracks=126 / #merged = 0]
  * HAP update (0.01s)
  * H2V transpose (0.00s)

Pruning iteration [1/1]
  * PBWT selection (0.03s)
  * HMM computations [K=58.0+/-10.9 / W=0.40Mb / US=0 / UP=0] (0.20s)
  * IBD2 tracks [#inds=85 / #tracks=133 / #merged = 0]
  * HAP update (0.01s)
  * H2V transpose (0.00s)
  * Trimming [pc=80.40%]

Main iteration [1/5]
  * PBWT selection (0.01s)
  * HMM computations [K=56.4+/-11.1 / W=0.40Mb / US=0 / UP=1] (0.12s)
  * IBD2 tracks [#inds=87 / #tracks=137 / #merged = 0]
  * HAP update (0.00s)
  * H2V transpose (0.00s)

Main iteration [2/5]
  * PBWT selection (0.01s)
  * HMM computations [K=58.1+/-9.9 / W=0.40Mb / US=0 / UP=1] (0.13s)
  * IBD2 tracks [#inds=88 / #tracks=140 / #merged = 0]
  * HAP update (0.01s)
  * H2V transpose (0.00s)

Main iteration [3/5]
  * PBWT selection (0.01s)
  * HMM computations [K=59.6+/-11.0 / W=0.40Mb / US=0 / UP=0] (0.16s)
  * IBD2 tracks [#inds=89 / #tracks=141 / #merged = 0]
  * HAP update (0.01s)
  * H2V transpose (0.00s)

Main iteration [4/5]
  * PBWT selection (0.01s)
  * HMM computations [K=56.0+/-10.7 / W=0.40Mb / US=0 / UP=0] (0.11s)
  * IBD2 tracks [#inds=89 / #tracks=143 / #merged = 0]
  * HAP update (0.01s)
  * H2V transpose (0.00s)

Main iteration [5/5]
  * PBWT selection (0.01s)
  * HMM computations [K=61.5+/-11.1 / W=0.40Mb / US=0 / UP=0] (0.12s)
  * IBD2 tracks [#inds=90 / #tracks=145 / #merged = 0]
  * HAP update (0.00s)
  * H2V transpose (0.00s)

Finalization:
  * HAP solving (0.01s)
  * HAP update (0.01s)
  * H2V transpose (0.00s)
  * VCF/BCF writing [N=508 / L=1429] (0.05s)
  * Indexing files
  * Total running time = 3 seconds
