PLINK v1.90b7.2 64-bit (11 Dec 2023)
Options in effect:
  --make-bed
  --out /home/aftimo/Documents/practiques/Documents_Elias/IntroMasterAdria/Execute/Results_ScoreInvHap/Inputs/HsInv0371/Region_AFR
  --vcf /home/aftimo/Documents/practiques/Documents_Elias/IntroMasterAdria/Execute/Results_ScoreInvHap/Inputs/HsInv0371/RegionMod.vcf

Hostname: aftimo
Working directory: /home/aftimo/Documents/practiques/Documents_Elias/IntroMasterAdria/Execute
Start time: Tue Apr 30 09:47:52 2024

Random number seed: 1714463272
31827 MB RAM detected; reserving 15913 MB for main workspace.
--vcf:
/home/aftimo/Documents/practiques/Documents_Elias/IntroMasterAdria/Execute/Results_ScoreInvHap/Inputs/HsInv0371/Region_AFR-temporary.bed
+
/home/aftimo/Documents/practiques/Documents_Elias/IntroMasterAdria/Execute/Results_ScoreInvHap/Inputs/HsInv0371/Region_AFR-temporary.bim
+
/home/aftimo/Documents/practiques/Documents_Elias/IntroMasterAdria/Execute/Results_ScoreInvHap/Inputs/HsInv0371/Region_AFR-temporary.fam
written.
2038 variants loaded from .bim file.
49 people (0 males, 0 females, 49 ambiguous) loaded from .fam.
Ambiguous sex IDs written to
/home/aftimo/Documents/practiques/Documents_Elias/IntroMasterAdria/Execute/Results_ScoreInvHap/Inputs/HsInv0371/Region_AFR.nosex
.
Using 1 thread (no multithreaded calculations invoked).
Before main variant filters, 49 founders and 0 nonfounders present.
Calculating allele frequencies... done.
Total genotyping rate is in [0.9999995, 1).
2038 variants and 49 people pass filters and QC.
Note: No phenotypes present.
--make-bed to
/home/aftimo/Documents/practiques/Documents_Elias/IntroMasterAdria/Execute/Results_ScoreInvHap/Inputs/HsInv0371/Region_AFR.bed
+
/home/aftimo/Documents/practiques/Documents_Elias/IntroMasterAdria/Execute/Results_ScoreInvHap/Inputs/HsInv0371/Region_AFR.bim
+
/home/aftimo/Documents/practiques/Documents_Elias/IntroMasterAdria/Execute/Results_ScoreInvHap/Inputs/HsInv0371/Region_AFR.fam
... done.

End time: Tue Apr 30 09:47:52 2024
