
[SHAPEIT5] phase_common (jointly phase multiple common markers)
  * Author        : Olivier DELANEAU, University of Lausanne
  * Contact       : olivier.delaneau@gmail.com
  * Version       : 5.1.1 / commit = 990ed0d / release = 2023-05-08
  * Run date      : 19/04/2024 - 11:40:31

Files:
  * Input         : [/home/aftimo/Documents/practiques/Documents_Elias/IntroMasterAdria/Execute/../VCFs/Inversion_Regions/Shapeit_Phase/HsInv0389/RegionAnnotated.bcf]
  * Haploids      : [/home/aftimo/Documents/practiques/Documents_Elias/IntroMasterAdria/Execute/../VCFs/Inversion_Regions/Shapeit_Phase/HsInv0389/male_samples.txt]
  * Genetic Map   : [/home/aftimo/Documents/practiques/Documents_Elias/IntroMasterAdria/Execute/../VCFs/30X/Maps/chrX.b38.gmap.gz]
  * Output        : [/home/aftimo/Documents/practiques/Documents_Elias/IntroMasterAdria/Execute/../VCFs/Inversion_Regions/Shapeit_Phase/HsInv0389/RegionScaffold.bcf]
  * Output format : [bcf]
  * Output LOG    : [/home/aftimo/Documents/practiques/Documents_Elias/IntroMasterAdria/Execute/../VCFs/Inversion_Regions/Shapeit_Phase/HsInv0389/OutputCommon.log]

Parameters:
  * Seed    : 15052011
  * Threads : 5 threads
  * MCMC    : 15 iterations [5b + 1p + 1b + 1p + 1b + 1p + 5m]
  * PBWT    : [window = 4cM / depth = auto / modulo = auto / mac = 5 / missing = 0.1]
  * HMM     : [window = 4cM / Ne = 15000 / Recombination rates given by genetic map]
  * FILTERS : [snp only = 0 / MAF = 0.05]

Reading genotype data:
  * VCF/BCF scanning done (0.05s)
      + Variants [#sites=481 / region=X:154135912-154596246]
         - 1508 sites removed in main panel [below MAF threshold]
      + Samples [#target=520 / #reference=0]
  * VCF/BCF parsing done (0.05s)
      + Genotypes [0/0=68.320%, 0/1=9.968%, 1/1=21.712%, ./.=0.000%, 0|1=0.000%]
  * Haploid parsing [n=1599] (0.00s)
  * Haploid sample mapping (0.00s)
      + #haploids = 0 / #diploids = 520
      + Hets set as missing: n=0 (-nan%)

Setting up genetic map:
  * GMAP parsing [n=89236] (0.09s)
  * cM interpolation [s=80 / i=401] (0.00s)
  * Region length [457667 bp / 0.3 cM]
  * HMM parameters [Ne=15000 / Error=0.0001 / #rare=0]

Initializing data structures:
  * Impute monomorphic [n=0] (0.00s)
  * HAP update (0.00s)
  * H2V transpose (0.00s)
  * PBWT parameters auto setting : [modulo = 0.033 / depth = 6]
  * PBWT initialization [#eval=481 / #select=9 / #chunk=1] (0.00s)
  * PBWT phasing sweep (0.02s)
  * Build genotype graphs [seg=8660] (0.02s)

Burn-in iteration [1/5]
  * PBWT selection (0.01s)
  * HMM computations [K=55.7+/-13.3 / W=0.46Mb / US=0 / UP=0] (0.06s)
  * IBD2 tracks [#inds=20 / #tracks=25 / #merged = 0]
  * HAP update (0.00s)
  * H2V transpose (0.00s)

Burn-in iteration [2/5]
  * PBWT selection (0.01s)
  * HMM computations [K=59.7+/-11.9 / W=0.46Mb / US=0 / UP=0] (0.07s)
  * IBD2 tracks [#inds=26 / #tracks=31 / #merged = 0]
  * HAP update (0.00s)
  * H2V transpose (0.00s)

Burn-in iteration [3/5]
  * PBWT selection (0.02s)
  * HMM computations [K=52.2+/-13.2 / W=0.46Mb / US=0 / UP=0] (0.06s)
  * IBD2 tracks [#inds=30 / #tracks=36 / #merged = 0]
  * HAP update (0.00s)
  * H2V transpose (0.00s)

Burn-in iteration [4/5]
  * PBWT selection (0.00s)
  * HMM computations [K=55.1+/-11.5 / W=0.46Mb / US=0 / UP=0] (0.06s)
  * IBD2 tracks [#inds=30 / #tracks=36 / #merged = 0]
  * HAP update (0.00s)
  * H2V transpose (0.00s)

Burn-in iteration [5/5]
  * PBWT selection (0.00s)
  * HMM computations [K=54.7+/-14.0 / W=0.46Mb / US=0 / UP=0] (0.05s)
  * IBD2 tracks [#inds=31 / #tracks=37 / #merged = 0]
  * HAP update (0.00s)
  * H2V transpose (0.00s)

Pruning iteration [1/1]
  * PBWT selection (0.01s)
  * HMM computations [K=58.9+/-12.4 / W=0.46Mb / US=0 / UP=0] (0.07s)
  * IBD2 tracks [#inds=35 / #tracks=41 / #merged = 0]
  * HAP update (0.00s)
  * H2V transpose (0.00s)
  * Trimming [pc=40.40%]

Burn-in iteration [1/1]
  * PBWT selection (0.01s)
  * HMM computations [K=52.7+/-12.9 / W=0.46Mb / US=0 / UP=0] (0.06s)
  * IBD2 tracks [#inds=35 / #tracks=41 / #merged = 0]
  * HAP update (0.00s)
  * H2V transpose (0.00s)

Pruning iteration [1/1]
  * PBWT selection (0.00s)
  * HMM computations [K=56.3+/-12.2 / W=0.46Mb / US=0 / UP=0] (0.07s)
  * IBD2 tracks [#inds=35 / #tracks=41 / #merged = 0]
  * HAP update (0.00s)
  * H2V transpose (0.00s)
  * Trimming [pc=63.37%]

Burn-in iteration [1/1]
  * PBWT selection (0.01s)
  * HMM computations [K=58.2+/-11.4 / W=0.46Mb / US=0 / UP=0] (0.06s)
  * IBD2 tracks [#inds=35 / #tracks=42 / #merged = 0]
  * HAP update (0.00s)
  * H2V transpose (0.00s)

Pruning iteration [1/1]
  * PBWT selection (0.00s)
  * HMM computations [K=57.4+/-13.1 / W=0.46Mb / US=0 / UP=0] (0.07s)
  * IBD2 tracks [#inds=35 / #tracks=45 / #merged = 0]
  * HAP update (0.00s)
  * H2V transpose (0.00s)
  * Trimming [pc=74.99%]

Main iteration [1/5]
  * PBWT selection (0.00s)
  * HMM computations [K=57.3+/-11.3 / W=0.46Mb / US=0 / UP=0] (0.06s)
  * IBD2 tracks [#inds=36 / #tracks=47 / #merged = 0]
  * HAP update (0.00s)
  * H2V transpose (0.00s)

Main iteration [2/5]
  * PBWT selection (0.00s)
  * HMM computations [K=58.2+/-11.7 / W=0.46Mb / US=0 / UP=0] (0.07s)
  * IBD2 tracks [#inds=36 / #tracks=47 / #merged = 0]
  * HAP update (0.00s)
  * H2V transpose (0.00s)

Main iteration [3/5]
  * PBWT selection (0.01s)
  * HMM computations [K=60.6+/-12.6 / W=0.46Mb / US=0 / UP=0] (0.06s)
  * IBD2 tracks [#inds=36 / #tracks=47 / #merged = 0]
  * HAP update (0.00s)
  * H2V transpose (0.00s)

Main iteration [4/5]
  * PBWT selection (0.01s)
  * HMM computations [K=55.7+/-11.9 / W=0.46Mb / US=0 / UP=1] (0.06s)
  * IBD2 tracks [#inds=36 / #tracks=47 / #merged = 0]
  * HAP update (0.00s)
  * H2V transpose (0.00s)

Main iteration [5/5]
  * PBWT selection (0.01s)
  * HMM computations [K=57.2+/-11.5 / W=0.46Mb / US=0 / UP=0] (0.06s)
  * IBD2 tracks [#inds=37 / #tracks=49 / #merged = 0]
  * HAP update (0.00s)
  * H2V transpose (0.00s)

Finalization:
  * HAP solving (0.00s)
  * HAP update (0.00s)
  * H2V transpose (0.00s)
  * VCF/BCF writing [N=520 / L=481] (0.09s)
  * Indexing files
  * Total running time = 1 seconds
