
[SHAPEIT5] phase_common (jointly phase multiple common markers)
  * Author        : Olivier DELANEAU, University of Lausanne
  * Contact       : olivier.delaneau@gmail.com
  * Version       : 5.1.1 / commit = 990ed0d / release = 2023-05-08
  * Run date      : 19/04/2024 - 11:38:54

Files:
  * Input         : [/home/aftimo/Documents/practiques/Documents_Elias/IntroMasterAdria/Execute/../VCFs/Inversion_Regions/Shapeit_Phase/HsInv0286/RegionAnnotated.bcf]
  * Haploids      : [/home/aftimo/Documents/practiques/Documents_Elias/IntroMasterAdria/Execute/../VCFs/Inversion_Regions/Shapeit_Phase/HsInv0286/male_samples.txt]
  * Genetic Map   : [/home/aftimo/Documents/practiques/Documents_Elias/IntroMasterAdria/Execute/../VCFs/30X/Maps/chr7.b38.gmap.gz]
  * Output        : [/home/aftimo/Documents/practiques/Documents_Elias/IntroMasterAdria/Execute/../VCFs/Inversion_Regions/Shapeit_Phase/HsInv0286/RegionScaffold.bcf]
  * Output format : [bcf]
  * Output LOG    : [/home/aftimo/Documents/practiques/Documents_Elias/IntroMasterAdria/Execute/../VCFs/Inversion_Regions/Shapeit_Phase/HsInv0286/OutputCommon.log]

Parameters:
  * Seed    : 15052011
  * Threads : 5 threads
  * MCMC    : 15 iterations [5b + 1p + 1b + 1p + 1b + 1p + 5m]
  * PBWT    : [window = 4cM / depth = auto / modulo = auto / mac = 5 / missing = 0.1]
  * HMM     : [window = 4cM / Ne = 15000 / Recombination rates given by genetic map]
  * FILTERS : [snp only = 0 / MAF = 0.05]

Reading genotype data:
  * VCF/BCF scanning done (0.08s)
      + Variants [#sites=1999 / region=7:54018128-54524271]
         - 3513 sites removed in main panel [below MAF threshold]
      + Samples [#target=241 / #reference=0]
  * VCF/BCF parsing done (0.06s)
      + Genotypes [0/0=53.593%, 0/1=29.293%, 1/1=17.114%, ./.=0.000%, 0|1=0.000%]
  * Haploid parsing [n=1599] (0.00s)
  * Haploid sample mapping (0.00s)
      + #haploids = 0 / #diploids = 241
      + Hets set as missing: n=0 (-nan%)

Setting up genetic map:
  * GMAP parsing [n=183805] (0.20s)
  * cM interpolation [s=556 / i=1443] (0.00s)
  * Region length [505319 bp / 0.2 cM]
  * HMM parameters [Ne=15000 / Error=0.0001 / #rare=0]

Initializing data structures:
  * Impute monomorphic [n=0] (0.00s)
  * HAP update (0.02s)
  * H2V transpose (0.00s)
  * PBWT parameters auto setting : [modulo = 0.026 / depth = 7]
  * PBWT initialization [#eval=1999 / #select=9 / #chunk=1] (0.00s)
  * PBWT phasing sweep (0.05s)
  * Build genotype graphs [seg=47120] (0.01s)

Burn-in iteration [1/5]
  * PBWT selection (0.00s)
  * HMM computations [K=66.9+/-10.1 / W=0.51Mb / US=0 / UP=0] (0.14s)
  * IBD2 tracks [#inds=46 / #tracks=62 / #merged = 0]
  * HAP update (0.00s)
  * H2V transpose (0.00s)

Burn-in iteration [2/5]
  * PBWT selection (0.01s)
  * HMM computations [K=66.6+/-10.7 / W=0.51Mb / US=0 / UP=0] (0.15s)
  * IBD2 tracks [#inds=59 / #tracks=86 / #merged = 0]
  * HAP update (0.00s)
  * H2V transpose (0.00s)

Burn-in iteration [3/5]
  * PBWT selection (0.00s)
  * HMM computations [K=68.0+/-10.1 / W=0.51Mb / US=0 / UP=0] (0.13s)
  * IBD2 tracks [#inds=67 / #tracks=102 / #merged = 0]
  * HAP update (0.00s)
  * H2V transpose (0.00s)

Burn-in iteration [4/5]
  * PBWT selection (0.01s)
  * HMM computations [K=63.9+/-10.2 / W=0.51Mb / US=0 / UP=0] (0.15s)
  * IBD2 tracks [#inds=72 / #tracks=110 / #merged = 0]
  * HAP update (0.00s)
  * H2V transpose (0.00s)

Burn-in iteration [5/5]
  * PBWT selection (0.01s)
  * HMM computations [K=64.8+/-10.0 / W=0.51Mb / US=0 / UP=0] (0.12s)
  * IBD2 tracks [#inds=74 / #tracks=116 / #merged = 0]
  * HAP update (0.00s)
  * H2V transpose (0.00s)

Pruning iteration [1/1]
  * PBWT selection (0.00s)
  * HMM computations [K=66.3+/-9.7 / W=0.51Mb / US=0 / UP=0] (0.20s)
  * IBD2 tracks [#inds=76 / #tracks=124 / #merged = 0]
  * HAP update (0.00s)
  * H2V transpose (0.00s)
  * Trimming [pc=43.68%]

Burn-in iteration [1/1]
  * PBWT selection (0.01s)
  * HMM computations [K=66.3+/-10.6 / W=0.51Mb / US=0 / UP=0] (0.11s)
  * IBD2 tracks [#inds=77 / #tracks=127 / #merged = 0]
  * HAP update (0.00s)
  * H2V transpose (0.00s)

Pruning iteration [1/1]
  * PBWT selection (0.01s)
  * HMM computations [K=64.0+/-10.6 / W=0.51Mb / US=0 / UP=0] (0.14s)
  * IBD2 tracks [#inds=79 / #tracks=132 / #merged = 0]
  * HAP update (0.00s)
  * H2V transpose (0.00s)
  * Trimming [pc=68.20%]

Burn-in iteration [1/1]
  * PBWT selection (0.01s)
  * HMM computations [K=66.3+/-10.7 / W=0.51Mb / US=0 / UP=0] (0.14s)
  * IBD2 tracks [#inds=79 / #tracks=132 / #merged = 0]
  * HAP update (0.00s)
  * H2V transpose (0.00s)

Pruning iteration [1/1]
  * PBWT selection (0.02s)
  * HMM computations [K=67.2+/-9.9 / W=0.51Mb / US=0 / UP=0] (0.16s)
  * IBD2 tracks [#inds=79 / #tracks=133 / #merged = 0]
  * HAP update (0.00s)
  * H2V transpose (0.00s)
  * Trimming [pc=80.58%]

Main iteration [1/5]
  * PBWT selection (0.01s)
  * HMM computations [K=58.5+/-9.5 / W=0.51Mb / US=0 / UP=0] (0.09s)
  * IBD2 tracks [#inds=79 / #tracks=134 / #merged = 0]
  * HAP update (0.01s)
  * H2V transpose (0.00s)

Main iteration [2/5]
  * PBWT selection (0.00s)
  * HMM computations [K=64.4+/-9.8 / W=0.51Mb / US=0 / UP=0] (0.09s)
  * IBD2 tracks [#inds=79 / #tracks=137 / #merged = 0]
  * HAP update (0.00s)
  * H2V transpose (0.00s)

Main iteration [3/5]
  * PBWT selection (0.01s)
  * HMM computations [K=65.2+/-9.9 / W=0.51Mb / US=0 / UP=0] (0.10s)
  * IBD2 tracks [#inds=79 / #tracks=137 / #merged = 0]
  * HAP update (0.00s)
  * H2V transpose (0.00s)

Main iteration [4/5]
  * PBWT selection (0.01s)
  * HMM computations [K=62.7+/-9.8 / W=0.51Mb / US=0 / UP=0] (0.09s)
  * IBD2 tracks [#inds=79 / #tracks=137 / #merged = 0]
  * HAP update (0.00s)
  * H2V transpose (0.00s)

Main iteration [5/5]
  * PBWT selection (0.01s)
  * HMM computations [K=58.7+/-10.2 / W=0.51Mb / US=0 / UP=0] (0.08s)
  * IBD2 tracks [#inds=80 / #tracks=140 / #merged = 0]
  * HAP update (0.00s)
  * H2V transpose (0.00s)

Finalization:
  * HAP solving (0.02s)
  * HAP update (0.00s)
  * H2V transpose (0.00s)
  * VCF/BCF writing [N=241 / L=1999] (0.04s)
  * Indexing files
  * Total running time = 2 seconds
