
[SHAPEIT5] Phase_rare (phase rare variants onto a haplotype scaffold)
  * Authors       : Simone RUBINACCI & Olivier DELANEAU, University of Lausanne
  * Contact       : simone.rubinacci@unil.ch & olivier.delaneau@gmail.com
  * Version       : 5.1.1 / commit = 990ed0d / release = 2023-05-08
  * Run date      : 19/04/2024 - 11:38:57

Files:
  * Unphased data : [/home/aftimo/Documents/practiques/Documents_Elias/IntroMasterAdria/Execute/../VCFs/Inversion_Regions/Shapeit_Phase/HsInv0286/RegionAnnotated.bcf]
  * Scaffold data : [/home/aftimo/Documents/practiques/Documents_Elias/IntroMasterAdria/Execute/../VCFs/Inversion_Regions/Shapeit_Phase/HsInv0286/RegionScaffold.bcf]
  * Genetic Map   : [/home/aftimo/Documents/practiques/Documents_Elias/IntroMasterAdria/Execute/../VCFs/30X/Maps/chr7.b38.gmap.gz]
  * Output data   : [/home/aftimo/Documents/practiques/Documents_Elias/IntroMasterAdria/Execute/../VCFs/Inversion_Regions/Shapeit_Phase/HsInv0286/RegionPhased.bcf]
  * Output LOG    : [/home/aftimo/Documents/practiques/Documents_Elias/IntroMasterAdria/Execute/../VCFs/Inversion_Regions/Shapeit_Phase/HsInv0286/OutputRare.log]

Parameters:
  * Seed    : 15052011
  * Threads : 5 threads
  * PBWT    : [depth = 2,2 / modulo = 0.005 / mac = 2 / mdr = 0.1]
  * HMM     : [Ne = 15000 / Recombination rates given by genetic map]

Parsing specified genomic regions
  * Scaffold region  [7:54018128-54524271]
  * Input region  [7:54018128-54524271]

Reading genotype data
  * BCF scanning (0.05s)
      + Variant sites: [#scaffold=1999 | #rare=3513 | #all=5512]
      + 1999 variants found in both files [priority to scaffold]
  * HAP allocation [#scaffold=1999 / #samples=241] (0.00s)
  * Genotype set allocation [#rare=3513 / #samples=241] (0.00s)
  * Plain VCF/BCF parsing (0.07s)
      + Scaffold : [0/0=258189 0/1=141124 1/1=82446]
      + Rare     : [0/0=815824 0/1=20264 1/1=10545 ./.=0]

Mapping Haploid samples
  * PED file parsing [n=1599]
  * #haploids=0 / #diploids=241
  * #reset_hets=0 (-nan% of minor allele genotypes)

Initializing sparse genotypes
  * 0 missing genotypes imputed at monomorphic sites
  * Genotype set transpose V2I (0.00s)

Setting up genetic map
  * GMAP parsing [n=183805] (0.17s)
  * cM interpolation [s=667 / i=4845] (0.01s)
  * Region length [505721 bp / 0.2 cM]
  * HMM parameters [Ne=15000 / Error=0.0001]
  * V2H transpose (0.00s)

PBWT pass
  * PBWT initialization [#eval=1999 / #select=41] (0.00s)
  * IBD2 constraints [#inds=0 / #pairs=0] (0.01s)
  * PBWT forward selection (0.03s)
  * PBWT backward selection (0.05s)
      + #states=72.88+/-22.78
      + #collisions = 65351 / #pushes = 13709 / rate = 17.34%

HMM computations
  * Processing (0.32s)
  * Genotype set transpose merge I2V [n=111] (0.00s)
  * Solving summary:
      + #Hets=20264 / Phased by HMM=20153, PED=0, SING=111
      + #Miss=0 / Imputed by HMM=0, PED=0, MONO=0

Finalization:
  * BCF writing [Compressed / N=241 / L=5512] (0.09s)
  * Indexing [/home/aftimo/Documents/practiques/Documents_Elias/IntroMasterAdria/Execute/../VCFs/Inversion_Regions/Shapeit_Phase/HsInv0286/RegionPhased.bcf]
  * Total running time = 0 seconds
