PLINK v1.90b7.2 64-bit (11 Dec 2023)
Options in effect:
  --bfile /home/aftimo/Documents/practiques/Documents_Elias/IntroMasterAdria/Execute/Results_Impute5/Shapeit_Phase/Rep_1/R2/HsInv0382/0.80/AFR_Exp
  --bmerge /home/aftimo/Documents/practiques/Documents_Elias/IntroMasterAdria/Execute/Results_Impute5/Shapeit_Phase/Rep_1/R2/HsInv0382/0.80/AFR_Imp
  --merge-mode 6
  --out /home/aftimo/Documents/practiques/Documents_Elias/IntroMasterAdria/Execute/Results_Impute5/Shapeit_Phase/Rep_1/R2/HsInv0382/0.80/AFR

Hostname: aftimo
Working directory: /home/aftimo/Documents/practiques/Documents_Elias/IntroMasterAdria/Execute
Start time: Mon Jun 17 15:05:23 2024

Random number seed: 1718629523
31827 MB RAM detected; reserving 15913 MB for main workspace.
25 people loaded from
/home/aftimo/Documents/practiques/Documents_Elias/IntroMasterAdria/Execute/Results_Impute5/Shapeit_Phase/Rep_1/R2/HsInv0382/0.80/AFR_Exp.fam.
25 people to be merged from
/home/aftimo/Documents/practiques/Documents_Elias/IntroMasterAdria/Execute/Results_Impute5/Shapeit_Phase/Rep_1/R2/HsInv0382/0.80/AFR_Imp.fam.
Of these, 0 are new, while 25 are present in the base dataset.
1 marker loaded from
/home/aftimo/Documents/practiques/Documents_Elias/IntroMasterAdria/Execute/Results_Impute5/Shapeit_Phase/Rep_1/R2/HsInv0382/0.80/AFR_Exp.bim.
1 marker to be merged from
/home/aftimo/Documents/practiques/Documents_Elias/IntroMasterAdria/Execute/Results_Impute5/Shapeit_Phase/Rep_1/R2/HsInv0382/0.80/AFR_Imp.bim.
Of these, 0 are new, while 1 is present in the base dataset.
Performing 1-pass diff (mode 6), writing results to
/home/aftimo/Documents/practiques/Documents_Elias/IntroMasterAdria/Execute/Results_Impute5/Shapeit_Phase/Rep_1/R2/HsInv0382/0.80/AFR.diff
.
25 overlapping calls, 25 nonmissing in both filesets.
23 concordant, for a concordance rate of 0.92.

End time: Mon Jun 17 15:05:23 2024
