
[SHAPEIT5] phase_common (jointly phase multiple common markers)
  * Author        : Olivier DELANEAU, University of Lausanne
  * Contact       : olivier.delaneau@gmail.com
  * Version       : 5.1.1 / commit = 990ed0d / release = 2023-05-08
  * Run date      : 19/04/2024 - 11:40:08

Files:
  * Input         : [/home/aftimo/Documents/practiques/Documents_Elias/IntroMasterAdria/Execute/../VCFs/Inversion_Regions/Shapeit_Phase/HsInv0241/RegionAnnotated.bcf]
  * Haploids      : [/home/aftimo/Documents/practiques/Documents_Elias/IntroMasterAdria/Execute/../VCFs/Inversion_Regions/Shapeit_Phase/HsInv0241/male_samples.txt]
  * Genetic Map   : [/home/aftimo/Documents/practiques/Documents_Elias/IntroMasterAdria/Execute/../VCFs/30X/Maps/chr2.b38.gmap.gz]
  * Output        : [/home/aftimo/Documents/practiques/Documents_Elias/IntroMasterAdria/Execute/../VCFs/Inversion_Regions/Shapeit_Phase/HsInv0241/RegionScaffold.bcf]
  * Output format : [bcf]
  * Output LOG    : [/home/aftimo/Documents/practiques/Documents_Elias/IntroMasterAdria/Execute/../VCFs/Inversion_Regions/Shapeit_Phase/HsInv0241/OutputCommon.log]

Parameters:
  * Seed    : 15052011
  * Threads : 5 threads
  * MCMC    : 15 iterations [5b + 1p + 1b + 1p + 1b + 1p + 5m]
  * PBWT    : [window = 4cM / depth = auto / modulo = auto / mac = 5 / missing = 0.1]
  * HMM     : [window = 4cM / Ne = 15000 / Recombination rates given by genetic map]
  * FILTERS : [snp only = 0 / MAF = 0.05]

Reading genotype data:
  * VCF/BCF scanning done (0.05s)
      + Variants [#sites=1497 / region=2:240472507-240901802]
         - 3850 sites removed in main panel [below MAF threshold]
      + Samples [#target=511 / #reference=0]
  * VCF/BCF parsing done (0.05s)
      + Genotypes [0/0=54.729%, 0/1=27.742%, 1/1=17.528%, ./.=0.000%, 0|1=0.000%]
  * Haploid parsing [n=1599] (0.00s)
  * Haploid sample mapping (0.00s)
      + #haploids = 0 / #diploids = 511
      + Hets set as missing: n=0 (-nan%)

Setting up genetic map:
  * GMAP parsing [n=286250] (0.24s)
  * cM interpolation [s=310 / i=1187] (0.00s)
  * Region length [428832 bp / 0.7 cM]
  * HMM parameters [Ne=15000 / Error=0.0001 / #rare=0]

Initializing data structures:
  * Impute monomorphic [n=0] (0.00s)
  * HAP update (0.00s)
  * H2V transpose (0.00s)
  * PBWT parameters auto setting : [modulo = 0.033 / depth = 6]
  * PBWT initialization [#eval=1497 / #select=22 / #chunk=1] (0.00s)
  * PBWT phasing sweep (0.05s)
  * Build genotype graphs [seg=70917] (0.02s)

Burn-in iteration [1/5]
  * PBWT selection (0.01s)
  * HMM computations [K=139.1+/-18.3 / W=0.43Mb / US=0 / UP=0] (0.54s)
  * IBD2 tracks [#inds=7 / #tracks=7 / #merged = 0]
  * HAP update (0.01s)
  * H2V transpose (0.00s)

Burn-in iteration [2/5]
  * PBWT selection (0.02s)
  * HMM computations [K=131.3+/-19.0 / W=0.43Mb / US=0 / UP=0] (0.54s)
  * IBD2 tracks [#inds=7 / #tracks=7 / #merged = 0]
  * HAP update (0.01s)
  * H2V transpose (0.00s)

Burn-in iteration [3/5]
  * PBWT selection (0.01s)
  * HMM computations [K=132.1+/-19.4 / W=0.43Mb / US=0 / UP=0] (0.47s)
  * IBD2 tracks [#inds=7 / #tracks=7 / #merged = 0]
  * HAP update (0.01s)
  * H2V transpose (0.00s)

Burn-in iteration [4/5]
  * PBWT selection (0.02s)
  * HMM computations [K=125.1+/-19.4 / W=0.43Mb / US=0 / UP=0] (0.46s)
  * IBD2 tracks [#inds=7 / #tracks=7 / #merged = 0]
  * HAP update (0.01s)
  * H2V transpose (0.01s)

Burn-in iteration [5/5]
  * PBWT selection (0.02s)
  * HMM computations [K=128.8+/-20.0 / W=0.43Mb / US=0 / UP=0] (0.50s)
  * IBD2 tracks [#inds=7 / #tracks=7 / #merged = 0]
  * HAP update (0.01s)
  * H2V transpose (0.00s)

Pruning iteration [1/1]
  * PBWT selection (0.03s)
  * HMM computations [K=133.4+/-19.0 / W=0.43Mb / US=0 / UP=0] (0.66s)
  * IBD2 tracks [#inds=7 / #tracks=7 / #merged = 0]
  * HAP update (0.01s)
  * H2V transpose (0.01s)
  * Trimming [pc=43.02%]

Burn-in iteration [1/1]
  * PBWT selection (0.02s)
  * HMM computations [K=135.1+/-20.8 / W=0.43Mb / US=0 / UP=0] (0.47s)
  * IBD2 tracks [#inds=7 / #tracks=7 / #merged = 0]
  * HAP update (0.01s)
  * H2V transpose (0.00s)

Pruning iteration [1/1]
  * PBWT selection (0.02s)
  * HMM computations [K=122.9+/-18.4 / W=0.43Mb / US=0 / UP=0] (0.54s)
  * IBD2 tracks [#inds=7 / #tracks=7 / #merged = 0]
  * HAP update (0.01s)
  * H2V transpose (0.00s)
  * Trimming [pc=67.49%]

Burn-in iteration [1/1]
  * PBWT selection (0.02s)
  * HMM computations [K=127.1+/-19.4 / W=0.43Mb / US=0 / UP=0] (0.43s)
  * IBD2 tracks [#inds=7 / #tracks=7 / #merged = 0]
  * HAP update (0.01s)
  * H2V transpose (0.00s)

Pruning iteration [1/1]
  * PBWT selection (0.02s)
  * HMM computations [K=128.9+/-19.5 / W=0.43Mb / US=0 / UP=0] (0.43s)
  * IBD2 tracks [#inds=7 / #tracks=7 / #merged = 0]
  * HAP update (0.01s)
  * H2V transpose (0.00s)
  * Trimming [pc=80.10%]

Main iteration [1/5]
  * PBWT selection (0.02s)
  * HMM computations [K=127.3+/-20.4 / W=0.43Mb / US=0 / UP=0] (0.44s)
  * IBD2 tracks [#inds=7 / #tracks=7 / #merged = 0]
  * HAP update (0.01s)
  * H2V transpose (0.00s)

Main iteration [2/5]
  * PBWT selection (0.02s)
  * HMM computations [K=126.4+/-19.6 / W=0.43Mb / US=0 / UP=0] (0.35s)
  * IBD2 tracks [#inds=7 / #tracks=7 / #merged = 0]
  * HAP update (0.01s)
  * H2V transpose (0.00s)

Main iteration [3/5]
  * PBWT selection (0.01s)
  * HMM computations [K=127.8+/-20.4 / W=0.43Mb / US=0 / UP=0] (0.34s)
  * IBD2 tracks [#inds=7 / #tracks=7 / #merged = 0]
  * HAP update (0.01s)
  * H2V transpose (0.00s)

Main iteration [4/5]
  * PBWT selection (0.02s)
  * HMM computations [K=123.2+/-19.6 / W=0.43Mb / US=0 / UP=0] (0.27s)
  * IBD2 tracks [#inds=7 / #tracks=7 / #merged = 0]
  * HAP update (0.01s)
  * H2V transpose (0.00s)

Main iteration [5/5]
  * PBWT selection (0.01s)
  * HMM computations [K=123.3+/-19.0 / W=0.43Mb / US=0 / UP=0] (0.41s)
  * IBD2 tracks [#inds=7 / #tracks=7 / #merged = 0]
  * HAP update (0.01s)
  * H2V transpose (0.00s)

Finalization:
  * HAP solving (0.02s)
  * HAP update (0.01s)
  * H2V transpose (0.00s)
  * VCF/BCF writing [N=511 / L=1497] (0.11s)
  * Indexing files
  * Total running time = 7 seconds
