
[SHAPEIT5] phase_common (jointly phase multiple common markers)
  * Author        : Olivier DELANEAU, University of Lausanne
  * Contact       : olivier.delaneau@gmail.com
  * Version       : 5.1.1 / commit = 990ed0d / release = 2023-05-08
  * Run date      : 19/04/2024 - 11:40:36

Files:
  * Input         : [/home/aftimo/Documents/practiques/Documents_Elias/IntroMasterAdria/Execute/../VCFs/Inversion_Regions/Shapeit_Phase/HsInv0393/RegionAnnotated.bcf]
  * Haploids      : [/home/aftimo/Documents/practiques/Documents_Elias/IntroMasterAdria/Execute/../VCFs/Inversion_Regions/Shapeit_Phase/HsInv0393/male_samples.txt]
  * Genetic Map   : [/home/aftimo/Documents/practiques/Documents_Elias/IntroMasterAdria/Execute/../VCFs/30X/Maps/chrX.b38.gmap.gz]
  * Output        : [/home/aftimo/Documents/practiques/Documents_Elias/IntroMasterAdria/Execute/../VCFs/Inversion_Regions/Shapeit_Phase/HsInv0393/RegionScaffold.bcf]
  * Output format : [bcf]
  * Output LOG    : [/home/aftimo/Documents/practiques/Documents_Elias/IntroMasterAdria/Execute/../VCFs/Inversion_Regions/Shapeit_Phase/HsInv0393/OutputCommon.log]

Parameters:
  * Seed    : 15052011
  * Threads : 5 threads
  * MCMC    : 15 iterations [5b + 1p + 1b + 1p + 1b + 1p + 5m]
  * PBWT    : [window = 4cM / depth = auto / modulo = auto / mac = 5 / missing = 0.1]
  * HMM     : [window = 4cM / Ne = 15000 / Recombination rates given by genetic map]
  * FILTERS : [snp only = 0 / MAF = 0.05]

Reading genotype data:
  * VCF/BCF scanning done (0.01s)
      + Variants [#sites=833 / region=X:101397476-101816309]
         - 2093 sites removed in main panel [below MAF threshold]
      + Samples [#target=515 / #reference=0]
  * VCF/BCF parsing done (0.02s)
      + Genotypes [0/0=64.612%, 0/1=12.461%, 1/1=22.927%, ./.=0.000%, 0|1=0.000%]
  * Haploid parsing [n=1599] (0.00s)
  * Haploid sample mapping (0.00s)
      + #haploids = 0 / #diploids = 515
      + Hets set as missing: n=0 (-nan%)

Setting up genetic map:
  * GMAP parsing [n=89236] (0.08s)
  * cM interpolation [s=216 / i=617] (0.00s)
  * Region length [418271 bp / 0.1 cM]
  * HMM parameters [Ne=15000 / Error=0.0001 / #rare=0]

Initializing data structures:
  * Impute monomorphic [n=0] (0.00s)
  * HAP update (0.00s)
  * H2V transpose (0.00s)
  * PBWT parameters auto setting : [modulo = 0.033 / depth = 6]
  * PBWT initialization [#eval=833 / #select=5 / #chunk=1] (0.00s)
  * PBWT phasing sweep (0.02s)
  * Build genotype graphs [seg=18174] (0.00s)

Burn-in iteration [1/5]
  * PBWT selection (0.01s)
  * HMM computations [K=35.0+/-7.4 / W=0.42Mb / US=0 / UP=0] (0.06s)
  * IBD2 tracks [#inds=21 / #tracks=26 / #merged = 0]
  * HAP update (0.00s)
  * H2V transpose (0.00s)

Burn-in iteration [2/5]
  * PBWT selection (0.01s)
  * HMM computations [K=37.7+/-7.9 / W=0.42Mb / US=0 / UP=0] (0.07s)
  * IBD2 tracks [#inds=36 / #tracks=55 / #merged = 0]
  * HAP update (0.00s)
  * H2V transpose (0.00s)

Burn-in iteration [3/5]
  * PBWT selection (0.02s)
  * HMM computations [K=36.7+/-8.2 / W=0.42Mb / US=0 / UP=0] (0.07s)
  * IBD2 tracks [#inds=37 / #tracks=58 / #merged = 0]
  * HAP update (0.00s)
  * H2V transpose (0.00s)

Burn-in iteration [4/5]
  * PBWT selection (0.01s)
  * HMM computations [K=38.2+/-8.2 / W=0.42Mb / US=0 / UP=0] (0.07s)
  * IBD2 tracks [#inds=39 / #tracks=61 / #merged = 0]
  * HAP update (0.00s)
  * H2V transpose (0.00s)

Burn-in iteration [5/5]
  * PBWT selection (0.01s)
  * HMM computations [K=38.3+/-8.4 / W=0.42Mb / US=0 / UP=0] (0.06s)
  * IBD2 tracks [#inds=41 / #tracks=63 / #merged = 0]
  * HAP update (0.00s)
  * H2V transpose (0.00s)

Pruning iteration [1/1]
  * PBWT selection (0.01s)
  * HMM computations [K=36.4+/-7.7 / W=0.42Mb / US=0 / UP=0] (0.09s)
  * IBD2 tracks [#inds=41 / #tracks=63 / #merged = 0]
  * HAP update (0.00s)
  * H2V transpose (0.00s)
  * Trimming [pc=42.32%]

Burn-in iteration [1/1]
  * PBWT selection (0.02s)
  * HMM computations [K=37.7+/-8.2 / W=0.42Mb / US=0 / UP=0] (0.07s)
  * IBD2 tracks [#inds=43 / #tracks=66 / #merged = 0]
  * HAP update (0.00s)
  * H2V transpose (0.00s)

Pruning iteration [1/1]
  * PBWT selection (0.01s)
  * HMM computations [K=36.8+/-8.3 / W=0.42Mb / US=0 / UP=0] (0.08s)
  * IBD2 tracks [#inds=43 / #tracks=66 / #merged = 0]
  * HAP update (0.00s)
  * H2V transpose (0.00s)
  * Trimming [pc=66.42%]

Burn-in iteration [1/1]
  * PBWT selection (0.01s)
  * HMM computations [K=38.4+/-8.5 / W=0.42Mb / US=0 / UP=0] (0.07s)
  * IBD2 tracks [#inds=44 / #tracks=67 / #merged = 0]
  * HAP update (0.00s)
  * H2V transpose (0.00s)

Pruning iteration [1/1]
  * PBWT selection (0.01s)
  * HMM computations [K=38.4+/-8.4 / W=0.42Mb / US=0 / UP=0] (0.07s)
  * IBD2 tracks [#inds=44 / #tracks=67 / #merged = 0]
  * HAP update (0.00s)
  * H2V transpose (0.00s)
  * Trimming [pc=78.82%]

Main iteration [1/5]
  * PBWT selection (0.00s)
  * HMM computations [K=40.4+/-7.8 / W=0.42Mb / US=0 / UP=0] (0.06s)
  * IBD2 tracks [#inds=44 / #tracks=71 / #merged = 0]
  * HAP update (0.00s)
  * H2V transpose (0.00s)

Main iteration [2/5]
  * PBWT selection (0.01s)
  * HMM computations [K=35.0+/-7.6 / W=0.42Mb / US=0 / UP=1] (0.06s)
  * IBD2 tracks [#inds=45 / #tracks=72 / #merged = 0]
  * HAP update (0.00s)
  * H2V transpose (0.00s)

Main iteration [3/5]
  * PBWT selection (0.01s)
  * HMM computations [K=39.9+/-7.3 / W=0.42Mb / US=0 / UP=1] (0.05s)
  * IBD2 tracks [#inds=45 / #tracks=72 / #merged = 0]
  * HAP update (0.00s)
  * H2V transpose (0.00s)

Main iteration [4/5]
  * PBWT selection (0.01s)
  * HMM computations [K=38.7+/-8.3 / W=0.42Mb / US=0 / UP=0] (0.06s)
  * IBD2 tracks [#inds=46 / #tracks=74 / #merged = 0]
  * HAP update (0.00s)
  * H2V transpose (0.00s)

Main iteration [5/5]
  * PBWT selection (0.01s)
  * HMM computations [K=36.6+/-8.0 / W=0.42Mb / US=0 / UP=0] (0.04s)
  * IBD2 tracks [#inds=46 / #tracks=74 / #merged = 0]
  * HAP update (0.00s)
  * H2V transpose (0.00s)

Finalization:
  * HAP solving (0.00s)
  * HAP update (0.00s)
  * H2V transpose (0.00s)
  * VCF/BCF writing [N=515 / L=833] (0.07s)
  * Indexing files
  * Total running time = 1 seconds
