
[SHAPEIT5] Phase_rare (phase rare variants onto a haplotype scaffold)
  * Authors       : Simone RUBINACCI & Olivier DELANEAU, University of Lausanne
  * Contact       : simone.rubinacci@unil.ch & olivier.delaneau@gmail.com
  * Version       : 5.1.1 / commit = 990ed0d / release = 2023-05-08
  * Run date      : 19/04/2024 - 11:40:37

Files:
  * Unphased data : [/home/aftimo/Documents/practiques/Documents_Elias/IntroMasterAdria/Execute/../VCFs/Inversion_Regions/Shapeit_Phase/HsInv0393/RegionAnnotated.bcf]
  * Scaffold data : [/home/aftimo/Documents/practiques/Documents_Elias/IntroMasterAdria/Execute/../VCFs/Inversion_Regions/Shapeit_Phase/HsInv0393/RegionScaffold.bcf]
  * Genetic Map   : [/home/aftimo/Documents/practiques/Documents_Elias/IntroMasterAdria/Execute/../VCFs/30X/Maps/chrX.b38.gmap.gz]
  * Output data   : [/home/aftimo/Documents/practiques/Documents_Elias/IntroMasterAdria/Execute/../VCFs/Inversion_Regions/Shapeit_Phase/HsInv0393/RegionPhased.bcf]
  * Output LOG    : [/home/aftimo/Documents/practiques/Documents_Elias/IntroMasterAdria/Execute/../VCFs/Inversion_Regions/Shapeit_Phase/HsInv0393/OutputRare.log]

Parameters:
  * Seed    : 15052011
  * Threads : 5 threads
  * PBWT    : [depth = 2,2 / modulo = 0.005 / mac = 2 / mdr = 0.1]
  * HMM     : [Ne = 15000 / Recombination rates given by genetic map]

Parsing specified genomic regions
  * Scaffold region  [X:101397476-101816309]
  * Input region  [X:101397476-101816309]

Reading genotype data
  * BCF scanning (0.06s)
      + Variant sites: [#scaffold=833 | #rare=2093 | #all=2926]
      + 833 variants found in both files [priority to scaffold]
  * HAP allocation [#scaffold=833 / #samples=515] (0.00s)
  * Genotype set allocation [#rare=2093 / #samples=515] (0.00s)
  * Plain VCF/BCF parsing (0.07s)
      + Scaffold : [0/0=277183 0/1=53457 1/1=98355]
      + Rare     : [0/0=1059139 0/1=8877 1/1=9879 ./.=0]

Mapping Haploid samples
  * PED file parsing [n=1599]
  * #haploids=0 / #diploids=515
  * #reset_hets=0 (-nan% of minor allele genotypes)

Initializing sparse genotypes
  * 0 missing genotypes imputed at monomorphic sites
  * Genotype set transpose V2I (0.00s)

Setting up genetic map
  * GMAP parsing [n=89236] (0.09s)
  * cM interpolation [s=248 / i=2678] (0.00s)
  * Region length [418652 bp / 0.1 cM]
  * HMM parameters [Ne=15000 / Error=0.0001]
  * V2H transpose (0.00s)

PBWT pass
  * PBWT initialization [#eval=833 / #select=26] (0.00s)
  * IBD2 constraints [#inds=54 / #pairs=106] (0.01s)
  * PBWT forward selection (0.02s)
  * PBWT backward selection (0.02s)
      + #states=59.26+/-17.44
      + #collisions = 88138 / #pushes = 19125 / rate = 17.83%

HMM computations
  * Processing (0.21s)
  * Genotype set transpose merge I2V [n=74] (0.00s)
  * Solving summary:
      + #Hets=8877 / Phased by HMM=8803, PED=0, SING=74
      + #Miss=0 / Imputed by HMM=0, PED=0, MONO=0

Finalization:
  * BCF writing [Compressed / N=515 / L=2926] (0.10s)
  * Indexing [/home/aftimo/Documents/practiques/Documents_Elias/IntroMasterAdria/Execute/../VCFs/Inversion_Regions/Shapeit_Phase/HsInv0393/RegionPhased.bcf]
  * Total running time = 0 seconds
