PLINK v1.90b7.2 64-bit (11 Dec 2023)
Options in effect:
  --make-bed
  --out /home/aftimo/Documents/practiques/Documents_Elias/IntroMasterAdria/Execute/Results_ScoreInvHap/Inputs/HsInv0030Del/Region_AFR
  --vcf /home/aftimo/Documents/practiques/Documents_Elias/IntroMasterAdria/Execute/Results_ScoreInvHap/Inputs/HsInv0030Del/RegionMod.vcf

Hostname: aftimo
Working directory: /home/aftimo/Documents/practiques/Documents_Elias/IntroMasterAdria/Execute
Start time: Tue Apr 30 09:48:30 2024

Random number seed: 1714463310
31827 MB RAM detected; reserving 15913 MB for main workspace.
--vcf:
/home/aftimo/Documents/practiques/Documents_Elias/IntroMasterAdria/Execute/Results_ScoreInvHap/Inputs/HsInv0030Del/Region_AFR-temporary.bed
+
/home/aftimo/Documents/practiques/Documents_Elias/IntroMasterAdria/Execute/Results_ScoreInvHap/Inputs/HsInv0030Del/Region_AFR-temporary.bim
+
/home/aftimo/Documents/practiques/Documents_Elias/IntroMasterAdria/Execute/Results_ScoreInvHap/Inputs/HsInv0030Del/Region_AFR-temporary.fam
written.
3980 variants loaded from .bim file.
162 people (0 males, 0 females, 162 ambiguous) loaded from .fam.
Ambiguous sex IDs written to
/home/aftimo/Documents/practiques/Documents_Elias/IntroMasterAdria/Execute/Results_ScoreInvHap/Inputs/HsInv0030Del/Region_AFR.nosex
.
Using 1 thread (no multithreaded calculations invoked).
Before main variant filters, 162 founders and 0 nonfounders present.
Calculating allele frequencies... done.
Total genotyping rate is exactly 1.
3980 variants and 162 people pass filters and QC.
Note: No phenotypes present.
--make-bed to
/home/aftimo/Documents/practiques/Documents_Elias/IntroMasterAdria/Execute/Results_ScoreInvHap/Inputs/HsInv0030Del/Region_AFR.bed
+
/home/aftimo/Documents/practiques/Documents_Elias/IntroMasterAdria/Execute/Results_ScoreInvHap/Inputs/HsInv0030Del/Region_AFR.bim
+
/home/aftimo/Documents/practiques/Documents_Elias/IntroMasterAdria/Execute/Results_ScoreInvHap/Inputs/HsInv0030Del/Region_AFR.fam
... done.

End time: Tue Apr 30 09:48:30 2024
