
[SHAPEIT5] phase_common (jointly phase multiple common markers)
  * Author        : Olivier DELANEAU, University of Lausanne
  * Contact       : olivier.delaneau@gmail.com
  * Version       : 5.1.1 / commit = 990ed0d / release = 2023-05-08
  * Run date      : 19/04/2024 - 11:39:34

Files:
  * Input         : [/home/aftimo/Documents/practiques/Documents_Elias/IntroMasterAdria/Execute/../VCFs/Inversion_Regions/Shapeit_Phase/HsInv0822/RegionAnnotated.bcf]
  * Haploids      : [/home/aftimo/Documents/practiques/Documents_Elias/IntroMasterAdria/Execute/../VCFs/Inversion_Regions/Shapeit_Phase/HsInv0822/male_samples.txt]
  * Genetic Map   : [/home/aftimo/Documents/practiques/Documents_Elias/IntroMasterAdria/Execute/../VCFs/30X/Maps/chrX.b38.gmap.gz]
  * Output        : [/home/aftimo/Documents/practiques/Documents_Elias/IntroMasterAdria/Execute/../VCFs/Inversion_Regions/Shapeit_Phase/HsInv0822/RegionScaffold.bcf]
  * Output format : [bcf]
  * Output LOG    : [/home/aftimo/Documents/practiques/Documents_Elias/IntroMasterAdria/Execute/../VCFs/Inversion_Regions/Shapeit_Phase/HsInv0822/OutputCommon.log]

Parameters:
  * Seed    : 15052011
  * Threads : 5 threads
  * MCMC    : 15 iterations [5b + 1p + 1b + 1p + 1b + 1p + 5m]
  * PBWT    : [window = 4cM / depth = auto / modulo = auto / mac = 5 / missing = 0.1]
  * HMM     : [window = 4cM / Ne = 15000 / Recombination rates given by genetic map]
  * FILTERS : [snp only = 0 / MAF = 0.05]

Reading genotype data:
  * VCF/BCF scanning done (0.02s)
      + Variants [#sites=580 / region=X:149452865-149950398]
         - 720 sites removed in main panel [below MAF threshold]
      + Samples [#target=93 / #reference=0]
  * VCF/BCF parsing done (0.01s)
      + Genotypes [0/0=71.993%, 0/1=11.144%, 1/1=16.863%, ./.=0.000%, 0|1=0.000%]
  * Haploid parsing [n=1599] (0.00s)
  * Haploid sample mapping (0.00s)
      + #haploids = 0 / #diploids = 93
      + Hets set as missing: n=0 (-nan%)

Setting up genetic map:
  * GMAP parsing [n=89236] (0.07s)
  * cM interpolation [s=145 / i=435] (0.00s)
  * Region length [496398 bp / 0.1 cM]
  * HMM parameters [Ne=15000 / Error=0.0001 / #rare=0]

Initializing data structures:
  * Impute monomorphic [n=0] (0.00s)
  * HAP update (0.00s)
  * H2V transpose (0.00s)
  * PBWT parameters auto setting : [modulo = 0.016 / depth = 7]
  * PBWT initialization [#eval=580 / #select=9 / #chunk=1] (0.00s)
  * PBWT phasing sweep (0.01s)
  * Build genotype graphs [seg=2067] (0.01s)

Burn-in iteration [1/5]
  * PBWT selection (0.00s)
  * HMM computations [K=52.1+/-11.2 / W=0.50Mb / US=0 / UP=0] (0.03s)
  * IBD2 tracks [#inds=1 / #tracks=1 / #merged = 0]
  * HAP update (0.00s)
  * H2V transpose (0.00s)

Burn-in iteration [2/5]
  * PBWT selection (0.01s)
  * HMM computations [K=51.9+/-10.9 / W=0.50Mb / US=0 / UP=0] (0.02s)
  * IBD2 tracks [#inds=2 / #tracks=2 / #merged = 0]
  * HAP update (0.00s)
  * H2V transpose (0.00s)

Burn-in iteration [3/5]
  * PBWT selection (0.01s)
  * HMM computations [K=48.5+/-13.5 / W=0.50Mb / US=0 / UP=0] (0.02s)
  * IBD2 tracks [#inds=2 / #tracks=2 / #merged = 0]
  * HAP update (0.00s)
  * H2V transpose (0.00s)

Burn-in iteration [4/5]
  * PBWT selection (0.01s)
  * HMM computations [K=49.2+/-12.9 / W=0.50Mb / US=0 / UP=0] (0.04s)
  * IBD2 tracks [#inds=2 / #tracks=2 / #merged = 0]
  * HAP update (0.00s)
  * H2V transpose (0.00s)

Burn-in iteration [5/5]
  * PBWT selection (0.01s)
  * HMM computations [K=52.7+/-10.8 / W=0.50Mb / US=0 / UP=0] (0.02s)
  * IBD2 tracks [#inds=2 / #tracks=3 / #merged = 0]
  * HAP update (0.00s)
  * H2V transpose (0.00s)

Pruning iteration [1/1]
  * PBWT selection (0.01s)
  * HMM computations [K=52.8+/-11.4 / W=0.50Mb / US=0 / UP=0] (0.02s)
  * IBD2 tracks [#inds=2 / #tracks=3 / #merged = 0]
  * HAP update (0.00s)
  * H2V transpose (0.00s)
  * Trimming [pc=40.15%]

Burn-in iteration [1/1]
  * PBWT selection (0.01s)
  * HMM computations [K=47.7+/-12.9 / W=0.50Mb / US=0 / UP=0] (0.02s)
  * IBD2 tracks [#inds=2 / #tracks=3 / #merged = 0]
  * HAP update (0.00s)
  * H2V transpose (0.00s)

Pruning iteration [1/1]
  * PBWT selection (0.00s)
  * HMM computations [K=50.6+/-10.4 / W=0.50Mb / US=0 / UP=0] (0.02s)
  * IBD2 tracks [#inds=2 / #tracks=3 / #merged = 0]
  * HAP update (0.00s)
  * H2V transpose (0.00s)
  * Trimming [pc=62.99%]

Burn-in iteration [1/1]
  * PBWT selection (0.01s)
  * HMM computations [K=49.5+/-13.8 / W=0.50Mb / US=0 / UP=0] (0.02s)
  * IBD2 tracks [#inds=2 / #tracks=3 / #merged = 0]
  * HAP update (0.00s)
  * H2V transpose (0.00s)

Pruning iteration [1/1]
  * PBWT selection (0.03s)
  * HMM computations [K=53.4+/-11.5 / W=0.50Mb / US=0 / UP=0] (0.01s)
  * IBD2 tracks [#inds=2 / #tracks=3 / #merged = 0]
  * HAP update (0.00s)
  * H2V transpose (0.00s)
  * Trimming [pc=75.23%]

Main iteration [1/5]
  * PBWT selection (0.01s)
  * HMM computations [K=51.9+/-11.2 / W=0.50Mb / US=0 / UP=0] (0.02s)
  * IBD2 tracks [#inds=2 / #tracks=3 / #merged = 0]
  * HAP update (0.00s)
  * H2V transpose (0.00s)

Main iteration [2/5]
  * PBWT selection (0.01s)
  * HMM computations [K=52.8+/-12.2 / W=0.50Mb / US=0 / UP=0] (0.01s)
  * IBD2 tracks [#inds=2 / #tracks=3 / #merged = 0]
  * HAP update (0.00s)
  * H2V transpose (0.00s)

Main iteration [3/5]
  * PBWT selection (0.01s)
  * HMM computations [K=52.7+/-11.7 / W=0.50Mb / US=0 / UP=0] (0.01s)
  * IBD2 tracks [#inds=2 / #tracks=3 / #merged = 0]
  * HAP update (0.00s)
  * H2V transpose (0.00s)

Main iteration [4/5]
  * PBWT selection (0.01s)
  * HMM computations [K=50.7+/-11.3 / W=0.50Mb / US=0 / UP=1] (0.01s)
  * IBD2 tracks [#inds=2 / #tracks=3 / #merged = 0]
  * HAP update (0.00s)
  * H2V transpose (0.00s)

Main iteration [5/5]
  * PBWT selection (0.02s)
  * HMM computations [K=51.2+/-11.1 / W=0.50Mb / US=0 / UP=0] (0.02s)
  * IBD2 tracks [#inds=2 / #tracks=3 / #merged = 0]
  * HAP update (0.00s)
  * H2V transpose (0.00s)

Finalization:
  * HAP solving (0.00s)
  * HAP update (0.00s)
  * H2V transpose (0.00s)
  * VCF/BCF writing [N=93 / L=580] (0.04s)
  * Indexing files
  * Total running time = 0 seconds
