PLINK v1.90b7.2 64-bit (11 Dec 2023)
Options in effect:
  --make-bed
  --out /home/aftimo/Documents/practiques/Documents_Elias/IntroMasterAdria/Execute/Results_Beagle/Shapeit_Phase/Rep_3/R2/HsInv0266/0.70/EUR_Imp
  --vcf /home/aftimo/Documents/practiques/Documents_Elias/IntroMasterAdria/Execute/Results_Beagle/Shapeit_Phase/Rep_3/R2/HsInv0266/0.70/EUR_Imp.vcf

Hostname: aftimo
Working directory: /home/aftimo/Documents/practiques/Documents_Elias/IntroMasterAdria/Execute
Start time: Mon Jun 17 15:29:04 2024

Random number seed: 1718630944
31827 MB RAM detected; reserving 15913 MB for main workspace.
--vcf:
/home/aftimo/Documents/practiques/Documents_Elias/IntroMasterAdria/Execute/Results_Beagle/Shapeit_Phase/Rep_3/R2/HsInv0266/0.70/EUR_Imp-temporary.bed
+
/home/aftimo/Documents/practiques/Documents_Elias/IntroMasterAdria/Execute/Results_Beagle/Shapeit_Phase/Rep_3/R2/HsInv0266/0.70/EUR_Imp-temporary.bim
+
/home/aftimo/Documents/practiques/Documents_Elias/IntroMasterAdria/Execute/Results_Beagle/Shapeit_Phase/Rep_3/R2/HsInv0266/0.70/EUR_Imp-temporary.fam
written.
1 variant loaded from .bim file.
176 people (0 males, 0 females, 176 ambiguous) loaded from .fam.
Ambiguous sex IDs written to
/home/aftimo/Documents/practiques/Documents_Elias/IntroMasterAdria/Execute/Results_Beagle/Shapeit_Phase/Rep_3/R2/HsInv0266/0.70/EUR_Imp.nosex
.
Using 1 thread (no multithreaded calculations invoked).
Before main variant filters, 176 founders and 0 nonfounders present.
Calculating allele frequencies... done.
Total genotyping rate is exactly 1.
1 variant and 176 people pass filters and QC.
Note: No phenotypes present.
--make-bed to
/home/aftimo/Documents/practiques/Documents_Elias/IntroMasterAdria/Execute/Results_Beagle/Shapeit_Phase/Rep_3/R2/HsInv0266/0.70/EUR_Imp.bed
+
/home/aftimo/Documents/practiques/Documents_Elias/IntroMasterAdria/Execute/Results_Beagle/Shapeit_Phase/Rep_3/R2/HsInv0266/0.70/EUR_Imp.bim
+
/home/aftimo/Documents/practiques/Documents_Elias/IntroMasterAdria/Execute/Results_Beagle/Shapeit_Phase/Rep_3/R2/HsInv0266/0.70/EUR_Imp.fam
... done.

End time: Mon Jun 17 15:29:04 2024
