PLINK v1.90b7.2 64-bit (11 Dec 2023)
Options in effect:
  --make-bed
  --out /home/aftimo/Documents/practiques/Documents_Elias/IntroMasterAdria/Execute/Results_Impute5/Standard/Rep_4/R2/HsInv0209/0.90/EUR_Exp
  --vcf /home/aftimo/Documents/practiques/Documents_Elias/IntroMasterAdria/Execute/Results_Impute5/Standard/Rep_4/R2/HsInv0209/0.90/EUR_Exp.vcf

Hostname: aftimo
Working directory: /home/aftimo/Documents/practiques/Documents_Elias/IntroMasterAdria/Execute
Start time: Mon Jun 17 15:03:25 2024

Random number seed: 1718629405
31827 MB RAM detected; reserving 15913 MB for main workspace.
--vcf:
/home/aftimo/Documents/practiques/Documents_Elias/IntroMasterAdria/Execute/Results_Impute5/Standard/Rep_4/R2/HsInv0209/0.90/EUR_Exp-temporary.bed
+
/home/aftimo/Documents/practiques/Documents_Elias/IntroMasterAdria/Execute/Results_Impute5/Standard/Rep_4/R2/HsInv0209/0.90/EUR_Exp-temporary.bim
+
/home/aftimo/Documents/practiques/Documents_Elias/IntroMasterAdria/Execute/Results_Impute5/Standard/Rep_4/R2/HsInv0209/0.90/EUR_Exp-temporary.fam
written.
1 variant loaded from .bim file.
178 people (0 males, 0 females, 178 ambiguous) loaded from .fam.
Ambiguous sex IDs written to
/home/aftimo/Documents/practiques/Documents_Elias/IntroMasterAdria/Execute/Results_Impute5/Standard/Rep_4/R2/HsInv0209/0.90/EUR_Exp.nosex
.
Using 1 thread (no multithreaded calculations invoked).
Before main variant filters, 178 founders and 0 nonfounders present.
Calculating allele frequencies... done.
Total genotyping rate is exactly 1.
1 variant and 178 people pass filters and QC.
Note: No phenotypes present.
--make-bed to
/home/aftimo/Documents/practiques/Documents_Elias/IntroMasterAdria/Execute/Results_Impute5/Standard/Rep_4/R2/HsInv0209/0.90/EUR_Exp.bed
+
/home/aftimo/Documents/practiques/Documents_Elias/IntroMasterAdria/Execute/Results_Impute5/Standard/Rep_4/R2/HsInv0209/0.90/EUR_Exp.bim
+
/home/aftimo/Documents/practiques/Documents_Elias/IntroMasterAdria/Execute/Results_Impute5/Standard/Rep_4/R2/HsInv0209/0.90/EUR_Exp.fam
... done.

End time: Mon Jun 17 15:03:25 2024
