PLINK v1.90b7.2 64-bit (11 Dec 2023)
Options in effect:
  --bfile /home/aftimo/Documents/practiques/Documents_Elias/IntroMasterAdria/Execute/Results_Minimac4/Shapeit_Phase/Rep_2/R2/HsInv0193/0.95/AFR_Exp
  --bmerge /home/aftimo/Documents/practiques/Documents_Elias/IntroMasterAdria/Execute/Results_Minimac4/Shapeit_Phase/Rep_2/R2/HsInv0193/0.95/AFR_Imp
  --merge-mode 6
  --out /home/aftimo/Documents/practiques/Documents_Elias/IntroMasterAdria/Execute/Results_Minimac4/Shapeit_Phase/Rep_2/R2/HsInv0193/0.95/AFR

Hostname: aftimo
Working directory: /home/aftimo/Documents/practiques/Documents_Elias/IntroMasterAdria/Execute
Start time: Mon Jun 17 15:43:17 2024

Random number seed: 1718631797
31827 MB RAM detected; reserving 15913 MB for main workspace.
49 people loaded from
/home/aftimo/Documents/practiques/Documents_Elias/IntroMasterAdria/Execute/Results_Minimac4/Shapeit_Phase/Rep_2/R2/HsInv0193/0.95/AFR_Exp.fam.
49 people to be merged from
/home/aftimo/Documents/practiques/Documents_Elias/IntroMasterAdria/Execute/Results_Minimac4/Shapeit_Phase/Rep_2/R2/HsInv0193/0.95/AFR_Imp.fam.
Of these, 0 are new, while 49 are present in the base dataset.
1 marker loaded from
/home/aftimo/Documents/practiques/Documents_Elias/IntroMasterAdria/Execute/Results_Minimac4/Shapeit_Phase/Rep_2/R2/HsInv0193/0.95/AFR_Exp.bim.
1 marker to be merged from
/home/aftimo/Documents/practiques/Documents_Elias/IntroMasterAdria/Execute/Results_Minimac4/Shapeit_Phase/Rep_2/R2/HsInv0193/0.95/AFR_Imp.bim.
Of these, 0 are new, while 1 is present in the base dataset.
Performing 1-pass diff (mode 6), writing results to
/home/aftimo/Documents/practiques/Documents_Elias/IntroMasterAdria/Execute/Results_Minimac4/Shapeit_Phase/Rep_2/R2/HsInv0193/0.95/AFR.diff
.
49 overlapping calls, 49 nonmissing in both filesets.
49 concordant, for a concordance rate of 1.

End time: Mon Jun 17 15:43:17 2024
