
[SHAPEIT5] Phase_rare (phase rare variants onto a haplotype scaffold)
  * Authors       : Simone RUBINACCI & Olivier DELANEAU, University of Lausanne
  * Contact       : simone.rubinacci@unil.ch & olivier.delaneau@gmail.com
  * Version       : 5.1.1 / commit = 990ed0d / release = 2023-05-08
  * Run date      : 19/04/2024 - 11:39:02

Files:
  * Unphased data : [/home/aftimo/Documents/practiques/Documents_Elias/IntroMasterAdria/Execute/../VCFs/Inversion_Regions/Shapeit_Phase/HsInv0410/RegionAnnotated.bcf]
  * Scaffold data : [/home/aftimo/Documents/practiques/Documents_Elias/IntroMasterAdria/Execute/../VCFs/Inversion_Regions/Shapeit_Phase/HsInv0410/RegionScaffold.bcf]
  * Genetic Map   : [/home/aftimo/Documents/practiques/Documents_Elias/IntroMasterAdria/Execute/../VCFs/30X/Maps/chrX.b38.gmap.gz]
  * Output data   : [/home/aftimo/Documents/practiques/Documents_Elias/IntroMasterAdria/Execute/../VCFs/Inversion_Regions/Shapeit_Phase/HsInv0410/RegionPhased.bcf]
  * Output LOG    : [/home/aftimo/Documents/practiques/Documents_Elias/IntroMasterAdria/Execute/../VCFs/Inversion_Regions/Shapeit_Phase/HsInv0410/OutputRare.log]

Parameters:
  * Seed    : 15052011
  * Threads : 5 threads
  * PBWT    : [depth = 2,2 / modulo = 0.005 / mac = 2 / mdr = 0.1]
  * HMM     : [Ne = 15000 / Recombination rates given by genetic map]

Parsing specified genomic regions
  * Scaffold region  [X:47890927-48296978]
  * Input region  [X:47890927-48296978]

Reading genotype data
  * BCF scanning (0.02s)
      + Variant sites: [#scaffold=795 | #rare=2174 | #all=2969]
      + 795 variants found in both files [priority to scaffold]
  * HAP allocation [#scaffold=795 / #samples=316] (0.00s)
  * Genotype set allocation [#rare=2174 / #samples=316] (0.00s)
  * Plain VCF/BCF parsing (0.04s)
      + Scaffold : [0/0=132154 0/1=43442 1/1=75624]
      + Rare     : [0/0=643306 0/1=9397 1/1=34281 ./.=0]

Mapping Haploid samples
  * PED file parsing [n=1599]
  * #haploids=0 / #diploids=316
  * #reset_hets=0 (-nan% of minor allele genotypes)

Initializing sparse genotypes
  * 0 missing genotypes imputed at monomorphic sites
  * Genotype set transpose V2I (0.00s)

Setting up genetic map
  * GMAP parsing [n=89236] (0.08s)
  * cM interpolation [s=202 / i=2767] (0.00s)
  * Region length [405817 bp / 0.4 cM]
  * HMM parameters [Ne=15000 / Error=0.0001]
  * V2H transpose (0.00s)

PBWT pass
  * PBWT initialization [#eval=795 / #select=48] (0.00s)
  * IBD2 constraints [#inds=1 / #pairs=1] (0.01s)
  * PBWT forward selection (0.04s)
  * PBWT backward selection (0.04s)
      + #states=74.93+/-25.67
      + #collisions = 97905 / #pushes = 23509 / rate = 19.36%

HMM computations
  * Processing (0.15s)
  * Genotype set transpose merge I2V [n=96] (0.00s)
  * Solving summary:
      + #Hets=9397 / Phased by HMM=9301, PED=0, SING=96
      + #Miss=0 / Imputed by HMM=0, PED=0, MONO=0

Finalization:
  * BCF writing [Compressed / N=316 / L=2969] (0.07s)
  * Indexing [/home/aftimo/Documents/practiques/Documents_Elias/IntroMasterAdria/Execute/../VCFs/Inversion_Regions/Shapeit_Phase/HsInv0410/RegionPhased.bcf]
  * Total running time = 0 seconds
