
[SHAPEIT5] Phase_rare (phase rare variants onto a haplotype scaffold)
  * Authors       : Simone RUBINACCI & Olivier DELANEAU, University of Lausanne
  * Contact       : simone.rubinacci@unil.ch & olivier.delaneau@gmail.com
  * Version       : 5.1.1 / commit = 990ed0d / release = 2023-05-08
  * Run date      : 19/04/2024 - 11:40:44

Files:
  * Unphased data : [/home/aftimo/Documents/practiques/Documents_Elias/IntroMasterAdria/Execute/../VCFs/Inversion_Regions/Shapeit_Phase/HsInv0403/RegionAnnotated.bcf]
  * Scaffold data : [/home/aftimo/Documents/practiques/Documents_Elias/IntroMasterAdria/Execute/../VCFs/Inversion_Regions/Shapeit_Phase/HsInv0403/RegionScaffold.bcf]
  * Genetic Map   : [/home/aftimo/Documents/practiques/Documents_Elias/IntroMasterAdria/Execute/../VCFs/30X/Maps/chrX.b38.gmap.gz]
  * Output data   : [/home/aftimo/Documents/practiques/Documents_Elias/IntroMasterAdria/Execute/../VCFs/Inversion_Regions/Shapeit_Phase/HsInv0403/RegionPhased.bcf]
  * Output LOG    : [/home/aftimo/Documents/practiques/Documents_Elias/IntroMasterAdria/Execute/../VCFs/Inversion_Regions/Shapeit_Phase/HsInv0403/OutputRare.log]

Parameters:
  * Seed    : 15052011
  * Threads : 5 threads
  * PBWT    : [depth = 2,2 / modulo = 0.005 / mac = 2 / mdr = 0.1]
  * HMM     : [Ne = 15000 / Recombination rates given by genetic map]

Parsing specified genomic regions
  * Scaffold region  [X:75941830-76353279]
  * Input region  [X:75941830-76353279]

Reading genotype data
  * BCF scanning (0.06s)
      + Variant sites: [#scaffold=1482 | #rare=2472 | #all=3954]
      + 1482 variants found in both files [priority to scaffold]
  * HAP allocation [#scaffold=1482 / #samples=514] (0.00s)
  * Genotype set allocation [#rare=2472 / #samples=514] (0.00s)
  * Plain VCF/BCF parsing (0.07s)
      + Scaffold : [0/0=459138 0/1=79284 1/1=223326]
      + Rare     : [0/0=1249144 0/1=9025 1/1=12439 ./.=0]

Mapping Haploid samples
  * PED file parsing [n=1599]
  * #haploids=0 / #diploids=514
  * #reset_hets=0 (-nan% of minor allele genotypes)

Initializing sparse genotypes
  * 0 missing genotypes imputed at monomorphic sites
  * Genotype set transpose V2I (0.00s)

Setting up genetic map
  * GMAP parsing [n=89236] (0.08s)
  * cM interpolation [s=234 / i=3720] (0.00s)
  * Region length [411104 bp / 0.0 cM]
  * HMM parameters [Ne=15000 / Error=0.0001]
  * V2H transpose (0.00s)

PBWT pass
  * PBWT initialization [#eval=1482 / #select=10] (0.00s)
  * IBD2 constraints [#inds=36 / #pairs=49] (0.02s)
  * PBWT forward selection (0.02s)
  * PBWT backward selection (0.03s)
      + #states=54.99+/-10.72
      + #collisions = 24346 / #pushes = 16794 / rate = 40.82%

HMM computations
  * Processing (0.30s)
  * Genotype set transpose merge I2V [n=166] (0.00s)
  * Solving summary:
      + #Hets=9025 / Phased by HMM=8859, PED=0, SING=166
      + #Miss=0 / Imputed by HMM=0, PED=0, MONO=0

Finalization:
  * BCF writing [Compressed / N=514 / L=3954] (0.09s)
  * Indexing [/home/aftimo/Documents/practiques/Documents_Elias/IntroMasterAdria/Execute/../VCFs/Inversion_Regions/Shapeit_Phase/HsInv0403/RegionPhased.bcf]
  * Total running time = 0 seconds
