beagle.22Jul22.46e.jar (version 5.4)
Copyright (C) 2014-2022 Brian L. Browning
Enter "java -jar beagle.22Jul22.46e.jar" to list command line argument
Start time: 11:05 AM CEST on 18 Apr 2024

Command line: java -Xmx7960m -jar beagle.22Jul22.46e.jar
  gt=/home/aftimo/Documents/practiques/Documents_Elias/IntroMasterAdria/Execute/../VCFs/Inversion_Regions/Standard/HsInv0209/RegionFilled.vcf
  out=/home/aftimo/Documents/practiques/Documents_Elias/IntroMasterAdria/Execute/../VCFs/Inversion_Regions/Standard/HsInv0209/Output
  map=/home/aftimo/Documents/practiques/Documents_Elias/IntroMasterAdria/Execute/../VCFs/30X/Maps/plink.chr11.GRCh38.map
  nthreads=20

Reference samples:                    0
Study     samples:                  515

Window 1 [11:71364863-71783717]
Study     markers:                7,350

Burnin  iteration 1:           48 seconds
Burnin  iteration 2:           20 seconds
Burnin  iteration 3:           16 seconds

Estimated ne:                  723706
Estimated err:                 6.4e-04

Phasing iteration 1:           5 seconds
Phasing iteration 2:           5 seconds
Phasing iteration 3:           3 seconds
Phasing iteration 4:           3 seconds
Phasing iteration 5:           3 seconds
Phasing iteration 6:           3 seconds
Phasing iteration 7:           2 seconds
Phasing iteration 8:           2 seconds
Phasing iteration 9:           2 seconds
Phasing iteration 10:          2 seconds
Phasing iteration 11:          2 seconds
Phasing iteration 12:          2 seconds

Cumulative Statistics:

Study     markers:                7,350

Haplotype phasing time:        1 minute 59 seconds
Total time:                    2 minutes 18 seconds

End time: 11:08 AM CEST on 18 Apr 2024
beagle.22Jul22.46e.jar finished
