
[SHAPEIT5] Phase_rare (phase rare variants onto a haplotype scaffold)
  * Authors       : Simone RUBINACCI & Olivier DELANEAU, University of Lausanne
  * Contact       : simone.rubinacci@unil.ch & olivier.delaneau@gmail.com
  * Version       : 5.1.1 / commit = 990ed0d / release = 2023-05-08
  * Run date      : 19/04/2024 - 11:39:35

Files:
  * Unphased data : [/home/aftimo/Documents/practiques/Documents_Elias/IntroMasterAdria/Execute/../VCFs/Inversion_Regions/Shapeit_Phase/HsInv0830/RegionAnnotated.bcf]
  * Scaffold data : [/home/aftimo/Documents/practiques/Documents_Elias/IntroMasterAdria/Execute/../VCFs/Inversion_Regions/Shapeit_Phase/HsInv0830/RegionScaffold.bcf]
  * Genetic Map   : [/home/aftimo/Documents/practiques/Documents_Elias/IntroMasterAdria/Execute/../VCFs/30X/Maps/chrX.b38.gmap.gz]
  * Output data   : [/home/aftimo/Documents/practiques/Documents_Elias/IntroMasterAdria/Execute/../VCFs/Inversion_Regions/Shapeit_Phase/HsInv0830/RegionPhased.bcf]
  * Output LOG    : [/home/aftimo/Documents/practiques/Documents_Elias/IntroMasterAdria/Execute/../VCFs/Inversion_Regions/Shapeit_Phase/HsInv0830/OutputRare.log]

Parameters:
  * Seed    : 15052011
  * Threads : 5 threads
  * PBWT    : [depth = 2,2 / modulo = 0.005 / mac = 2 / mdr = 0.1]
  * HMM     : [Ne = 15000 / Recombination rates given by genetic map]

Parsing specified genomic regions
  * Scaffold region  [X:154355685-154848782]
  * Input region  [X:154355685-154848782]

Reading genotype data
  * BCF scanning (0.01s)
      + Variant sites: [#scaffold=636 | #rare=622 | #all=1258]
      + 636 variants found in both files [priority to scaffold]
  * HAP allocation [#scaffold=636 / #samples=93] (0.00s)
  * Genotype set allocation [#rare=622 / #samples=93] (0.00s)
  * Plain VCF/BCF parsing (0.02s)
      + Scaffold : [0/0=38834 0/1=5295 1/1=15019]
      + Rare     : [0/0=55491 0/1=1269 1/1=1086 ./.=0]

Mapping Haploid samples
  * PED file parsing [n=1599]
  * #haploids=0 / #diploids=93
  * #reset_hets=0 (-nan% of minor allele genotypes)

Initializing sparse genotypes
  * 0 missing genotypes imputed at monomorphic sites
  * Genotype set transpose V2I (0.00s)

Setting up genetic map
  * GMAP parsing [n=89236] (0.07s)
  * cM interpolation [s=138 / i=1120] (0.00s)
  * Region length [492978 bp / 0.2 cM]
  * HMM parameters [Ne=15000 / Error=0.0001]
  * V2H transpose (0.00s)

PBWT pass
  * PBWT initialization [#eval=636 / #select=39] (0.00s)
  * IBD2 constraints [#inds=1 / #pairs=1] (0.00s)
  * PBWT forward selection (0.00s)
  * PBWT backward selection (0.00s)
      + #states=52.57+/-9.06
      + #collisions = 20206 / #pushes = 8888 / rate = 30.55%

HMM computations
  * Processing (0.03s)
  * Genotype set transpose merge I2V [n=15] (0.00s)
  * Solving summary:
      + #Hets=1269 / Phased by HMM=1254, PED=0, SING=15
      + #Miss=0 / Imputed by HMM=0, PED=0, MONO=0

Finalization:
  * BCF writing [Compressed / N=93 / L=1258] (0.02s)
  * Indexing [/home/aftimo/Documents/practiques/Documents_Elias/IntroMasterAdria/Execute/../VCFs/Inversion_Regions/Shapeit_Phase/HsInv0830/RegionPhased.bcf]
  * Total running time = 0 seconds
