
[SHAPEIT5] phase_common (jointly phase multiple common markers)
  * Author        : Olivier DELANEAU, University of Lausanne
  * Contact       : olivier.delaneau@gmail.com
  * Version       : 5.1.1 / commit = 990ed0d / release = 2023-05-08
  * Run date      : 19/04/2024 - 11:39:34

Files:
  * Input         : [/home/aftimo/Documents/practiques/Documents_Elias/IntroMasterAdria/Execute/../VCFs/Inversion_Regions/Shapeit_Phase/HsInv0830/RegionAnnotated.bcf]
  * Haploids      : [/home/aftimo/Documents/practiques/Documents_Elias/IntroMasterAdria/Execute/../VCFs/Inversion_Regions/Shapeit_Phase/HsInv0830/male_samples.txt]
  * Genetic Map   : [/home/aftimo/Documents/practiques/Documents_Elias/IntroMasterAdria/Execute/../VCFs/30X/Maps/chrX.b38.gmap.gz]
  * Output        : [/home/aftimo/Documents/practiques/Documents_Elias/IntroMasterAdria/Execute/../VCFs/Inversion_Regions/Shapeit_Phase/HsInv0830/RegionScaffold.bcf]
  * Output format : [bcf]
  * Output LOG    : [/home/aftimo/Documents/practiques/Documents_Elias/IntroMasterAdria/Execute/../VCFs/Inversion_Regions/Shapeit_Phase/HsInv0830/OutputCommon.log]

Parameters:
  * Seed    : 15052011
  * Threads : 5 threads
  * MCMC    : 15 iterations [5b + 1p + 1b + 1p + 1b + 1p + 5m]
  * PBWT    : [window = 4cM / depth = auto / modulo = auto / mac = 5 / missing = 0.1]
  * HMM     : [window = 4cM / Ne = 15000 / Recombination rates given by genetic map]
  * FILTERS : [snp only = 0 / MAF = 0.05]

Reading genotype data:
  * VCF/BCF scanning done (0.03s)
      + Variants [#sites=636 / region=X:154355685-154848782]
         - 622 sites removed in main panel [below MAF threshold]
      + Samples [#target=93 / #reference=0]
  * VCF/BCF parsing done (0.04s)
      + Genotypes [0/0=65.656%, 0/1=8.952%, 1/1=25.392%, ./.=0.000%, 0|1=0.000%]
  * Haploid parsing [n=1599] (0.00s)
  * Haploid sample mapping (0.00s)
      + #haploids = 0 / #diploids = 93
      + Hets set as missing: n=0 (-nan%)

Setting up genetic map:
  * GMAP parsing [n=89236] (0.07s)
  * cM interpolation [s=107 / i=529] (0.00s)
  * Region length [492488 bp / 0.2 cM]
  * HMM parameters [Ne=15000 / Error=0.0001 / #rare=0]

Initializing data structures:
  * Impute monomorphic [n=0] (0.00s)
  * HAP update (0.00s)
  * H2V transpose (0.00s)
  * PBWT parameters auto setting : [modulo = 0.016 / depth = 7]
  * PBWT initialization [#eval=636 / #select=13 / #chunk=1] (0.00s)
  * PBWT phasing sweep (0.01s)
  * Build genotype graphs [seg=1830] (0.00s)

Burn-in iteration [1/5]
  * PBWT selection (0.00s)
  * HMM computations [K=73.8+/-12.0 / W=0.49Mb / US=0 / UP=0] (0.03s)
  * IBD2 tracks [#inds=3 / #tracks=3 / #merged = 0]
  * HAP update (0.00s)
  * H2V transpose (0.00s)

Burn-in iteration [2/5]
  * PBWT selection (0.01s)
  * HMM computations [K=72.7+/-11.2 / W=0.49Mb / US=0 / UP=0] (0.03s)
  * IBD2 tracks [#inds=3 / #tracks=3 / #merged = 0]
  * HAP update (0.00s)
  * H2V transpose (0.00s)

Burn-in iteration [3/5]
  * PBWT selection (0.01s)
  * HMM computations [K=68.8+/-12.2 / W=0.49Mb / US=0 / UP=0] (0.03s)
  * IBD2 tracks [#inds=3 / #tracks=3 / #merged = 0]
  * HAP update (0.00s)
  * H2V transpose (0.00s)

Burn-in iteration [4/5]
  * PBWT selection (0.02s)
  * HMM computations [K=70.5+/-10.6 / W=0.49Mb / US=0 / UP=0] (0.03s)
  * IBD2 tracks [#inds=3 / #tracks=3 / #merged = 0]
  * HAP update (0.00s)
  * H2V transpose (0.00s)

Burn-in iteration [5/5]
  * PBWT selection (0.01s)
  * HMM computations [K=72.8+/-10.0 / W=0.49Mb / US=0 / UP=0] (0.02s)
  * IBD2 tracks [#inds=3 / #tracks=3 / #merged = 0]
  * HAP update (0.00s)
  * H2V transpose (0.00s)

Pruning iteration [1/1]
  * PBWT selection (0.01s)
  * HMM computations [K=76.9+/-10.7 / W=0.49Mb / US=0 / UP=0] (0.03s)
  * IBD2 tracks [#inds=3 / #tracks=3 / #merged = 0]
  * HAP update (0.00s)
  * H2V transpose (0.00s)
  * Trimming [pc=40.00%]

Burn-in iteration [1/1]
  * PBWT selection (0.00s)
  * HMM computations [K=71.0+/-12.3 / W=0.49Mb / US=0 / UP=0] (0.03s)
  * IBD2 tracks [#inds=3 / #tracks=3 / #merged = 0]
  * HAP update (0.00s)
  * H2V transpose (0.00s)

Pruning iteration [1/1]
  * PBWT selection (0.00s)
  * HMM computations [K=72.6+/-10.8 / W=0.49Mb / US=0 / UP=0] (0.03s)
  * IBD2 tracks [#inds=3 / #tracks=3 / #merged = 0]
  * HAP update (0.00s)
  * H2V transpose (0.00s)
  * Trimming [pc=61.04%]

Burn-in iteration [1/1]
  * PBWT selection (0.01s)
  * HMM computations [K=71.7+/-10.8 / W=0.49Mb / US=0 / UP=0] (0.03s)
  * IBD2 tracks [#inds=3 / #tracks=3 / #merged = 0]
  * HAP update (0.00s)
  * H2V transpose (0.00s)

Pruning iteration [1/1]
  * PBWT selection (0.01s)
  * HMM computations [K=72.3+/-11.3 / W=0.49Mb / US=0 / UP=0] (0.01s)
  * IBD2 tracks [#inds=3 / #tracks=3 / #merged = 0]
  * HAP update (0.00s)
  * H2V transpose (0.00s)
  * Trimming [pc=72.90%]

Main iteration [1/5]
  * PBWT selection (0.00s)
  * HMM computations [K=71.2+/-11.9 / W=0.49Mb / US=0 / UP=0] (0.02s)
  * IBD2 tracks [#inds=3 / #tracks=3 / #merged = 0]
  * HAP update (0.00s)
  * H2V transpose (0.00s)

Main iteration [2/5]
  * PBWT selection (0.02s)
  * HMM computations [K=72.8+/-11.1 / W=0.49Mb / US=0 / UP=0] (0.02s)
  * IBD2 tracks [#inds=3 / #tracks=3 / #merged = 0]
  * HAP update (0.00s)
  * H2V transpose (0.00s)

Main iteration [3/5]
  * PBWT selection (0.00s)
  * HMM computations [K=73.8+/-10.8 / W=0.49Mb / US=0 / UP=0] (0.02s)
  * IBD2 tracks [#inds=3 / #tracks=3 / #merged = 0]
  * HAP update (0.00s)
  * H2V transpose (0.00s)

Main iteration [4/5]
  * PBWT selection (0.00s)
  * HMM computations [K=72.6+/-11.6 / W=0.49Mb / US=0 / UP=0] (0.02s)
  * IBD2 tracks [#inds=3 / #tracks=3 / #merged = 0]
  * HAP update (0.00s)
  * H2V transpose (0.00s)

Main iteration [5/5]
  * PBWT selection (0.01s)
  * HMM computations [K=74.2+/-12.0 / W=0.49Mb / US=0 / UP=0] (0.02s)
  * IBD2 tracks [#inds=3 / #tracks=3 / #merged = 0]
  * HAP update (0.00s)
  * H2V transpose (0.00s)

Finalization:
  * HAP solving (0.00s)
  * HAP update (0.00s)
  * H2V transpose (0.00s)
  * VCF/BCF writing [N=93 / L=636] (0.05s)
  * Indexing files
  * Total running time = 0 seconds
