
[SHAPEIT5] phase_common (jointly phase multiple common markers)
  * Author        : Olivier DELANEAU, University of Lausanne
  * Contact       : olivier.delaneau@gmail.com
  * Version       : 5.1.1 / commit = 990ed0d / release = 2023-05-08
  * Run date      : 19/04/2024 - 11:39:28

Files:
  * Input         : [/home/aftimo/Documents/practiques/Documents_Elias/IntroMasterAdria/Execute/../VCFs/Inversion_Regions/Shapeit_Phase/HsInv0382/RegionAnnotated.bcf]
  * Haploids      : [/home/aftimo/Documents/practiques/Documents_Elias/IntroMasterAdria/Execute/../VCFs/Inversion_Regions/Shapeit_Phase/HsInv0382/male_samples.txt]
  * Genetic Map   : [/home/aftimo/Documents/practiques/Documents_Elias/IntroMasterAdria/Execute/../VCFs/30X/Maps/chr20.b38.gmap.gz]
  * Output        : [/home/aftimo/Documents/practiques/Documents_Elias/IntroMasterAdria/Execute/../VCFs/Inversion_Regions/Shapeit_Phase/HsInv0382/RegionScaffold.bcf]
  * Output format : [bcf]
  * Output LOG    : [/home/aftimo/Documents/practiques/Documents_Elias/IntroMasterAdria/Execute/../VCFs/Inversion_Regions/Shapeit_Phase/HsInv0382/OutputCommon.log]

Parameters:
  * Seed    : 15052011
  * Threads : 5 threads
  * MCMC    : 15 iterations [5b + 1p + 1b + 1p + 1b + 1p + 5m]
  * PBWT    : [window = 4cM / depth = auto / modulo = auto / mac = 5 / missing = 0.1]
  * HMM     : [window = 4cM / Ne = 15000 / Recombination rates given by genetic map]
  * FILTERS : [snp only = 0 / MAF = 0.05]

Reading genotype data:
  * VCF/BCF scanning done (0.01s)
      + Variants [#sites=1611 / region=20:25552457-26303777]
         - 2169 sites removed in main panel [below MAF threshold]
      + Samples [#target=86 / #reference=0]
  * VCF/BCF parsing done (0.03s)
      + Genotypes [0/0=62.790%, 0/1=25.174%, 1/1=12.036%, ./.=0.000%, 0|1=0.000%]
  * Haploid parsing [n=1599] (0.00s)
  * Haploid sample mapping (0.00s)
      + #haploids = 0 / #diploids = 86
      + Hets set as missing: n=0 (-nan%)

Setting up genetic map:
  * GMAP parsing [n=82942] (0.08s)
  * cM interpolation [s=277 / i=1334] (0.00s)
  * Region length [750933 bp / 0.1 cM]
  * HMM parameters [Ne=15000 / Error=0.0001 / #rare=0]

Initializing data structures:
  * Impute monomorphic [n=0] (0.00s)
  * HAP update (0.00s)
  * H2V transpose (0.00s)
  * PBWT parameters auto setting : [modulo = 0.015 / depth = 7]
  * PBWT initialization [#eval=1611 / #select=6 / #chunk=1] (0.00s)
  * PBWT phasing sweep (0.04s)
  * Build genotype graphs [seg=11651] (0.00s)

Burn-in iteration [1/5]
  * PBWT selection (0.02s)
  * HMM computations [K=46.9+/-6.6 / W=0.75Mb / US=0 / UP=0] (0.04s)
  * IBD2 tracks [#inds=17 / #tracks=32 / #merged = 0]
  * HAP update (0.00s)
  * H2V transpose (0.00s)

Burn-in iteration [2/5]
  * PBWT selection (0.01s)
  * HMM computations [K=47.6+/-6.7 / W=0.75Mb / US=0 / UP=0] (0.03s)
  * IBD2 tracks [#inds=17 / #tracks=36 / #merged = 0]
  * HAP update (0.00s)
  * H2V transpose (0.00s)

Burn-in iteration [3/5]
  * PBWT selection (0.01s)
  * HMM computations [K=50.6+/-7.1 / W=0.75Mb / US=0 / UP=0] (0.03s)
  * IBD2 tracks [#inds=17 / #tracks=39 / #merged = 0]
  * HAP update (0.00s)
  * H2V transpose (0.00s)

Burn-in iteration [4/5]
  * PBWT selection (0.00s)
  * HMM computations [K=50.1+/-7.3 / W=0.75Mb / US=0 / UP=0] (0.03s)
  * IBD2 tracks [#inds=17 / #tracks=42 / #merged = 0]
  * HAP update (0.00s)
  * H2V transpose (0.00s)

Burn-in iteration [5/5]
  * PBWT selection (0.01s)
  * HMM computations [K=49.7+/-8.3 / W=0.75Mb / US=0 / UP=0] (0.04s)
  * IBD2 tracks [#inds=17 / #tracks=42 / #merged = 0]
  * HAP update (0.00s)
  * H2V transpose (0.00s)

Pruning iteration [1/1]
  * PBWT selection (0.01s)
  * HMM computations [K=50.6+/-7.5 / W=0.75Mb / US=0 / UP=0] (0.05s)
  * IBD2 tracks [#inds=17 / #tracks=43 / #merged = 0]
  * HAP update (0.00s)
  * H2V transpose (0.00s)
  * Trimming [pc=42.37%]

Burn-in iteration [1/1]
  * PBWT selection (0.00s)
  * HMM computations [K=51.1+/-6.8 / W=0.75Mb / US=0 / UP=0] (0.04s)
  * IBD2 tracks [#inds=17 / #tracks=43 / #merged = 0]
  * HAP update (0.00s)
  * H2V transpose (0.00s)

Pruning iteration [1/1]
  * PBWT selection (0.00s)
  * HMM computations [K=51.0+/-7.5 / W=0.75Mb / US=0 / UP=0] (0.04s)
  * IBD2 tracks [#inds=17 / #tracks=43 / #merged = 0]
  * HAP update (0.00s)
  * H2V transpose (0.00s)
  * Trimming [pc=66.69%]

Burn-in iteration [1/1]
  * PBWT selection (0.00s)
  * HMM computations [K=49.6+/-7.9 / W=0.75Mb / US=0 / UP=0] (0.03s)
  * IBD2 tracks [#inds=17 / #tracks=43 / #merged = 0]
  * HAP update (0.00s)
  * H2V transpose (0.00s)

Pruning iteration [1/1]
  * PBWT selection (0.01s)
  * HMM computations [K=50.8+/-7.3 / W=0.75Mb / US=0 / UP=0] (0.03s)
  * IBD2 tracks [#inds=17 / #tracks=43 / #merged = 0]
  * HAP update (0.00s)
  * H2V transpose (0.00s)
  * Trimming [pc=79.18%]

Main iteration [1/5]
  * PBWT selection (0.02s)
  * HMM computations [K=49.5+/-7.0 / W=0.75Mb / US=0 / UP=0] (0.03s)
  * IBD2 tracks [#inds=17 / #tracks=43 / #merged = 0]
  * HAP update (0.00s)
  * H2V transpose (0.00s)

Main iteration [2/5]
  * PBWT selection (0.01s)
  * HMM computations [K=49.5+/-7.9 / W=0.75Mb / US=0 / UP=0] (0.03s)
  * IBD2 tracks [#inds=17 / #tracks=43 / #merged = 0]
  * HAP update (0.00s)
  * H2V transpose (0.00s)

Main iteration [3/5]
  * PBWT selection (0.00s)
  * HMM computations [K=50.3+/-7.8 / W=0.75Mb / US=0 / UP=0] (0.03s)
  * IBD2 tracks [#inds=17 / #tracks=43 / #merged = 0]
  * HAP update (0.00s)
  * H2V transpose (0.00s)

Main iteration [4/5]
  * PBWT selection (0.01s)
  * HMM computations [K=50.7+/-6.9 / W=0.75Mb / US=0 / UP=0] (0.03s)
  * IBD2 tracks [#inds=17 / #tracks=43 / #merged = 0]
  * HAP update (0.00s)
  * H2V transpose (0.00s)

Main iteration [5/5]
  * PBWT selection (0.00s)
  * HMM computations [K=49.5+/-7.6 / W=0.75Mb / US=0 / UP=0] (0.03s)
  * IBD2 tracks [#inds=17 / #tracks=43 / #merged = 0]
  * HAP update (0.00s)
  * H2V transpose (0.00s)

Finalization:
  * HAP solving (0.00s)
  * HAP update (0.00s)
  * H2V transpose (0.00s)
  * VCF/BCF writing [N=86 / L=1611] (0.04s)
  * Indexing files
  * Total running time = 0 seconds
