
[SHAPEIT5] Phase_rare (phase rare variants onto a haplotype scaffold)
  * Authors       : Simone RUBINACCI & Olivier DELANEAU, University of Lausanne
  * Contact       : simone.rubinacci@unil.ch & olivier.delaneau@gmail.com
  * Version       : 5.1.1 / commit = 990ed0d / release = 2023-05-08
  * Run date      : 19/04/2024 - 11:39:29

Files:
  * Unphased data : [/home/aftimo/Documents/practiques/Documents_Elias/IntroMasterAdria/Execute/../VCFs/Inversion_Regions/Shapeit_Phase/HsInv0382/RegionAnnotated.bcf]
  * Scaffold data : [/home/aftimo/Documents/practiques/Documents_Elias/IntroMasterAdria/Execute/../VCFs/Inversion_Regions/Shapeit_Phase/HsInv0382/RegionScaffold.bcf]
  * Genetic Map   : [/home/aftimo/Documents/practiques/Documents_Elias/IntroMasterAdria/Execute/../VCFs/30X/Maps/chr20.b38.gmap.gz]
  * Output data   : [/home/aftimo/Documents/practiques/Documents_Elias/IntroMasterAdria/Execute/../VCFs/Inversion_Regions/Shapeit_Phase/HsInv0382/RegionPhased.bcf]
  * Output LOG    : [/home/aftimo/Documents/practiques/Documents_Elias/IntroMasterAdria/Execute/../VCFs/Inversion_Regions/Shapeit_Phase/HsInv0382/OutputRare.log]

Parameters:
  * Seed    : 15052011
  * Threads : 5 threads
  * PBWT    : [depth = 2,2 / modulo = 0.005 / mac = 2 / mdr = 0.1]
  * HMM     : [Ne = 15000 / Recombination rates given by genetic map]

Parsing specified genomic regions
  * Scaffold region  [20:25552457-26303777]
  * Input region  [20:25552457-26303777]

Reading genotype data
  * BCF scanning (0.02s)
      + Variant sites: [#scaffold=1611 | #rare=2169 | #all=3780]
      + 1611 variants found in both files [priority to scaffold]
  * HAP allocation [#scaffold=1611 / #samples=86] (0.00s)
  * Genotype set allocation [#rare=2169 / #samples=86] (0.00s)
  * Plain VCF/BCF parsing (0.02s)
      + Scaffold : [0/0=86993 0/1=34877 1/1=16676]
      + Rare     : [0/0=175140 0/1=7384 1/1=4010 ./.=0]

Mapping Haploid samples
  * PED file parsing [n=1599]
  * #haploids=0 / #diploids=86
  * #reset_hets=0 (-nan% of minor allele genotypes)

Initializing sparse genotypes
  * 0 missing genotypes imputed at monomorphic sites
  * Genotype set transpose V2I (0.00s)

Setting up genetic map
  * GMAP parsing [n=82942] (0.06s)
  * cM interpolation [s=345 / i=3435] (0.00s)
  * Region length [750933 bp / 0.1 cM]
  * HMM parameters [Ne=15000 / Error=0.0001]
  * V2H transpose (0.00s)

PBWT pass
  * PBWT initialization [#eval=1611 / #select=16] (0.00s)
  * IBD2 constraints [#inds=0 / #pairs=0] (0.00s)
  * PBWT forward selection (0.01s)
  * PBWT backward selection (0.01s)
      + #states=67.50+/-12.06
      + #collisions = 5120 / #pushes = 5895 / rate = 53.52%

HMM computations
  * Processing (0.08s)
  * Genotype set transpose merge I2V [n=194] (0.00s)
  * Solving summary:
      + #Hets=7384 / Phased by HMM=7190, PED=0, SING=194
      + #Miss=0 / Imputed by HMM=0, PED=0, MONO=0

Finalization:
  * BCF writing [Compressed / N=86 / L=3780] (0.04s)
  * Indexing [/home/aftimo/Documents/practiques/Documents_Elias/IntroMasterAdria/Execute/../VCFs/Inversion_Regions/Shapeit_Phase/HsInv0382/RegionPhased.bcf]
  * Total running time = 0 seconds
