
[SHAPEIT5] phase_common (jointly phase multiple common markers)
  * Author        : Olivier DELANEAU, University of Lausanne
  * Contact       : olivier.delaneau@gmail.com
  * Version       : 5.1.1 / commit = 990ed0d / release = 2023-05-08
  * Run date      : 19/04/2024 - 11:39:32

Files:
  * Input         : [/home/aftimo/Documents/practiques/Documents_Elias/IntroMasterAdria/Execute/../VCFs/Inversion_Regions/Shapeit_Phase/HsInv0290/RegionAnnotated.bcf]
  * Haploids      : [/home/aftimo/Documents/practiques/Documents_Elias/IntroMasterAdria/Execute/../VCFs/Inversion_Regions/Shapeit_Phase/HsInv0290/male_samples.txt]
  * Genetic Map   : [/home/aftimo/Documents/practiques/Documents_Elias/IntroMasterAdria/Execute/../VCFs/30X/Maps/chr7.b38.gmap.gz]
  * Output        : [/home/aftimo/Documents/practiques/Documents_Elias/IntroMasterAdria/Execute/../VCFs/Inversion_Regions/Shapeit_Phase/HsInv0290/RegionScaffold.bcf]
  * Output format : [bcf]
  * Output LOG    : [/home/aftimo/Documents/practiques/Documents_Elias/IntroMasterAdria/Execute/../VCFs/Inversion_Regions/Shapeit_Phase/HsInv0290/OutputCommon.log]

Parameters:
  * Seed    : 15052011
  * Threads : 5 threads
  * MCMC    : 15 iterations [5b + 1p + 1b + 1p + 1b + 1p + 5m]
  * PBWT    : [window = 4cM / depth = auto / modulo = auto / mac = 5 / missing = 0.1]
  * HMM     : [window = 4cM / Ne = 15000 / Recombination rates given by genetic map]
  * FILTERS : [snp only = 0 / MAF = 0.05]

Reading genotype data:
  * VCF/BCF scanning done (0.05s)
      + Variants [#sites=5444 / region=7:5693638-7032887]
         - 6782 sites removed in main panel [below MAF threshold]
      + Samples [#target=94 / #reference=0]
  * VCF/BCF parsing done (0.06s)
      + Genotypes [0/0=58.209%, 0/1=25.544%, 1/1=16.247%, ./.=0.000%, 0|1=0.000%]
  * Haploid parsing [n=1599] (0.00s)
  * Haploid sample mapping (0.00s)
      + #haploids = 0 / #diploids = 94
      + Hets set as missing: n=0 (-nan%)

Setting up genetic map:
  * GMAP parsing [n=183805] (0.13s)
  * cM interpolation [s=686 / i=4758] (0.01s)
  * Region length [1338278 bp / 2.1 cM]
  * HMM parameters [Ne=15000 / Error=0.0001 / #rare=0]

Initializing data structures:
  * Impute monomorphic [n=0] (0.00s)
  * HAP update (0.01s)
  * H2V transpose (0.00s)
  * PBWT parameters auto setting : [modulo = 0.016 / depth = 7]
  * PBWT initialization [#eval=5444 / #select=131 / #chunk=1] (0.00s)
  * PBWT phasing sweep (0.03s)
  * Build genotype graphs [seg=43603] (0.01s)

Burn-in iteration [1/5]
  * PBWT selection (0.01s)
  * HMM computations [K=180.0+/-3.8 / W=1.34Mb / US=0 / UP=0] (0.31s)
  * IBD2 tracks [#inds=0 / #tracks=0 / #merged = 0]
  * HAP update (0.01s)
  * H2V transpose (0.00s)

Burn-in iteration [2/5]
  * PBWT selection (0.01s)
  * HMM computations [K=178.7+/-4.4 / W=1.34Mb / US=0 / UP=0] (0.32s)
  * IBD2 tracks [#inds=0 / #tracks=0 / #merged = 0]
  * HAP update (0.01s)
  * H2V transpose (0.00s)

Burn-in iteration [3/5]
  * PBWT selection (0.02s)
  * HMM computations [K=179.7+/-4.2 / W=1.34Mb / US=0 / UP=0] (0.31s)
  * IBD2 tracks [#inds=0 / #tracks=0 / #merged = 0]
  * HAP update (0.00s)
  * H2V transpose (0.00s)

Burn-in iteration [4/5]
  * PBWT selection (0.01s)
  * HMM computations [K=178.9+/-4.6 / W=1.34Mb / US=0 / UP=0] (0.32s)
  * IBD2 tracks [#inds=0 / #tracks=0 / #merged = 0]
  * HAP update (0.01s)
  * H2V transpose (0.00s)

Burn-in iteration [5/5]
  * PBWT selection (0.01s)
  * HMM computations [K=178.9+/-3.6 / W=1.34Mb / US=0 / UP=0] (0.32s)
  * IBD2 tracks [#inds=0 / #tracks=0 / #merged = 0]
  * HAP update (0.00s)
  * H2V transpose (0.00s)

Pruning iteration [1/1]
  * PBWT selection (0.02s)
  * HMM computations [K=178.9+/-4.6 / W=1.34Mb / US=0 / UP=0] (0.42s)
  * IBD2 tracks [#inds=0 / #tracks=0 / #merged = 0]
  * HAP update (0.00s)
  * H2V transpose (0.00s)
  * Trimming [pc=41.84%]

Burn-in iteration [1/1]
  * PBWT selection (0.01s)
  * HMM computations [K=178.8+/-4.5 / W=1.34Mb / US=0 / UP=0] (0.32s)
  * IBD2 tracks [#inds=0 / #tracks=0 / #merged = 0]
  * HAP update (0.00s)
  * H2V transpose (0.00s)

Pruning iteration [1/1]
  * PBWT selection (0.01s)
  * HMM computations [K=178.3+/-4.8 / W=1.34Mb / US=0 / UP=0] (0.36s)
  * IBD2 tracks [#inds=0 / #tracks=0 / #merged = 0]
  * HAP update (0.01s)
  * H2V transpose (0.00s)
  * Trimming [pc=65.22%]

Burn-in iteration [1/1]
  * PBWT selection (0.01s)
  * HMM computations [K=179.3+/-4.2 / W=1.34Mb / US=0 / UP=0] (0.34s)
  * IBD2 tracks [#inds=0 / #tracks=0 / #merged = 0]
  * HAP update (0.00s)
  * H2V transpose (0.00s)

Pruning iteration [1/1]
  * PBWT selection (0.01s)
  * HMM computations [K=178.5+/-5.2 / W=1.34Mb / US=0 / UP=0] (0.35s)
  * IBD2 tracks [#inds=0 / #tracks=0 / #merged = 0]
  * HAP update (0.00s)
  * H2V transpose (0.00s)
  * Trimming [pc=77.50%]

Main iteration [1/5]
  * PBWT selection (0.01s)
  * HMM computations [K=179.1+/-4.4 / W=1.34Mb / US=0 / UP=0] (0.28s)
  * IBD2 tracks [#inds=0 / #tracks=0 / #merged = 0]
  * HAP update (0.00s)
  * H2V transpose (0.00s)

Main iteration [2/5]
  * PBWT selection (0.01s)
  * HMM computations [K=178.6+/-4.7 / W=1.34Mb / US=0 / UP=0] (0.26s)
  * IBD2 tracks [#inds=0 / #tracks=0 / #merged = 0]
  * HAP update (0.00s)
  * H2V transpose (0.00s)

Main iteration [3/5]
  * PBWT selection (0.01s)
  * HMM computations [K=177.7+/-5.5 / W=1.34Mb / US=0 / UP=0] (0.27s)
  * IBD2 tracks [#inds=0 / #tracks=0 / #merged = 0]
  * HAP update (0.00s)
  * H2V transpose (0.00s)

Main iteration [4/5]
  * PBWT selection (0.01s)
  * HMM computations [K=178.5+/-5.1 / W=1.34Mb / US=0 / UP=0] (0.27s)
  * IBD2 tracks [#inds=0 / #tracks=0 / #merged = 0]
  * HAP update (0.01s)
  * H2V transpose (0.00s)

Main iteration [5/5]
  * PBWT selection (0.01s)
  * HMM computations [K=179.1+/-4.5 / W=1.34Mb / US=0 / UP=0] (0.25s)
  * IBD2 tracks [#inds=0 / #tracks=0 / #merged = 0]
  * HAP update (0.00s)
  * H2V transpose (0.00s)

Finalization:
  * HAP solving (0.01s)
  * HAP update (0.00s)
  * H2V transpose (0.00s)
  * VCF/BCF writing [N=94 / L=5444] (0.04s)
  * Indexing files
  * Total running time = 5 seconds
