
[SHAPEIT5] Phase_rare (phase rare variants onto a haplotype scaffold)
  * Authors       : Simone RUBINACCI & Olivier DELANEAU, University of Lausanne
  * Contact       : simone.rubinacci@unil.ch & olivier.delaneau@gmail.com
  * Version       : 5.1.1 / commit = 990ed0d / release = 2023-05-08
  * Run date      : 19/04/2024 - 11:39:38

Files:
  * Unphased data : [/home/aftimo/Documents/practiques/Documents_Elias/IntroMasterAdria/Execute/../VCFs/Inversion_Regions/Shapeit_Phase/HsInv0290/RegionAnnotated.bcf]
  * Scaffold data : [/home/aftimo/Documents/practiques/Documents_Elias/IntroMasterAdria/Execute/../VCFs/Inversion_Regions/Shapeit_Phase/HsInv0290/RegionScaffold.bcf]
  * Genetic Map   : [/home/aftimo/Documents/practiques/Documents_Elias/IntroMasterAdria/Execute/../VCFs/30X/Maps/chr7.b38.gmap.gz]
  * Output data   : [/home/aftimo/Documents/practiques/Documents_Elias/IntroMasterAdria/Execute/../VCFs/Inversion_Regions/Shapeit_Phase/HsInv0290/RegionPhased.bcf]
  * Output LOG    : [/home/aftimo/Documents/practiques/Documents_Elias/IntroMasterAdria/Execute/../VCFs/Inversion_Regions/Shapeit_Phase/HsInv0290/OutputRare.log]

Parameters:
  * Seed    : 15052011
  * Threads : 5 threads
  * PBWT    : [depth = 2,2 / modulo = 0.005 / mac = 2 / mdr = 0.1]
  * HMM     : [Ne = 15000 / Recombination rates given by genetic map]

Parsing specified genomic regions
  * Scaffold region  [7:5693638-7032887]
  * Input region  [7:5693638-7032887]

Reading genotype data
  * BCF scanning (0.09s)
      + Variant sites: [#scaffold=5444 | #rare=6782 | #all=12226]
      + 5444 variants found in both files [priority to scaffold]
  * HAP allocation [#scaffold=5444 / #samples=94] (0.00s)
  * Genotype set allocation [#rare=6782 / #samples=94] (0.00s)
  * Plain VCF/BCF parsing (0.09s)
      + Scaffold : [0/0=297876 0/1=130717 1/1=83143]
      + Rare     : [0/0=598777 0/1=25368 1/1=13363 ./.=0]

Mapping Haploid samples
  * PED file parsing [n=1599]
  * #haploids=0 / #diploids=94
  * #reset_hets=0 (-nan% of minor allele genotypes)

Initializing sparse genotypes
  * 0 missing genotypes imputed at monomorphic sites
  * Genotype set transpose V2I (0.00s)

Setting up genetic map
  * GMAP parsing [n=183805] (0.13s)
  * cM interpolation [s=837 / i=11389] (0.01s)
  * Region length [1338278 bp / 2.1 cM]
  * HMM parameters [Ne=15000 / Error=0.0001]
  * V2H transpose (0.00s)

PBWT pass
  * PBWT initialization [#eval=5444 / #select=365] (0.00s)
  * IBD2 constraints [#inds=0 / #pairs=0] (0.01s)
  * PBWT forward selection (0.04s)
  * PBWT backward selection (0.04s)
      + #states=162.22+/-10.34
      + #collisions = 199166 / #pushes = 75560 / rate = 27.50%

HMM computations
  * Processing (0.57s)
  * Genotype set transpose merge I2V [n=311] (0.00s)
  * Solving summary:
      + #Hets=25368 / Phased by HMM=25057, PED=0, SING=311
      + #Miss=0 / Imputed by HMM=0, PED=0, MONO=0

Finalization:
  * BCF writing [Compressed / N=94 / L=12226] (0.10s)
  * Indexing [/home/aftimo/Documents/practiques/Documents_Elias/IntroMasterAdria/Execute/../VCFs/Inversion_Regions/Shapeit_Phase/HsInv0290/RegionPhased.bcf]
  * Total running time = 1 seconds
