beagle.22Jul22.46e.jar (version 5.4)
Copyright (C) 2014-2022 Brian L. Browning
Enter "java -jar beagle.22Jul22.46e.jar" to list command line argument
Start time: 11:06 AM CEST on 18 Apr 2024

Command line: java -Xmx7960m -jar beagle.22Jul22.46e.jar
  gt=/home/aftimo/Documents/practiques/Documents_Elias/IntroMasterAdria/Execute/../VCFs/Inversion_Regions/Standard/HsInv0374/RegionFilled.vcf
  out=/home/aftimo/Documents/practiques/Documents_Elias/IntroMasterAdria/Execute/../VCFs/Inversion_Regions/Standard/HsInv0374/Output
  map=/home/aftimo/Documents/practiques/Documents_Elias/IntroMasterAdria/Execute/../VCFs/30X/Maps/plink.chr17.GRCh38.map
  nthreads=20

Reference samples:                    0
Study     samples:                  515

Window 1 [17:30416131-30831321]
Study     markers:                5,276

Burnin  iteration 1:           24 seconds
Burnin  iteration 2:           7 seconds

Estimated ne:                  2792901
Estimated err:                 9.1e-04

Phasing iteration 1:           2 seconds
Phasing iteration 2:           2 seconds
Phasing iteration 3:           1 second
Phasing iteration 4:           1 second
Phasing iteration 5:           1 second
Phasing iteration 6:           1 second
Phasing iteration 7:           1 second
Phasing iteration 8:           1 second
Phasing iteration 9:           1 second
Phasing iteration 10:          1 second
Phasing iteration 11:          1 second
Phasing iteration 12:          1 second
Low frequency phasing:         3 seconds

Cumulative Statistics:

Study     markers:                5,276

Haplotype phasing time:        50 seconds
Total time:                    1 minute 5 seconds

End time: 11:08 AM CEST on 18 Apr 2024
beagle.22Jul22.46e.jar finished
