
[SHAPEIT5] Phase_rare (phase rare variants onto a haplotype scaffold)
  * Authors       : Simone RUBINACCI & Olivier DELANEAU, University of Lausanne
  * Contact       : simone.rubinacci@unil.ch & olivier.delaneau@gmail.com
  * Version       : 5.1.1 / commit = 990ed0d / release = 2023-05-08
  * Run date      : 19/04/2024 - 11:40:00

Files:
  * Unphased data : [/home/aftimo/Documents/practiques/Documents_Elias/IntroMasterAdria/Execute/../VCFs/Inversion_Regions/Shapeit_Phase/HsInv0102/RegionAnnotated.bcf]
  * Scaffold data : [/home/aftimo/Documents/practiques/Documents_Elias/IntroMasterAdria/Execute/../VCFs/Inversion_Regions/Shapeit_Phase/HsInv0102/RegionScaffold.bcf]
  * Genetic Map   : [/home/aftimo/Documents/practiques/Documents_Elias/IntroMasterAdria/Execute/../VCFs/30X/Maps/chr4.b38.gmap.gz]
  * Output data   : [/home/aftimo/Documents/practiques/Documents_Elias/IntroMasterAdria/Execute/../VCFs/Inversion_Regions/Shapeit_Phase/HsInv0102/RegionPhased.bcf]
  * Output LOG    : [/home/aftimo/Documents/practiques/Documents_Elias/IntroMasterAdria/Execute/../VCFs/Inversion_Regions/Shapeit_Phase/HsInv0102/OutputRare.log]

Parameters:
  * Seed    : 15052011
  * Threads : 5 threads
  * PBWT    : [depth = 2,2 / modulo = 0.005 / mac = 2 / mdr = 0.1]
  * HMM     : [Ne = 15000 / Recombination rates given by genetic map]

Parsing specified genomic regions
  * Scaffold region  [4:40033407-40435440]
  * Input region  [4:40033407-40435440]

Reading genotype data
  * BCF scanning (0.06s)
      + Variant sites: [#scaffold=1529 | #rare=3715 | #all=5244]
      + 1529 variants found in both files [priority to scaffold]
  * HAP allocation [#scaffold=1529 / #samples=518] (0.00s)
  * Genotype set allocation [#rare=3715 / #samples=518] (0.00s)
  * Plain VCF/BCF parsing (0.08s)
      + Scaffold : [0/0=441800 0/1=210381 1/1=139841]
      + Rare     : [0/0=1879191 0/1=36197 1/1=8982 ./.=0]

Mapping Haploid samples
  * PED file parsing [n=1599]
  * #haploids=0 / #diploids=518
  * #reset_hets=0 (-nan% of minor allele genotypes)

Initializing sparse genotypes
  * 0 missing genotypes imputed at monomorphic sites
  * Genotype set transpose V2I (0.00s)

Setting up genetic map
  * GMAP parsing [n=211107] (0.17s)
  * cM interpolation [s=419 / i=4825] (0.01s)
  * Region length [401901 bp / 0.9 cM]
  * HMM parameters [Ne=15000 / Error=0.0001]
  * V2H transpose (0.00s)

PBWT pass
  * PBWT initialization [#eval=1529 / #select=155] (0.00s)
  * IBD2 constraints [#inds=1 / #pairs=1] (0.02s)
  * PBWT forward selection (0.07s)
  * PBWT backward selection (0.07s)
      + #states=168.91+/-57.12
      + #collisions = 556327 / #pushes = 86132 / rate = 13.41%

HMM computations
  * Processing (1.00s)
  * Genotype set transpose merge I2V [n=264] (0.00s)
  * Solving summary:
      + #Hets=36197 / Phased by HMM=35933, PED=0, SING=264
      + #Miss=0 / Imputed by HMM=0, PED=0, MONO=0

Finalization:
  * BCF writing [Compressed / N=518 / L=5244] (0.14s)
  * Indexing [/home/aftimo/Documents/practiques/Documents_Elias/IntroMasterAdria/Execute/../VCFs/Inversion_Regions/Shapeit_Phase/HsInv0102/RegionPhased.bcf]
  * Total running time = 1 seconds
