PLINK v1.90b7.2 64-bit (11 Dec 2023)
Options in effect:
  --bfile /home/aftimo/Documents/practiques/Documents_Elias/IntroMasterAdria/Execute/Results_Impute5/Standard/Rep_1/R2/HsInv0626/0.50/EUR_Exp
  --bmerge /home/aftimo/Documents/practiques/Documents_Elias/IntroMasterAdria/Execute/Results_Impute5/Standard/Rep_1/R2/HsInv0626/0.50/EUR_Imp
  --merge-mode 6
  --out /home/aftimo/Documents/practiques/Documents_Elias/IntroMasterAdria/Execute/Results_Impute5/Standard/Rep_1/R2/HsInv0626/0.50/EUR

Hostname: aftimo
Working directory: /home/aftimo/Documents/practiques/Documents_Elias/IntroMasterAdria/Execute
Start time: Mon Jun 17 14:57:23 2024

Random number seed: 1718629043
31827 MB RAM detected; reserving 15913 MB for main workspace.
79 people loaded from
/home/aftimo/Documents/practiques/Documents_Elias/IntroMasterAdria/Execute/Results_Impute5/Standard/Rep_1/R2/HsInv0626/0.50/EUR_Exp.fam.
79 people to be merged from
/home/aftimo/Documents/practiques/Documents_Elias/IntroMasterAdria/Execute/Results_Impute5/Standard/Rep_1/R2/HsInv0626/0.50/EUR_Imp.fam.
Of these, 0 are new, while 79 are present in the base dataset.
1 marker loaded from
/home/aftimo/Documents/practiques/Documents_Elias/IntroMasterAdria/Execute/Results_Impute5/Standard/Rep_1/R2/HsInv0626/0.50/EUR_Exp.bim.
1 marker to be merged from
/home/aftimo/Documents/practiques/Documents_Elias/IntroMasterAdria/Execute/Results_Impute5/Standard/Rep_1/R2/HsInv0626/0.50/EUR_Imp.bim.
Of these, 0 are new, while 1 is present in the base dataset.
Performing 1-pass diff (mode 6), writing results to
/home/aftimo/Documents/practiques/Documents_Elias/IntroMasterAdria/Execute/Results_Impute5/Standard/Rep_1/R2/HsInv0626/0.50/EUR.diff
.
79 overlapping calls, 79 nonmissing in both filesets.
75 concordant, for a concordance rate of 0.949367.

End time: Mon Jun 17 14:57:23 2024
