PLINK v1.90b7.2 64-bit (11 Dec 2023)
Options in effect:
  --make-bed
  --out /home/aftimo/Documents/practiques/Documents_Elias/IntroMasterAdria/Execute/Results_Minimac4/Shapeit_Phase/Rep_3/R2/HsInv1838/0.30/EAS_Exp
  --vcf /home/aftimo/Documents/practiques/Documents_Elias/IntroMasterAdria/Execute/Results_Minimac4/Shapeit_Phase/Rep_3/R2/HsInv1838/0.30/EAS_Exp.vcf

Hostname: aftimo
Working directory: /home/aftimo/Documents/practiques/Documents_Elias/IntroMasterAdria/Execute
Start time: Mon Jun 17 15:44:57 2024

Random number seed: 1718631897
31827 MB RAM detected; reserving 15913 MB for main workspace.
--vcf:
/home/aftimo/Documents/practiques/Documents_Elias/IntroMasterAdria/Execute/Results_Minimac4/Shapeit_Phase/Rep_3/R2/HsInv1838/0.30/EAS_Exp-temporary.bed
+
/home/aftimo/Documents/practiques/Documents_Elias/IntroMasterAdria/Execute/Results_Minimac4/Shapeit_Phase/Rep_3/R2/HsInv1838/0.30/EAS_Exp-temporary.bim
+
/home/aftimo/Documents/practiques/Documents_Elias/IntroMasterAdria/Execute/Results_Minimac4/Shapeit_Phase/Rep_3/R2/HsInv1838/0.30/EAS_Exp-temporary.fam
written.
1 variant loaded from .bim file.
31 people (0 males, 0 females, 31 ambiguous) loaded from .fam.
Ambiguous sex IDs written to
/home/aftimo/Documents/practiques/Documents_Elias/IntroMasterAdria/Execute/Results_Minimac4/Shapeit_Phase/Rep_3/R2/HsInv1838/0.30/EAS_Exp.nosex
.
Using 1 thread (no multithreaded calculations invoked).
Before main variant filters, 31 founders and 0 nonfounders present.
Calculating allele frequencies... done.
Total genotyping rate is exactly 1.
1 variant and 31 people pass filters and QC.
Note: No phenotypes present.
--make-bed to
/home/aftimo/Documents/practiques/Documents_Elias/IntroMasterAdria/Execute/Results_Minimac4/Shapeit_Phase/Rep_3/R2/HsInv1838/0.30/EAS_Exp.bed
+
/home/aftimo/Documents/practiques/Documents_Elias/IntroMasterAdria/Execute/Results_Minimac4/Shapeit_Phase/Rep_3/R2/HsInv1838/0.30/EAS_Exp.bim
+
/home/aftimo/Documents/practiques/Documents_Elias/IntroMasterAdria/Execute/Results_Minimac4/Shapeit_Phase/Rep_3/R2/HsInv1838/0.30/EAS_Exp.fam
... done.

End time: Mon Jun 17 15:44:57 2024
