beagle.22Jul22.46e.jar (version 5.4)
Copyright (C) 2014-2022 Brian L. Browning
Enter "java -jar beagle.22Jul22.46e.jar" to list command line argument
Start time: 11:05 AM CEST on 18 Apr 2024

Command line: java -Xmx7960m -jar beagle.22Jul22.46e.jar
  gt=/home/aftimo/Documents/practiques/Documents_Elias/IntroMasterAdria/Execute/../VCFs/Inversion_Regions/Standard/HsInv0786/RegionFilled.vcf
  out=/home/aftimo/Documents/practiques/Documents_Elias/IntroMasterAdria/Execute/../VCFs/Inversion_Regions/Standard/HsInv0786/Output
  map=/home/aftimo/Documents/practiques/Documents_Elias/IntroMasterAdria/Execute/../VCFs/30X/Maps/plink.chr16.GRCh38.map
  nthreads=20

Reference samples:                    0
Study     samples:                   92

Window 1 [16:28138094-28976948]
Study     markers:                3,653

Burnin  iteration 1:           4 seconds
Burnin  iteration 2:           1 second
Burnin  iteration 3:           0 seconds

Estimated ne:                  208614
Estimated err:                 5.5e-03

Phasing iteration 1:           0 seconds
Phasing iteration 2:           0 seconds
Phasing iteration 3:           0 seconds
Phasing iteration 4:           0 seconds
Phasing iteration 5:           0 seconds
Phasing iteration 6:           0 seconds
Phasing iteration 7:           0 seconds
Phasing iteration 8:           0 seconds
Phasing iteration 9:           0 seconds
Phasing iteration 10:          0 seconds
Phasing iteration 11:          0 seconds
Phasing iteration 12:          0 seconds
Low frequency phasing:         1 second

Cumulative Statistics:

Study     markers:                3,653

Haplotype phasing time:        10 seconds
Total time:                    15 seconds

End time: 11:05 AM CEST on 18 Apr 2024
beagle.22Jul22.46e.jar finished
