
[SHAPEIT5] Phase_rare (phase rare variants onto a haplotype scaffold)
  * Authors       : Simone RUBINACCI & Olivier DELANEAU, University of Lausanne
  * Contact       : simone.rubinacci@unil.ch & olivier.delaneau@gmail.com
  * Version       : 5.1.1 / commit = 990ed0d / release = 2023-05-08
  * Run date      : 19/04/2024 - 11:40:14

Files:
  * Unphased data : [/home/aftimo/Documents/practiques/Documents_Elias/IntroMasterAdria/Execute/../VCFs/Inversion_Regions/Shapeit_Phase/HsInv0209/RegionAnnotated.bcf]
  * Scaffold data : [/home/aftimo/Documents/practiques/Documents_Elias/IntroMasterAdria/Execute/../VCFs/Inversion_Regions/Shapeit_Phase/HsInv0209/RegionScaffold.bcf]
  * Genetic Map   : [/home/aftimo/Documents/practiques/Documents_Elias/IntroMasterAdria/Execute/../VCFs/30X/Maps/chr11.b38.gmap.gz]
  * Output data   : [/home/aftimo/Documents/practiques/Documents_Elias/IntroMasterAdria/Execute/../VCFs/Inversion_Regions/Shapeit_Phase/HsInv0209/RegionPhased.bcf]
  * Output LOG    : [/home/aftimo/Documents/practiques/Documents_Elias/IntroMasterAdria/Execute/../VCFs/Inversion_Regions/Shapeit_Phase/HsInv0209/OutputRare.log]

Parameters:
  * Seed    : 15052011
  * Threads : 5 threads
  * PBWT    : [depth = 2,2 / modulo = 0.005 / mac = 2 / mdr = 0.1]
  * HMM     : [Ne = 15000 / Recombination rates given by genetic map]

Parsing specified genomic regions
  * Scaffold region  [11:71364791-71783752]
  * Input region  [11:71364791-71783752]

Reading genotype data
  * BCF scanning (0.08s)
      + Variant sites: [#scaffold=2106 | #rare=5244 | #all=7350]
      + 2106 variants found in both files [priority to scaffold]
  * HAP allocation [#scaffold=2106 / #samples=515] (0.00s)
  * Genotype set allocation [#rare=5244 / #samples=515] (0.00s)
  * Plain VCF/BCF parsing (0.15s)
      + Scaffold : [0/0=559279 0/1=314954 1/1=210357]
      + Rare     : [0/0=2638080 0/1=55309 1/1=7271 ./.=0]

Mapping Haploid samples
  * PED file parsing [n=1599]
  * #haploids=0 / #diploids=515
  * #reset_hets=0 (-nan% of minor allele genotypes)

Initializing sparse genotypes
  * 0 missing genotypes imputed at monomorphic sites
  * Genotype set transpose V2I (0.00s)

Setting up genetic map
  * GMAP parsing [n=168609] (0.24s)
  * cM interpolation [s=459 / i=6891] (0.00s)
  * Region length [418855 bp / 0.6 cM]
  * HMM parameters [Ne=15000 / Error=0.0001]
  * V2H transpose (0.00s)

PBWT pass
  * PBWT initialization [#eval=2106 / #select=64] (0.00s)
  * IBD2 constraints [#inds=0 / #pairs=0] (0.03s)
  * PBWT forward selection (0.10s)
  * PBWT backward selection (0.13s)
      + #states=151.81+/-53.01
      + #collisions = 210199 / #pushes = 53513 / rate = 20.29%

HMM computations
  * Processing (1.26s)
  * Genotype set transpose merge I2V [n=629] (0.00s)
  * Solving summary:
      + #Hets=55309 / Phased by HMM=54680, PED=0, SING=629
      + #Miss=0 / Imputed by HMM=0, PED=0, MONO=0

Finalization:
  * BCF writing [Compressed / N=515 / L=7350] (0.24s)
  * Indexing [/home/aftimo/Documents/practiques/Documents_Elias/IntroMasterAdria/Execute/../VCFs/Inversion_Regions/Shapeit_Phase/HsInv0209/RegionPhased.bcf]
  * Total running time = 2 seconds
