
[SHAPEIT5] phase_common (jointly phase multiple common markers)
  * Author        : Olivier DELANEAU, University of Lausanne
  * Contact       : olivier.delaneau@gmail.com
  * Version       : 5.1.1 / commit = 990ed0d / release = 2023-05-08
  * Run date      : 19/04/2024 - 11:39:03

Files:
  * Input         : [/home/aftimo/Documents/practiques/Documents_Elias/IntroMasterAdria/Execute/../VCFs/Inversion_Regions/Shapeit_Phase/HsInv0486/RegionAnnotated.bcf]
  * Haploids      : [/home/aftimo/Documents/practiques/Documents_Elias/IntroMasterAdria/Execute/../VCFs/Inversion_Regions/Shapeit_Phase/HsInv0486/male_samples.txt]
  * Genetic Map   : [/home/aftimo/Documents/practiques/Documents_Elias/IntroMasterAdria/Execute/../VCFs/30X/Maps/chr7.b38.gmap.gz]
  * Output        : [/home/aftimo/Documents/practiques/Documents_Elias/IntroMasterAdria/Execute/../VCFs/Inversion_Regions/Shapeit_Phase/HsInv0486/RegionScaffold.bcf]
  * Output format : [bcf]
  * Output LOG    : [/home/aftimo/Documents/practiques/Documents_Elias/IntroMasterAdria/Execute/../VCFs/Inversion_Regions/Shapeit_Phase/HsInv0486/OutputCommon.log]

Parameters:
  * Seed    : 15052011
  * Threads : 5 threads
  * MCMC    : 15 iterations [5b + 1p + 1b + 1p + 1b + 1p + 5m]
  * PBWT    : [window = 4cM / depth = auto / modulo = auto / mac = 5 / missing = 0.1]
  * HMM     : [window = 4cM / Ne = 15000 / Recombination rates given by genetic map]
  * FILTERS : [snp only = 0 / MAF = 0.05]

Reading genotype data:
  * VCF/BCF scanning done (0.04s)
      + Variants [#sites=1647 / region=7:48642987-49129450]
         - 2772 sites removed in main panel [below MAF threshold]
      + Samples [#target=224 / #reference=0]
  * VCF/BCF parsing done (0.03s)
      + Genotypes [0/0=48.587%, 0/1=30.747%, 1/1=20.666%, ./.=0.000%, 0|1=0.000%]
  * Haploid parsing [n=1599] (0.00s)
  * Haploid sample mapping (0.00s)
      + #haploids = 0 / #diploids = 224
      + Hets set as missing: n=0 (-nan%)

Setting up genetic map:
  * GMAP parsing [n=183805] (0.12s)
  * cM interpolation [s=464 / i=1183] (0.00s)
  * Region length [485809 bp / 0.3 cM]
  * HMM parameters [Ne=15000 / Error=0.0001 / #rare=0]

Initializing data structures:
  * Impute monomorphic [n=0] (0.00s)
  * HAP update (0.00s)
  * H2V transpose (0.00s)
  * PBWT parameters auto setting : [modulo = 0.025 / depth = 7]
  * PBWT initialization [#eval=1647 / #select=12 / #chunk=1] (0.00s)
  * PBWT phasing sweep (0.03s)
  * Build genotype graphs [seg=37886] (0.00s)

Burn-in iteration [1/5]
  * PBWT selection (0.01s)
  * HMM computations [K=93.2+/-12.9 / W=0.49Mb / US=0 / UP=0] (0.10s)
  * IBD2 tracks [#inds=29 / #tracks=34 / #merged = 0]
  * HAP update (0.00s)
  * H2V transpose (0.00s)

Burn-in iteration [2/5]
  * PBWT selection (0.01s)
  * HMM computations [K=86.3+/-12.5 / W=0.49Mb / US=0 / UP=0] (0.12s)
  * IBD2 tracks [#inds=31 / #tracks=43 / #merged = 0]
  * HAP update (0.00s)
  * H2V transpose (0.00s)

Burn-in iteration [3/5]
  * PBWT selection (0.01s)
  * HMM computations [K=91.5+/-11.8 / W=0.49Mb / US=0 / UP=0] (0.11s)
  * IBD2 tracks [#inds=33 / #tracks=52 / #merged = 0]
  * HAP update (0.00s)
  * H2V transpose (0.00s)

Burn-in iteration [4/5]
  * PBWT selection (0.00s)
  * HMM computations [K=90.3+/-12.1 / W=0.49Mb / US=0 / UP=0] (0.11s)
  * IBD2 tracks [#inds=33 / #tracks=55 / #merged = 0]
  * HAP update (0.00s)
  * H2V transpose (0.00s)

Burn-in iteration [5/5]
  * PBWT selection (0.01s)
  * HMM computations [K=86.2+/-12.2 / W=0.49Mb / US=0 / UP=0] (0.12s)
  * IBD2 tracks [#inds=33 / #tracks=57 / #merged = 0]
  * HAP update (0.00s)
  * H2V transpose (0.00s)

Pruning iteration [1/1]
  * PBWT selection (0.01s)
  * HMM computations [K=87.7+/-12.1 / W=0.49Mb / US=0 / UP=0] (0.18s)
  * IBD2 tracks [#inds=33 / #tracks=60 / #merged = 0]
  * HAP update (0.00s)
  * H2V transpose (0.00s)
  * Trimming [pc=43.57%]

Burn-in iteration [1/1]
  * PBWT selection (0.01s)
  * HMM computations [K=89.1+/-12.4 / W=0.49Mb / US=0 / UP=0] (0.11s)
  * IBD2 tracks [#inds=33 / #tracks=60 / #merged = 0]
  * HAP update (0.00s)
  * H2V transpose (0.00s)

Pruning iteration [1/1]
  * PBWT selection (0.01s)
  * HMM computations [K=85.4+/-11.6 / W=0.49Mb / US=0 / UP=0] (0.14s)
  * IBD2 tracks [#inds=33 / #tracks=60 / #merged = 0]
  * HAP update (0.00s)
  * H2V transpose (0.00s)
  * Trimming [pc=67.96%]

Burn-in iteration [1/1]
  * PBWT selection (0.01s)
  * HMM computations [K=88.4+/-12.6 / W=0.49Mb / US=0 / UP=0] (0.10s)
  * IBD2 tracks [#inds=33 / #tracks=62 / #merged = 0]
  * HAP update (0.00s)
  * H2V transpose (0.00s)

Pruning iteration [1/1]
  * PBWT selection (0.00s)
  * HMM computations [K=87.2+/-11.8 / W=0.49Mb / US=0 / UP=0] (0.10s)
  * IBD2 tracks [#inds=33 / #tracks=62 / #merged = 0]
  * HAP update (0.00s)
  * H2V transpose (0.00s)
  * Trimming [pc=80.45%]

Main iteration [1/5]
  * PBWT selection (0.01s)
  * HMM computations [K=89.0+/-12.7 / W=0.49Mb / US=0 / UP=0] (0.08s)
  * IBD2 tracks [#inds=33 / #tracks=64 / #merged = 0]
  * HAP update (0.00s)
  * H2V transpose (0.00s)

Main iteration [2/5]
  * PBWT selection (0.00s)
  * HMM computations [K=88.0+/-11.7 / W=0.49Mb / US=0 / UP=0] (0.08s)
  * IBD2 tracks [#inds=33 / #tracks=64 / #merged = 0]
  * HAP update (0.00s)
  * H2V transpose (0.00s)

Main iteration [3/5]
  * PBWT selection (0.01s)
  * HMM computations [K=85.7+/-12.6 / W=0.49Mb / US=0 / UP=0] (0.08s)
  * IBD2 tracks [#inds=33 / #tracks=64 / #merged = 0]
  * HAP update (0.00s)
  * H2V transpose (0.00s)

Main iteration [4/5]
  * PBWT selection (0.00s)
  * HMM computations [K=82.2+/-11.8 / W=0.49Mb / US=0 / UP=0] (0.08s)
  * IBD2 tracks [#inds=33 / #tracks=64 / #merged = 0]
  * HAP update (0.00s)
  * H2V transpose (0.00s)

Main iteration [5/5]
  * PBWT selection (0.01s)
  * HMM computations [K=87.6+/-12.8 / W=0.49Mb / US=0 / UP=0] (0.09s)
  * IBD2 tracks [#inds=33 / #tracks=65 / #merged = 0]
  * HAP update (0.00s)
  * H2V transpose (0.00s)

Finalization:
  * HAP solving (0.01s)
  * HAP update (0.00s)
  * H2V transpose (0.00s)
  * VCF/BCF writing [N=224 / L=1647] (0.03s)
  * Indexing files
  * Total running time = 2 seconds
