
[SHAPEIT5] Phase_rare (phase rare variants onto a haplotype scaffold)
  * Authors       : Simone RUBINACCI & Olivier DELANEAU, University of Lausanne
  * Contact       : simone.rubinacci@unil.ch & olivier.delaneau@gmail.com
  * Version       : 5.1.1 / commit = 990ed0d / release = 2023-05-08
  * Run date      : 19/04/2024 - 11:39:49

Files:
  * Unphased data : [/home/aftimo/Documents/practiques/Documents_Elias/IntroMasterAdria/Execute/../VCFs/Inversion_Regions/Shapeit_Phase/HsInv0061/RegionAnnotated.bcf]
  * Scaffold data : [/home/aftimo/Documents/practiques/Documents_Elias/IntroMasterAdria/Execute/../VCFs/Inversion_Regions/Shapeit_Phase/HsInv0061/RegionScaffold.bcf]
  * Genetic Map   : [/home/aftimo/Documents/practiques/Documents_Elias/IntroMasterAdria/Execute/../VCFs/30X/Maps/chr6.b38.gmap.gz]
  * Output data   : [/home/aftimo/Documents/practiques/Documents_Elias/IntroMasterAdria/Execute/../VCFs/Inversion_Regions/Shapeit_Phase/HsInv0061/RegionPhased.bcf]
  * Output LOG    : [/home/aftimo/Documents/practiques/Documents_Elias/IntroMasterAdria/Execute/../VCFs/Inversion_Regions/Shapeit_Phase/HsInv0061/OutputRare.log]

Parameters:
  * Seed    : 15052011
  * Threads : 5 threads
  * PBWT    : [depth = 2,2 / modulo = 0.005 / mac = 2 / mdr = 0.1]
  * HMM     : [Ne = 15000 / Recombination rates given by genetic map]

Parsing specified genomic regions
  * Scaffold region  [6:106520678-106923661]
  * Input region  [6:106520678-106923661]

Reading genotype data
  * BCF scanning (0.06s)
      + Variant sites: [#scaffold=1535 | #rare=3437 | #all=4972]
      + 1535 variants found in both files [priority to scaffold]
  * HAP allocation [#scaffold=1535 / #samples=514] (0.00s)
  * Genotype set allocation [#rare=3437 / #samples=514] (0.00s)
  * Plain VCF/BCF parsing (0.09s)
      + Scaffold : [0/0=431246 0/1=220532 1/1=137212]
      + Rare     : [0/0=1718885 0/1=36070 1/1=11663 ./.=0]

Mapping Haploid samples
  * PED file parsing [n=1599]
  * #haploids=0 / #diploids=514
  * #reset_hets=0 (-nan% of minor allele genotypes)

Initializing sparse genotypes
  * 0 missing genotypes imputed at monomorphic sites
  * Genotype set transpose V2I (0.00s)

Setting up genetic map
  * GMAP parsing [n=233717] (0.16s)
  * cM interpolation [s=582 / i=4390] (0.01s)
  * Region length [402761 bp / 0.5 cM]
  * HMM parameters [Ne=15000 / Error=0.0001]
  * V2H transpose (0.00s)

PBWT pass
  * PBWT initialization [#eval=1535 / #select=83] (0.00s)
  * IBD2 constraints [#inds=0 / #pairs=0] (0.01s)
  * PBWT forward selection (0.05s)
  * PBWT backward selection (0.06s)
      + #states=136.81+/-52.44
      + #collisions = 287692 / #pushes = 53631 / rate = 15.71%

HMM computations
  * Processing (0.63s)
  * Genotype set transpose merge I2V [n=143] (0.00s)
  * Solving summary:
      + #Hets=36070 / Phased by HMM=35927, PED=0, SING=143
      + #Miss=0 / Imputed by HMM=0, PED=0, MONO=0

Finalization:
  * BCF writing [Compressed / N=514 / L=4972] (0.16s)
  * Indexing [/home/aftimo/Documents/practiques/Documents_Elias/IntroMasterAdria/Execute/../VCFs/Inversion_Regions/Shapeit_Phase/HsInv0061/RegionPhased.bcf]
  * Total running time = 1 seconds
