
[SHAPEIT5] phase_common (jointly phase multiple common markers)
  * Author        : Olivier DELANEAU, University of Lausanne
  * Contact       : olivier.delaneau@gmail.com
  * Version       : 5.1.1 / commit = 990ed0d / release = 2023-05-08
  * Run date      : 19/04/2024 - 11:39:44

Files:
  * Input         : [/home/aftimo/Documents/practiques/Documents_Elias/IntroMasterAdria/Execute/../VCFs/Inversion_Regions/Shapeit_Phase/HsInv0061/RegionAnnotated.bcf]
  * Haploids      : [/home/aftimo/Documents/practiques/Documents_Elias/IntroMasterAdria/Execute/../VCFs/Inversion_Regions/Shapeit_Phase/HsInv0061/male_samples.txt]
  * Genetic Map   : [/home/aftimo/Documents/practiques/Documents_Elias/IntroMasterAdria/Execute/../VCFs/30X/Maps/chr6.b38.gmap.gz]
  * Output        : [/home/aftimo/Documents/practiques/Documents_Elias/IntroMasterAdria/Execute/../VCFs/Inversion_Regions/Shapeit_Phase/HsInv0061/RegionScaffold.bcf]
  * Output format : [bcf]
  * Output LOG    : [/home/aftimo/Documents/practiques/Documents_Elias/IntroMasterAdria/Execute/../VCFs/Inversion_Regions/Shapeit_Phase/HsInv0061/OutputCommon.log]

Parameters:
  * Seed    : 15052011
  * Threads : 5 threads
  * MCMC    : 15 iterations [5b + 1p + 1b + 1p + 1b + 1p + 5m]
  * PBWT    : [window = 4cM / depth = auto / modulo = auto / mac = 5 / missing = 0.1]
  * HMM     : [window = 4cM / Ne = 15000 / Recombination rates given by genetic map]
  * FILTERS : [snp only = 0 / MAF = 0.05]

Reading genotype data:
  * VCF/BCF scanning done (0.06s)
      + Variants [#sites=1535 / region=6:106520678-106923661]
         - 3437 sites removed in main panel [below MAF threshold]
      + Samples [#target=514 / #reference=0]
  * VCF/BCF parsing done (0.07s)
      + Genotypes [0/0=54.658%, 0/1=27.951%, 1/1=17.391%, ./.=0.000%, 0|1=0.000%]
  * Haploid parsing [n=1599] (0.00s)
  * Haploid sample mapping (0.00s)
      + #haploids = 0 / #diploids = 514
      + Hets set as missing: n=0 (-nan%)

Setting up genetic map:
  * GMAP parsing [n=233717] (0.41s)
  * cM interpolation [s=468 / i=1067] (0.01s)
  * Region length [401692 bp / 0.5 cM]
  * HMM parameters [Ne=15000 / Error=0.0001 / #rare=0]

Initializing data structures:
  * Impute monomorphic [n=0] (0.00s)
  * HAP update (0.01s)
  * H2V transpose (0.00s)
  * PBWT parameters auto setting : [modulo = 0.033 / depth = 6]
  * PBWT initialization [#eval=1535 / #select=16 / #chunk=1] (0.00s)
  * PBWT phasing sweep (0.09s)
  * Build genotype graphs [seg=73676] (0.02s)

Burn-in iteration [1/5]
  * PBWT selection (0.02s)
  * HMM computations [K=98.6+/-17.9 / W=0.40Mb / US=0 / UP=0] (0.44s)
  * IBD2 tracks [#inds=2 / #tracks=2 / #merged = 0]
  * HAP update (0.01s)
  * H2V transpose (0.00s)

Burn-in iteration [2/5]
  * PBWT selection (0.02s)
  * HMM computations [K=92.6+/-17.3 / W=0.40Mb / US=0 / UP=0] (0.36s)
  * IBD2 tracks [#inds=4 / #tracks=4 / #merged = 0]
  * HAP update (0.01s)
  * H2V transpose (0.00s)

Burn-in iteration [3/5]
  * PBWT selection (0.02s)
  * HMM computations [K=92.4+/-17.2 / W=0.40Mb / US=0 / UP=0] (0.36s)
  * IBD2 tracks [#inds=4 / #tracks=4 / #merged = 0]
  * HAP update (0.01s)
  * H2V transpose (0.00s)

Burn-in iteration [4/5]
  * PBWT selection (0.01s)
  * HMM computations [K=91.7+/-18.4 / W=0.40Mb / US=0 / UP=0] (0.48s)
  * IBD2 tracks [#inds=4 / #tracks=4 / #merged = 0]
  * HAP update (0.01s)
  * H2V transpose (0.00s)

Burn-in iteration [5/5]
  * PBWT selection (0.01s)
  * HMM computations [K=90.1+/-18.2 / W=0.40Mb / US=0 / UP=0] (0.31s)
  * IBD2 tracks [#inds=4 / #tracks=4 / #merged = 0]
  * HAP update (0.01s)
  * H2V transpose (0.00s)

Pruning iteration [1/1]
  * PBWT selection (0.01s)
  * HMM computations [K=90.5+/-17.2 / W=0.40Mb / US=0 / UP=0] (0.44s)
  * IBD2 tracks [#inds=4 / #tracks=4 / #merged = 0]
  * HAP update (0.01s)
  * H2V transpose (0.00s)
  * Trimming [pc=43.44%]

Burn-in iteration [1/1]
  * PBWT selection (0.01s)
  * HMM computations [K=89.6+/-18.4 / W=0.40Mb / US=0 / UP=0] (0.26s)
  * IBD2 tracks [#inds=4 / #tracks=4 / #merged = 0]
  * HAP update (0.01s)
  * H2V transpose (0.00s)

Pruning iteration [1/1]
  * PBWT selection (0.01s)
  * HMM computations [K=85.1+/-17.6 / W=0.40Mb / US=0 / UP=0] (0.27s)
  * IBD2 tracks [#inds=4 / #tracks=4 / #merged = 0]
  * HAP update (0.01s)
  * H2V transpose (0.00s)
  * Trimming [pc=67.90%]

Burn-in iteration [1/1]
  * PBWT selection (0.01s)
  * HMM computations [K=91.0+/-18.0 / W=0.40Mb / US=0 / UP=0] (0.23s)
  * IBD2 tracks [#inds=4 / #tracks=4 / #merged = 0]
  * HAP update (0.01s)
  * H2V transpose (0.00s)

Pruning iteration [1/1]
  * PBWT selection (0.04s)
  * HMM computations [K=88.5+/-18.0 / W=0.40Mb / US=0 / UP=0] (0.31s)
  * IBD2 tracks [#inds=4 / #tracks=4 / #merged = 0]
  * HAP update (0.01s)
  * H2V transpose (0.00s)
  * Trimming [pc=80.45%]

Main iteration [1/5]
  * PBWT selection (0.01s)
  * HMM computations [K=92.3+/-18.1 / W=0.40Mb / US=0 / UP=0] (0.24s)
  * IBD2 tracks [#inds=4 / #tracks=4 / #merged = 0]
  * HAP update (0.01s)
  * H2V transpose (0.00s)

Main iteration [2/5]
  * PBWT selection (0.02s)
  * HMM computations [K=92.0+/-17.5 / W=0.40Mb / US=0 / UP=0] (0.18s)
  * IBD2 tracks [#inds=4 / #tracks=4 / #merged = 0]
  * HAP update (0.01s)
  * H2V transpose (0.00s)

Main iteration [3/5]
  * PBWT selection (0.01s)
  * HMM computations [K=87.3+/-17.7 / W=0.40Mb / US=0 / UP=0] (0.18s)
  * IBD2 tracks [#inds=4 / #tracks=4 / #merged = 0]
  * HAP update (0.01s)
  * H2V transpose (0.00s)

Main iteration [4/5]
  * PBWT selection (0.01s)
  * HMM computations [K=87.9+/-17.7 / W=0.40Mb / US=0 / UP=0] (0.17s)
  * IBD2 tracks [#inds=4 / #tracks=4 / #merged = 0]
  * HAP update (0.01s)
  * H2V transpose (0.00s)

Main iteration [5/5]
  * PBWT selection (0.01s)
  * HMM computations [K=88.8+/-17.7 / W=0.40Mb / US=0 / UP=0] (0.19s)
  * IBD2 tracks [#inds=4 / #tracks=4 / #merged = 0]
  * HAP update (0.01s)
  * H2V transpose (0.00s)

Finalization:
  * HAP solving (0.01s)
  * HAP update (0.00s)
  * H2V transpose (0.00s)
  * VCF/BCF writing [N=514 / L=1535] (0.07s)
  * Indexing files
  * Total running time = 5 seconds
