
[SHAPEIT5] phase_common (jointly phase multiple common markers)
  * Author        : Olivier DELANEAU, University of Lausanne
  * Contact       : olivier.delaneau@gmail.com
  * Version       : 5.1.1 / commit = 990ed0d / release = 2023-05-08
  * Run date      : 19/04/2024 - 11:40:16

Files:
  * Input         : [/home/aftimo/Documents/practiques/Documents_Elias/IntroMasterAdria/Execute/../VCFs/Inversion_Regions/Shapeit_Phase/HsInv0278/RegionAnnotated.bcf]
  * Haploids      : [/home/aftimo/Documents/practiques/Documents_Elias/IntroMasterAdria/Execute/../VCFs/Inversion_Regions/Shapeit_Phase/HsInv0278/male_samples.txt]
  * Genetic Map   : [/home/aftimo/Documents/practiques/Documents_Elias/IntroMasterAdria/Execute/../VCFs/30X/Maps/chr5.b38.gmap.gz]
  * Output        : [/home/aftimo/Documents/practiques/Documents_Elias/IntroMasterAdria/Execute/../VCFs/Inversion_Regions/Shapeit_Phase/HsInv0278/RegionScaffold.bcf]
  * Output format : [bcf]
  * Output LOG    : [/home/aftimo/Documents/practiques/Documents_Elias/IntroMasterAdria/Execute/../VCFs/Inversion_Regions/Shapeit_Phase/HsInv0278/OutputCommon.log]

Parameters:
  * Seed    : 15052011
  * Threads : 5 threads
  * MCMC    : 15 iterations [5b + 1p + 1b + 1p + 1b + 1p + 5m]
  * PBWT    : [window = 4cM / depth = auto / modulo = auto / mac = 5 / missing = 0.1]
  * HMM     : [window = 4cM / Ne = 15000 / Recombination rates given by genetic map]
  * FILTERS : [snp only = 0 / MAF = 0.05]

Reading genotype data:
  * VCF/BCF scanning done (0.03s)
      + Variants [#sites=1488 / region=5:180895750-181303642]
         - 3496 sites removed in main panel [below MAF threshold]
      + Samples [#target=513 / #reference=0]
  * VCF/BCF parsing done (0.09s)
      + Genotypes [0/0=58.688%, 0/1=27.001%, 1/1=14.311%, ./.=0.000%, 0|1=0.000%]
  * Haploid parsing [n=1599] (0.00s)
  * Haploid sample mapping (0.00s)
      + #haploids = 0 / #diploids = 513
      + Hets set as missing: n=0 (-nan%)

Setting up genetic map:
  * GMAP parsing [n=215410] (0.18s)
  * cM interpolation [s=277 / i=1211] (0.00s)
  * Region length [406917 bp / 0.9 cM]
  * HMM parameters [Ne=15000 / Error=0.0001 / #rare=0]

Initializing data structures:
  * Impute monomorphic [n=0] (0.00s)
  * HAP update (0.01s)
  * H2V transpose (0.00s)
  * PBWT parameters auto setting : [modulo = 0.033 / depth = 6]
  * PBWT initialization [#eval=1488 / #select=28 / #chunk=1] (0.00s)
  * PBWT phasing sweep (0.07s)
  * Build genotype graphs [seg=68877] (0.02s)

Burn-in iteration [1/5]
  * PBWT selection (0.02s)
  * HMM computations [K=155.8+/-24.9 / W=0.41Mb / US=0 / UP=0] (0.57s)
  * IBD2 tracks [#inds=24 / #tracks=27 / #merged = 0]
  * HAP update (0.01s)
  * H2V transpose (0.00s)

Burn-in iteration [2/5]
  * PBWT selection (0.02s)
  * HMM computations [K=149.8+/-23.2 / W=0.41Mb / US=0 / UP=0] (0.42s)
  * IBD2 tracks [#inds=33 / #tracks=43 / #merged = 0]
  * HAP update (0.01s)
  * H2V transpose (0.00s)

Burn-in iteration [3/5]
  * PBWT selection (0.04s)
  * HMM computations [K=146.9+/-22.5 / W=0.41Mb / US=0 / UP=0] (0.44s)
  * IBD2 tracks [#inds=35 / #tracks=47 / #merged = 0]
  * HAP update (0.00s)
  * H2V transpose (0.00s)

Burn-in iteration [4/5]
  * PBWT selection (0.01s)
  * HMM computations [K=144.2+/-21.9 / W=0.41Mb / US=0 / UP=0] (0.42s)
  * IBD2 tracks [#inds=39 / #tracks=53 / #merged = 0]
  * HAP update (0.01s)
  * H2V transpose (0.00s)

Burn-in iteration [5/5]
  * PBWT selection (0.01s)
  * HMM computations [K=143.5+/-21.9 / W=0.41Mb / US=0 / UP=0] (0.47s)
  * IBD2 tracks [#inds=43 / #tracks=60 / #merged = 0]
  * HAP update (0.00s)
  * H2V transpose (0.00s)

Pruning iteration [1/1]
  * PBWT selection (0.02s)
  * HMM computations [K=144.1+/-21.7 / W=0.41Mb / US=0 / UP=0] (0.51s)
  * IBD2 tracks [#inds=43 / #tracks=61 / #merged = 0]
  * HAP update (0.01s)
  * H2V transpose (0.00s)
  * Trimming [pc=43.02%]

Burn-in iteration [1/1]
  * PBWT selection (0.03s)
  * HMM computations [K=137.9+/-21.2 / W=0.41Mb / US=0 / UP=0] (0.37s)
  * IBD2 tracks [#inds=44 / #tracks=63 / #merged = 0]
  * HAP update (0.01s)
  * H2V transpose (0.00s)

Pruning iteration [1/1]
  * PBWT selection (0.02s)
  * HMM computations [K=144.2+/-22.5 / W=0.41Mb / US=0 / UP=0] (0.48s)
  * IBD2 tracks [#inds=45 / #tracks=65 / #merged = 0]
  * HAP update (0.01s)
  * H2V transpose (0.00s)
  * Trimming [pc=67.24%]

Burn-in iteration [1/1]
  * PBWT selection (0.01s)
  * HMM computations [K=139.9+/-21.3 / W=0.41Mb / US=0 / UP=0] (0.35s)
  * IBD2 tracks [#inds=45 / #tracks=66 / #merged = 0]
  * HAP update (0.00s)
  * H2V transpose (0.00s)

Pruning iteration [1/1]
  * PBWT selection (0.01s)
  * HMM computations [K=140.5+/-21.6 / W=0.41Mb / US=0 / UP=0] (0.31s)
  * IBD2 tracks [#inds=45 / #tracks=66 / #merged = 0]
  * HAP update (0.01s)
  * H2V transpose (0.00s)
  * Trimming [pc=79.69%]

Main iteration [1/5]
  * PBWT selection (0.03s)
  * HMM computations [K=137.7+/-22.0 / W=0.41Mb / US=0 / UP=1] (0.36s)
  * IBD2 tracks [#inds=45 / #tracks=66 / #merged = 0]
  * HAP update (0.01s)
  * H2V transpose (0.00s)

Main iteration [2/5]
  * PBWT selection (0.01s)
  * HMM computations [K=143.2+/-22.8 / W=0.41Mb / US=0 / UP=0] (0.36s)
  * IBD2 tracks [#inds=45 / #tracks=66 / #merged = 0]
  * HAP update (0.01s)
  * H2V transpose (0.00s)

Main iteration [3/5]
  * PBWT selection (0.02s)
  * HMM computations [K=142.0+/-22.5 / W=0.41Mb / US=0 / UP=0] (0.35s)
  * IBD2 tracks [#inds=45 / #tracks=66 / #merged = 0]
  * HAP update (0.01s)
  * H2V transpose (0.00s)

Main iteration [4/5]
  * PBWT selection (0.02s)
  * HMM computations [K=140.0+/-22.0 / W=0.41Mb / US=0 / UP=0] (0.33s)
  * IBD2 tracks [#inds=45 / #tracks=67 / #merged = 0]
  * HAP update (0.01s)
  * H2V transpose (0.00s)

Main iteration [5/5]
  * PBWT selection (0.01s)
  * HMM computations [K=139.8+/-22.1 / W=0.41Mb / US=0 / UP=1] (0.32s)
  * IBD2 tracks [#inds=46 / #tracks=68 / #merged = 0]
  * HAP update (0.01s)
  * H2V transpose (0.00s)

Finalization:
  * HAP solving (0.01s)
  * HAP update (0.00s)
  * H2V transpose (0.00s)
  * VCF/BCF writing [N=513 / L=1488] (0.12s)
  * Indexing files
  * Total running time = 7 seconds
