
[SHAPEIT5] phase_common (jointly phase multiple common markers)
  * Author        : Olivier DELANEAU, University of Lausanne
  * Contact       : olivier.delaneau@gmail.com
  * Version       : 5.1.1 / commit = 990ed0d / release = 2023-05-08
  * Run date      : 19/04/2024 - 11:39:10

Files:
  * Input         : [/home/aftimo/Documents/practiques/Documents_Elias/IntroMasterAdria/Execute/../VCFs/Inversion_Regions/Shapeit_Phase/HsInv1838/RegionAnnotated.bcf]
  * Haploids      : [/home/aftimo/Documents/practiques/Documents_Elias/IntroMasterAdria/Execute/../VCFs/Inversion_Regions/Shapeit_Phase/HsInv1838/male_samples.txt]
  * Genetic Map   : [/home/aftimo/Documents/practiques/Documents_Elias/IntroMasterAdria/Execute/../VCFs/30X/Maps/chr7.b38.gmap.gz]
  * Output        : [/home/aftimo/Documents/practiques/Documents_Elias/IntroMasterAdria/Execute/../VCFs/Inversion_Regions/Shapeit_Phase/HsInv1838/RegionScaffold.bcf]
  * Output format : [bcf]
  * Output LOG    : [/home/aftimo/Documents/practiques/Documents_Elias/IntroMasterAdria/Execute/../VCFs/Inversion_Regions/Shapeit_Phase/HsInv1838/OutputCommon.log]

Parameters:
  * Seed    : 15052011
  * Threads : 5 threads
  * MCMC    : 15 iterations [5b + 1p + 1b + 1p + 1b + 1p + 5m]
  * PBWT    : [window = 4cM / depth = auto / modulo = auto / mac = 5 / missing = 0.1]
  * HMM     : [window = 4cM / Ne = 15000 / Recombination rates given by genetic map]
  * FILTERS : [snp only = 0 / MAF = 0.05]

Reading genotype data:
  * VCF/BCF scanning done (0.02s)
      + Variants [#sites=1708 / region=7:47414265-47815368]
         - 1491 sites removed in main panel [below MAF threshold]
      + Samples [#target=94 / #reference=0]
  * VCF/BCF parsing done (0.03s)
      + Genotypes [0/0=55.859%, 0/1=30.390%, 1/1=13.752%, ./.=0.000%, 0|1=0.000%]
  * Haploid parsing [n=1599] (0.00s)
  * Haploid sample mapping (0.00s)
      + #haploids = 0 / #diploids = 94
      + Hets set as missing: n=0 (-nan%)

Setting up genetic map:
  * GMAP parsing [n=183805] (0.19s)
  * cM interpolation [s=453 / i=1255] (0.01s)
  * Region length [401064 bp / 0.8 cM]
  * HMM parameters [Ne=15000 / Error=0.0001 / #rare=0]

Initializing data structures:
  * Impute monomorphic [n=0] (0.00s)
  * HAP update (0.00s)
  * H2V transpose (0.00s)
  * PBWT parameters auto setting : [modulo = 0.016 / depth = 7]
  * PBWT initialization [#eval=1708 / #select=47 / #chunk=1] (0.00s)
  * PBWT phasing sweep (0.01s)
  * Build genotype graphs [seg=16295] (0.01s)

Burn-in iteration [1/5]
  * PBWT selection (0.00s)
  * HMM computations [K=144.5+/-9.5 / W=0.40Mb / US=0 / UP=0] (0.11s)
  * IBD2 tracks [#inds=0 / #tracks=0 / #merged = 0]
  * HAP update (0.00s)
  * H2V transpose (0.00s)

Burn-in iteration [2/5]
  * PBWT selection (0.01s)
  * HMM computations [K=143.7+/-9.8 / W=0.40Mb / US=0 / UP=0] (0.11s)
  * IBD2 tracks [#inds=0 / #tracks=0 / #merged = 0]
  * HAP update (0.00s)
  * H2V transpose (0.00s)

Burn-in iteration [3/5]
  * PBWT selection (0.01s)
  * HMM computations [K=144.0+/-9.0 / W=0.40Mb / US=0 / UP=0] (0.11s)
  * IBD2 tracks [#inds=0 / #tracks=0 / #merged = 0]
  * HAP update (0.00s)
  * H2V transpose (0.00s)

Burn-in iteration [4/5]
  * PBWT selection (0.01s)
  * HMM computations [K=142.1+/-9.7 / W=0.40Mb / US=0 / UP=0] (0.10s)
  * IBD2 tracks [#inds=0 / #tracks=0 / #merged = 0]
  * HAP update (0.00s)
  * H2V transpose (0.00s)

Burn-in iteration [5/5]
  * PBWT selection (0.01s)
  * HMM computations [K=143.4+/-8.7 / W=0.40Mb / US=0 / UP=0] (0.12s)
  * IBD2 tracks [#inds=0 / #tracks=0 / #merged = 0]
  * HAP update (0.00s)
  * H2V transpose (0.00s)

Pruning iteration [1/1]
  * PBWT selection (0.01s)
  * HMM computations [K=143.3+/-8.5 / W=0.40Mb / US=0 / UP=0] (0.17s)
  * IBD2 tracks [#inds=0 / #tracks=0 / #merged = 0]
  * HAP update (0.00s)
  * H2V transpose (0.00s)
  * Trimming [pc=42.96%]

Burn-in iteration [1/1]
  * PBWT selection (0.02s)
  * HMM computations [K=144.2+/-9.4 / W=0.40Mb / US=0 / UP=0] (0.14s)
  * IBD2 tracks [#inds=0 / #tracks=0 / #merged = 0]
  * HAP update (0.00s)
  * H2V transpose (0.00s)

Pruning iteration [1/1]
  * PBWT selection (0.01s)
  * HMM computations [K=140.7+/-9.5 / W=0.40Mb / US=0 / UP=0] (0.17s)
  * IBD2 tracks [#inds=0 / #tracks=0 / #merged = 0]
  * HAP update (0.00s)
  * H2V transpose (0.00s)
  * Trimming [pc=67.16%]

Burn-in iteration [1/1]
  * PBWT selection (0.03s)
  * HMM computations [K=142.4+/-9.5 / W=0.40Mb / US=0 / UP=0] (0.17s)
  * IBD2 tracks [#inds=0 / #tracks=0 / #merged = 0]
  * HAP update (0.00s)
  * H2V transpose (0.00s)

Pruning iteration [1/1]
  * PBWT selection (0.04s)
  * HMM computations [K=141.3+/-9.3 / W=0.40Mb / US=0 / UP=0] (0.18s)
  * IBD2 tracks [#inds=0 / #tracks=0 / #merged = 0]
  * HAP update (0.00s)
  * H2V transpose (0.00s)
  * Trimming [pc=79.57%]

Main iteration [1/5]
  * PBWT selection (0.01s)
  * HMM computations [K=142.4+/-9.3 / W=0.40Mb / US=0 / UP=0] (0.11s)
  * IBD2 tracks [#inds=0 / #tracks=0 / #merged = 0]
  * HAP update (0.00s)
  * H2V transpose (0.00s)

Main iteration [2/5]
  * PBWT selection (0.03s)
  * HMM computations [K=143.3+/-9.4 / W=0.40Mb / US=0 / UP=0] (0.09s)
  * IBD2 tracks [#inds=0 / #tracks=0 / #merged = 0]
  * HAP update (0.00s)
  * H2V transpose (0.00s)

Main iteration [3/5]
  * PBWT selection (0.01s)
  * HMM computations [K=143.1+/-9.3 / W=0.40Mb / US=0 / UP=0] (0.13s)
  * IBD2 tracks [#inds=0 / #tracks=0 / #merged = 0]
  * HAP update (0.00s)
  * H2V transpose (0.00s)

Main iteration [4/5]
  * PBWT selection (0.02s)
  * HMM computations [K=142.9+/-9.7 / W=0.40Mb / US=0 / UP=0] (0.10s)
  * IBD2 tracks [#inds=0 / #tracks=0 / #merged = 0]
  * HAP update (0.00s)
  * H2V transpose (0.00s)

Main iteration [5/5]
  * PBWT selection (0.03s)
  * HMM computations [K=141.6+/-10.3 / W=0.40Mb / US=0 / UP=0] (0.13s)
  * IBD2 tracks [#inds=0 / #tracks=0 / #merged = 0]
  * HAP update (0.00s)
  * H2V transpose (0.00s)

Finalization:
  * HAP solving (0.00s)
  * HAP update (0.00s)
  * H2V transpose (0.00s)
  * VCF/BCF writing [N=94 / L=1708] (0.08s)
  * Indexing files
  * Total running time = 2 seconds
