
[SHAPEIT5] Phase_rare (phase rare variants onto a haplotype scaffold)
  * Authors       : Simone RUBINACCI & Olivier DELANEAU, University of Lausanne
  * Contact       : simone.rubinacci@unil.ch & olivier.delaneau@gmail.com
  * Version       : 5.1.1 / commit = 990ed0d / release = 2023-05-08
  * Run date      : 19/04/2024 - 11:39:13

Files:
  * Unphased data : [/home/aftimo/Documents/practiques/Documents_Elias/IntroMasterAdria/Execute/../VCFs/Inversion_Regions/Shapeit_Phase/HsInv1838/RegionAnnotated.bcf]
  * Scaffold data : [/home/aftimo/Documents/practiques/Documents_Elias/IntroMasterAdria/Execute/../VCFs/Inversion_Regions/Shapeit_Phase/HsInv1838/RegionScaffold.bcf]
  * Genetic Map   : [/home/aftimo/Documents/practiques/Documents_Elias/IntroMasterAdria/Execute/../VCFs/30X/Maps/chr7.b38.gmap.gz]
  * Output data   : [/home/aftimo/Documents/practiques/Documents_Elias/IntroMasterAdria/Execute/../VCFs/Inversion_Regions/Shapeit_Phase/HsInv1838/RegionPhased.bcf]
  * Output LOG    : [/home/aftimo/Documents/practiques/Documents_Elias/IntroMasterAdria/Execute/../VCFs/Inversion_Regions/Shapeit_Phase/HsInv1838/OutputRare.log]

Parameters:
  * Seed    : 15052011
  * Threads : 5 threads
  * PBWT    : [depth = 2,2 / modulo = 0.005 / mac = 2 / mdr = 0.1]
  * HMM     : [Ne = 15000 / Recombination rates given by genetic map]

Parsing specified genomic regions
  * Scaffold region  [7:47414265-47815368]
  * Input region  [7:47414265-47815368]

Reading genotype data
  * BCF scanning (0.07s)
      + Variant sites: [#scaffold=1708 | #rare=1491 | #all=3199]
      + 1708 variants found in both files [priority to scaffold]
  * HAP allocation [#scaffold=1708 / #samples=94] (0.00s)
  * Genotype set allocation [#rare=1491 / #samples=94] (0.00s)
  * Plain VCF/BCF parsing (0.06s)
      + Scaffold : [0/0=89682 0/1=48791 1/1=22079]
      + Rare     : [0/0=128759 0/1=5432 1/1=5963 ./.=0]

Mapping Haploid samples
  * PED file parsing [n=1599]
  * #haploids=0 / #diploids=94
  * #reset_hets=0 (-nan% of minor allele genotypes)

Initializing sparse genotypes
  * 0 missing genotypes imputed at monomorphic sites
  * Genotype set transpose V2I (0.00s)

Setting up genetic map
  * GMAP parsing [n=183805] (0.24s)
  * cM interpolation [s=530 / i=2669] (0.00s)
  * Region length [401064 bp / 0.8 cM]
  * HMM parameters [Ne=15000 / Error=0.0001]
  * V2H transpose (0.00s)

PBWT pass
  * PBWT initialization [#eval=1708 / #select=129] (0.00s)
  * IBD2 constraints [#inds=0 / #pairs=0] (0.00s)
  * PBWT forward selection (0.01s)
  * PBWT backward selection (0.01s)
      + #states=97.19+/-15.11
      + #collisions = 75157 / #pushes = 21940 / rate = 22.60%

HMM computations
  * Processing (0.21s)
  * Genotype set transpose merge I2V [n=23] (0.00s)
  * Solving summary:
      + #Hets=5432 / Phased by HMM=5409, PED=0, SING=23
      + #Miss=0 / Imputed by HMM=0, PED=0, MONO=0

Finalization:
  * BCF writing [Compressed / N=94 / L=3199] (0.08s)
  * Indexing [/home/aftimo/Documents/practiques/Documents_Elias/IntroMasterAdria/Execute/../VCFs/Inversion_Regions/Shapeit_Phase/HsInv1838/RegionPhased.bcf]
  * Total running time = 0 seconds
