
[SHAPEIT5] phase_common (jointly phase multiple common markers)
  * Author        : Olivier DELANEAU, University of Lausanne
  * Contact       : olivier.delaneau@gmail.com
  * Version       : 5.1.1 / commit = 990ed0d / release = 2023-05-08
  * Run date      : 19/04/2024 - 11:39:31

Files:
  * Input         : [/home/aftimo/Documents/practiques/Documents_Elias/IntroMasterAdria/Execute/../VCFs/Inversion_Regions/Shapeit_Phase/HsInv0608/RegionAnnotated.bcf]
  * Haploids      : [/home/aftimo/Documents/practiques/Documents_Elias/IntroMasterAdria/Execute/../VCFs/Inversion_Regions/Shapeit_Phase/HsInv0608/male_samples.txt]
  * Genetic Map   : [/home/aftimo/Documents/practiques/Documents_Elias/IntroMasterAdria/Execute/../VCFs/30X/Maps/chrX.b38.gmap.gz]
  * Output        : [/home/aftimo/Documents/practiques/Documents_Elias/IntroMasterAdria/Execute/../VCFs/Inversion_Regions/Shapeit_Phase/HsInv0608/RegionScaffold.bcf]
  * Output format : [bcf]
  * Output LOG    : [/home/aftimo/Documents/practiques/Documents_Elias/IntroMasterAdria/Execute/../VCFs/Inversion_Regions/Shapeit_Phase/HsInv0608/OutputCommon.log]

Parameters:
  * Seed    : 15052011
  * Threads : 5 threads
  * MCMC    : 15 iterations [5b + 1p + 1b + 1p + 1b + 1p + 5m]
  * PBWT    : [window = 4cM / depth = auto / modulo = auto / mac = 5 / missing = 0.1]
  * HMM     : [window = 4cM / Ne = 15000 / Recombination rates given by genetic map]
  * FILTERS : [snp only = 0 / MAF = 0.05]

Reading genotype data:
  * VCF/BCF scanning done (0.01s)
      + Variants [#sites=564 / region=X:155136693-155704550]
         - 692 sites removed in main panel [below MAF threshold]
      + Samples [#target=94 / #reference=0]
  * VCF/BCF parsing done (0.04s)
      + Genotypes [0/0=42.489%, 0/1=16.031%, 1/1=41.480%, ./.=0.000%, 0|1=0.000%]
  * Haploid parsing [n=1599] (0.00s)
  * Haploid sample mapping (0.00s)
      + #haploids = 0 / #diploids = 94
      + Hets set as missing: n=0 (-nan%)

Setting up genetic map:
  * GMAP parsing [n=89236] (0.07s)
  * cM interpolation [s=105 / i=459] (0.00s)
  * Region length [563391 bp / 0.0 cM]
  * HMM parameters [Ne=15000 / Error=0.0001 / #rare=0]

Initializing data structures:
  * Impute monomorphic [n=0] (0.00s)
  * HAP update (0.00s)
  * H2V transpose (0.00s)
  * PBWT parameters auto setting : [modulo = 0.016 / depth = 7]
  * PBWT initialization [#eval=564 / #select=3 / #chunk=1] (0.00s)
  * PBWT phasing sweep (0.01s)
  * Build genotype graphs [seg=2895] (0.00s)

Burn-in iteration [1/5]
  * PBWT selection (0.00s)
  * HMM computations [K=28.3+/-4.4 / W=0.56Mb / US=0 / UP=0] (0.01s)
  * IBD2 tracks [#inds=10 / #tracks=11 / #merged = 0]
  * HAP update (0.00s)
  * H2V transpose (0.00s)

Burn-in iteration [2/5]
  * PBWT selection (0.01s)
  * HMM computations [K=26.4+/-5.8 / W=0.56Mb / US=0 / UP=0] (0.01s)
  * IBD2 tracks [#inds=13 / #tracks=20 / #merged = 0]
  * HAP update (0.00s)
  * H2V transpose (0.00s)

Burn-in iteration [3/5]
  * PBWT selection (0.01s)
  * HMM computations [K=26.9+/-4.6 / W=0.56Mb / US=0 / UP=0] (0.01s)
  * IBD2 tracks [#inds=14 / #tracks=25 / #merged = 0]
  * HAP update (0.00s)
  * H2V transpose (0.00s)

Burn-in iteration [4/5]
  * PBWT selection (0.00s)
  * HMM computations [K=29.1+/-5.1 / W=0.56Mb / US=0 / UP=0] (0.01s)
  * IBD2 tracks [#inds=14 / #tracks=25 / #merged = 0]
  * HAP update (0.00s)
  * H2V transpose (0.00s)

Burn-in iteration [5/5]
  * PBWT selection (0.01s)
  * HMM computations [K=29.8+/-4.6 / W=0.56Mb / US=0 / UP=0] (0.01s)
  * IBD2 tracks [#inds=14 / #tracks=28 / #merged = 0]
  * HAP update (0.00s)
  * H2V transpose (0.00s)

Pruning iteration [1/1]
  * PBWT selection (0.01s)
  * HMM computations [K=27.0+/-5.7 / W=0.56Mb / US=0 / UP=0] (0.02s)
  * IBD2 tracks [#inds=14 / #tracks=31 / #merged = 0]
  * HAP update (0.00s)
  * H2V transpose (0.00s)
  * Trimming [pc=40.97%]

Burn-in iteration [1/1]
  * PBWT selection (0.01s)
  * HMM computations [K=32.0+/-4.1 / W=0.56Mb / US=0 / UP=0] (0.01s)
  * IBD2 tracks [#inds=14 / #tracks=33 / #merged = 0]
  * HAP update (0.00s)
  * H2V transpose (0.00s)

Pruning iteration [1/1]
  * PBWT selection (0.01s)
  * HMM computations [K=31.8+/-3.9 / W=0.56Mb / US=0 / UP=0] (0.02s)
  * IBD2 tracks [#inds=14 / #tracks=34 / #merged = 0]
  * HAP update (0.00s)
  * H2V transpose (0.00s)
  * Trimming [pc=64.15%]

Burn-in iteration [1/1]
  * PBWT selection (0.01s)
  * HMM computations [K=30.1+/-4.4 / W=0.56Mb / US=0 / UP=0] (0.01s)
  * IBD2 tracks [#inds=14 / #tracks=34 / #merged = 0]
  * HAP update (0.00s)
  * H2V transpose (0.00s)

Pruning iteration [1/1]
  * PBWT selection (0.01s)
  * HMM computations [K=32.7+/-3.9 / W=0.56Mb / US=0 / UP=0] (0.01s)
  * IBD2 tracks [#inds=14 / #tracks=34 / #merged = 0]
  * HAP update (0.00s)
  * H2V transpose (0.00s)
  * Trimming [pc=76.75%]

Main iteration [1/5]
  * PBWT selection (0.01s)
  * HMM computations [K=32.0+/-3.9 / W=0.56Mb / US=0 / UP=0] (0.01s)
  * IBD2 tracks [#inds=14 / #tracks=34 / #merged = 0]
  * HAP update (0.00s)
  * H2V transpose (0.00s)

Main iteration [2/5]
  * PBWT selection (0.01s)
  * HMM computations [K=32.5+/-4.0 / W=0.56Mb / US=0 / UP=0] (0.02s)
  * IBD2 tracks [#inds=15 / #tracks=35 / #merged = 0]
  * HAP update (0.00s)
  * H2V transpose (0.00s)

Main iteration [3/5]
  * PBWT selection (0.01s)
  * HMM computations [K=30.6+/-4.4 / W=0.56Mb / US=0 / UP=0] (0.01s)
  * IBD2 tracks [#inds=15 / #tracks=37 / #merged = 0]
  * HAP update (0.00s)
  * H2V transpose (0.00s)

Main iteration [4/5]
  * PBWT selection (0.00s)
  * HMM computations [K=30.5+/-4.3 / W=0.56Mb / US=0 / UP=0] (0.01s)
  * IBD2 tracks [#inds=15 / #tracks=37 / #merged = 0]
  * HAP update (0.00s)
  * H2V transpose (0.00s)

Main iteration [5/5]
  * PBWT selection (0.00s)
  * HMM computations [K=28.8+/-4.4 / W=0.56Mb / US=0 / UP=0] (0.01s)
  * IBD2 tracks [#inds=15 / #tracks=37 / #merged = 0]
  * HAP update (0.00s)
  * H2V transpose (0.00s)

Finalization:
  * HAP solving (0.00s)
  * HAP update (0.00s)
  * H2V transpose (0.00s)
  * VCF/BCF writing [N=94 / L=564] (0.02s)
  * Indexing files
  * Total running time = 0 seconds
