
[SHAPEIT5] Phase_rare (phase rare variants onto a haplotype scaffold)
  * Authors       : Simone RUBINACCI & Olivier DELANEAU, University of Lausanne
  * Contact       : simone.rubinacci@unil.ch & olivier.delaneau@gmail.com
  * Version       : 5.1.1 / commit = 990ed0d / release = 2023-05-08
  * Run date      : 19/04/2024 - 11:39:28

Files:
  * Unphased data : [/home/aftimo/Documents/practiques/Documents_Elias/IntroMasterAdria/Execute/../VCFs/Inversion_Regions/Shapeit_Phase/HsInv0390/RegionAnnotated.bcf]
  * Scaffold data : [/home/aftimo/Documents/practiques/Documents_Elias/IntroMasterAdria/Execute/../VCFs/Inversion_Regions/Shapeit_Phase/HsInv0390/RegionScaffold.bcf]
  * Genetic Map   : [/home/aftimo/Documents/practiques/Documents_Elias/IntroMasterAdria/Execute/../VCFs/30X/Maps/chrX.b38.gmap.gz]
  * Output data   : [/home/aftimo/Documents/practiques/Documents_Elias/IntroMasterAdria/Execute/../VCFs/Inversion_Regions/Shapeit_Phase/HsInv0390/RegionPhased.bcf]
  * Output LOG    : [/home/aftimo/Documents/practiques/Documents_Elias/IntroMasterAdria/Execute/../VCFs/Inversion_Regions/Shapeit_Phase/HsInv0390/OutputRare.log]

Parameters:
  * Seed    : 15052011
  * Threads : 5 threads
  * PBWT    : [depth = 2,2 / modulo = 0.005 / mac = 2 / mdr = 0.1]
  * HMM     : [Ne = 15000 / Recombination rates given by genetic map]

Parsing specified genomic regions
  * Scaffold region  [X:103718062-104313598]
  * Input region  [X:103718062-104313598]

Reading genotype data
  * BCF scanning (0.04s)
      + Variant sites: [#scaffold=890 | #rare=884 | #all=1774]
      + 890 variants found in both files [priority to scaffold]
  * HAP allocation [#scaffold=890 / #samples=94] (0.00s)
  * Genotype set allocation [#rare=884 / #samples=94] (0.00s)
  * Plain VCF/BCF parsing (0.03s)
      + Scaffold : [0/0=55715 0/1=10072 1/1=17873]
      + Rare     : [0/0=79201 0/1=1878 1/1=2017 ./.=0]

Mapping Haploid samples
  * PED file parsing [n=1599]
  * #haploids=0 / #diploids=94
  * #reset_hets=0 (-nan% of minor allele genotypes)

Initializing sparse genotypes
  * 0 missing genotypes imputed at monomorphic sites
  * Genotype set transpose V2I (0.00s)

Setting up genetic map
  * GMAP parsing [n=89236] (0.08s)
  * cM interpolation [s=264 / i=1510] (0.00s)
  * Region length [594927 bp / 0.2 cM]
  * HMM parameters [Ne=15000 / Error=0.0001]
  * V2H transpose (0.00s)

PBWT pass
  * PBWT initialization [#eval=890 / #select=30] (0.00s)
  * IBD2 constraints [#inds=0 / #pairs=0] (0.00s)
  * PBWT forward selection (0.00s)
  * PBWT backward selection (0.00s)
      + #states=54.64+/-8.98
      + #collisions = 13923 / #pushes = 8683 / rate = 38.41%

HMM computations
  * Processing (0.06s)
  * Genotype set transpose merge I2V [n=47] (0.00s)
  * Solving summary:
      + #Hets=1878 / Phased by HMM=1831, PED=0, SING=47
      + #Miss=0 / Imputed by HMM=0, PED=0, MONO=0

Finalization:
  * BCF writing [Compressed / N=94 / L=1774] (0.03s)
  * Indexing [/home/aftimo/Documents/practiques/Documents_Elias/IntroMasterAdria/Execute/../VCFs/Inversion_Regions/Shapeit_Phase/HsInv0390/RegionPhased.bcf]
  * Total running time = 0 seconds
