PLINK v1.90b7.2 64-bit (11 Dec 2023)
Options in effect:
  --bfile /home/aftimo/Documents/practiques/Documents_Elias/IntroMasterAdria/Execute/Results_Impute5/Shapeit_Phase/Rep_1/R2/HsInv0414/0.70/AFR_Exp
  --bmerge /home/aftimo/Documents/practiques/Documents_Elias/IntroMasterAdria/Execute/Results_Impute5/Shapeit_Phase/Rep_1/R2/HsInv0414/0.70/AFR_Imp
  --merge-mode 6
  --out /home/aftimo/Documents/practiques/Documents_Elias/IntroMasterAdria/Execute/Results_Impute5/Shapeit_Phase/Rep_1/R2/HsInv0414/0.70/AFR

Hostname: aftimo
Working directory: /home/aftimo/Documents/practiques/Documents_Elias/IntroMasterAdria/Execute
Start time: Mon Jun 17 15:05:31 2024

Random number seed: 1718629531
31827 MB RAM detected; reserving 15913 MB for main workspace.
27 people loaded from
/home/aftimo/Documents/practiques/Documents_Elias/IntroMasterAdria/Execute/Results_Impute5/Shapeit_Phase/Rep_1/R2/HsInv0414/0.70/AFR_Exp.fam.
27 people to be merged from
/home/aftimo/Documents/practiques/Documents_Elias/IntroMasterAdria/Execute/Results_Impute5/Shapeit_Phase/Rep_1/R2/HsInv0414/0.70/AFR_Imp.fam.
Of these, 0 are new, while 27 are present in the base dataset.
1 marker loaded from
/home/aftimo/Documents/practiques/Documents_Elias/IntroMasterAdria/Execute/Results_Impute5/Shapeit_Phase/Rep_1/R2/HsInv0414/0.70/AFR_Exp.bim.
1 marker to be merged from
/home/aftimo/Documents/practiques/Documents_Elias/IntroMasterAdria/Execute/Results_Impute5/Shapeit_Phase/Rep_1/R2/HsInv0414/0.70/AFR_Imp.bim.
Of these, 0 are new, while 1 is present in the base dataset.
Performing 1-pass diff (mode 6), writing results to
/home/aftimo/Documents/practiques/Documents_Elias/IntroMasterAdria/Execute/Results_Impute5/Shapeit_Phase/Rep_1/R2/HsInv0414/0.70/AFR.diff
.
27 overlapping calls, 27 nonmissing in both filesets.
16 concordant, for a concordance rate of 0.592593.

End time: Mon Jun 17 15:05:31 2024
