beagle.22Jul22.46e.jar (version 5.4)
Copyright (C) 2014-2022 Brian L. Browning
Enter "java -jar beagle.22Jul22.46e.jar" to list command line argument
Start time: 11:05 AM CEST on 18 Apr 2024

Command line: java -Xmx7960m -jar beagle.22Jul22.46e.jar
  gt=/home/aftimo/Documents/practiques/Documents_Elias/IntroMasterAdria/Execute/../VCFs/Inversion_Regions/Standard/HsInv0055/RegionFilled.vcf
  out=/home/aftimo/Documents/practiques/Documents_Elias/IntroMasterAdria/Execute/../VCFs/Inversion_Regions/Standard/HsInv0055/Output
  map=/home/aftimo/Documents/practiques/Documents_Elias/IntroMasterAdria/Execute/../VCFs/30X/Maps/plink.chr5.GRCh38.map
  nthreads=20

Reference samples:                    0
Study     samples:                  517

Window 1 [5:64265193-64683005]
Study     markers:                4,054

Burnin  iteration 1:           16 seconds
Burnin  iteration 2:           8 seconds

Estimated ne:                  566909
Estimated err:                 5.3e-04

Phasing iteration 1:           3 seconds
Phasing iteration 2:           2 seconds
Phasing iteration 3:           2 seconds
Phasing iteration 4:           2 seconds
Phasing iteration 5:           2 seconds
Phasing iteration 6:           2 seconds
Phasing iteration 7:           2 seconds
Phasing iteration 8:           2 seconds
Phasing iteration 9:           2 seconds
Phasing iteration 10:          2 seconds
Phasing iteration 11:          3 seconds
Phasing iteration 12:          1 second
Low frequency phasing:         5 seconds

Cumulative Statistics:

Study     markers:                4,054

Haplotype phasing time:        56 seconds
Total time:                    1 minute 3 seconds

End time: 11:06 AM CEST on 18 Apr 2024
beagle.22Jul22.46e.jar finished
