
[SHAPEIT5] Phase_rare (phase rare variants onto a haplotype scaffold)
  * Authors       : Simone RUBINACCI & Olivier DELANEAU, University of Lausanne
  * Contact       : simone.rubinacci@unil.ch & olivier.delaneau@gmail.com
  * Version       : 5.1.1 / commit = 990ed0d / release = 2023-05-08
  * Run date      : 19/04/2024 - 11:38:54

Files:
  * Unphased data : [/home/aftimo/Documents/practiques/Documents_Elias/IntroMasterAdria/Execute/../VCFs/Inversion_Regions/Shapeit_Phase/HsInv0325/RegionAnnotated.bcf]
  * Scaffold data : [/home/aftimo/Documents/practiques/Documents_Elias/IntroMasterAdria/Execute/../VCFs/Inversion_Regions/Shapeit_Phase/HsInv0325/RegionScaffold.bcf]
  * Genetic Map   : [/home/aftimo/Documents/practiques/Documents_Elias/IntroMasterAdria/Execute/../VCFs/30X/Maps/chr10.b38.gmap.gz]
  * Output data   : [/home/aftimo/Documents/practiques/Documents_Elias/IntroMasterAdria/Execute/../VCFs/Inversion_Regions/Shapeit_Phase/HsInv0325/RegionPhased.bcf]
  * Output LOG    : [/home/aftimo/Documents/practiques/Documents_Elias/IntroMasterAdria/Execute/../VCFs/Inversion_Regions/Shapeit_Phase/HsInv0325/OutputRare.log]

Parameters:
  * Seed    : 15052011
  * Threads : 5 threads
  * PBWT    : [depth = 2,2 / modulo = 0.005 / mac = 2 / mdr = 0.1]
  * HMM     : [Ne = 15000 / Recombination rates given by genetic map]

Parsing specified genomic regions
  * Scaffold region  [10:36902417-37313835]
  * Input region  [10:36902417-37313835]

Reading genotype data
  * BCF scanning (0.05s)
      + Variant sites: [#scaffold=850 | #rare=2045 | #all=2895]
      + 850 variants found in both files [priority to scaffold]
  * HAP allocation [#scaffold=850 / #samples=227] (0.00s)
  * Genotype set allocation [#rare=2045 / #samples=227] (0.00s)
  * Plain VCF/BCF parsing (0.07s)
      + Scaffold : [0/0=113637 0/1=52539 1/1=26774]
      + Rare     : [0/0=447114 0/1=14520 1/1=2581 ./.=0]

Mapping Haploid samples
  * PED file parsing [n=1599]
  * #haploids=0 / #diploids=227
  * #reset_hets=0 (-nan% of minor allele genotypes)

Initializing sparse genotypes
  * 0 missing genotypes imputed at monomorphic sites
  * Genotype set transpose V2I (0.00s)

Setting up genetic map
  * GMAP parsing [n=180053] (0.14s)
  * cM interpolation [s=341 / i=2554] (0.01s)
  * Region length [410946 bp / 0.1 cM]
  * HMM parameters [Ne=15000 / Error=0.0001]
  * V2H transpose (0.00s)

PBWT pass
  * PBWT initialization [#eval=850 / #select=26] (0.00s)
  * IBD2 constraints [#inds=0 / #pairs=0] (0.00s)
  * PBWT forward selection (0.02s)
  * PBWT backward selection (0.02s)
      + #states=71.23+/-20.20
      + #collisions = 35307 / #pushes = 11929 / rate = 25.25%

HMM computations
  * Processing (0.16s)
  * Genotype set transpose merge I2V [n=152] (0.00s)
  * Solving summary:
      + #Hets=14520 / Phased by HMM=14368, PED=0, SING=152
      + #Miss=0 / Imputed by HMM=0, PED=0, MONO=0

Finalization:
  * BCF writing [Compressed / N=227 / L=2895] (0.08s)
  * Indexing [/home/aftimo/Documents/practiques/Documents_Elias/IntroMasterAdria/Execute/../VCFs/Inversion_Regions/Shapeit_Phase/HsInv0325/RegionPhased.bcf]
  * Total running time = 0 seconds
