
[SHAPEIT5] Phase_rare (phase rare variants onto a haplotype scaffold)
  * Authors       : Simone RUBINACCI & Olivier DELANEAU, University of Lausanne
  * Contact       : simone.rubinacci@unil.ch & olivier.delaneau@gmail.com
  * Version       : 5.1.1 / commit = 990ed0d / release = 2023-05-08
  * Run date      : 19/04/2024 - 11:40:27

Files:
  * Unphased data : [/home/aftimo/Documents/practiques/Documents_Elias/IntroMasterAdria/Execute/../VCFs/Inversion_Regions/Shapeit_Phase/HsInv0340/RegionAnnotated.bcf]
  * Scaffold data : [/home/aftimo/Documents/practiques/Documents_Elias/IntroMasterAdria/Execute/../VCFs/Inversion_Regions/Shapeit_Phase/HsInv0340/RegionScaffold.bcf]
  * Genetic Map   : [/home/aftimo/Documents/practiques/Documents_Elias/IntroMasterAdria/Execute/../VCFs/30X/Maps/chr13.b38.gmap.gz]
  * Output data   : [/home/aftimo/Documents/practiques/Documents_Elias/IntroMasterAdria/Execute/../VCFs/Inversion_Regions/Shapeit_Phase/HsInv0340/RegionPhased.bcf]
  * Output LOG    : [/home/aftimo/Documents/practiques/Documents_Elias/IntroMasterAdria/Execute/../VCFs/Inversion_Regions/Shapeit_Phase/HsInv0340/OutputRare.log]

Parameters:
  * Seed    : 15052011
  * Threads : 5 threads
  * PBWT    : [depth = 2,2 / modulo = 0.005 / mac = 2 / mdr = 0.1]
  * HMM     : [Ne = 15000 / Recombination rates given by genetic map]

Parsing specified genomic regions
  * Scaffold region  [13:63516792-63969516]
  * Input region  [13:63516792-63969516]

Reading genotype data
  * BCF scanning (0.06s)
      + Variant sites: [#scaffold=1450 | #rare=4761 | #all=6211]
      + 1450 variants found in both files [priority to scaffold]
  * HAP allocation [#scaffold=1450 / #samples=509] (0.00s)
  * Genotype set allocation [#rare=4761 / #samples=509] (0.00s)
  * Plain VCF/BCF parsing (0.11s)
      + Scaffold : [0/0=494514 0/1=162106 1/1=81430]
      + Rare     : [0/0=2346878 0/1=52956 1/1=23515 ./.=0]

Mapping Haploid samples
  * PED file parsing [n=1599]
  * #haploids=0 / #diploids=509
  * #reset_hets=0 (-nan% of minor allele genotypes)

Initializing sparse genotypes
  * 0 missing genotypes imputed at monomorphic sites
  * Genotype set transpose V2I (0.00s)

Setting up genetic map
  * GMAP parsing [n=136637] (0.12s)
  * cM interpolation [s=654 / i=5557] (0.00s)
  * Region length [452649 bp / 0.3 cM]
  * HMM parameters [Ne=15000 / Error=0.0001]
  * V2H transpose (0.00s)

PBWT pass
  * PBWT initialization [#eval=1450 / #select=38] (0.00s)
  * IBD2 constraints [#inds=0 / #pairs=0] (0.02s)
  * PBWT forward selection (0.07s)
  * PBWT backward selection (0.08s)
      + #states=121.20+/-49.29
      + #collisions = 120295 / #pushes = 34447 / rate = 22.26%

HMM computations
  * Processing (0.55s)
  * Genotype set transpose merge I2V [n=642] (0.00s)
  * Solving summary:
      + #Hets=52956 / Phased by HMM=52314, PED=0, SING=642
      + #Miss=0 / Imputed by HMM=0, PED=0, MONO=0

Finalization:
  * BCF writing [Compressed / N=509 / L=6211] (0.15s)
  * Indexing [/home/aftimo/Documents/practiques/Documents_Elias/IntroMasterAdria/Execute/../VCFs/Inversion_Regions/Shapeit_Phase/HsInv0340/RegionPhased.bcf]
  * Total running time = 1 seconds
