
[SHAPEIT5] Phase_rare (phase rare variants onto a haplotype scaffold)
  * Authors       : Simone RUBINACCI & Olivier DELANEAU, University of Lausanne
  * Contact       : simone.rubinacci@unil.ch & olivier.delaneau@gmail.com
  * Version       : 5.1.1 / commit = 990ed0d / release = 2023-05-08
  * Run date      : 19/04/2024 - 11:40:38

Files:
  * Unphased data : [/home/aftimo/Documents/practiques/Documents_Elias/IntroMasterAdria/Execute/../VCFs/Inversion_Regions/Shapeit_Phase/HsInv0396/RegionAnnotated.bcf]
  * Scaffold data : [/home/aftimo/Documents/practiques/Documents_Elias/IntroMasterAdria/Execute/../VCFs/Inversion_Regions/Shapeit_Phase/HsInv0396/RegionScaffold.bcf]
  * Genetic Map   : [/home/aftimo/Documents/practiques/Documents_Elias/IntroMasterAdria/Execute/../VCFs/30X/Maps/chrX.b38.gmap.gz]
  * Output data   : [/home/aftimo/Documents/practiques/Documents_Elias/IntroMasterAdria/Execute/../VCFs/Inversion_Regions/Shapeit_Phase/HsInv0396/RegionPhased.bcf]
  * Output LOG    : [/home/aftimo/Documents/practiques/Documents_Elias/IntroMasterAdria/Execute/../VCFs/Inversion_Regions/Shapeit_Phase/HsInv0396/OutputRare.log]

Parameters:
  * Seed    : 15052011
  * Threads : 5 threads
  * PBWT    : [depth = 2,2 / modulo = 0.005 / mac = 2 / mdr = 0.1]
  * HMM     : [Ne = 15000 / Recombination rates given by genetic map]

Parsing specified genomic regions
  * Scaffold region  [X:72796065-73286958]
  * Input region  [X:72796065-73286958]

Reading genotype data
  * BCF scanning (0.03s)
      + Variant sites: [#scaffold=656 | #rare=2002 | #all=2658]
      + 656 variants found in both files [priority to scaffold]
  * HAP allocation [#scaffold=656 / #samples=510] (0.00s)
  * Genotype set allocation [#rare=2002 / #samples=510] (0.00s)
  * Plain VCF/BCF parsing (0.03s)
      + Scaffold : [0/0=223416 0/1=32532 1/1=78612]
      + Rare     : [0/0=999196 0/1=8287 1/1=13537 ./.=0]

Mapping Haploid samples
  * PED file parsing [n=1599]
  * #haploids=0 / #diploids=510
  * #reset_hets=0 (-nan% of minor allele genotypes)

Initializing sparse genotypes
  * 0 missing genotypes imputed at monomorphic sites
  * Genotype set transpose V2I (0.00s)

Setting up genetic map
  * GMAP parsing [n=89236] (0.07s)
  * cM interpolation [s=131 / i=2527] (0.00s)
  * Region length [484391 bp / 0.1 cM]
  * HMM parameters [Ne=15000 / Error=0.0001]
  * V2H transpose (0.00s)

PBWT pass
  * PBWT initialization [#eval=656 / #select=10] (0.00s)
  * IBD2 constraints [#inds=5 / #pairs=5] (0.01s)
  * PBWT forward selection (0.02s)
  * PBWT backward selection (0.02s)
      + #states=56.81+/-13.49
      + #collisions = 24066 / #pushes = 16755 / rate = 41.05%

HMM computations
  * Processing (0.14s)
  * Genotype set transpose merge I2V [n=182] (0.00s)
  * Solving summary:
      + #Hets=8287 / Phased by HMM=8105, PED=0, SING=182
      + #Miss=0 / Imputed by HMM=0, PED=0, MONO=0

Finalization:
  * BCF writing [Compressed / N=510 / L=2658] (0.07s)
  * Indexing [/home/aftimo/Documents/practiques/Documents_Elias/IntroMasterAdria/Execute/../VCFs/Inversion_Regions/Shapeit_Phase/HsInv0396/RegionPhased.bcf]
  * Total running time = 0 seconds
