
[SHAPEIT5] phase_common (jointly phase multiple common markers)
  * Author        : Olivier DELANEAU, University of Lausanne
  * Contact       : olivier.delaneau@gmail.com
  * Version       : 5.1.1 / commit = 990ed0d / release = 2023-05-08
  * Run date      : 19/04/2024 - 11:40:09

Files:
  * Input         : [/home/aftimo/Documents/practiques/Documents_Elias/IntroMasterAdria/Execute/../VCFs/Inversion_Regions/Shapeit_Phase/HsInv0266/RegionAnnotated.bcf]
  * Haploids      : [/home/aftimo/Documents/practiques/Documents_Elias/IntroMasterAdria/Execute/../VCFs/Inversion_Regions/Shapeit_Phase/HsInv0266/male_samples.txt]
  * Genetic Map   : [/home/aftimo/Documents/practiques/Documents_Elias/IntroMasterAdria/Execute/../VCFs/30X/Maps/chr4.b38.gmap.gz]
  * Output        : [/home/aftimo/Documents/practiques/Documents_Elias/IntroMasterAdria/Execute/../VCFs/Inversion_Regions/Shapeit_Phase/HsInv0266/RegionScaffold.bcf]
  * Output format : [bcf]
  * Output LOG    : [/home/aftimo/Documents/practiques/Documents_Elias/IntroMasterAdria/Execute/../VCFs/Inversion_Regions/Shapeit_Phase/HsInv0266/OutputCommon.log]

Parameters:
  * Seed    : 15052011
  * Threads : 5 threads
  * MCMC    : 15 iterations [5b + 1p + 1b + 1p + 1b + 1p + 5m]
  * PBWT    : [window = 4cM / depth = auto / modulo = auto / mac = 5 / missing = 0.1]
  * HMM     : [window = 4cM / Ne = 15000 / Recombination rates given by genetic map]
  * FILTERS : [snp only = 0 / MAF = 0.05]

Reading genotype data:
  * VCF/BCF scanning done (0.06s)
      + Variants [#sites=1948 / region=4:187748262-188156694]
         - 4009 sites removed in main panel [below MAF threshold]
      + Samples [#target=514 / #reference=0]
  * VCF/BCF parsing done (0.11s)
      + Genotypes [0/0=55.240%, 0/1=28.374%, 1/1=16.387%, ./.=0.000%, 0|1=0.000%]
  * Haploid parsing [n=1599] (0.00s)
  * Haploid sample mapping (0.00s)
      + #haploids = 0 / #diploids = 514
      + Hets set as missing: n=0 (-nan%)

Setting up genetic map:
  * GMAP parsing [n=211107] (0.30s)
  * cM interpolation [s=312 / i=1636] (0.00s)
  * Region length [407882 bp / 1.0 cM]
  * HMM parameters [Ne=15000 / Error=0.0001 / #rare=0]

Initializing data structures:
  * Impute monomorphic [n=0] (0.00s)
  * HAP update (0.01s)
  * H2V transpose (0.00s)
  * PBWT parameters auto setting : [modulo = 0.033 / depth = 6]
  * PBWT initialization [#eval=1948 / #select=30 / #chunk=1] (0.00s)
  * PBWT phasing sweep (0.13s)
  * Build genotype graphs [seg=94865] (0.02s)

Burn-in iteration [1/5]
  * PBWT selection (0.02s)
  * HMM computations [K=177.2+/-25.7 / W=0.41Mb / US=0 / UP=0] (0.86s)
  * IBD2 tracks [#inds=2 / #tracks=2 / #merged = 0]
  * HAP update (0.01s)
  * H2V transpose (0.00s)

Burn-in iteration [2/5]
  * PBWT selection (0.02s)
  * HMM computations [K=172.3+/-26.8 / W=0.41Mb / US=0 / UP=0] (0.81s)
  * IBD2 tracks [#inds=2 / #tracks=2 / #merged = 0]
  * HAP update (0.01s)
  * H2V transpose (0.00s)

Burn-in iteration [3/5]
  * PBWT selection (0.01s)
  * HMM computations [K=168.7+/-25.7 / W=0.41Mb / US=0 / UP=0] (0.85s)
  * IBD2 tracks [#inds=2 / #tracks=2 / #merged = 0]
  * HAP update (0.01s)
  * H2V transpose (0.00s)

Burn-in iteration [4/5]
  * PBWT selection (0.03s)
  * HMM computations [K=159.1+/-26.0 / W=0.41Mb / US=0 / UP=0] (0.69s)
  * IBD2 tracks [#inds=2 / #tracks=2 / #merged = 0]
  * HAP update (0.01s)
  * H2V transpose (0.00s)

Burn-in iteration [5/5]
  * PBWT selection (0.02s)
  * HMM computations [K=160.1+/-25.8 / W=0.41Mb / US=0 / UP=0] (0.78s)
  * IBD2 tracks [#inds=2 / #tracks=2 / #merged = 0]
  * HAP update (0.01s)
  * H2V transpose (0.01s)

Pruning iteration [1/1]
  * PBWT selection (0.02s)
  * HMM computations [K=159.3+/-25.9 / W=0.41Mb / US=0 / UP=0] (0.77s)
  * IBD2 tracks [#inds=2 / #tracks=2 / #merged = 0]
  * HAP update (0.01s)
  * H2V transpose (0.00s)
  * Trimming [pc=43.32%]

Burn-in iteration [1/1]
  * PBWT selection (0.02s)
  * HMM computations [K=162.8+/-26.4 / W=0.41Mb / US=0 / UP=0] (0.75s)
  * IBD2 tracks [#inds=2 / #tracks=2 / #merged = 0]
  * HAP update (0.01s)
  * H2V transpose (0.00s)

Pruning iteration [1/1]
  * PBWT selection (0.02s)
  * HMM computations [K=162.1+/-25.8 / W=0.41Mb / US=0 / UP=0] (0.67s)
  * IBD2 tracks [#inds=2 / #tracks=2 / #merged = 0]
  * HAP update (0.01s)
  * H2V transpose (0.00s)
  * Trimming [pc=67.79%]

Burn-in iteration [1/1]
  * PBWT selection (0.02s)
  * HMM computations [K=159.6+/-26.1 / W=0.41Mb / US=0 / UP=0] (0.58s)
  * IBD2 tracks [#inds=2 / #tracks=2 / #merged = 0]
  * HAP update (0.01s)
  * H2V transpose (0.00s)

Pruning iteration [1/1]
  * PBWT selection (0.03s)
  * HMM computations [K=160.4+/-26.3 / W=0.41Mb / US=0 / UP=0] (0.60s)
  * IBD2 tracks [#inds=2 / #tracks=2 / #merged = 0]
  * HAP update (0.01s)
  * H2V transpose (0.00s)
  * Trimming [pc=80.26%]

Main iteration [1/5]
  * PBWT selection (0.03s)
  * HMM computations [K=158.4+/-25.7 / W=0.41Mb / US=0 / UP=0] (0.47s)
  * IBD2 tracks [#inds=2 / #tracks=2 / #merged = 0]
  * HAP update (0.01s)
  * H2V transpose (0.00s)

Main iteration [2/5]
  * PBWT selection (0.01s)
  * HMM computations [K=160.0+/-26.8 / W=0.41Mb / US=0 / UP=0] (0.50s)
  * IBD2 tracks [#inds=2 / #tracks=2 / #merged = 0]
  * HAP update (0.01s)
  * H2V transpose (0.00s)

Main iteration [3/5]
  * PBWT selection (0.02s)
  * HMM computations [K=152.7+/-25.4 / W=0.41Mb / US=0 / UP=0] (0.52s)
  * IBD2 tracks [#inds=2 / #tracks=2 / #merged = 0]
  * HAP update (0.01s)
  * H2V transpose (0.00s)

Main iteration [4/5]
  * PBWT selection (0.02s)
  * HMM computations [K=159.2+/-25.8 / W=0.41Mb / US=0 / UP=0] (0.51s)
  * IBD2 tracks [#inds=2 / #tracks=2 / #merged = 0]
  * HAP update (0.01s)
  * H2V transpose (0.00s)

Main iteration [5/5]
  * PBWT selection (0.01s)
  * HMM computations [K=160.7+/-26.4 / W=0.41Mb / US=0 / UP=0] (0.56s)
  * IBD2 tracks [#inds=2 / #tracks=2 / #merged = 0]
  * HAP update (0.01s)
  * H2V transpose (0.00s)

Finalization:
  * HAP solving (0.03s)
  * HAP update (0.01s)
  * H2V transpose (0.00s)
  * VCF/BCF writing [N=514 / L=1948] (0.15s)
  * Indexing files
  * Total running time = 11 seconds
