
[SHAPEIT5] Phase_rare (phase rare variants onto a haplotype scaffold)
  * Authors       : Simone RUBINACCI & Olivier DELANEAU, University of Lausanne
  * Contact       : simone.rubinacci@unil.ch & olivier.delaneau@gmail.com
  * Version       : 5.1.1 / commit = 990ed0d / release = 2023-05-08
  * Run date      : 19/04/2024 - 11:40:21

Files:
  * Unphased data : [/home/aftimo/Documents/practiques/Documents_Elias/IntroMasterAdria/Execute/../VCFs/Inversion_Regions/Shapeit_Phase/HsInv0266/RegionAnnotated.bcf]
  * Scaffold data : [/home/aftimo/Documents/practiques/Documents_Elias/IntroMasterAdria/Execute/../VCFs/Inversion_Regions/Shapeit_Phase/HsInv0266/RegionScaffold.bcf]
  * Genetic Map   : [/home/aftimo/Documents/practiques/Documents_Elias/IntroMasterAdria/Execute/../VCFs/30X/Maps/chr4.b38.gmap.gz]
  * Output data   : [/home/aftimo/Documents/practiques/Documents_Elias/IntroMasterAdria/Execute/../VCFs/Inversion_Regions/Shapeit_Phase/HsInv0266/RegionPhased.bcf]
  * Output LOG    : [/home/aftimo/Documents/practiques/Documents_Elias/IntroMasterAdria/Execute/../VCFs/Inversion_Regions/Shapeit_Phase/HsInv0266/OutputRare.log]

Parameters:
  * Seed    : 15052011
  * Threads : 5 threads
  * PBWT    : [depth = 2,2 / modulo = 0.005 / mac = 2 / mdr = 0.1]
  * HMM     : [Ne = 15000 / Recombination rates given by genetic map]

Parsing specified genomic regions
  * Scaffold region  [4:187748262-188156694]
  * Input region  [4:187748262-188156694]

Reading genotype data
  * BCF scanning (0.13s)
      + Variant sites: [#scaffold=1948 | #rare=4009 | #all=5957]
      + 1948 variants found in both files [priority to scaffold]
  * HAP allocation [#scaffold=1948 / #samples=514] (0.00s)
  * Genotype set allocation [#rare=4009 / #samples=514] (0.00s)
  * Plain VCF/BCF parsing (0.11s)
      + Scaffold : [0/0=553101 0/1=284097 1/1=164074]
      + Rare     : [0/0=2010386 0/1=37828 1/1=12412 ./.=0]

Mapping Haploid samples
  * PED file parsing [n=1599]
  * #haploids=0 / #diploids=514
  * #reset_hets=0 (-nan% of minor allele genotypes)

Initializing sparse genotypes
  * 0 missing genotypes imputed at monomorphic sites
  * Genotype set transpose V2I (0.00s)

Setting up genetic map
  * GMAP parsing [n=211107] (0.14s)
  * cM interpolation [s=335 / i=5622] (0.00s)
  * Region length [408397 bp / 1.0 cM]
  * HMM parameters [Ne=15000 / Error=0.0001]
  * V2H transpose (0.00s)

PBWT pass
  * PBWT initialization [#eval=1948 / #select=165] (0.00s)
  * IBD2 constraints [#inds=0 / #pairs=0] (0.02s)
  * PBWT forward selection (0.06s)
  * PBWT backward selection (0.07s)
      + #states=183.77+/-63.46
      + #collisions = 578304 / #pushes = 100281 / rate = 14.78%

HMM computations
  * Processing (1.34s)
  * Genotype set transpose merge I2V [n=378] (0.00s)
  * Solving summary:
      + #Hets=37828 / Phased by HMM=37450, PED=0, SING=378
      + #Miss=0 / Imputed by HMM=0, PED=0, MONO=0

Finalization:
  * BCF writing [Compressed / N=514 / L=5957] (0.21s)
  * Indexing [/home/aftimo/Documents/practiques/Documents_Elias/IntroMasterAdria/Execute/../VCFs/Inversion_Regions/Shapeit_Phase/HsInv0266/RegionPhased.bcf]
  * Total running time = 2 seconds
