
[SHAPEIT5] phase_common (jointly phase multiple common markers)
  * Author        : Olivier DELANEAU, University of Lausanne
  * Contact       : olivier.delaneau@gmail.com
  * Version       : 5.1.1 / commit = 990ed0d / release = 2023-05-08
  * Run date      : 19/04/2024 - 11:39:31

Files:
  * Input         : [/home/aftimo/Documents/practiques/Documents_Elias/IntroMasterAdria/Execute/../VCFs/Inversion_Regions/Shapeit_Phase/HsInv0605/RegionAnnotated.bcf]
  * Haploids      : [/home/aftimo/Documents/practiques/Documents_Elias/IntroMasterAdria/Execute/../VCFs/Inversion_Regions/Shapeit_Phase/HsInv0605/male_samples.txt]
  * Genetic Map   : [/home/aftimo/Documents/practiques/Documents_Elias/IntroMasterAdria/Execute/../VCFs/30X/Maps/chrX.b38.gmap.gz]
  * Output        : [/home/aftimo/Documents/practiques/Documents_Elias/IntroMasterAdria/Execute/../VCFs/Inversion_Regions/Shapeit_Phase/HsInv0605/RegionScaffold.bcf]
  * Output format : [bcf]
  * Output LOG    : [/home/aftimo/Documents/practiques/Documents_Elias/IntroMasterAdria/Execute/../VCFs/Inversion_Regions/Shapeit_Phase/HsInv0605/OutputCommon.log]

Parameters:
  * Seed    : 15052011
  * Threads : 5 threads
  * MCMC    : 15 iterations [5b + 1p + 1b + 1p + 1b + 1p + 5m]
  * PBWT    : [window = 4cM / depth = auto / modulo = auto / mac = 5 / missing = 0.1]
  * HMM     : [window = 4cM / Ne = 15000 / Recombination rates given by genetic map]
  * FILTERS : [snp only = 0 / MAF = 0.05]

Reading genotype data:
  * VCF/BCF scanning done (0.01s)
      + Variants [#sites=872 / region=X:51837053-52413786]
         - 762 sites removed in main panel [below MAF threshold]
      + Samples [#target=94 / #reference=0]
  * VCF/BCF parsing done (0.01s)
      + Genotypes [0/0=77.368%, 0/1=7.683%, 1/1=14.949%, ./.=0.000%, 0|1=0.000%]
  * Haploid parsing [n=1599] (0.00s)
  * Haploid sample mapping (0.00s)
      + #haploids = 0 / #diploids = 94
      + Hets set as missing: n=0 (-nan%)

Setting up genetic map:
  * GMAP parsing [n=89236] (0.07s)
  * cM interpolation [s=135 / i=737] (0.00s)
  * Region length [574983 bp / 0.1 cM]
  * HMM parameters [Ne=15000 / Error=0.0001 / #rare=0]

Initializing data structures:
  * Impute monomorphic [n=0] (0.00s)
  * HAP update (0.00s)
  * H2V transpose (0.00s)
  * PBWT parameters auto setting : [modulo = 0.016 / depth = 7]
  * PBWT initialization [#eval=872 / #select=6 / #chunk=1] (0.00s)
  * PBWT phasing sweep (0.01s)
  * Build genotype graphs [seg=2164] (0.00s)

Burn-in iteration [1/5]
  * PBWT selection (0.01s)
  * HMM computations [K=42.2+/-8.7 / W=0.57Mb / US=0 / UP=0] (0.01s)
  * IBD2 tracks [#inds=5 / #tracks=7 / #merged = 0]
  * HAP update (0.00s)
  * H2V transpose (0.00s)

Burn-in iteration [2/5]
  * PBWT selection (0.01s)
  * HMM computations [K=41.6+/-7.2 / W=0.57Mb / US=0 / UP=0] (0.01s)
  * IBD2 tracks [#inds=8 / #tracks=10 / #merged = 0]
  * HAP update (0.00s)
  * H2V transpose (0.00s)

Burn-in iteration [3/5]
  * PBWT selection (0.01s)
  * HMM computations [K=41.5+/-8.4 / W=0.57Mb / US=0 / UP=0] (0.02s)
  * IBD2 tracks [#inds=9 / #tracks=11 / #merged = 0]
  * HAP update (0.00s)
  * H2V transpose (0.00s)

Burn-in iteration [4/5]
  * PBWT selection (0.01s)
  * HMM computations [K=45.8+/-9.2 / W=0.57Mb / US=0 / UP=0] (0.01s)
  * IBD2 tracks [#inds=10 / #tracks=13 / #merged = 0]
  * HAP update (0.00s)
  * H2V transpose (0.00s)

Burn-in iteration [5/5]
  * PBWT selection (0.01s)
  * HMM computations [K=47.3+/-8.2 / W=0.57Mb / US=0 / UP=0] (0.02s)
  * IBD2 tracks [#inds=11 / #tracks=15 / #merged = 0]
  * HAP update (0.00s)
  * H2V transpose (0.00s)

Pruning iteration [1/1]
  * PBWT selection (0.01s)
  * HMM computations [K=46.0+/-8.3 / W=0.57Mb / US=0 / UP=0] (0.01s)
  * IBD2 tracks [#inds=11 / #tracks=15 / #merged = 0]
  * HAP update (0.00s)
  * H2V transpose (0.00s)
  * Trimming [pc=41.31%]

Burn-in iteration [1/1]
  * PBWT selection (0.00s)
  * HMM computations [K=44.9+/-8.6 / W=0.57Mb / US=0 / UP=0] (0.01s)
  * IBD2 tracks [#inds=11 / #tracks=15 / #merged = 0]
  * HAP update (0.00s)
  * H2V transpose (0.00s)

Pruning iteration [1/1]
  * PBWT selection (0.00s)
  * HMM computations [K=46.9+/-8.5 / W=0.57Mb / US=0 / UP=0] (0.03s)
  * IBD2 tracks [#inds=11 / #tracks=15 / #merged = 0]
  * HAP update (0.00s)
  * H2V transpose (0.00s)
  * Trimming [pc=63.77%]

Burn-in iteration [1/1]
  * PBWT selection (0.00s)
  * HMM computations [K=47.3+/-7.5 / W=0.57Mb / US=0 / UP=0] (0.01s)
  * IBD2 tracks [#inds=12 / #tracks=16 / #merged = 0]
  * HAP update (0.00s)
  * H2V transpose (0.00s)

Pruning iteration [1/1]
  * PBWT selection (0.01s)
  * HMM computations [K=42.2+/-8.6 / W=0.57Mb / US=0 / UP=0] (0.01s)
  * IBD2 tracks [#inds=12 / #tracks=16 / #merged = 0]
  * HAP update (0.00s)
  * H2V transpose (0.00s)
  * Trimming [pc=75.55%]

Main iteration [1/5]
  * PBWT selection (0.01s)
  * HMM computations [K=43.3+/-8.9 / W=0.57Mb / US=0 / UP=0] (0.02s)
  * IBD2 tracks [#inds=12 / #tracks=16 / #merged = 0]
  * HAP update (0.00s)
  * H2V transpose (0.00s)

Main iteration [2/5]
  * PBWT selection (0.01s)
  * HMM computations [K=42.1+/-9.3 / W=0.57Mb / US=0 / UP=0] (0.02s)
  * IBD2 tracks [#inds=12 / #tracks=16 / #merged = 0]
  * HAP update (0.00s)
  * H2V transpose (0.00s)

Main iteration [3/5]
  * PBWT selection (0.00s)
  * HMM computations [K=45.5+/-8.6 / W=0.57Mb / US=0 / UP=0] (0.01s)
  * IBD2 tracks [#inds=12 / #tracks=16 / #merged = 0]
  * HAP update (0.00s)
  * H2V transpose (0.00s)

Main iteration [4/5]
  * PBWT selection (0.01s)
  * HMM computations [K=49.5+/-7.3 / W=0.57Mb / US=0 / UP=0] (0.02s)
  * IBD2 tracks [#inds=12 / #tracks=17 / #merged = 0]
  * HAP update (0.00s)
  * H2V transpose (0.00s)

Main iteration [5/5]
  * PBWT selection (0.01s)
  * HMM computations [K=45.7+/-8.8 / W=0.57Mb / US=0 / UP=0] (0.02s)
  * IBD2 tracks [#inds=12 / #tracks=18 / #merged = 0]
  * HAP update (0.00s)
  * H2V transpose (0.00s)

Finalization:
  * HAP solving (0.00s)
  * HAP update (0.00s)
  * H2V transpose (0.00s)
  * VCF/BCF writing [N=94 / L=872] (0.05s)
  * Indexing files
  * Total running time = 0 seconds
