
[SHAPEIT5] Phase_rare (phase rare variants onto a haplotype scaffold)
  * Authors       : Simone RUBINACCI & Olivier DELANEAU, University of Lausanne
  * Contact       : simone.rubinacci@unil.ch & olivier.delaneau@gmail.com
  * Version       : 5.1.1 / commit = 990ed0d / release = 2023-05-08
  * Run date      : 19/04/2024 - 11:39:32

Files:
  * Unphased data : [/home/aftimo/Documents/practiques/Documents_Elias/IntroMasterAdria/Execute/../VCFs/Inversion_Regions/Shapeit_Phase/HsInv0605/RegionAnnotated.bcf]
  * Scaffold data : [/home/aftimo/Documents/practiques/Documents_Elias/IntroMasterAdria/Execute/../VCFs/Inversion_Regions/Shapeit_Phase/HsInv0605/RegionScaffold.bcf]
  * Genetic Map   : [/home/aftimo/Documents/practiques/Documents_Elias/IntroMasterAdria/Execute/../VCFs/30X/Maps/chrX.b38.gmap.gz]
  * Output data   : [/home/aftimo/Documents/practiques/Documents_Elias/IntroMasterAdria/Execute/../VCFs/Inversion_Regions/Shapeit_Phase/HsInv0605/RegionPhased.bcf]
  * Output LOG    : [/home/aftimo/Documents/practiques/Documents_Elias/IntroMasterAdria/Execute/../VCFs/Inversion_Regions/Shapeit_Phase/HsInv0605/OutputRare.log]

Parameters:
  * Seed    : 15052011
  * Threads : 5 threads
  * PBWT    : [depth = 2,2 / modulo = 0.005 / mac = 2 / mdr = 0.1]
  * HMM     : [Ne = 15000 / Recombination rates given by genetic map]

Parsing specified genomic regions
  * Scaffold region  [X:51837053-52413786]
  * Input region  [X:51837053-52413786]

Reading genotype data
  * BCF scanning (0.04s)
      + Variant sites: [#scaffold=872 | #rare=762 | #all=1634]
      + 872 variants found in both files [priority to scaffold]
  * HAP allocation [#scaffold=872 / #samples=94] (0.00s)
  * Genotype set allocation [#rare=762 / #samples=94] (0.00s)
  * Plain VCF/BCF parsing (0.04s)
      + Scaffold : [0/0=63417 0/1=6298 1/1=12253]
      + Rare     : [0/0=68091 0/1=1317 1/1=2220 ./.=0]

Mapping Haploid samples
  * PED file parsing [n=1599]
  * #haploids=0 / #diploids=94
  * #reset_hets=0 (-nan% of minor allele genotypes)

Initializing sparse genotypes
  * 0 missing genotypes imputed at monomorphic sites
  * Genotype set transpose V2I (0.00s)

Setting up genetic map
  * GMAP parsing [n=89236] (0.09s)
  * cM interpolation [s=170 / i=1464] (0.00s)
  * Region length [575891 bp / 0.1 cM]
  * HMM parameters [Ne=15000 / Error=0.0001]
  * V2H transpose (0.00s)

PBWT pass
  * PBWT initialization [#eval=872 / #select=15] (0.00s)
  * IBD2 constraints [#inds=3 / #pairs=3] (0.00s)
  * PBWT forward selection (0.00s)
  * PBWT backward selection (0.00s)
      + #states=46.30+/-3.41
      + #collisions = 7719 / #pushes = 3584 / rate = 31.71%

HMM computations
  * Processing (0.04s)
  * Genotype set transpose merge I2V [n=23] (0.00s)
  * Solving summary:
      + #Hets=1317 / Phased by HMM=1294, PED=0, SING=23
      + #Miss=0 / Imputed by HMM=0, PED=0, MONO=0

Finalization:
  * BCF writing [Compressed / N=94 / L=1634] (0.04s)
  * Indexing [/home/aftimo/Documents/practiques/Documents_Elias/IntroMasterAdria/Execute/../VCFs/Inversion_Regions/Shapeit_Phase/HsInv0605/RegionPhased.bcf]
  * Total running time = 0 seconds
