
[SHAPEIT5] phase_common (jointly phase multiple common markers)
  * Author        : Olivier DELANEAU, University of Lausanne
  * Contact       : olivier.delaneau@gmail.com
  * Version       : 5.1.1 / commit = 990ed0d / release = 2023-05-08
  * Run date      : 19/04/2024 - 11:39:22

Files:
  * Input         : [/home/aftimo/Documents/practiques/Documents_Elias/IntroMasterAdria/Execute/../VCFs/Inversion_Regions/Shapeit_Phase/HsInv0228/RegionAnnotated.bcf]
  * Haploids      : [/home/aftimo/Documents/practiques/Documents_Elias/IntroMasterAdria/Execute/../VCFs/Inversion_Regions/Shapeit_Phase/HsInv0228/male_samples.txt]
  * Genetic Map   : [/home/aftimo/Documents/practiques/Documents_Elias/IntroMasterAdria/Execute/../VCFs/30X/Maps/chr1.b38.gmap.gz]
  * Output        : [/home/aftimo/Documents/practiques/Documents_Elias/IntroMasterAdria/Execute/../VCFs/Inversion_Regions/Shapeit_Phase/HsInv0228/RegionScaffold.bcf]
  * Output format : [bcf]
  * Output LOG    : [/home/aftimo/Documents/practiques/Documents_Elias/IntroMasterAdria/Execute/../VCFs/Inversion_Regions/Shapeit_Phase/HsInv0228/OutputCommon.log]

Parameters:
  * Seed    : 15052011
  * Threads : 5 threads
  * MCMC    : 15 iterations [5b + 1p + 1b + 1p + 1b + 1p + 5m]
  * PBWT    : [window = 4cM / depth = auto / modulo = auto / mac = 5 / missing = 0.1]
  * HMM     : [window = 4cM / Ne = 15000 / Recombination rates given by genetic map]
  * FILTERS : [snp only = 0 / MAF = 0.05]

Reading genotype data:
  * VCF/BCF scanning done (0.02s)
      + Variants [#sites=722 / region=1:149617486-150076379]
         - 1459 sites removed in main panel [below MAF threshold]
      + Samples [#target=93 / #reference=0]
  * VCF/BCF parsing done (0.01s)
      + Genotypes [0/0=72.012%, 0/1=20.689%, 1/1=7.299%, ./.=0.000%, 0|1=0.000%]
  * Haploid parsing [n=1599] (0.00s)
  * Haploid sample mapping (0.00s)
      + #haploids = 0 / #diploids = 93
      + Hets set as missing: n=0 (-nan%)

Setting up genetic map:
  * GMAP parsing [n=255802] (0.17s)
  * cM interpolation [s=93 / i=629] (0.01s)
  * Region length [458669 bp / 0.9 cM]
  * HMM parameters [Ne=15000 / Error=0.0001 / #rare=0]

Initializing data structures:
  * Impute monomorphic [n=0] (0.00s)
  * HAP update (0.00s)
  * H2V transpose (0.00s)
  * PBWT parameters auto setting : [modulo = 0.016 / depth = 7]
  * PBWT initialization [#eval=722 / #select=44 / #chunk=1] (0.00s)
  * PBWT phasing sweep (0.01s)
  * Build genotype graphs [seg=4663] (0.01s)

Burn-in iteration [1/5]
  * PBWT selection (0.00s)
  * HMM computations [K=108.4+/-12.4 / W=0.46Mb / US=0 / UP=0] (0.02s)
  * IBD2 tracks [#inds=8 / #tracks=9 / #merged = 0]
  * HAP update (0.00s)
  * H2V transpose (0.00s)

Burn-in iteration [2/5]
  * PBWT selection (0.00s)
  * HMM computations [K=112.6+/-12.2 / W=0.46Mb / US=0 / UP=0] (0.03s)
  * IBD2 tracks [#inds=8 / #tracks=9 / #merged = 0]
  * HAP update (0.00s)
  * H2V transpose (0.00s)

Burn-in iteration [3/5]
  * PBWT selection (0.00s)
  * HMM computations [K=116.2+/-12.2 / W=0.46Mb / US=0 / UP=0] (0.03s)
  * IBD2 tracks [#inds=8 / #tracks=9 / #merged = 0]
  * HAP update (0.00s)
  * H2V transpose (0.00s)

Burn-in iteration [4/5]
  * PBWT selection (0.01s)
  * HMM computations [K=114.0+/-12.8 / W=0.46Mb / US=0 / UP=0] (0.02s)
  * IBD2 tracks [#inds=8 / #tracks=9 / #merged = 0]
  * HAP update (0.00s)
  * H2V transpose (0.00s)

Burn-in iteration [5/5]
  * PBWT selection (0.01s)
  * HMM computations [K=110.9+/-12.9 / W=0.46Mb / US=0 / UP=0] (0.03s)
  * IBD2 tracks [#inds=8 / #tracks=9 / #merged = 0]
  * HAP update (0.00s)
  * H2V transpose (0.00s)

Pruning iteration [1/1]
  * PBWT selection (0.01s)
  * HMM computations [K=113.8+/-12.0 / W=0.46Mb / US=0 / UP=0] (0.04s)
  * IBD2 tracks [#inds=8 / #tracks=9 / #merged = 0]
  * HAP update (0.00s)
  * H2V transpose (0.00s)
  * Trimming [pc=39.48%]

Burn-in iteration [1/1]
  * PBWT selection (0.01s)
  * HMM computations [K=115.7+/-12.6 / W=0.46Mb / US=0 / UP=0] (0.03s)
  * IBD2 tracks [#inds=8 / #tracks=9 / #merged = 0]
  * HAP update (0.00s)
  * H2V transpose (0.00s)

Pruning iteration [1/1]
  * PBWT selection (0.02s)
  * HMM computations [K=110.8+/-12.6 / W=0.46Mb / US=0 / UP=0] (0.04s)
  * IBD2 tracks [#inds=8 / #tracks=9 / #merged = 0]
  * HAP update (0.00s)
  * H2V transpose (0.00s)
  * Trimming [pc=61.33%]

Burn-in iteration [1/1]
  * PBWT selection (0.01s)
  * HMM computations [K=113.1+/-12.4 / W=0.46Mb / US=0 / UP=0] (0.03s)
  * IBD2 tracks [#inds=8 / #tracks=9 / #merged = 0]
  * HAP update (0.00s)
  * H2V transpose (0.00s)

Pruning iteration [1/1]
  * PBWT selection (0.01s)
  * HMM computations [K=112.8+/-12.7 / W=0.46Mb / US=0 / UP=0] (0.04s)
  * IBD2 tracks [#inds=8 / #tracks=9 / #merged = 0]
  * HAP update (0.00s)
  * H2V transpose (0.00s)
  * Trimming [pc=72.64%]

Main iteration [1/5]
  * PBWT selection (0.01s)
  * HMM computations [K=110.6+/-12.4 / W=0.46Mb / US=0 / UP=0] (0.03s)
  * IBD2 tracks [#inds=8 / #tracks=9 / #merged = 0]
  * HAP update (0.00s)
  * H2V transpose (0.00s)

Main iteration [2/5]
  * PBWT selection (0.01s)
  * HMM computations [K=112.2+/-13.3 / W=0.46Mb / US=0 / UP=0] (0.03s)
  * IBD2 tracks [#inds=8 / #tracks=9 / #merged = 0]
  * HAP update (0.00s)
  * H2V transpose (0.00s)

Main iteration [3/5]
  * PBWT selection (0.00s)
  * HMM computations [K=114.3+/-12.4 / W=0.46Mb / US=0 / UP=0] (0.03s)
  * IBD2 tracks [#inds=8 / #tracks=9 / #merged = 0]
  * HAP update (0.00s)
  * H2V transpose (0.00s)

Main iteration [4/5]
  * PBWT selection (0.01s)
  * HMM computations [K=111.8+/-12.9 / W=0.46Mb / US=0 / UP=0] (0.04s)
  * IBD2 tracks [#inds=8 / #tracks=9 / #merged = 0]
  * HAP update (0.00s)
  * H2V transpose (0.00s)

Main iteration [5/5]
  * PBWT selection (0.01s)
  * HMM computations [K=113.5+/-12.6 / W=0.46Mb / US=0 / UP=0] (0.03s)
  * IBD2 tracks [#inds=8 / #tracks=9 / #merged = 0]
  * HAP update (0.00s)
  * H2V transpose (0.00s)

Finalization:
  * HAP solving (0.00s)
  * HAP update (0.00s)
  * H2V transpose (0.00s)
  * VCF/BCF writing [N=93 / L=722] (0.03s)
  * Indexing files
  * Total running time = 0 seconds
