beagle.22Jul22.46e.jar (version 5.4)
Copyright (C) 2014-2022 Brian L. Browning
Enter "java -jar beagle.22Jul22.46e.jar" to list command line argument
Start time: 11:05 AM CEST on 18 Apr 2024

Command line: java -Xmx7960m -jar beagle.22Jul22.46e.jar
  gt=/home/aftimo/Documents/practiques/Documents_Elias/IntroMasterAdria/Execute/../VCFs/Inversion_Regions/Standard/HsInv0340/RegionFilled.vcf
  out=/home/aftimo/Documents/practiques/Documents_Elias/IntroMasterAdria/Execute/../VCFs/Inversion_Regions/Standard/HsInv0340/Output
  map=/home/aftimo/Documents/practiques/Documents_Elias/IntroMasterAdria/Execute/../VCFs/30X/Maps/plink.chr13.GRCh38.map
  nthreads=20

Reference samples:                    0
Study     samples:                  509

Window 1 [13:63516864-63969512]
Study     markers:                6,211

Burnin  iteration 1:           30 seconds
Burnin  iteration 2:           11 seconds
Burnin  iteration 3:           10 seconds

Estimated ne:                  749917
Estimated err:                 6.6e-04

Phasing iteration 1:           4 seconds
Phasing iteration 2:           4 seconds
Phasing iteration 3:           3 seconds
Phasing iteration 4:           3 seconds
Phasing iteration 5:           3 seconds
Phasing iteration 6:           3 seconds
Phasing iteration 7:           2 seconds
Phasing iteration 8:           3 seconds
Phasing iteration 9:           3 seconds
Phasing iteration 10:          3 seconds
Phasing iteration 11:          2 seconds
Phasing iteration 12:          2 seconds
Low frequency phasing:         5 seconds

Cumulative Statistics:

Study     markers:                6,211

Haplotype phasing time:        1 minute 31 seconds
Total time:                    1 minute 46 seconds

End time: 11:07 AM CEST on 18 Apr 2024
beagle.22Jul22.46e.jar finished
