beagle.22Jul22.46e.jar (version 5.4)
Copyright (C) 2014-2022 Brian L. Browning
Enter "java -jar beagle.22Jul22.46e.jar" to list command line argument
Start time: 11:07 AM CEST on 18 Apr 2024

Command line: java -Xmx7960m -jar beagle.22Jul22.46e.jar
  gt=/home/aftimo/Documents/practiques/Documents_Elias/IntroMasterAdria/Execute/../VCFs/Inversion_Regions/Standard/HsInv0403/RegionFilled.vcf
  out=/home/aftimo/Documents/practiques/Documents_Elias/IntroMasterAdria/Execute/../VCFs/Inversion_Regions/Standard/HsInv0403/Output
  map=/home/aftimo/Documents/practiques/Documents_Elias/IntroMasterAdria/Execute/../VCFs/30X/Maps/plink.chrX.GRCh38.map
  nthreads=20

Reference samples:                    0
Study     samples:                  514

Window 1 [X:75942168-76353271]
Study     markers:                3,954

Burnin  iteration 1:           9 seconds
Burnin  iteration 2:           3 seconds

Estimated ne:                  1134585
Estimated err:                 6.6e-04

Phasing iteration 1:           1 second
Phasing iteration 2:           0 seconds
Phasing iteration 3:           0 seconds
Phasing iteration 4:           0 seconds
Phasing iteration 5:           0 seconds
Phasing iteration 6:           0 seconds
Phasing iteration 7:           1 second
Phasing iteration 8:           0 seconds
Phasing iteration 9:           0 seconds
Phasing iteration 10:          0 seconds
Phasing iteration 11:          0 seconds
Phasing iteration 12:          0 seconds
Low frequency phasing:         2 seconds

Cumulative Statistics:

Study     markers:                3,954

Haplotype phasing time:        20 seconds
Total time:                    27 seconds

End time: 11:08 AM CEST on 18 Apr 2024
beagle.22Jul22.46e.jar finished
