
[SHAPEIT5] phase_common (jointly phase multiple common markers)
  * Author        : Olivier DELANEAU, University of Lausanne
  * Contact       : olivier.delaneau@gmail.com
  * Version       : 5.1.1 / commit = 990ed0d / release = 2023-05-08
  * Run date      : 19/04/2024 - 11:39:53

Files:
  * Input         : [/home/aftimo/Documents/practiques/Documents_Elias/IntroMasterAdria/Execute/../VCFs/Inversion_Regions/Shapeit_Phase/HsInv0105/RegionAnnotated.bcf]
  * Haploids      : [/home/aftimo/Documents/practiques/Documents_Elias/IntroMasterAdria/Execute/../VCFs/Inversion_Regions/Shapeit_Phase/HsInv0105/male_samples.txt]
  * Genetic Map   : [/home/aftimo/Documents/practiques/Documents_Elias/IntroMasterAdria/Execute/../VCFs/30X/Maps/chr7.b38.gmap.gz]
  * Output        : [/home/aftimo/Documents/practiques/Documents_Elias/IntroMasterAdria/Execute/../VCFs/Inversion_Regions/Shapeit_Phase/HsInv0105/RegionScaffold.bcf]
  * Output format : [bcf]
  * Output LOG    : [/home/aftimo/Documents/practiques/Documents_Elias/IntroMasterAdria/Execute/../VCFs/Inversion_Regions/Shapeit_Phase/HsInv0105/OutputCommon.log]

Parameters:
  * Seed    : 15052011
  * Threads : 5 threads
  * MCMC    : 15 iterations [5b + 1p + 1b + 1p + 1b + 1p + 5m]
  * PBWT    : [window = 4cM / depth = auto / modulo = auto / mac = 5 / missing = 0.1]
  * HMM     : [window = 4cM / Ne = 15000 / Recombination rates given by genetic map]
  * FILTERS : [snp only = 0 / MAF = 0.05]

Reading genotype data:
  * VCF/BCF scanning done (0.02s)
      + Variants [#sites=1074 / region=7:40639777-41040870]
         - 2812 sites removed in main panel [below MAF threshold]
      + Samples [#target=518 / #reference=0]
  * VCF/BCF parsing done (0.03s)
      + Genotypes [0/0=58.250%, 0/1=29.094%, 1/1=12.655%, ./.=0.000%, 0|1=0.000%]
  * Haploid parsing [n=1599] (0.00s)
  * Haploid sample mapping (0.00s)
      + #haploids = 0 / #diploids = 518
      + Hets set as missing: n=0 (-nan%)

Setting up genetic map:
  * GMAP parsing [n=183805] (0.15s)
  * cM interpolation [s=424 / i=650] (0.00s)
  * Region length [400416 bp / 1.1 cM]
  * HMM parameters [Ne=15000 / Error=0.0001 / #rare=0]

Initializing data structures:
  * Impute monomorphic [n=0] (0.00s)
  * HAP update (0.01s)
  * H2V transpose (0.00s)
  * PBWT parameters auto setting : [modulo = 0.033 / depth = 6]
  * PBWT initialization [#eval=1074 / #select=33 / #chunk=1] (0.00s)
  * PBWT phasing sweep (0.04s)
  * Build genotype graphs [seg=54125] (0.01s)

Burn-in iteration [1/5]
  * PBWT selection (0.02s)
  * HMM computations [K=127.2+/-19.7 / W=0.40Mb / US=0 / UP=0] (0.32s)
  * IBD2 tracks [#inds=19 / #tracks=20 / #merged = 0]
  * HAP update (0.00s)
  * H2V transpose (0.00s)

Burn-in iteration [2/5]
  * PBWT selection (0.02s)
  * HMM computations [K=125.2+/-21.7 / W=0.40Mb / US=0 / UP=0] (0.25s)
  * IBD2 tracks [#inds=28 / #tracks=29 / #merged = 0]
  * HAP update (0.00s)
  * H2V transpose (0.00s)

Burn-in iteration [3/5]
  * PBWT selection (0.02s)
  * HMM computations [K=117.5+/-20.1 / W=0.40Mb / US=0 / UP=0] (0.31s)
  * IBD2 tracks [#inds=33 / #tracks=34 / #merged = 0]
  * HAP update (0.00s)
  * H2V transpose (0.00s)

Burn-in iteration [4/5]
  * PBWT selection (0.01s)
  * HMM computations [K=112.8+/-21.0 / W=0.40Mb / US=0 / UP=0] (0.26s)
  * IBD2 tracks [#inds=34 / #tracks=37 / #merged = 0]
  * HAP update (0.00s)
  * H2V transpose (0.00s)

Burn-in iteration [5/5]
  * PBWT selection (0.01s)
  * HMM computations [K=121.3+/-22.2 / W=0.40Mb / US=0 / UP=0] (0.26s)
  * IBD2 tracks [#inds=35 / #tracks=38 / #merged = 0]
  * HAP update (0.00s)
  * H2V transpose (0.00s)

Pruning iteration [1/1]
  * PBWT selection (0.01s)
  * HMM computations [K=119.8+/-21.6 / W=0.40Mb / US=0 / UP=0] (0.34s)
  * IBD2 tracks [#inds=35 / #tracks=38 / #merged = 0]
  * HAP update (0.01s)
  * H2V transpose (0.00s)
  * Trimming [pc=43.12%]

Burn-in iteration [1/1]
  * PBWT selection (0.01s)
  * HMM computations [K=117.0+/-21.3 / W=0.40Mb / US=0 / UP=0] (0.22s)
  * IBD2 tracks [#inds=35 / #tracks=38 / #merged = 0]
  * HAP update (0.00s)
  * H2V transpose (0.00s)

Pruning iteration [1/1]
  * PBWT selection (0.01s)
  * HMM computations [K=117.3+/-21.5 / W=0.40Mb / US=0 / UP=0] (0.33s)
  * IBD2 tracks [#inds=37 / #tracks=40 / #merged = 0]
  * HAP update (0.00s)
  * H2V transpose (0.00s)
  * Trimming [pc=67.34%]

Burn-in iteration [1/1]
  * PBWT selection (0.02s)
  * HMM computations [K=118.3+/-21.7 / W=0.40Mb / US=0 / UP=0] (0.22s)
  * IBD2 tracks [#inds=39 / #tracks=42 / #merged = 0]
  * HAP update (0.00s)
  * H2V transpose (0.00s)

Pruning iteration [1/1]
  * PBWT selection (0.01s)
  * HMM computations [K=114.8+/-20.9 / W=0.40Mb / US=0 / UP=0] (0.22s)
  * IBD2 tracks [#inds=40 / #tracks=43 / #merged = 0]
  * HAP update (0.00s)
  * H2V transpose (0.00s)
  * Trimming [pc=79.68%]

Main iteration [1/5]
  * PBWT selection (0.02s)
  * HMM computations [K=116.2+/-21.6 / W=0.40Mb / US=0 / UP=0] (0.20s)
  * IBD2 tracks [#inds=40 / #tracks=44 / #merged = 0]
  * HAP update (0.00s)
  * H2V transpose (0.00s)

Main iteration [2/5]
  * PBWT selection (0.01s)
  * HMM computations [K=116.0+/-21.2 / W=0.40Mb / US=0 / UP=0] (0.20s)
  * IBD2 tracks [#inds=41 / #tracks=46 / #merged = 0]
  * HAP update (0.01s)
  * H2V transpose (0.00s)

Main iteration [3/5]
  * PBWT selection (0.04s)
  * HMM computations [K=114.6+/-21.2 / W=0.40Mb / US=0 / UP=0] (0.23s)
  * IBD2 tracks [#inds=41 / #tracks=48 / #merged = 0]
  * HAP update (0.01s)
  * H2V transpose (0.00s)

Main iteration [4/5]
  * PBWT selection (0.05s)
  * HMM computations [K=116.2+/-21.2 / W=0.40Mb / US=0 / UP=0] (0.22s)
  * IBD2 tracks [#inds=41 / #tracks=49 / #merged = 0]
  * HAP update (0.00s)
  * H2V transpose (0.00s)

Main iteration [5/5]
  * PBWT selection (0.01s)
  * HMM computations [K=113.6+/-21.3 / W=0.40Mb / US=0 / UP=0] (0.24s)
  * IBD2 tracks [#inds=42 / #tracks=50 / #merged = 0]
  * HAP update (0.00s)
  * H2V transpose (0.00s)

Finalization:
  * HAP solving (0.02s)
  * HAP update (0.00s)
  * H2V transpose (0.00s)
  * VCF/BCF writing [N=518 / L=1074] (0.08s)
  * Indexing files
  * Total running time = 4 seconds
