
[SHAPEIT5] Phase_rare (phase rare variants onto a haplotype scaffold)
  * Authors       : Simone RUBINACCI & Olivier DELANEAU, University of Lausanne
  * Contact       : simone.rubinacci@unil.ch & olivier.delaneau@gmail.com
  * Version       : 5.1.1 / commit = 990ed0d / release = 2023-05-08
  * Run date      : 19/04/2024 - 11:39:57

Files:
  * Unphased data : [/home/aftimo/Documents/practiques/Documents_Elias/IntroMasterAdria/Execute/../VCFs/Inversion_Regions/Shapeit_Phase/HsInv0105/RegionAnnotated.bcf]
  * Scaffold data : [/home/aftimo/Documents/practiques/Documents_Elias/IntroMasterAdria/Execute/../VCFs/Inversion_Regions/Shapeit_Phase/HsInv0105/RegionScaffold.bcf]
  * Genetic Map   : [/home/aftimo/Documents/practiques/Documents_Elias/IntroMasterAdria/Execute/../VCFs/30X/Maps/chr7.b38.gmap.gz]
  * Output data   : [/home/aftimo/Documents/practiques/Documents_Elias/IntroMasterAdria/Execute/../VCFs/Inversion_Regions/Shapeit_Phase/HsInv0105/RegionPhased.bcf]
  * Output LOG    : [/home/aftimo/Documents/practiques/Documents_Elias/IntroMasterAdria/Execute/../VCFs/Inversion_Regions/Shapeit_Phase/HsInv0105/OutputRare.log]

Parameters:
  * Seed    : 15052011
  * Threads : 5 threads
  * PBWT    : [depth = 2,2 / modulo = 0.005 / mac = 2 / mdr = 0.1]
  * HMM     : [Ne = 15000 / Recombination rates given by genetic map]

Parsing specified genomic regions
  * Scaffold region  [7:40639777-41040870]
  * Input region  [7:40639777-41040870]

Reading genotype data
  * BCF scanning (0.07s)
      + Variant sites: [#scaffold=1074 | #rare=2812 | #all=3886]
      + 1074 variants found in both files [priority to scaffold]
  * HAP allocation [#scaffold=1074 / #samples=518] (0.00s)
  * Genotype set allocation [#rare=2812 / #samples=518] (0.00s)
  * Plain VCF/BCF parsing (0.09s)
      + Scaffold : [0/0=324064 0/1=161862 1/1=70406]
      + Rare     : [0/0=1428958 0/1=24260 1/1=3398 ./.=0]

Mapping Haploid samples
  * PED file parsing [n=1599]
  * #haploids=0 / #diploids=518
  * #reset_hets=0 (-nan% of minor allele genotypes)

Initializing sparse genotypes
  * 0 missing genotypes imputed at monomorphic sites
  * Genotype set transpose V2I (0.00s)

Setting up genetic map
  * GMAP parsing [n=183805] (0.17s)
  * cM interpolation [s=501 / i=3385] (0.00s)
  * Region length [400922 bp / 1.1 cM]
  * HMM parameters [Ne=15000 / Error=0.0001]
  * V2H transpose (0.00s)

PBWT pass
  * PBWT initialization [#eval=1074 / #select=95] (0.00s)
  * IBD2 constraints [#inds=0 / #pairs=0] (0.02s)
  * PBWT forward selection (0.04s)
  * PBWT backward selection (0.04s)
      + #states=110.71+/-37.28
      + #collisions = 342392 / #pushes = 51336 / rate = 13.04%

HMM computations
  * Processing (0.58s)
  * Genotype set transpose merge I2V [n=83] (0.00s)
  * Solving summary:
      + #Hets=24260 / Phased by HMM=24177, PED=0, SING=83
      + #Miss=0 / Imputed by HMM=0, PED=0, MONO=0

Finalization:
  * BCF writing [Compressed / N=518 / L=3886] (0.14s)
  * Indexing [/home/aftimo/Documents/practiques/Documents_Elias/IntroMasterAdria/Execute/../VCFs/Inversion_Regions/Shapeit_Phase/HsInv0105/RegionPhased.bcf]
  * Total running time = 1 seconds
