
[SHAPEIT5] phase_common (jointly phase multiple common markers)
  * Author        : Olivier DELANEAU, University of Lausanne
  * Contact       : olivier.delaneau@gmail.com
  * Version       : 5.1.1 / commit = 990ed0d / release = 2023-05-08
  * Run date      : 19/04/2024 - 11:39:43

Files:
  * Input         : [/home/aftimo/Documents/practiques/Documents_Elias/IntroMasterAdria/Execute/../VCFs/Inversion_Regions/Shapeit_Phase/HsInv0055/RegionAnnotated.bcf]
  * Haploids      : [/home/aftimo/Documents/practiques/Documents_Elias/IntroMasterAdria/Execute/../VCFs/Inversion_Regions/Shapeit_Phase/HsInv0055/male_samples.txt]
  * Genetic Map   : [/home/aftimo/Documents/practiques/Documents_Elias/IntroMasterAdria/Execute/../VCFs/30X/Maps/chr5.b38.gmap.gz]
  * Output        : [/home/aftimo/Documents/practiques/Documents_Elias/IntroMasterAdria/Execute/../VCFs/Inversion_Regions/Shapeit_Phase/HsInv0055/RegionScaffold.bcf]
  * Output format : [bcf]
  * Output LOG    : [/home/aftimo/Documents/practiques/Documents_Elias/IntroMasterAdria/Execute/../VCFs/Inversion_Regions/Shapeit_Phase/HsInv0055/OutputCommon.log]

Parameters:
  * Seed    : 15052011
  * Threads : 5 threads
  * MCMC    : 15 iterations [5b + 1p + 1b + 1p + 1b + 1p + 5m]
  * PBWT    : [window = 4cM / depth = auto / modulo = auto / mac = 5 / missing = 0.1]
  * HMM     : [window = 4cM / Ne = 15000 / Recombination rates given by genetic map]
  * FILTERS : [snp only = 0 / MAF = 0.05]

Reading genotype data:
  * VCF/BCF scanning done (0.07s)
      + Variants [#sites=986 / region=5:64264922-64683091]
         - 3068 sites removed in main panel [below MAF threshold]
      + Samples [#target=517 / #reference=0]
  * VCF/BCF parsing done (0.07s)
      + Genotypes [0/0=51.607%, 0/1=31.469%, 1/1=16.924%, ./.=0.000%, 0|1=0.000%]
  * Haploid parsing [n=1599] (0.00s)
  * Haploid sample mapping (0.00s)
      + #haploids = 0 / #diploids = 517
      + Hets set as missing: n=0 (-nan%)

Setting up genetic map:
  * GMAP parsing [n=215410] (0.22s)
  * cM interpolation [s=327 / i=659] (0.01s)
  * Region length [417121 bp / 0.2 cM]
  * HMM parameters [Ne=15000 / Error=0.0001 / #rare=0]

Initializing data structures:
  * Impute monomorphic [n=0] (0.00s)
  * HAP update (0.00s)
  * H2V transpose (0.00s)
  * PBWT parameters auto setting : [modulo = 0.033 / depth = 6]
  * PBWT initialization [#eval=986 / #select=7 / #chunk=1] (0.00s)
  * PBWT phasing sweep (0.04s)
  * Build genotype graphs [seg=53634] (0.01s)

Burn-in iteration [1/5]
  * PBWT selection (0.01s)
  * HMM computations [K=56.9+/-8.9 / W=0.42Mb / US=0 / UP=0] (0.17s)
  * IBD2 tracks [#inds=51 / #tracks=56 / #merged = 0]
  * HAP update (0.01s)
  * H2V transpose (0.00s)

Burn-in iteration [2/5]
  * PBWT selection (0.02s)
  * HMM computations [K=53.3+/-8.9 / W=0.42Mb / US=0 / UP=0] (0.14s)
  * IBD2 tracks [#inds=67 / #tracks=79 / #merged = 0]
  * HAP update (0.00s)
  * H2V transpose (0.00s)

Burn-in iteration [3/5]
  * PBWT selection (0.01s)
  * HMM computations [K=48.0+/-8.3 / W=0.42Mb / US=0 / UP=0] (0.14s)
  * IBD2 tracks [#inds=76 / #tracks=94 / #merged = 0]
  * HAP update (0.00s)
  * H2V transpose (0.00s)

Burn-in iteration [4/5]
  * PBWT selection (0.01s)
  * HMM computations [K=50.6+/-9.0 / W=0.42Mb / US=0 / UP=0] (0.14s)
  * IBD2 tracks [#inds=81 / #tracks=107 / #merged = 0]
  * HAP update (0.00s)
  * H2V transpose (0.00s)

Burn-in iteration [5/5]
  * PBWT selection (0.02s)
  * HMM computations [K=56.0+/-9.6 / W=0.42Mb / US=0 / UP=0] (0.15s)
  * IBD2 tracks [#inds=83 / #tracks=114 / #merged = 0]
  * HAP update (0.00s)
  * H2V transpose (0.00s)

Pruning iteration [1/1]
  * PBWT selection (0.01s)
  * HMM computations [K=54.1+/-9.2 / W=0.42Mb / US=0 / UP=0] (0.28s)
  * IBD2 tracks [#inds=84 / #tracks=117 / #merged = 0]
  * HAP update (0.00s)
  * H2V transpose (0.00s)
  * Trimming [pc=43.51%]

Burn-in iteration [1/1]
  * PBWT selection (0.01s)
  * HMM computations [K=52.6+/-9.4 / W=0.42Mb / US=0 / UP=0] (0.13s)
  * IBD2 tracks [#inds=88 / #tracks=125 / #merged = 0]
  * HAP update (0.00s)
  * H2V transpose (0.00s)

Pruning iteration [1/1]
  * PBWT selection (0.03s)
  * HMM computations [K=49.3+/-8.7 / W=0.42Mb / US=0 / UP=0] (0.25s)
  * IBD2 tracks [#inds=88 / #tracks=126 / #merged = 0]
  * HAP update (0.00s)
  * H2V transpose (0.00s)
  * Trimming [pc=67.93%]

Burn-in iteration [1/1]
  * PBWT selection (0.02s)
  * HMM computations [K=52.8+/-9.6 / W=0.42Mb / US=0 / UP=0] (0.16s)
  * IBD2 tracks [#inds=91 / #tracks=130 / #merged = 0]
  * HAP update (0.00s)
  * H2V transpose (0.00s)

Pruning iteration [1/1]
  * PBWT selection (0.01s)
  * HMM computations [K=51.9+/-8.9 / W=0.42Mb / US=0 / UP=0] (0.18s)
  * IBD2 tracks [#inds=92 / #tracks=131 / #merged = 0]
  * HAP update (0.00s)
  * H2V transpose (0.00s)
  * Trimming [pc=80.36%]

Main iteration [1/5]
  * PBWT selection (0.01s)
  * HMM computations [K=53.2+/-10.1 / W=0.42Mb / US=0 / UP=0] (0.13s)
  * IBD2 tracks [#inds=93 / #tracks=132 / #merged = 0]
  * HAP update (0.00s)
  * H2V transpose (0.00s)

Main iteration [2/5]
  * PBWT selection (0.01s)
  * HMM computations [K=51.9+/-9.4 / W=0.42Mb / US=0 / UP=0] (0.15s)
  * IBD2 tracks [#inds=93 / #tracks=133 / #merged = 0]
  * HAP update (0.00s)
  * H2V transpose (0.00s)

Main iteration [3/5]
  * PBWT selection (0.02s)
  * HMM computations [K=53.3+/-9.7 / W=0.42Mb / US=0 / UP=0] (0.15s)
  * IBD2 tracks [#inds=93 / #tracks=133 / #merged = 0]
  * HAP update (0.00s)
  * H2V transpose (0.00s)

Main iteration [4/5]
  * PBWT selection (0.02s)
  * HMM computations [K=53.7+/-9.7 / W=0.42Mb / US=0 / UP=0] (0.12s)
  * IBD2 tracks [#inds=93 / #tracks=133 / #merged = 0]
  * HAP update (0.00s)
  * H2V transpose (0.00s)

Main iteration [5/5]
  * PBWT selection (0.01s)
  * HMM computations [K=54.5+/-9.0 / W=0.42Mb / US=0 / UP=0] (0.16s)
  * IBD2 tracks [#inds=94 / #tracks=135 / #merged = 0]
  * HAP update (0.00s)
  * H2V transpose (0.00s)

Finalization:
  * HAP solving (0.02s)
  * HAP update (0.00s)
  * H2V transpose (0.00s)
  * VCF/BCF writing [N=517 / L=986] (0.12s)
  * Indexing files
  * Total running time = 3 seconds
