
[SHAPEIT5] Phase_rare (phase rare variants onto a haplotype scaffold)
  * Authors       : Simone RUBINACCI & Olivier DELANEAU, University of Lausanne
  * Contact       : simone.rubinacci@unil.ch & olivier.delaneau@gmail.com
  * Version       : 5.1.1 / commit = 990ed0d / release = 2023-05-08
  * Run date      : 19/04/2024 - 11:39:46

Files:
  * Unphased data : [/home/aftimo/Documents/practiques/Documents_Elias/IntroMasterAdria/Execute/../VCFs/Inversion_Regions/Shapeit_Phase/HsInv0055/RegionAnnotated.bcf]
  * Scaffold data : [/home/aftimo/Documents/practiques/Documents_Elias/IntroMasterAdria/Execute/../VCFs/Inversion_Regions/Shapeit_Phase/HsInv0055/RegionScaffold.bcf]
  * Genetic Map   : [/home/aftimo/Documents/practiques/Documents_Elias/IntroMasterAdria/Execute/../VCFs/30X/Maps/chr5.b38.gmap.gz]
  * Output data   : [/home/aftimo/Documents/practiques/Documents_Elias/IntroMasterAdria/Execute/../VCFs/Inversion_Regions/Shapeit_Phase/HsInv0055/RegionPhased.bcf]
  * Output LOG    : [/home/aftimo/Documents/practiques/Documents_Elias/IntroMasterAdria/Execute/../VCFs/Inversion_Regions/Shapeit_Phase/HsInv0055/OutputRare.log]

Parameters:
  * Seed    : 15052011
  * Threads : 5 threads
  * PBWT    : [depth = 2,2 / modulo = 0.005 / mac = 2 / mdr = 0.1]
  * HMM     : [Ne = 15000 / Recombination rates given by genetic map]

Parsing specified genomic regions
  * Scaffold region  [5:64264922-64683091]
  * Input region  [5:64264922-64683091]

Reading genotype data
  * BCF scanning (0.07s)
      + Variant sites: [#scaffold=986 | #rare=3068 | #all=4054]
      + 986 variants found in both files [priority to scaffold]
  * HAP allocation [#scaffold=986 / #samples=517] (0.00s)
  * Genotype set allocation [#rare=3068 / #samples=517] (0.00s)
  * Plain VCF/BCF parsing (0.09s)
      + Scaffold : [0/0=263073 0/1=160418 1/1=86271]
      + Rare     : [0/0=1558562 0/1=24935 1/1=2659 ./.=0]

Mapping Haploid samples
  * PED file parsing [n=1599]
  * #haploids=0 / #diploids=517
  * #reset_hets=0 (-nan% of minor allele genotypes)

Initializing sparse genotypes
  * 0 missing genotypes imputed at monomorphic sites
  * Genotype set transpose V2I (0.00s)

Setting up genetic map
  * GMAP parsing [n=215410] (0.22s)
  * cM interpolation [s=365 / i=3689] (0.00s)
  * Region length [417813 bp / 0.2 cM]
  * HMM parameters [Ne=15000 / Error=0.0001]
  * V2H transpose (0.00s)

PBWT pass
  * PBWT initialization [#eval=986 / #select=36] (0.00s)
  * IBD2 constraints [#inds=1 / #pairs=1] (0.03s)
  * PBWT forward selection (0.07s)
  * PBWT backward selection (0.07s)
      + #states=85.62+/-33.49
      + #collisions = 120187 / #pushes = 28732 / rate = 19.29%

HMM computations
  * Processing (0.43s)
  * Genotype set transpose merge I2V [n=143] (0.00s)
  * Solving summary:
      + #Hets=24935 / Phased by HMM=24792, PED=0, SING=143
      + #Miss=0 / Imputed by HMM=0, PED=0, MONO=0

Finalization:
  * BCF writing [Compressed / N=517 / L=4054] (0.14s)
  * Indexing [/home/aftimo/Documents/practiques/Documents_Elias/IntroMasterAdria/Execute/../VCFs/Inversion_Regions/Shapeit_Phase/HsInv0055/RegionPhased.bcf]
  * Total running time = 1 seconds
