
[SHAPEIT5] Phase_rare (phase rare variants onto a haplotype scaffold)
  * Authors       : Simone RUBINACCI & Olivier DELANEAU, University of Lausanne
  * Contact       : simone.rubinacci@unil.ch & olivier.delaneau@gmail.com
  * Version       : 5.1.1 / commit = 990ed0d / release = 2023-05-08
  * Run date      : 19/04/2024 - 11:39:18

Files:
  * Unphased data : [/home/aftimo/Documents/practiques/Documents_Elias/IntroMasterAdria/Execute/../VCFs/Inversion_Regions/Shapeit_Phase/HsInv1427/RegionAnnotated.bcf]
  * Scaffold data : [/home/aftimo/Documents/practiques/Documents_Elias/IntroMasterAdria/Execute/../VCFs/Inversion_Regions/Shapeit_Phase/HsInv1427/RegionScaffold.bcf]
  * Genetic Map   : [/home/aftimo/Documents/practiques/Documents_Elias/IntroMasterAdria/Execute/../VCFs/30X/Maps/chr2.b38.gmap.gz]
  * Output data   : [/home/aftimo/Documents/practiques/Documents_Elias/IntroMasterAdria/Execute/../VCFs/Inversion_Regions/Shapeit_Phase/HsInv1427/RegionPhased.bcf]
  * Output LOG    : [/home/aftimo/Documents/practiques/Documents_Elias/IntroMasterAdria/Execute/../VCFs/Inversion_Regions/Shapeit_Phase/HsInv1427/OutputRare.log]

Parameters:
  * Seed    : 15052011
  * Threads : 5 threads
  * PBWT    : [depth = 2,2 / modulo = 0.005 / mac = 2 / mdr = 0.1]
  * HMM     : [Ne = 15000 / Recombination rates given by genetic map]

Parsing specified genomic regions
  * Scaffold region  [2:152403402-152804934]
  * Input region  [2:152403402-152804934]

Reading genotype data
  * BCF scanning (0.07s)
      + Variant sites: [#scaffold=1120 | #rare=1048 | #all=2168]
      + 1120 variants found in both files [priority to scaffold]
  * HAP allocation [#scaffold=1120 / #samples=94] (0.00s)
  * Genotype set allocation [#rare=1048 / #samples=94] (0.00s)
  * Plain VCF/BCF parsing (0.06s)
      + Scaffold : [0/0=58878 0/1=28543 1/1=17859]
      + Rare     : [0/0=92988 0/1=3857 1/1=1667 ./.=0]

Mapping Haploid samples
  * PED file parsing [n=1599]
  * #haploids=0 / #diploids=94
  * #reset_hets=0 (-nan% of minor allele genotypes)

Initializing sparse genotypes
  * 0 missing genotypes imputed at monomorphic sites
  * Genotype set transpose V2I (0.00s)

Setting up genetic map
  * GMAP parsing [n=286250] (0.42s)
  * cM interpolation [s=484 / i=1684] (0.01s)
  * Region length [401357 bp / 0.3 cM]
  * HMM parameters [Ne=15000 / Error=0.0001]
  * V2H transpose (0.00s)

PBWT pass
  * PBWT initialization [#eval=1120 / #select=55] (0.00s)
  * IBD2 constraints [#inds=0 / #pairs=0] (0.00s)
  * PBWT forward selection (0.04s)
  * PBWT backward selection (0.01s)
      + #states=63.27+/-14.30
      + #collisions = 30685 / #pushes = 10705 / rate = 25.86%

HMM computations
  * Processing (0.10s)
  * Genotype set transpose merge I2V [n=39] (0.00s)
  * Solving summary:
      + #Hets=3857 / Phased by HMM=3818, PED=0, SING=39
      + #Miss=0 / Imputed by HMM=0, PED=0, MONO=0

Finalization:
  * BCF writing [Compressed / N=94 / L=2168] (0.05s)
  * Indexing [/home/aftimo/Documents/practiques/Documents_Elias/IntroMasterAdria/Execute/../VCFs/Inversion_Regions/Shapeit_Phase/HsInv1427/RegionPhased.bcf]
  * Total running time = 0 seconds
