
[SHAPEIT5] phase_common (jointly phase multiple common markers)
  * Author        : Olivier DELANEAU, University of Lausanne
  * Contact       : olivier.delaneau@gmail.com
  * Version       : 5.1.1 / commit = 990ed0d / release = 2023-05-08
  * Run date      : 19/04/2024 - 11:39:17

Files:
  * Input         : [/home/aftimo/Documents/practiques/Documents_Elias/IntroMasterAdria/Execute/../VCFs/Inversion_Regions/Shapeit_Phase/HsInv1427/RegionAnnotated.bcf]
  * Haploids      : [/home/aftimo/Documents/practiques/Documents_Elias/IntroMasterAdria/Execute/../VCFs/Inversion_Regions/Shapeit_Phase/HsInv1427/male_samples.txt]
  * Genetic Map   : [/home/aftimo/Documents/practiques/Documents_Elias/IntroMasterAdria/Execute/../VCFs/30X/Maps/chr2.b38.gmap.gz]
  * Output        : [/home/aftimo/Documents/practiques/Documents_Elias/IntroMasterAdria/Execute/../VCFs/Inversion_Regions/Shapeit_Phase/HsInv1427/RegionScaffold.bcf]
  * Output format : [bcf]
  * Output LOG    : [/home/aftimo/Documents/practiques/Documents_Elias/IntroMasterAdria/Execute/../VCFs/Inversion_Regions/Shapeit_Phase/HsInv1427/OutputCommon.log]

Parameters:
  * Seed    : 15052011
  * Threads : 5 threads
  * MCMC    : 15 iterations [5b + 1p + 1b + 1p + 1b + 1p + 5m]
  * PBWT    : [window = 4cM / depth = auto / modulo = auto / mac = 5 / missing = 0.1]
  * HMM     : [window = 4cM / Ne = 15000 / Recombination rates given by genetic map]
  * FILTERS : [snp only = 0 / MAF = 0.05]

Reading genotype data:
  * VCF/BCF scanning done (0.02s)
      + Variants [#sites=1120 / region=2:152403402-152804934]
         - 1048 sites removed in main panel [below MAF threshold]
      + Samples [#target=94 / #reference=0]
  * VCF/BCF parsing done (0.02s)
      + Genotypes [0/0=55.925%, 0/1=27.112%, 1/1=16.963%, ./.=0.000%, 0|1=0.000%]
  * Haploid parsing [n=1599] (0.00s)
  * Haploid sample mapping (0.00s)
      + #haploids = 0 / #diploids = 94
      + Hets set as missing: n=0 (-nan%)

Setting up genetic map:
  * GMAP parsing [n=286250] (0.39s)
  * cM interpolation [s=417 / i=703] (0.02s)
  * Region length [400736 bp / 0.3 cM]
  * HMM parameters [Ne=15000 / Error=0.0001 / #rare=0]

Initializing data structures:
  * Impute monomorphic [n=0] (0.00s)
  * HAP update (0.00s)
  * H2V transpose (0.00s)
  * PBWT parameters auto setting : [modulo = 0.016 / depth = 7]
  * PBWT initialization [#eval=1120 / #select=22 / #chunk=1] (0.00s)
  * PBWT phasing sweep (0.04s)
  * Build genotype graphs [seg=9542] (0.01s)

Burn-in iteration [1/5]
  * PBWT selection (0.02s)
  * HMM computations [K=98.8+/-12.5 / W=0.40Mb / US=0 / UP=0] (0.06s)
  * IBD2 tracks [#inds=4 / #tracks=4 / #merged = 0]
  * HAP update (0.00s)
  * H2V transpose (0.00s)

Burn-in iteration [2/5]
  * PBWT selection (0.00s)
  * HMM computations [K=99.9+/-12.6 / W=0.40Mb / US=0 / UP=0] (0.06s)
  * IBD2 tracks [#inds=4 / #tracks=4 / #merged = 0]
  * HAP update (0.00s)
  * H2V transpose (0.00s)

Burn-in iteration [3/5]
  * PBWT selection (0.01s)
  * HMM computations [K=99.6+/-12.8 / W=0.40Mb / US=0 / UP=0] (0.09s)
  * IBD2 tracks [#inds=4 / #tracks=4 / #merged = 0]
  * HAP update (0.00s)
  * H2V transpose (0.00s)

Burn-in iteration [4/5]
  * PBWT selection (0.01s)
  * HMM computations [K=96.2+/-13.0 / W=0.40Mb / US=0 / UP=0] (0.07s)
  * IBD2 tracks [#inds=4 / #tracks=4 / #merged = 0]
  * HAP update (0.00s)
  * H2V transpose (0.00s)

Burn-in iteration [5/5]
  * PBWT selection (0.01s)
  * HMM computations [K=99.6+/-12.5 / W=0.40Mb / US=0 / UP=0] (0.07s)
  * IBD2 tracks [#inds=4 / #tracks=4 / #merged = 0]
  * HAP update (0.00s)
  * H2V transpose (0.00s)

Pruning iteration [1/1]
  * PBWT selection (0.01s)
  * HMM computations [K=94.4+/-13.5 / W=0.40Mb / US=0 / UP=0] (0.07s)
  * IBD2 tracks [#inds=4 / #tracks=4 / #merged = 0]
  * HAP update (0.00s)
  * H2V transpose (0.00s)
  * Trimming [pc=42.77%]

Burn-in iteration [1/1]
  * PBWT selection (0.01s)
  * HMM computations [K=100.1+/-12.1 / W=0.40Mb / US=0 / UP=0] (0.06s)
  * IBD2 tracks [#inds=4 / #tracks=4 / #merged = 0]
  * HAP update (0.00s)
  * H2V transpose (0.00s)

Pruning iteration [1/1]
  * PBWT selection (0.01s)
  * HMM computations [K=95.5+/-12.1 / W=0.40Mb / US=0 / UP=0] (0.07s)
  * IBD2 tracks [#inds=4 / #tracks=4 / #merged = 0]
  * HAP update (0.00s)
  * H2V transpose (0.00s)
  * Trimming [pc=66.91%]

Burn-in iteration [1/1]
  * PBWT selection (0.01s)
  * HMM computations [K=95.3+/-11.5 / W=0.40Mb / US=0 / UP=0] (0.05s)
  * IBD2 tracks [#inds=4 / #tracks=4 / #merged = 0]
  * HAP update (0.00s)
  * H2V transpose (0.00s)

Pruning iteration [1/1]
  * PBWT selection (0.01s)
  * HMM computations [K=96.8+/-12.1 / W=0.40Mb / US=0 / UP=0] (0.05s)
  * IBD2 tracks [#inds=4 / #tracks=4 / #merged = 0]
  * HAP update (0.00s)
  * H2V transpose (0.00s)
  * Trimming [pc=79.46%]

Main iteration [1/5]
  * PBWT selection (0.00s)
  * HMM computations [K=101.2+/-11.7 / W=0.40Mb / US=0 / UP=0] (0.06s)
  * IBD2 tracks [#inds=4 / #tracks=4 / #merged = 0]
  * HAP update (0.00s)
  * H2V transpose (0.00s)

Main iteration [2/5]
  * PBWT selection (0.01s)
  * HMM computations [K=96.3+/-12.1 / W=0.40Mb / US=0 / UP=0] (0.03s)
  * IBD2 tracks [#inds=4 / #tracks=4 / #merged = 0]
  * HAP update (0.00s)
  * H2V transpose (0.00s)

Main iteration [3/5]
  * PBWT selection (0.01s)
  * HMM computations [K=98.7+/-11.5 / W=0.40Mb / US=0 / UP=0] (0.06s)
  * IBD2 tracks [#inds=4 / #tracks=4 / #merged = 0]
  * HAP update (0.00s)
  * H2V transpose (0.00s)

Main iteration [4/5]
  * PBWT selection (0.01s)
  * HMM computations [K=95.0+/-11.8 / W=0.40Mb / US=0 / UP=0] (0.06s)
  * IBD2 tracks [#inds=4 / #tracks=4 / #merged = 0]
  * HAP update (0.00s)
  * H2V transpose (0.00s)

Main iteration [5/5]
  * PBWT selection (0.02s)
  * HMM computations [K=97.9+/-12.2 / W=0.40Mb / US=0 / UP=0] (0.05s)
  * IBD2 tracks [#inds=4 / #tracks=4 / #merged = 0]
  * HAP update (0.00s)
  * H2V transpose (0.00s)

Finalization:
  * HAP solving (0.00s)
  * HAP update (0.00s)
  * H2V transpose (0.00s)
  * VCF/BCF writing [N=94 / L=1120] (0.05s)
  * Indexing files
  * Total running time = 1 seconds
