
[SHAPEIT5] Phase_rare (phase rare variants onto a haplotype scaffold)
  * Authors       : Simone RUBINACCI & Olivier DELANEAU, University of Lausanne
  * Contact       : simone.rubinacci@unil.ch & olivier.delaneau@gmail.com
  * Version       : 5.1.1 / commit = 990ed0d / release = 2023-05-08
  * Run date      : 19/04/2024 - 11:38:49

Files:
  * Unphased data : [/home/aftimo/Documents/practiques/Documents_Elias/IntroMasterAdria/Execute/../VCFs/Inversion_Regions/Shapeit_Phase/HsInv0113/RegionAnnotated.bcf]
  * Scaffold data : [/home/aftimo/Documents/practiques/Documents_Elias/IntroMasterAdria/Execute/../VCFs/Inversion_Regions/Shapeit_Phase/HsInv0113/RegionScaffold.bcf]
  * Genetic Map   : [/home/aftimo/Documents/practiques/Documents_Elias/IntroMasterAdria/Execute/../VCFs/30X/Maps/chr9.b38.gmap.gz]
  * Output data   : [/home/aftimo/Documents/practiques/Documents_Elias/IntroMasterAdria/Execute/../VCFs/Inversion_Regions/Shapeit_Phase/HsInv0113/RegionPhased.bcf]
  * Output LOG    : [/home/aftimo/Documents/practiques/Documents_Elias/IntroMasterAdria/Execute/../VCFs/Inversion_Regions/Shapeit_Phase/HsInv0113/OutputRare.log]

Parameters:
  * Seed    : 15052011
  * Threads : 5 threads
  * PBWT    : [depth = 2,2 / modulo = 0.005 / mac = 2 / mdr = 0.1]
  * HMM     : [Ne = 15000 / Recombination rates given by genetic map]

Parsing specified genomic regions
  * Scaffold region  [9:102364715-102770281]
  * Input region  [9:102364715-102770281]

Reading genotype data
  * BCF scanning (0.08s)
      + Variant sites: [#scaffold=1948 | #rare=1265 | #all=3213]
      + 1948 variants found in both files [priority to scaffold]
  * HAP allocation [#scaffold=1948 / #samples=99] (0.00s)
  * Genotype set allocation [#rare=1265 / #samples=99] (0.00s)
  * Plain VCF/BCF parsing (0.07s)
      + Scaffold : [0/0=117223 0/1=50436 1/1=25193]
      + Rare     : [0/0=120277 0/1=4448 1/1=510 ./.=0]

Mapping Haploid samples
  * PED file parsing [n=1599]
  * #haploids=0 / #diploids=99
  * #reset_hets=0 (-nan% of minor allele genotypes)

Initializing sparse genotypes
  * 0 missing genotypes imputed at monomorphic sites
  * Genotype set transpose V2I (0.00s)

Setting up genetic map
  * GMAP parsing [n=157860] (0.18s)
  * cM interpolation [s=701 / i=2512] (0.00s)
  * Region length [405341 bp / 0.2 cM]
  * HMM parameters [Ne=15000 / Error=0.0001]
  * V2H transpose (0.00s)

PBWT pass
  * PBWT initialization [#eval=1948 / #select=45] (0.00s)
  * IBD2 constraints [#inds=0 / #pairs=0] (0.01s)
  * PBWT forward selection (0.01s)
  * PBWT backward selection (0.01s)
      + #states=61.18+/-13.49
      + #collisions = 26201 / #pushes = 9455 / rate = 26.52%

HMM computations
  * Processing (0.12s)
  * Genotype set transpose merge I2V [n=42] (0.00s)
  * Solving summary:
      + #Hets=4448 / Phased by HMM=4406, PED=0, SING=42
      + #Miss=0 / Imputed by HMM=0, PED=0, MONO=0

Finalization:
  * BCF writing [Compressed / N=99 / L=3213] (0.04s)
  * Indexing [/home/aftimo/Documents/practiques/Documents_Elias/IntroMasterAdria/Execute/../VCFs/Inversion_Regions/Shapeit_Phase/HsInv0113/RegionPhased.bcf]
  * Total running time = 0 seconds
