
[SHAPEIT5] phase_common (jointly phase multiple common markers)
  * Author        : Olivier DELANEAU, University of Lausanne
  * Contact       : olivier.delaneau@gmail.com
  * Version       : 5.1.1 / commit = 990ed0d / release = 2023-05-08
  * Run date      : 19/04/2024 - 11:38:46

Files:
  * Input         : [/home/aftimo/Documents/practiques/Documents_Elias/IntroMasterAdria/Execute/../VCFs/Inversion_Regions/Shapeit_Phase/HsInv0113/RegionAnnotated.bcf]
  * Haploids      : [/home/aftimo/Documents/practiques/Documents_Elias/IntroMasterAdria/Execute/../VCFs/Inversion_Regions/Shapeit_Phase/HsInv0113/male_samples.txt]
  * Genetic Map   : [/home/aftimo/Documents/practiques/Documents_Elias/IntroMasterAdria/Execute/../VCFs/30X/Maps/chr9.b38.gmap.gz]
  * Output        : [/home/aftimo/Documents/practiques/Documents_Elias/IntroMasterAdria/Execute/../VCFs/Inversion_Regions/Shapeit_Phase/HsInv0113/RegionScaffold.bcf]
  * Output format : [bcf]
  * Output LOG    : [/home/aftimo/Documents/practiques/Documents_Elias/IntroMasterAdria/Execute/../VCFs/Inversion_Regions/Shapeit_Phase/HsInv0113/OutputCommon.log]

Parameters:
  * Seed    : 15052011
  * Threads : 5 threads
  * MCMC    : 15 iterations [5b + 1p + 1b + 1p + 1b + 1p + 5m]
  * PBWT    : [window = 4cM / depth = auto / modulo = auto / mac = 5 / missing = 0.1]
  * HMM     : [window = 4cM / Ne = 15000 / Recombination rates given by genetic map]
  * FILTERS : [snp only = 0 / MAF = 0.05]

Reading genotype data:
  * VCF/BCF scanning done (0.04s)
      + Variants [#sites=1948 / region=9:102364715-102770281]
         - 1265 sites removed in main panel [below MAF threshold]
      + Samples [#target=99 / #reference=0]
  * VCF/BCF parsing done (0.05s)
      + Genotypes [0/0=60.784%, 0/1=26.153%, 1/1=13.063%, ./.=0.000%, 0|1=0.000%]
  * Haploid parsing [n=1599] (0.00s)
  * Haploid sample mapping (0.00s)
      + #haploids = 0 / #diploids = 99
      + Hets set as missing: n=0 (-nan%)

Setting up genetic map:
  * GMAP parsing [n=157860] (0.19s)
  * cM interpolation [s=642 / i=1306] (0.00s)
  * Region length [404836 bp / 0.2 cM]
  * HMM parameters [Ne=15000 / Error=0.0001 / #rare=0]

Initializing data structures:
  * Impute monomorphic [n=0] (0.00s)
  * HAP update (0.00s)
  * H2V transpose (0.00s)
  * PBWT parameters auto setting : [modulo = 0.017 / depth = 7]
  * PBWT initialization [#eval=1948 / #select=15 / #chunk=1] (0.00s)
  * PBWT phasing sweep (0.02s)
  * Build genotype graphs [seg=16847] (0.01s)

Burn-in iteration [1/5]
  * PBWT selection (0.00s)
  * HMM computations [K=80.3+/-11.9 / W=0.40Mb / US=0 / UP=0] (0.08s)
  * IBD2 tracks [#inds=7 / #tracks=8 / #merged = 0]
  * HAP update (0.00s)
  * H2V transpose (0.00s)

Burn-in iteration [2/5]
  * PBWT selection (0.01s)
  * HMM computations [K=85.2+/-12.6 / W=0.40Mb / US=0 / UP=0] (0.07s)
  * IBD2 tracks [#inds=7 / #tracks=8 / #merged = 0]
  * HAP update (0.00s)
  * H2V transpose (0.00s)

Burn-in iteration [3/5]
  * PBWT selection (0.02s)
  * HMM computations [K=85.3+/-11.9 / W=0.40Mb / US=0 / UP=0] (0.12s)
  * IBD2 tracks [#inds=7 / #tracks=8 / #merged = 0]
  * HAP update (0.00s)
  * H2V transpose (0.00s)

Burn-in iteration [4/5]
  * PBWT selection (0.01s)
  * HMM computations [K=80.6+/-13.1 / W=0.40Mb / US=0 / UP=0] (0.11s)
  * IBD2 tracks [#inds=7 / #tracks=8 / #merged = 0]
  * HAP update (0.00s)
  * H2V transpose (0.00s)

Burn-in iteration [5/5]
  * PBWT selection (0.02s)
  * HMM computations [K=81.6+/-11.2 / W=0.40Mb / US=0 / UP=0] (0.07s)
  * IBD2 tracks [#inds=7 / #tracks=8 / #merged = 0]
  * HAP update (0.00s)
  * H2V transpose (0.00s)

Pruning iteration [1/1]
  * PBWT selection (0.00s)
  * HMM computations [K=83.7+/-12.5 / W=0.40Mb / US=0 / UP=0] (0.16s)
  * IBD2 tracks [#inds=7 / #tracks=9 / #merged = 0]
  * HAP update (0.00s)
  * H2V transpose (0.00s)
  * Trimming [pc=43.09%]

Burn-in iteration [1/1]
  * PBWT selection (0.01s)
  * HMM computations [K=87.8+/-11.9 / W=0.40Mb / US=0 / UP=0] (0.11s)
  * IBD2 tracks [#inds=7 / #tracks=9 / #merged = 0]
  * HAP update (0.00s)
  * H2V transpose (0.00s)

Pruning iteration [1/1]
  * PBWT selection (0.01s)
  * HMM computations [K=78.5+/-11.8 / W=0.40Mb / US=0 / UP=0] (0.14s)
  * IBD2 tracks [#inds=7 / #tracks=9 / #merged = 0]
  * HAP update (0.00s)
  * H2V transpose (0.00s)
  * Trimming [pc=67.58%]

Burn-in iteration [1/1]
  * PBWT selection (0.01s)
  * HMM computations [K=85.4+/-12.4 / W=0.40Mb / US=0 / UP=0] (0.08s)
  * IBD2 tracks [#inds=7 / #tracks=9 / #merged = 0]
  * HAP update (0.00s)
  * H2V transpose (0.00s)

Pruning iteration [1/1]
  * PBWT selection (0.01s)
  * HMM computations [K=80.7+/-11.4 / W=0.40Mb / US=0 / UP=0] (0.13s)
  * IBD2 tracks [#inds=7 / #tracks=9 / #merged = 0]
  * HAP update (0.00s)
  * H2V transpose (0.00s)
  * Trimming [pc=80.19%]

Main iteration [1/5]
  * PBWT selection (0.01s)
  * HMM computations [K=85.6+/-11.8 / W=0.40Mb / US=0 / UP=0] (0.09s)
  * IBD2 tracks [#inds=7 / #tracks=9 / #merged = 0]
  * HAP update (0.00s)
  * H2V transpose (0.00s)

Main iteration [2/5]
  * PBWT selection (0.01s)
  * HMM computations [K=85.8+/-12.4 / W=0.40Mb / US=0 / UP=0] (0.10s)
  * IBD2 tracks [#inds=7 / #tracks=9 / #merged = 0]
  * HAP update (0.00s)
  * H2V transpose (0.00s)

Main iteration [3/5]
  * PBWT selection (0.02s)
  * HMM computations [K=85.3+/-12.0 / W=0.40Mb / US=0 / UP=0] (0.09s)
  * IBD2 tracks [#inds=7 / #tracks=9 / #merged = 0]
  * HAP update (0.00s)
  * H2V transpose (0.00s)

Main iteration [4/5]
  * PBWT selection (0.01s)
  * HMM computations [K=81.7+/-11.9 / W=0.40Mb / US=0 / UP=0] (0.07s)
  * IBD2 tracks [#inds=7 / #tracks=9 / #merged = 0]
  * HAP update (0.00s)
  * H2V transpose (0.00s)

Main iteration [5/5]
  * PBWT selection (0.02s)
  * HMM computations [K=79.3+/-12.0 / W=0.40Mb / US=0 / UP=0] (0.09s)
  * IBD2 tracks [#inds=7 / #tracks=9 / #merged = 0]
  * HAP update (0.00s)
  * H2V transpose (0.00s)

Finalization:
  * HAP solving (0.00s)
  * HAP update (0.00s)
  * H2V transpose (0.00s)
  * VCF/BCF writing [N=99 / L=1948] (0.05s)
  * Indexing files
  * Total running time = 2 seconds
