
[SHAPEIT5] phase_common (jointly phase multiple common markers)
  * Author        : Olivier DELANEAU, University of Lausanne
  * Contact       : olivier.delaneau@gmail.com
  * Version       : 5.1.1 / commit = 990ed0d / release = 2023-05-08
  * Run date      : 19/04/2024 - 11:39:16

Files:
  * Input         : [/home/aftimo/Documents/practiques/Documents_Elias/IntroMasterAdria/Execute/../VCFs/Inversion_Regions/Shapeit_Phase/HsInv0901/RegionAnnotated.bcf]
  * Haploids      : [/home/aftimo/Documents/practiques/Documents_Elias/IntroMasterAdria/Execute/../VCFs/Inversion_Regions/Shapeit_Phase/HsInv0901/male_samples.txt]
  * Genetic Map   : [/home/aftimo/Documents/practiques/Documents_Elias/IntroMasterAdria/Execute/../VCFs/30X/Maps/chr3.b38.gmap.gz]
  * Output        : [/home/aftimo/Documents/practiques/Documents_Elias/IntroMasterAdria/Execute/../VCFs/Inversion_Regions/Shapeit_Phase/HsInv0901/RegionScaffold.bcf]
  * Output format : [bcf]
  * Output LOG    : [/home/aftimo/Documents/practiques/Documents_Elias/IntroMasterAdria/Execute/../VCFs/Inversion_Regions/Shapeit_Phase/HsInv0901/OutputCommon.log]

Parameters:
  * Seed    : 15052011
  * Threads : 5 threads
  * MCMC    : 15 iterations [5b + 1p + 1b + 1p + 1b + 1p + 5m]
  * PBWT    : [window = 4cM / depth = auto / modulo = auto / mac = 5 / missing = 0.1]
  * HMM     : [window = 4cM / Ne = 15000 / Recombination rates given by genetic map]
  * FILTERS : [snp only = 0 / MAF = 0.05]

Reading genotype data:
  * VCF/BCF scanning done (0.04s)
      + Variants [#sites=886 / region=3:81952796-82354858]
         - 1348 sites removed in main panel [below MAF threshold]
      + Samples [#target=93 / #reference=0]
  * VCF/BCF parsing done (0.03s)
      + Genotypes [0/0=55.154%, 0/1=29.984%, 1/1=14.862%, ./.=0.000%, 0|1=0.000%]
  * Haploid parsing [n=1599] (0.00s)
  * Haploid sample mapping (0.00s)
      + #haploids = 0 / #diploids = 93
      + Hets set as missing: n=0 (-nan%)

Setting up genetic map:
  * GMAP parsing [n=223321] (0.33s)
  * cM interpolation [s=280 / i=606] (0.01s)
  * Region length [401748 bp / 0.1 cM]
  * HMM parameters [Ne=15000 / Error=0.0001 / #rare=0]

Initializing data structures:
  * Impute monomorphic [n=0] (0.00s)
  * HAP update (0.00s)
  * H2V transpose (0.00s)
  * PBWT parameters auto setting : [modulo = 0.016 / depth = 7]
  * PBWT initialization [#eval=886 / #select=8 / #chunk=1] (0.00s)
  * PBWT phasing sweep (0.02s)
  * Build genotype graphs [seg=8268] (0.02s)

Burn-in iteration [1/5]
  * PBWT selection (0.02s)
  * HMM computations [K=44.8+/-7.8 / W=0.40Mb / US=0 / UP=0] (0.04s)
  * IBD2 tracks [#inds=29 / #tracks=44 / #merged = 0]
  * HAP update (0.00s)
  * H2V transpose (0.00s)

Burn-in iteration [2/5]
  * PBWT selection (0.02s)
  * HMM computations [K=42.6+/-8.2 / W=0.40Mb / US=0 / UP=0] (0.05s)
  * IBD2 tracks [#inds=31 / #tracks=47 / #merged = 0]
  * HAP update (0.00s)
  * H2V transpose (0.00s)

Burn-in iteration [3/5]
  * PBWT selection (0.01s)
  * HMM computations [K=43.1+/-7.9 / W=0.40Mb / US=0 / UP=0] (0.05s)
  * IBD2 tracks [#inds=31 / #tracks=47 / #merged = 0]
  * HAP update (0.00s)
  * H2V transpose (0.00s)

Burn-in iteration [4/5]
  * PBWT selection (0.02s)
  * HMM computations [K=46.3+/-6.9 / W=0.40Mb / US=0 / UP=0] (0.04s)
  * IBD2 tracks [#inds=31 / #tracks=49 / #merged = 0]
  * HAP update (0.00s)
  * H2V transpose (0.00s)

Burn-in iteration [5/5]
  * PBWT selection (0.01s)
  * HMM computations [K=45.1+/-6.8 / W=0.40Mb / US=0 / UP=0] (0.05s)
  * IBD2 tracks [#inds=31 / #tracks=49 / #merged = 0]
  * HAP update (0.00s)
  * H2V transpose (0.00s)

Pruning iteration [1/1]
  * PBWT selection (0.01s)
  * HMM computations [K=44.1+/-7.1 / W=0.40Mb / US=0 / UP=0] (0.05s)
  * IBD2 tracks [#inds=31 / #tracks=49 / #merged = 0]
  * HAP update (0.00s)
  * H2V transpose (0.00s)
  * Trimming [pc=42.95%]

Burn-in iteration [1/1]
  * PBWT selection (0.01s)
  * HMM computations [K=44.6+/-7.5 / W=0.40Mb / US=0 / UP=0] (0.04s)
  * IBD2 tracks [#inds=32 / #tracks=50 / #merged = 0]
  * HAP update (0.00s)
  * H2V transpose (0.00s)

Pruning iteration [1/1]
  * PBWT selection (0.03s)
  * HMM computations [K=47.4+/-7.4 / W=0.40Mb / US=0 / UP=0] (0.04s)
  * IBD2 tracks [#inds=32 / #tracks=52 / #merged = 0]
  * HAP update (0.00s)
  * H2V transpose (0.00s)
  * Trimming [pc=67.44%]

Burn-in iteration [1/1]
  * PBWT selection (0.01s)
  * HMM computations [K=45.6+/-7.5 / W=0.40Mb / US=0 / UP=0] (0.04s)
  * IBD2 tracks [#inds=32 / #tracks=52 / #merged = 0]
  * HAP update (0.00s)
  * H2V transpose (0.00s)

Pruning iteration [1/1]
  * PBWT selection (0.01s)
  * HMM computations [K=44.7+/-7.2 / W=0.40Mb / US=0 / UP=0] (0.02s)
  * IBD2 tracks [#inds=32 / #tracks=52 / #merged = 0]
  * HAP update (0.00s)
  * H2V transpose (0.00s)
  * Trimming [pc=79.77%]

Main iteration [1/5]
  * PBWT selection (0.01s)
  * HMM computations [K=44.5+/-7.9 / W=0.40Mb / US=0 / UP=0] (0.04s)
  * IBD2 tracks [#inds=32 / #tracks=52 / #merged = 0]
  * HAP update (0.00s)
  * H2V transpose (0.00s)

Main iteration [2/5]
  * PBWT selection (0.00s)
  * HMM computations [K=39.5+/-7.7 / W=0.40Mb / US=0 / UP=2] (0.02s)
  * IBD2 tracks [#inds=32 / #tracks=52 / #merged = 0]
  * HAP update (0.00s)
  * H2V transpose (0.00s)

Main iteration [3/5]
  * PBWT selection (0.01s)
  * HMM computations [K=48.2+/-6.9 / W=0.40Mb / US=0 / UP=0] (0.03s)
  * IBD2 tracks [#inds=32 / #tracks=53 / #merged = 0]
  * HAP update (0.00s)
  * H2V transpose (0.00s)

Main iteration [4/5]
  * PBWT selection (0.01s)
  * HMM computations [K=42.1+/-7.0 / W=0.40Mb / US=0 / UP=0] (0.01s)
  * IBD2 tracks [#inds=33 / #tracks=54 / #merged = 0]
  * HAP update (0.00s)
  * H2V transpose (0.00s)

Main iteration [5/5]
  * PBWT selection (0.02s)
  * HMM computations [K=43.7+/-7.2 / W=0.40Mb / US=0 / UP=0] (0.04s)
  * IBD2 tracks [#inds=33 / #tracks=54 / #merged = 0]
  * HAP update (0.00s)
  * H2V transpose (0.00s)

Finalization:
  * HAP solving (0.00s)
  * HAP update (0.00s)
  * H2V transpose (0.00s)
  * VCF/BCF writing [N=93 / L=886] (0.08s)
  * Indexing files
  * Total running time = 1 seconds
