PLINK v1.90b7.2 64-bit (11 Dec 2023)
Options in effect:
  --bfile /home/aftimo/Documents/practiques/Documents_Elias/IntroMasterAdria/Execute/Results_ScoreInvHap/Rep_5/R2/HsInv0396/EUR_Exp
  --bmerge /home/aftimo/Documents/practiques/Documents_Elias/IntroMasterAdria/Execute/Results_ScoreInvHap/Rep_5/R2/HsInv0396/EUR_Imp
  --merge-mode 6
  --out /home/aftimo/Documents/practiques/Documents_Elias/IntroMasterAdria/Execute/Results_ScoreInvHap/Rep_5/R2/HsInv0396/EUR

Hostname: aftimo
Working directory: /home/aftimo/Documents/practiques/Documents_Elias/IntroMasterAdria/Execute
Start time: Mon Jun 17 16:22:02 2024

Random number seed: 1718634122
31827 MB RAM detected; reserving 15913 MB for main workspace.
176 people loaded from
/home/aftimo/Documents/practiques/Documents_Elias/IntroMasterAdria/Execute/Results_ScoreInvHap/Rep_5/R2/HsInv0396/EUR_Exp.fam.
176 people to be merged from
/home/aftimo/Documents/practiques/Documents_Elias/IntroMasterAdria/Execute/Results_ScoreInvHap/Rep_5/R2/HsInv0396/EUR_Imp.fam.
Of these, 0 are new, while 176 are present in the base dataset.
1 marker loaded from
/home/aftimo/Documents/practiques/Documents_Elias/IntroMasterAdria/Execute/Results_ScoreInvHap/Rep_5/R2/HsInv0396/EUR_Exp.bim.
1 marker to be merged from
/home/aftimo/Documents/practiques/Documents_Elias/IntroMasterAdria/Execute/Results_ScoreInvHap/Rep_5/R2/HsInv0396/EUR_Imp.bim.
Of these, 0 are new, while 1 is present in the base dataset.
Performing 1-pass diff (mode 6), writing results to
/home/aftimo/Documents/practiques/Documents_Elias/IntroMasterAdria/Execute/Results_ScoreInvHap/Rep_5/R2/HsInv0396/EUR.diff
.
176 overlapping calls, 176 nonmissing in both filesets.
150 concordant, for a concordance rate of 0.852273.

End time: Mon Jun 17 16:22:02 2024
