beagle.22Jul22.46e.jar (version 5.4)
Copyright (C) 2014-2022 Brian L. Browning
Enter "java -jar beagle.22Jul22.46e.jar" to list command line argument
Start time: 11:01 AM CEST on 18 Apr 2024

Command line: java -Xmx7960m -jar beagle.22Jul22.46e.jar
  gt=/home/aftimo/Documents/practiques/Documents_Elias/IntroMasterAdria/Execute/../VCFs/Inversion_Regions/Standard/HsInv1110/RegionFilled.vcf
  out=/home/aftimo/Documents/practiques/Documents_Elias/IntroMasterAdria/Execute/../VCFs/Inversion_Regions/Standard/HsInv1110/Output
  map=/home/aftimo/Documents/practiques/Documents_Elias/IntroMasterAdria/Execute/../VCFs/30X/Maps/plink.chr21.GRCh38.map
  nthreads=20

Reference samples:                    0
Study     samples:                  276

Window 1 [21:13776505-14269531]
Study     markers:                7,207

Burnin  iteration 1:           24 seconds
Burnin  iteration 2:           6 seconds
Burnin  iteration 3:           5 seconds

Estimated ne:                  349855
Estimated err:                 1.0e-03

Phasing iteration 1:           2 seconds
Phasing iteration 2:           2 seconds
Phasing iteration 3:           2 seconds
Phasing iteration 4:           2 seconds
Phasing iteration 5:           2 seconds
Phasing iteration 6:           2 seconds
Phasing iteration 7:           2 seconds
Phasing iteration 8:           1 second
Phasing iteration 9:           2 seconds
Phasing iteration 10:          2 seconds
Phasing iteration 11:          2 seconds
Phasing iteration 12:          1 second

Cumulative Statistics:

Study     markers:                7,207

Haplotype phasing time:        55 seconds
Total time:                    3 minutes 21 seconds

End time: 11:05 AM CEST on 18 Apr 2024
beagle.22Jul22.46e.jar finished
